<?xml version="1.0" encoding="UTF-8"?>
<testsuites name="New Test Suite" time="19.961" tests="3" failures="0" errors="0">
   <testsuite name="New Test Suite" tests="3" failures="0" errors="0" time="19.961" timestamp="2020-06-04 00:19:00" hostname="tuyenle - 192.168.1.3" id="Test Suites/New Test Suite">
      <properties>
         <property name="deviceName" value=""/>
         <property name="devicePlatform" value=""/>
         <property name="logFolder" value="/Users/tuyenle/git/HW2-CDNC-CNPM/Reports/20200604_001848/New Test Suite/20200604_001848"/>
         <property name="logFiles" value="/Users/tuyenle/git/HW2-CDNC-CNPM/Reports/20200604_001848/New Test Suite/20200604_001848/execution0.log"/>
         <property name="attachments" value=""/>
         <property name="hostName" value="tuyenle - 192.168.1.3"/>
         <property name="os" value="Mac OS X 64bit"/>
         <property name="katalonVersion" value="7.4.0.1"/>
         <property name="browser" value="Chrome 83.0.4103.61"/>
         <property name="hostAddress" value="192.168.1.3"/>
         <property name="sessionId" value="187f74aebbf331a912a9cab4fc2b50b3"/>
         <property name="seleniumVersion" value="3.141.59"/>
         <property name="proxyInformation" value="ProxyInformation{proxyOption=NO_PROXY, proxyServerType=HTTP, password=, proxyServerAddress=, proxyServerPort=0, executionList=}"/>
         <property name="platform" value="Mac OS X"/>
      </properties>
      <testcase name="Test Cases/New Test Case" time="8.05" classname="Test Cases/New Test Case" status="PASSED">
         <system-out><![CDATA[2020-06-04 00:19:01 - [TEST_CASE][PASSED] - Test Cases/New Test Case: Test Cases/New Test Case

2020-06-04 00:19:01 - [TEST_STEP][PASSED] - openBrowser(""): Browser is opened with url: ''

2020-06-04 00:19:01 - [MESSAGE][INFO] - Starting 'Chrome' driver

2020-06-04 00:19:01 - [MESSAGE][INFO] - Action delay is set to 0 milliseconds

2020-06-04 00:19:04 - [MESSAGE][PASSED] - Browser is opened with url: ''

2020-06-04 00:19:04 - [TEST_STEP][PASSED] - navigateToUrl("http://localhost:8065/login"): Navigate to 'http://localhost:8065/login' successfully

2020-06-04 00:19:05 - [MESSAGE][PASSED] - Navigate to 'http://localhost:8065/login' successfully

2020-06-04 00:19:05 - [TEST_STEP][PASSED] - click(findTestObject("Object Repository/Page_Mattermost/div_MattermostAll team communication in one_8a1968")): Object: 'Object Repository/Page_Mattermost/div_MattermostAll team communication in one_8a1968' is clicked on

2020-06-04 00:19:06 - [MESSAGE][PASSED] - Object: 'Object Repository/Page_Mattermost/div_MattermostAll team communication in one_8a1968' is clicked on

2020-06-04 00:19:06 - [TEST_STEP][PASSED] - setText(findTestObject("Object Repository/Page_Mattermost/input_All team communication in one place s_703ef5"), username): Text 'jules' is set on object 'Object Repository/Page_Mattermost/input_All team communication in one place s_703ef5'

2020-06-04 00:19:07 - [MESSAGE][PASSED] - Text 'jules' is set on object 'Object Repository/Page_Mattermost/input_All team communication in one place s_703ef5'

2020-06-04 00:19:07 - [TEST_STEP][PASSED] - setText(findTestObject("Object Repository/Page_Mattermost/input_All team communication in one place s_2f2733"), password): Text '43214321' is set on object 'Object Repository/Page_Mattermost/input_All team communication in one place s_2f2733'

2020-06-04 00:19:08 - [MESSAGE][PASSED] - Text '43214321' is set on object 'Object Repository/Page_Mattermost/input_All team communication in one place s_2f2733'

2020-06-04 00:19:08 - [TEST_STEP][PASSED] - click(findTestObject("Object Repository/Page_Mattermost/span_Sign in")): Object: 'Object Repository/Page_Mattermost/span_Sign in' is clicked on

2020-06-04 00:19:09 - [MESSAGE][PASSED] - Object: 'Object Repository/Page_Mattermost/span_Sign in' is clicked on]]></system-out>
         <system-err><![CDATA[]]></system-err>
      </testcase>
      <testcase name="Test Cases/New Test Case" time="5.851" classname="Test Cases/New Test Case" status="PASSED">
         <system-out><![CDATA[2020-06-04 00:19:09 - [TEST_CASE][PASSED] - Test Cases/New Test Case: Test Cases/New Test Case

2020-06-04 00:19:09 - [TEST_STEP][PASSED] - openBrowser(""): Browser is opened with url: ''

2020-06-04 00:19:09 - [MESSAGE][WARNING] - A browser is already opened. Closing browser and opening a new one

2020-06-04 00:19:09 - [MESSAGE][INFO] - Starting 'Chrome' driver

2020-06-04 00:19:09 - [MESSAGE][INFO] - Action delay is set to 0 milliseconds

2020-06-04 00:19:10 - [MESSAGE][PASSED] - Browser is opened with url: ''

2020-06-04 00:19:10 - [TEST_STEP][PASSED] - navigateToUrl("http://localhost:8065/login"): Navigate to 'http://localhost:8065/login' successfully

2020-06-04 00:19:11 - [MESSAGE][PASSED] - Navigate to 'http://localhost:8065/login' successfully

2020-06-04 00:19:11 - [TEST_STEP][PASSED] - click(findTestObject("Object Repository/Page_Mattermost/div_MattermostAll team communication in one_8a1968")): Object: 'Object Repository/Page_Mattermost/div_MattermostAll team communication in one_8a1968' is clicked on

2020-06-04 00:19:12 - [MESSAGE][PASSED] - Object: 'Object Repository/Page_Mattermost/div_MattermostAll team communication in one_8a1968' is clicked on

2020-06-04 00:19:12 - [TEST_STEP][PASSED] - setText(findTestObject("Object Repository/Page_Mattermost/input_All team communication in one place s_703ef5"), username): Text 'dfsa' is set on object 'Object Repository/Page_Mattermost/input_All team communication in one place s_703ef5'

2020-06-04 00:19:13 - [MESSAGE][PASSED] - Text 'dfsa' is set on object 'Object Repository/Page_Mattermost/input_All team communication in one place s_703ef5'

2020-06-04 00:19:13 - [TEST_STEP][PASSED] - setText(findTestObject("Object Repository/Page_Mattermost/input_All team communication in one place s_2f2733"), password): Text '321cr' is set on object 'Object Repository/Page_Mattermost/input_All team communication in one place s_2f2733'

2020-06-04 00:19:14 - [MESSAGE][PASSED] - Text '321cr' is set on object 'Object Repository/Page_Mattermost/input_All team communication in one place s_2f2733'

2020-06-04 00:19:14 - [TEST_STEP][PASSED] - click(findTestObject("Object Repository/Page_Mattermost/span_Sign in")): Object: 'Object Repository/Page_Mattermost/span_Sign in' is clicked on

2020-06-04 00:19:15 - [MESSAGE][PASSED] - Object: 'Object Repository/Page_Mattermost/span_Sign in' is clicked on]]></system-out>
         <system-err><![CDATA[]]></system-err>
      </testcase>
      <testcase name="Test Cases/New Test Case" time="5.305" classname="Test Cases/New Test Case" status="PASSED">
         <system-out><![CDATA[2020-06-04 00:19:15 - [TEST_CASE][PASSED] - Test Cases/New Test Case: Test Cases/New Test Case

2020-06-04 00:19:15 - [TEST_STEP][PASSED] - openBrowser(""): Browser is opened with url: ''

2020-06-04 00:19:15 - [MESSAGE][WARNING] - A browser is already opened. Closing browser and opening a new one

2020-06-04 00:19:15 - [MESSAGE][INFO] - Starting 'Chrome' driver

2020-06-04 00:19:15 - [MESSAGE][INFO] - Action delay is set to 0 milliseconds

2020-06-04 00:19:16 - [MESSAGE][PASSED] - Browser is opened with url: ''

2020-06-04 00:19:16 - [TEST_STEP][PASSED] - navigateToUrl("http://localhost:8065/login"): Navigate to 'http://localhost:8065/login' successfully

2020-06-04 00:19:17 - [MESSAGE][PASSED] - Navigate to 'http://localhost:8065/login' successfully

2020-06-04 00:19:17 - [TEST_STEP][PASSED] - click(findTestObject("Object Repository/Page_Mattermost/div_MattermostAll team communication in one_8a1968")): Object: 'Object Repository/Page_Mattermost/div_MattermostAll team communication in one_8a1968' is clicked on

2020-06-04 00:19:18 - [MESSAGE][PASSED] - Object: 'Object Repository/Page_Mattermost/div_MattermostAll team communication in one_8a1968' is clicked on

2020-06-04 00:19:18 - [TEST_STEP][PASSED] - setText(findTestObject("Object Repository/Page_Mattermost/input_All team communication in one place s_703ef5"), username): Text 'fe892' is set on object 'Object Repository/Page_Mattermost/input_All team communication in one place s_703ef5'

2020-06-04 00:19:19 - [MESSAGE][PASSED] - Text 'fe892' is set on object 'Object Repository/Page_Mattermost/input_All team communication in one place s_703ef5'

2020-06-04 00:19:19 - [TEST_STEP][PASSED] - setText(findTestObject("Object Repository/Page_Mattermost/input_All team communication in one place s_2f2733"), password): Text 'og4i329gh' is set on object 'Object Repository/Page_Mattermost/input_All team communication in one place s_2f2733'

2020-06-04 00:19:19 - [MESSAGE][PASSED] - Text 'og4i329gh' is set on object 'Object Repository/Page_Mattermost/input_All team communication in one place s_2f2733'

2020-06-04 00:19:19 - [TEST_STEP][PASSED] - click(findTestObject("Object Repository/Page_Mattermost/span_Sign in")): Object: 'Object Repository/Page_Mattermost/span_Sign in' is clicked on

2020-06-04 00:19:20 - [MESSAGE][PASSED] - Object: 'Object Repository/Page_Mattermost/span_Sign in' is clicked on]]></system-out>
         <system-err><![CDATA[]]></system-err>
      </testcase>
      <system-out><![CDATA[2020-06-04 00:19:00 - [TEST_SUITE][PASSED] - New Test Suite: Test Cases/New Test Case]]></system-out>
      <system-err><![CDATA[]]></system-err>
   </testsuite>
</testsuites>
