<?xml version="1.0" encoding="UTF-8"?>
<testsuites name="Run all test cases" time="389.938" tests="32" failures="8" errors="0">
   <testsuite name="Run all test cases" tests="32" failures="8" errors="0" time="389.938" timestamp="2020-06-05 17:13:01" hostname="tuyenle - 192.168.1.9" id="Test Suites/Run all test cases">
      <properties>
         <property name="deviceName" value=""/>
         <property name="devicePlatform" value=""/>
         <property name="logFolder" value="/Users/tuyenle/git/HW2-CDNC-CNPM/Reports/20200605_171239/Run all test cases/20200605_171239"/>
         <property name="logFiles" value="/Users/tuyenle/git/HW2-CDNC-CNPM/Reports/20200605_171239/Run all test cases/20200605_171239/execution0.log"/>
         <property name="attachments" value="/Users/tuyenle/git/HW2-CDNC-CNPM/Reports/20200605_171239/Run all test cases/20200605_171239/1591352274170.png"/>
         <property name="hostName" value="tuyenle - 192.168.1.9"/>
         <property name="os" value="Mac OS X 64bit"/>
         <property name="katalonVersion" value="7.4.0.1"/>
         <property name="browser" value="Chrome 83.0.4103.61"/>
         <property name="hostAddress" value="192.168.1.9"/>
         <property name="sessionId" value="c881a06b3da11936f4db05e247405ae4"/>
         <property name="seleniumVersion" value="3.141.59"/>
         <property name="proxyInformation" value="ProxyInformation{proxyOption=NO_PROXY, proxyServerType=HTTP, password=, proxyServerAddress=, proxyServerPort=0, executionList=}"/>
         <property name="platform" value="Mac OS X"/>
      </properties>
      <testcase name="Test Cases/user login" time="10.468" classname="Test Cases/user login" status="PASSED">
         <system-out><![CDATA[2020-06-05 17:13:02 - [TEST_CASE][PASSED] - Test Cases/user login: Test Cases/user login

2020-06-05 17:13:02 - [TEST_STEP][PASSED] - openBrowser(""): Browser is opened with url: ''

2020-06-05 17:13:03 - [MESSAGE][INFO] - Starting 'Chrome' driver

2020-06-05 17:13:03 - [MESSAGE][INFO] - Action delay is set to 0 milliseconds

2020-06-05 17:13:06 - [MESSAGE][PASSED] - Browser is opened with url: ''

2020-06-05 17:13:06 - [TEST_STEP][PASSED] - navigateToUrl("http://localhost:8065/login"): Navigate to 'http://localhost:8065/login' successfully

2020-06-05 17:13:08 - [MESSAGE][PASSED] - Navigate to 'http://localhost:8065/login' successfully

2020-06-05 17:13:08 - [TEST_STEP][PASSED] - click(findTestObject("Object Repository/Page_Mattermost/div_MattermostAll team communication in one_8a1968")): Object: 'Object Repository/Page_Mattermost/div_MattermostAll team communication in one_8a1968' is clicked on

2020-06-05 17:13:10 - [MESSAGE][PASSED] - Object: 'Object Repository/Page_Mattermost/div_MattermostAll team communication in one_8a1968' is clicked on

2020-06-05 17:13:10 - [TEST_STEP][PASSED] - setText(findTestObject("Object Repository/Page_Mattermost/input_All team communication in one place s_703ef5"), username): Text 'jules' is set on object 'Object Repository/Page_Mattermost/input_All team communication in one place s_703ef5'

2020-06-05 17:13:11 - [MESSAGE][PASSED] - Text 'jules' is set on object 'Object Repository/Page_Mattermost/input_All team communication in one place s_703ef5'

2020-06-05 17:13:11 - [TEST_STEP][PASSED] - setText(findTestObject("Object Repository/Page_Mattermost/input_All team communication in one place s_2f2733"), password): Text '43214321' is set on object 'Object Repository/Page_Mattermost/input_All team communication in one place s_2f2733'

2020-06-05 17:13:12 - [MESSAGE][PASSED] - Text '43214321' is set on object 'Object Repository/Page_Mattermost/input_All team communication in one place s_2f2733'

2020-06-05 17:13:12 - [TEST_STEP][PASSED] - click(findTestObject("Object Repository/Page_Mattermost/span_Sign in")): Object: 'Object Repository/Page_Mattermost/span_Sign in' is clicked on

2020-06-05 17:13:12 - [MESSAGE][PASSED] - Object: 'Object Repository/Page_Mattermost/span_Sign in' is clicked on]]></system-out>
         <system-err><![CDATA[]]></system-err>
      </testcase>
      <testcase name="Test Cases/user login" time="5.812" classname="Test Cases/user login" status="PASSED">
         <system-out><![CDATA[2020-06-05 17:13:12 - [TEST_CASE][PASSED] - Test Cases/user login: Test Cases/user login

2020-06-05 17:13:12 - [TEST_STEP][PASSED] - openBrowser(""): Browser is opened with url: ''

2020-06-05 17:13:12 - [MESSAGE][WARNING] - A browser is already opened. Closing browser and opening a new one

2020-06-05 17:13:13 - [MESSAGE][INFO] - Starting 'Chrome' driver

2020-06-05 17:13:13 - [MESSAGE][INFO] - Action delay is set to 0 milliseconds

2020-06-05 17:13:14 - [MESSAGE][PASSED] - Browser is opened with url: ''

2020-06-05 17:13:14 - [TEST_STEP][PASSED] - navigateToUrl("http://localhost:8065/login"): Navigate to 'http://localhost:8065/login' successfully

2020-06-05 17:13:15 - [MESSAGE][PASSED] - Navigate to 'http://localhost:8065/login' successfully

2020-06-05 17:13:15 - [TEST_STEP][PASSED] - click(findTestObject("Object Repository/Page_Mattermost/div_MattermostAll team communication in one_8a1968")): Object: 'Object Repository/Page_Mattermost/div_MattermostAll team communication in one_8a1968' is clicked on

2020-06-05 17:13:16 - [MESSAGE][PASSED] - Object: 'Object Repository/Page_Mattermost/div_MattermostAll team communication in one_8a1968' is clicked on

2020-06-05 17:13:16 - [TEST_STEP][PASSED] - setText(findTestObject("Object Repository/Page_Mattermost/input_All team communication in one place s_703ef5"), username): Text 'dfsa' is set on object 'Object Repository/Page_Mattermost/input_All team communication in one place s_703ef5'

2020-06-05 17:13:17 - [MESSAGE][PASSED] - Text 'dfsa' is set on object 'Object Repository/Page_Mattermost/input_All team communication in one place s_703ef5'

2020-06-05 17:13:17 - [TEST_STEP][PASSED] - setText(findTestObject("Object Repository/Page_Mattermost/input_All team communication in one place s_2f2733"), password): Text '321' is set on object 'Object Repository/Page_Mattermost/input_All team communication in one place s_2f2733'

2020-06-05 17:13:18 - [MESSAGE][PASSED] - Text '321' is set on object 'Object Repository/Page_Mattermost/input_All team communication in one place s_2f2733'

2020-06-05 17:13:18 - [TEST_STEP][PASSED] - click(findTestObject("Object Repository/Page_Mattermost/span_Sign in")): Object: 'Object Repository/Page_Mattermost/span_Sign in' is clicked on

2020-06-05 17:13:18 - [MESSAGE][PASSED] - Object: 'Object Repository/Page_Mattermost/span_Sign in' is clicked on]]></system-out>
         <system-err><![CDATA[]]></system-err>
      </testcase>
      <testcase name="Test Cases/user login" time="5.791" classname="Test Cases/user login" status="PASSED">
         <system-out><![CDATA[2020-06-05 17:13:18 - [TEST_CASE][PASSED] - Test Cases/user login: Test Cases/user login

2020-06-05 17:13:18 - [TEST_STEP][PASSED] - openBrowser(""): Browser is opened with url: ''

2020-06-05 17:13:18 - [MESSAGE][WARNING] - A browser is already opened. Closing browser and opening a new one

2020-06-05 17:13:18 - [MESSAGE][INFO] - Starting 'Chrome' driver

2020-06-05 17:13:18 - [MESSAGE][INFO] - Action delay is set to 0 milliseconds

2020-06-05 17:13:20 - [MESSAGE][PASSED] - Browser is opened with url: ''

2020-06-05 17:13:20 - [TEST_STEP][PASSED] - navigateToUrl("http://localhost:8065/login"): Navigate to 'http://localhost:8065/login' successfully

2020-06-05 17:13:21 - [MESSAGE][PASSED] - Navigate to 'http://localhost:8065/login' successfully

2020-06-05 17:13:21 - [TEST_STEP][PASSED] - click(findTestObject("Object Repository/Page_Mattermost/div_MattermostAll team communication in one_8a1968")): Object: 'Object Repository/Page_Mattermost/div_MattermostAll team communication in one_8a1968' is clicked on

2020-06-05 17:13:22 - [MESSAGE][PASSED] - Object: 'Object Repository/Page_Mattermost/div_MattermostAll team communication in one_8a1968' is clicked on

2020-06-05 17:13:22 - [TEST_STEP][PASSED] - setText(findTestObject("Object Repository/Page_Mattermost/input_All team communication in one place s_703ef5"), username): Text 'fe892' is set on object 'Object Repository/Page_Mattermost/input_All team communication in one place s_703ef5'

2020-06-05 17:13:22 - [MESSAGE][PASSED] - Text 'fe892' is set on object 'Object Repository/Page_Mattermost/input_All team communication in one place s_703ef5'

2020-06-05 17:13:22 - [TEST_STEP][PASSED] - setText(findTestObject("Object Repository/Page_Mattermost/input_All team communication in one place s_2f2733"), password): Text 'og4i329gh' is set on object 'Object Repository/Page_Mattermost/input_All team communication in one place s_2f2733'

2020-06-05 17:13:23 - [MESSAGE][PASSED] - Text 'og4i329gh' is set on object 'Object Repository/Page_Mattermost/input_All team communication in one place s_2f2733'

2020-06-05 17:13:23 - [TEST_STEP][PASSED] - click(findTestObject("Object Repository/Page_Mattermost/span_Sign in")): Object: 'Object Repository/Page_Mattermost/span_Sign in' is clicked on

2020-06-05 17:13:24 - [MESSAGE][PASSED] - Object: 'Object Repository/Page_Mattermost/span_Sign in' is clicked on]]></system-out>
         <system-err><![CDATA[]]></system-err>
      </testcase>
      <testcase name="Test Cases/user login" time="6.024" classname="Test Cases/user login" status="PASSED">
         <system-out><![CDATA[2020-06-05 17:13:24 - [TEST_CASE][PASSED] - Test Cases/user login: Test Cases/user login

2020-06-05 17:13:24 - [TEST_STEP][PASSED] - openBrowser(""): Browser is opened with url: ''

2020-06-05 17:13:24 - [MESSAGE][WARNING] - A browser is already opened. Closing browser and opening a new one

2020-06-05 17:13:24 - [MESSAGE][INFO] - Starting 'Chrome' driver

2020-06-05 17:13:24 - [MESSAGE][INFO] - Action delay is set to 0 milliseconds

2020-06-05 17:13:25 - [MESSAGE][PASSED] - Browser is opened with url: ''

2020-06-05 17:13:25 - [TEST_STEP][PASSED] - navigateToUrl("http://localhost:8065/login"): Navigate to 'http://localhost:8065/login' successfully

2020-06-05 17:13:26 - [MESSAGE][PASSED] - Navigate to 'http://localhost:8065/login' successfully

2020-06-05 17:13:26 - [TEST_STEP][PASSED] - click(findTestObject("Object Repository/Page_Mattermost/div_MattermostAll team communication in one_8a1968")): Object: 'Object Repository/Page_Mattermost/div_MattermostAll team communication in one_8a1968' is clicked on

2020-06-05 17:13:28 - [MESSAGE][PASSED] - Object: 'Object Repository/Page_Mattermost/div_MattermostAll team communication in one_8a1968' is clicked on

2020-06-05 17:13:28 - [TEST_STEP][PASSED] - setText(findTestObject("Object Repository/Page_Mattermost/input_All team communication in one place s_703ef5"), username): Text 'sysadmin' is set on object 'Object Repository/Page_Mattermost/input_All team communication in one place s_703ef5'

2020-06-05 17:13:28 - [MESSAGE][PASSED] - Text 'sysadmin' is set on object 'Object Repository/Page_Mattermost/input_All team communication in one place s_703ef5'

2020-06-05 17:13:28 - [TEST_STEP][PASSED] - setText(findTestObject("Object Repository/Page_Mattermost/input_All team communication in one place s_2f2733"), password): Text 'Sys@dmin-sample1' is set on object 'Object Repository/Page_Mattermost/input_All team communication in one place s_2f2733'

2020-06-05 17:13:29 - [MESSAGE][PASSED] - Text 'Sys@dmin-sample1' is set on object 'Object Repository/Page_Mattermost/input_All team communication in one place s_2f2733'

2020-06-05 17:13:29 - [TEST_STEP][PASSED] - click(findTestObject("Object Repository/Page_Mattermost/span_Sign in")): Object: 'Object Repository/Page_Mattermost/span_Sign in' is clicked on

2020-06-05 17:13:30 - [MESSAGE][PASSED] - Object: 'Object Repository/Page_Mattermost/span_Sign in' is clicked on]]></system-out>
         <system-err><![CDATA[]]></system-err>
      </testcase>
      <testcase name="Test Cases/user login" time="6.115" classname="Test Cases/user login" status="PASSED">
         <system-out><![CDATA[2020-06-05 17:13:30 - [TEST_CASE][PASSED] - Test Cases/user login: Test Cases/user login

2020-06-05 17:13:30 - [TEST_STEP][PASSED] - openBrowser(""): Browser is opened with url: ''

2020-06-05 17:13:30 - [MESSAGE][WARNING] - A browser is already opened. Closing browser and opening a new one

2020-06-05 17:13:30 - [MESSAGE][INFO] - Starting 'Chrome' driver

2020-06-05 17:13:30 - [MESSAGE][INFO] - Action delay is set to 0 milliseconds

2020-06-05 17:13:32 - [MESSAGE][PASSED] - Browser is opened with url: ''

2020-06-05 17:13:32 - [TEST_STEP][PASSED] - navigateToUrl("http://localhost:8065/login"): Navigate to 'http://localhost:8065/login' successfully

2020-06-05 17:13:33 - [MESSAGE][PASSED] - Navigate to 'http://localhost:8065/login' successfully

2020-06-05 17:13:33 - [TEST_STEP][PASSED] - click(findTestObject("Object Repository/Page_Mattermost/div_MattermostAll team communication in one_8a1968")): Object: 'Object Repository/Page_Mattermost/div_MattermostAll team communication in one_8a1968' is clicked on

2020-06-05 17:13:34 - [MESSAGE][PASSED] - Object: 'Object Repository/Page_Mattermost/div_MattermostAll team communication in one_8a1968' is clicked on

2020-06-05 17:13:34 - [TEST_STEP][PASSED] - setText(findTestObject("Object Repository/Page_Mattermost/input_All team communication in one place s_703ef5"), username): Text 'few@#rf' is set on object 'Object Repository/Page_Mattermost/input_All team communication in one place s_703ef5'

2020-06-05 17:13:35 - [MESSAGE][PASSED] - Text 'few@#rf' is set on object 'Object Repository/Page_Mattermost/input_All team communication in one place s_703ef5'

2020-06-05 17:13:35 - [TEST_STEP][PASSED] - setText(findTestObject("Object Repository/Page_Mattermost/input_All team communication in one place s_2f2733"), password): Text 'fmioe23q3g' is set on object 'Object Repository/Page_Mattermost/input_All team communication in one place s_2f2733'

2020-06-05 17:13:36 - [MESSAGE][PASSED] - Text 'fmioe23q3g' is set on object 'Object Repository/Page_Mattermost/input_All team communication in one place s_2f2733'

2020-06-05 17:13:36 - [TEST_STEP][PASSED] - click(findTestObject("Object Repository/Page_Mattermost/span_Sign in")): Object: 'Object Repository/Page_Mattermost/span_Sign in' is clicked on

2020-06-05 17:13:36 - [MESSAGE][PASSED] - Object: 'Object Repository/Page_Mattermost/span_Sign in' is clicked on]]></system-out>
         <system-err><![CDATA[]]></system-err>
      </testcase>
      <testcase name="Test Cases/user login" time="5.6" classname="Test Cases/user login" status="PASSED">
         <system-out><![CDATA[2020-06-05 17:13:36 - [TEST_CASE][PASSED] - Test Cases/user login: Test Cases/user login

2020-06-05 17:13:36 - [TEST_STEP][PASSED] - openBrowser(""): Browser is opened with url: ''

2020-06-05 17:13:36 - [MESSAGE][WARNING] - A browser is already opened. Closing browser and opening a new one

2020-06-05 17:13:36 - [MESSAGE][INFO] - Starting 'Chrome' driver

2020-06-05 17:13:36 - [MESSAGE][INFO] - Action delay is set to 0 milliseconds

2020-06-05 17:13:38 - [MESSAGE][PASSED] - Browser is opened with url: ''

2020-06-05 17:13:38 - [TEST_STEP][PASSED] - navigateToUrl("http://localhost:8065/login"): Navigate to 'http://localhost:8065/login' successfully

2020-06-05 17:13:39 - [MESSAGE][PASSED] - Navigate to 'http://localhost:8065/login' successfully

2020-06-05 17:13:39 - [TEST_STEP][PASSED] - click(findTestObject("Object Repository/Page_Mattermost/div_MattermostAll team communication in one_8a1968")): Object: 'Object Repository/Page_Mattermost/div_MattermostAll team communication in one_8a1968' is clicked on

2020-06-05 17:13:40 - [MESSAGE][PASSED] - Object: 'Object Repository/Page_Mattermost/div_MattermostAll team communication in one_8a1968' is clicked on

2020-06-05 17:13:40 - [TEST_STEP][PASSED] - setText(findTestObject("Object Repository/Page_Mattermost/input_All team communication in one place s_703ef5"), username): Text '' is set on object 'Object Repository/Page_Mattermost/input_All team communication in one place s_703ef5'

2020-06-05 17:13:41 - [MESSAGE][PASSED] - Text '' is set on object 'Object Repository/Page_Mattermost/input_All team communication in one place s_703ef5'

2020-06-05 17:13:41 - [TEST_STEP][PASSED] - setText(findTestObject("Object Repository/Page_Mattermost/input_All team communication in one place s_2f2733"), password): Text '' is set on object 'Object Repository/Page_Mattermost/input_All team communication in one place s_2f2733'

2020-06-05 17:13:41 - [MESSAGE][PASSED] - Text '' is set on object 'Object Repository/Page_Mattermost/input_All team communication in one place s_2f2733'

2020-06-05 17:13:41 - [TEST_STEP][PASSED] - click(findTestObject("Object Repository/Page_Mattermost/span_Sign in")): Object: 'Object Repository/Page_Mattermost/span_Sign in' is clicked on

2020-06-05 17:13:42 - [MESSAGE][PASSED] - Object: 'Object Repository/Page_Mattermost/span_Sign in' is clicked on]]></system-out>
         <system-err><![CDATA[]]></system-err>
      </testcase>
      <testcase name="Test Cases/user login" time="5.147" classname="Test Cases/user login" status="PASSED">
         <system-out><![CDATA[2020-06-05 17:13:42 - [TEST_CASE][PASSED] - Test Cases/user login: Test Cases/user login

2020-06-05 17:13:42 - [TEST_STEP][PASSED] - openBrowser(""): Browser is opened with url: ''

2020-06-05 17:13:42 - [MESSAGE][WARNING] - A browser is already opened. Closing browser and opening a new one

2020-06-05 17:13:42 - [MESSAGE][INFO] - Starting 'Chrome' driver

2020-06-05 17:13:42 - [MESSAGE][INFO] - Action delay is set to 0 milliseconds

2020-06-05 17:13:43 - [MESSAGE][PASSED] - Browser is opened with url: ''

2020-06-05 17:13:43 - [TEST_STEP][PASSED] - navigateToUrl("http://localhost:8065/login"): Navigate to 'http://localhost:8065/login' successfully

2020-06-05 17:13:44 - [MESSAGE][PASSED] - Navigate to 'http://localhost:8065/login' successfully

2020-06-05 17:13:44 - [TEST_STEP][PASSED] - click(findTestObject("Object Repository/Page_Mattermost/div_MattermostAll team communication in one_8a1968")): Object: 'Object Repository/Page_Mattermost/div_MattermostAll team communication in one_8a1968' is clicked on

2020-06-05 17:13:45 - [MESSAGE][PASSED] - Object: 'Object Repository/Page_Mattermost/div_MattermostAll team communication in one_8a1968' is clicked on

2020-06-05 17:13:45 - [TEST_STEP][PASSED] - setText(findTestObject("Object Repository/Page_Mattermost/input_All team communication in one place s_703ef5"), username): Text '' is set on object 'Object Repository/Page_Mattermost/input_All team communication in one place s_703ef5'

2020-06-05 17:13:46 - [MESSAGE][PASSED] - Text '' is set on object 'Object Repository/Page_Mattermost/input_All team communication in one place s_703ef5'

2020-06-05 17:13:46 - [TEST_STEP][PASSED] - setText(findTestObject("Object Repository/Page_Mattermost/input_All team communication in one place s_2f2733"), password): Text '' is set on object 'Object Repository/Page_Mattermost/input_All team communication in one place s_2f2733'

2020-06-05 17:13:47 - [MESSAGE][PASSED] - Text '' is set on object 'Object Repository/Page_Mattermost/input_All team communication in one place s_2f2733'

2020-06-05 17:13:47 - [TEST_STEP][PASSED] - click(findTestObject("Object Repository/Page_Mattermost/span_Sign in")): Object: 'Object Repository/Page_Mattermost/span_Sign in' is clicked on

2020-06-05 17:13:47 - [MESSAGE][PASSED] - Object: 'Object Repository/Page_Mattermost/span_Sign in' is clicked on]]></system-out>
         <system-err><![CDATA[]]></system-err>
      </testcase>
      <testcase name="Test Cases/user forgot pass" time="5.179" classname="Test Cases/user forgot pass" status="PASSED">
         <system-out><![CDATA[2020-06-05 17:13:47 - [TEST_CASE][PASSED] - Test Cases/user forgot pass: Test Cases/user forgot pass

2020-06-05 17:13:47 - [TEST_STEP][PASSED] - openBrowser(""): Browser is opened with url: ''

2020-06-05 17:13:47 - [MESSAGE][WARNING] - A browser is already opened. Closing browser and opening a new one

2020-06-05 17:13:47 - [MESSAGE][INFO] - Starting 'Chrome' driver

2020-06-05 17:13:47 - [MESSAGE][INFO] - Action delay is set to 0 milliseconds

2020-06-05 17:13:49 - [MESSAGE][PASSED] - Browser is opened with url: ''

2020-06-05 17:13:49 - [TEST_STEP][PASSED] - navigateToUrl("http://localhost:8065/reset_password"): Navigate to 'http://localhost:8065/reset_password' successfully

2020-06-05 17:13:50 - [MESSAGE][PASSED] - Navigate to 'http://localhost:8065/reset_password' successfully

2020-06-05 17:13:50 - [TEST_STEP][PASSED] - setText(findTestObject("Page_Mattermost/input_To reset your password enter the emai_5f6d79"), email): Text 'fdsae@fdsa.com' is set on object 'Object Repository/Page_Mattermost/input_To reset your password enter the emai_5f6d79'

2020-06-05 17:13:52 - [MESSAGE][PASSED] - Text 'fdsae@fdsa.com' is set on object 'Object Repository/Page_Mattermost/input_To reset your password enter the emai_5f6d79'

2020-06-05 17:13:52 - [TEST_STEP][PASSED] - click(findTestObject("Object Repository/Page_Mattermost/button_Reset my password")): Object: 'Object Repository/Page_Mattermost/button_Reset my password' is clicked on

2020-06-05 17:13:52 - [MESSAGE][PASSED] - Object: 'Object Repository/Page_Mattermost/button_Reset my password' is clicked on

2020-06-05 17:13:52 - [TEST_STEP][PASSED] - closeBrowser(): Browser is closed

2020-06-05 17:13:52 - [MESSAGE][PASSED] - Browser is closed]]></system-out>
         <system-err><![CDATA[]]></system-err>
      </testcase>
      <testcase name="Test Cases/user forgot pass" time="3.939" classname="Test Cases/user forgot pass" status="PASSED">
         <system-out><![CDATA[2020-06-05 17:13:52 - [TEST_CASE][PASSED] - Test Cases/user forgot pass: Test Cases/user forgot pass

2020-06-05 17:13:52 - [TEST_STEP][PASSED] - openBrowser(""): Browser is opened with url: ''

2020-06-05 17:13:52 - [MESSAGE][INFO] - Starting 'Chrome' driver

2020-06-05 17:13:52 - [MESSAGE][INFO] - Action delay is set to 0 milliseconds

2020-06-05 17:13:54 - [MESSAGE][PASSED] - Browser is opened with url: ''

2020-06-05 17:13:54 - [TEST_STEP][PASSED] - navigateToUrl("http://localhost:8065/reset_password"): Navigate to 'http://localhost:8065/reset_password' successfully

2020-06-05 17:13:54 - [MESSAGE][PASSED] - Navigate to 'http://localhost:8065/reset_password' successfully

2020-06-05 17:13:54 - [TEST_STEP][PASSED] - setText(findTestObject("Page_Mattermost/input_To reset your password enter the emai_5f6d79"), email): Text '43294932' is set on object 'Object Repository/Page_Mattermost/input_To reset your password enter the emai_5f6d79'

2020-06-05 17:13:56 - [MESSAGE][PASSED] - Text '43294932' is set on object 'Object Repository/Page_Mattermost/input_To reset your password enter the emai_5f6d79'

2020-06-05 17:13:56 - [TEST_STEP][PASSED] - click(findTestObject("Object Repository/Page_Mattermost/button_Reset my password")): Object: 'Object Repository/Page_Mattermost/button_Reset my password' is clicked on

2020-06-05 17:13:56 - [MESSAGE][PASSED] - Object: 'Object Repository/Page_Mattermost/button_Reset my password' is clicked on

2020-06-05 17:13:56 - [TEST_STEP][PASSED] - closeBrowser(): Browser is closed

2020-06-05 17:13:56 - [MESSAGE][PASSED] - Browser is closed]]></system-out>
         <system-err><![CDATA[]]></system-err>
      </testcase>
      <testcase name="Test Cases/user forgot pass" time="4.068" classname="Test Cases/user forgot pass" status="PASSED">
         <system-out><![CDATA[2020-06-05 17:13:56 - [TEST_CASE][PASSED] - Test Cases/user forgot pass: Test Cases/user forgot pass

2020-06-05 17:13:56 - [TEST_STEP][PASSED] - openBrowser(""): Browser is opened with url: ''

2020-06-05 17:13:56 - [MESSAGE][INFO] - Starting 'Chrome' driver

2020-06-05 17:13:56 - [MESSAGE][INFO] - Action delay is set to 0 milliseconds

2020-06-05 17:13:57 - [MESSAGE][PASSED] - Browser is opened with url: ''

2020-06-05 17:13:57 - [TEST_STEP][PASSED] - navigateToUrl("http://localhost:8065/reset_password"): Navigate to 'http://localhost:8065/reset_password' successfully

2020-06-05 17:13:58 - [MESSAGE][PASSED] - Navigate to 'http://localhost:8065/reset_password' successfully

2020-06-05 17:13:58 - [TEST_STEP][PASSED] - setText(findTestObject("Page_Mattermost/input_To reset your password enter the emai_5f6d79"), email): Text 'admin@abc.com' is set on object 'Object Repository/Page_Mattermost/input_To reset your password enter the emai_5f6d79'

2020-06-05 17:14:00 - [MESSAGE][PASSED] - Text 'admin@abc.com' is set on object 'Object Repository/Page_Mattermost/input_To reset your password enter the emai_5f6d79'

2020-06-05 17:14:00 - [TEST_STEP][PASSED] - click(findTestObject("Object Repository/Page_Mattermost/button_Reset my password")): Object: 'Object Repository/Page_Mattermost/button_Reset my password' is clicked on

2020-06-05 17:14:00 - [MESSAGE][PASSED] - Object: 'Object Repository/Page_Mattermost/button_Reset my password' is clicked on

2020-06-05 17:14:00 - [TEST_STEP][PASSED] - closeBrowser(): Browser is closed

2020-06-05 17:14:00 - [MESSAGE][PASSED] - Browser is closed]]></system-out>
         <system-err><![CDATA[]]></system-err>
      </testcase>
      <testcase name="Test Cases/user forgot pass" time="4.151" classname="Test Cases/user forgot pass" status="PASSED">
         <system-out><![CDATA[2020-06-05 17:14:00 - [TEST_CASE][PASSED] - Test Cases/user forgot pass: Test Cases/user forgot pass

2020-06-05 17:14:00 - [TEST_STEP][PASSED] - openBrowser(""): Browser is opened with url: ''

2020-06-05 17:14:00 - [MESSAGE][INFO] - Starting 'Chrome' driver

2020-06-05 17:14:00 - [MESSAGE][INFO] - Action delay is set to 0 milliseconds

2020-06-05 17:14:01 - [MESSAGE][PASSED] - Browser is opened with url: ''

2020-06-05 17:14:01 - [TEST_STEP][PASSED] - navigateToUrl("http://localhost:8065/reset_password"): Navigate to 'http://localhost:8065/reset_password' successfully

2020-06-05 17:14:02 - [MESSAGE][PASSED] - Navigate to 'http://localhost:8065/reset_password' successfully

2020-06-05 17:14:02 - [TEST_STEP][PASSED] - setText(findTestObject("Page_Mattermost/input_To reset your password enter the emai_5f6d79"), email): Text 'fmeow^^' is set on object 'Object Repository/Page_Mattermost/input_To reset your password enter the emai_5f6d79'

2020-06-05 17:14:04 - [MESSAGE][PASSED] - Text 'fmeow^^' is set on object 'Object Repository/Page_Mattermost/input_To reset your password enter the emai_5f6d79'

2020-06-05 17:14:04 - [TEST_STEP][PASSED] - click(findTestObject("Object Repository/Page_Mattermost/button_Reset my password")): Object: 'Object Repository/Page_Mattermost/button_Reset my password' is clicked on

2020-06-05 17:14:04 - [MESSAGE][PASSED] - Object: 'Object Repository/Page_Mattermost/button_Reset my password' is clicked on

2020-06-05 17:14:04 - [TEST_STEP][PASSED] - closeBrowser(): Browser is closed

2020-06-05 17:14:04 - [MESSAGE][PASSED] - Browser is closed]]></system-out>
         <system-err><![CDATA[]]></system-err>
      </testcase>
      <testcase name="Test Cases/user forgot pass" time="4.281" classname="Test Cases/user forgot pass" status="PASSED">
         <system-out><![CDATA[2020-06-05 17:14:04 - [TEST_CASE][PASSED] - Test Cases/user forgot pass: Test Cases/user forgot pass

2020-06-05 17:14:04 - [TEST_STEP][PASSED] - openBrowser(""): Browser is opened with url: ''

2020-06-05 17:14:04 - [MESSAGE][INFO] - Starting 'Chrome' driver

2020-06-05 17:14:04 - [MESSAGE][INFO] - Action delay is set to 0 milliseconds

2020-06-05 17:14:06 - [MESSAGE][PASSED] - Browser is opened with url: ''

2020-06-05 17:14:06 - [TEST_STEP][PASSED] - navigateToUrl("http://localhost:8065/reset_password"): Navigate to 'http://localhost:8065/reset_password' successfully

2020-06-05 17:14:07 - [MESSAGE][PASSED] - Navigate to 'http://localhost:8065/reset_password' successfully

2020-06-05 17:14:07 - [TEST_STEP][PASSED] - setText(findTestObject("Page_Mattermost/input_To reset your password enter the emai_5f6d79"), email): Text 'fnjiewus@ios' is set on object 'Object Repository/Page_Mattermost/input_To reset your password enter the emai_5f6d79'

2020-06-05 17:14:08 - [MESSAGE][PASSED] - Text 'fnjiewus@ios' is set on object 'Object Repository/Page_Mattermost/input_To reset your password enter the emai_5f6d79'

2020-06-05 17:14:08 - [TEST_STEP][PASSED] - click(findTestObject("Object Repository/Page_Mattermost/button_Reset my password")): Object: 'Object Repository/Page_Mattermost/button_Reset my password' is clicked on

2020-06-05 17:14:09 - [MESSAGE][PASSED] - Object: 'Object Repository/Page_Mattermost/button_Reset my password' is clicked on

2020-06-05 17:14:09 - [TEST_STEP][PASSED] - closeBrowser(): Browser is closed

2020-06-05 17:14:09 - [MESSAGE][PASSED] - Browser is closed]]></system-out>
         <system-err><![CDATA[]]></system-err>
      </testcase>
      <testcase name="Test Cases/user forgot pass" time="4.269" classname="Test Cases/user forgot pass" status="PASSED">
         <system-out><![CDATA[2020-06-05 17:14:09 - [TEST_CASE][PASSED] - Test Cases/user forgot pass: Test Cases/user forgot pass

2020-06-05 17:14:09 - [TEST_STEP][PASSED] - openBrowser(""): Browser is opened with url: ''

2020-06-05 17:14:09 - [MESSAGE][INFO] - Starting 'Chrome' driver

2020-06-05 17:14:09 - [MESSAGE][INFO] - Action delay is set to 0 milliseconds

2020-06-05 17:14:10 - [MESSAGE][PASSED] - Browser is opened with url: ''

2020-06-05 17:14:10 - [TEST_STEP][PASSED] - navigateToUrl("http://localhost:8065/reset_password"): Navigate to 'http://localhost:8065/reset_password' successfully

2020-06-05 17:14:11 - [MESSAGE][PASSED] - Navigate to 'http://localhost:8065/reset_password' successfully

2020-06-05 17:14:11 - [TEST_STEP][PASSED] - setText(findTestObject("Page_Mattermost/input_To reset your password enter the emai_5f6d79"), email): Text '' is set on object 'Object Repository/Page_Mattermost/input_To reset your password enter the emai_5f6d79'

2020-06-05 17:14:13 - [MESSAGE][PASSED] - Text '' is set on object 'Object Repository/Page_Mattermost/input_To reset your password enter the emai_5f6d79'

2020-06-05 17:14:13 - [TEST_STEP][PASSED] - click(findTestObject("Object Repository/Page_Mattermost/button_Reset my password")): Object: 'Object Repository/Page_Mattermost/button_Reset my password' is clicked on

2020-06-05 17:14:13 - [MESSAGE][PASSED] - Object: 'Object Repository/Page_Mattermost/button_Reset my password' is clicked on

2020-06-05 17:14:13 - [TEST_STEP][PASSED] - closeBrowser(): Browser is closed

2020-06-05 17:14:13 - [MESSAGE][PASSED] - Browser is closed]]></system-out>
         <system-err><![CDATA[]]></system-err>
      </testcase>
      <testcase name="Test Cases/user forgot pass" time="4.08" classname="Test Cases/user forgot pass" status="PASSED">
         <system-out><![CDATA[2020-06-05 17:14:13 - [TEST_CASE][PASSED] - Test Cases/user forgot pass: Test Cases/user forgot pass

2020-06-05 17:14:13 - [TEST_STEP][PASSED] - openBrowser(""): Browser is opened with url: ''

2020-06-05 17:14:13 - [MESSAGE][INFO] - Starting 'Chrome' driver

2020-06-05 17:14:13 - [MESSAGE][INFO] - Action delay is set to 0 milliseconds

2020-06-05 17:14:14 - [MESSAGE][PASSED] - Browser is opened with url: ''

2020-06-05 17:14:14 - [TEST_STEP][PASSED] - navigateToUrl("http://localhost:8065/reset_password"): Navigate to 'http://localhost:8065/reset_password' successfully

2020-06-05 17:14:15 - [MESSAGE][PASSED] - Navigate to 'http://localhost:8065/reset_password' successfully

2020-06-05 17:14:15 - [TEST_STEP][PASSED] - setText(findTestObject("Page_Mattermost/input_To reset your password enter the emai_5f6d79"), email): Text 'R%#@.sd' is set on object 'Object Repository/Page_Mattermost/input_To reset your password enter the emai_5f6d79'

2020-06-05 17:14:17 - [MESSAGE][PASSED] - Text 'R%#@.sd' is set on object 'Object Repository/Page_Mattermost/input_To reset your password enter the emai_5f6d79'

2020-06-05 17:14:17 - [TEST_STEP][PASSED] - click(findTestObject("Object Repository/Page_Mattermost/button_Reset my password")): Object: 'Object Repository/Page_Mattermost/button_Reset my password' is clicked on

2020-06-05 17:14:17 - [MESSAGE][PASSED] - Object: 'Object Repository/Page_Mattermost/button_Reset my password' is clicked on

2020-06-05 17:14:17 - [TEST_STEP][PASSED] - closeBrowser(): Browser is closed

2020-06-05 17:14:17 - [MESSAGE][PASSED] - Browser is closed]]></system-out>
         <system-err><![CDATA[]]></system-err>
      </testcase>
      <testcase name="Test Cases/write direct message" time="16.514" classname="Test Cases/write direct message" status="PASSED">
         <system-out><![CDATA[2020-06-05 17:14:17 - [TEST_CASE][PASSED] - Test Cases/write direct message: Test Cases/write direct message

2020-06-05 17:14:17 - [TEST_STEP][PASSED] - openBrowser(""): Browser is opened with url: ''

2020-06-05 17:14:17 - [MESSAGE][INFO] - Starting 'Chrome' driver

2020-06-05 17:14:17 - [MESSAGE][INFO] - Action delay is set to 0 milliseconds

2020-06-05 17:14:19 - [MESSAGE][PASSED] - Browser is opened with url: ''

2020-06-05 17:14:19 - [TEST_STEP][PASSED] - navigateToUrl("http://localhost:8065/"): Navigate to 'http://localhost:8065/' successfully

2020-06-05 17:14:20 - [MESSAGE][PASSED] - Navigate to 'http://localhost:8065/' successfully

2020-06-05 17:14:20 - [TEST_STEP][PASSED] - setText(findTestObject("Page_Mattermost/input_All team communication in one place s_703ef5"), "sysadmin"): Text 'sysadmin' is set on object 'Object Repository/Page_Mattermost/input_All team communication in one place s_703ef5'

2020-06-05 17:14:21 - [MESSAGE][PASSED] - Text 'sysadmin' is set on object 'Object Repository/Page_Mattermost/input_All team communication in one place s_703ef5'

2020-06-05 17:14:21 - [TEST_STEP][PASSED] - setEncryptedText(findTestObject("Page_Mattermost/input_All team communication in one place s_2f2733"), "2SwE/drL9BoSDSAWnt1s8EiQe9rbSfQc"): Text ****** has been set on object 'Object Repository/Page_Mattermost/input_All team communication in one place s_2f2733'

2020-06-05 17:14:22 - [MESSAGE][PASSED] - Text ****** has been set on object 'Object Repository/Page_Mattermost/input_All team communication in one place s_2f2733'

2020-06-05 17:14:22 - [TEST_STEP][PASSED] - click(findTestObject("Page_Mattermost/button_Sign in")): Object: 'Object Repository/Page_Mattermost/button_Sign in' is clicked on

2020-06-05 17:14:23 - [MESSAGE][PASSED] - Object: 'Object Repository/Page_Mattermost/button_Sign in' is clicked on

2020-06-05 17:14:23 - [TEST_STEP][PASSED] - click(findTestObject("Page_ Town Square - eligendi Mattermost/span_")): Object: 'Object Repository/Page_ Town Square - eligendi Mattermost/span_' is clicked on

2020-06-05 17:14:26 - [MESSAGE][PASSED] - Object: 'Object Repository/Page_ Town Square - eligendi Mattermost/span_' is clicked on

2020-06-05 17:14:26 - [TEST_STEP][PASSED] - click(findTestObject("Object Repository/Page_ Town Square - eligendi Mattermost/div_aaronmedina - Aaron Medina (Centidel) -_262370")): Object: 'Object Repository/Page_ Town Square - eligendi Mattermost/div_aaronmedina - Aaron Medina (Centidel) -_262370' is clicked on

2020-06-05 17:14:28 - [MESSAGE][PASSED] - Object: 'Object Repository/Page_ Town Square - eligendi Mattermost/div_aaronmedina - Aaron Medina (Centidel) -_262370' is clicked on

2020-06-05 17:14:28 - [TEST_STEP][PASSED] - click(findTestObject("Object Repository/Page_ Town Square - eligendi Mattermost/button_Go")): Object: 'Object Repository/Page_ Town Square - eligendi Mattermost/button_Go' is clicked on

2020-06-05 17:14:29 - [MESSAGE][PASSED] - Object: 'Object Repository/Page_ Town Square - eligendi Mattermost/button_Go' is clicked on

2020-06-05 17:14:29 - [TEST_STEP][PASSED] - setText(findTestObject("Page_ aaronmedina - eligendi Mattermost/textarea_Write to aaronmedina_post_textbox"), "hi aaron."): Text 'hi aaron.' is set on object 'Object Repository/Page_ aaronmedina - eligendi Mattermost/textarea_Write to aaronmedina_post_textbox'

2020-06-05 17:14:31 - [MESSAGE][PASSED] - Text 'hi aaron.' is set on object 'Object Repository/Page_ aaronmedina - eligendi Mattermost/textarea_Write to aaronmedina_post_textbox'

2020-06-05 17:14:31 - [TEST_STEP][PASSED] - sendKeys(findTestObject("Page_ Town Square - eligendi Mattermost/textarea_Write to Town Square_post_textbox"), Keys.chord(ENTER)): Keys 'ENTER + ' sent to object: 'Object Repository/Page_ Town Square - eligendi Mattermost/textarea_Write to Town Square_post_textbox'

2020-06-05 17:14:31 - [MESSAGE][PASSED] - Keys 'ENTER + ' sent to object: 'Object Repository/Page_ Town Square - eligendi Mattermost/textarea_Write to Town Square_post_textbox'

2020-06-05 17:14:31 - [TEST_STEP][PASSED] - setText(findTestObject("Page_ aaronmedina - eligendi Mattermost/textarea_Write to aaronmedina_post_textbox"), "nice to meet you"): Text 'nice to meet you' is set on object 'Object Repository/Page_ aaronmedina - eligendi Mattermost/textarea_Write to aaronmedina_post_textbox'

2020-06-05 17:14:33 - [MESSAGE][PASSED] - Text 'nice to meet you' is set on object 'Object Repository/Page_ aaronmedina - eligendi Mattermost/textarea_Write to aaronmedina_post_textbox'

2020-06-05 17:14:33 - [TEST_STEP][PASSED] - sendKeys(findTestObject("Page_ Town Square - eligendi Mattermost/textarea_Write to Town Square_post_textbox"), Keys.chord(ENTER)): Keys 'ENTER + ' sent to object: 'Object Repository/Page_ Town Square - eligendi Mattermost/textarea_Write to Town Square_post_textbox'

2020-06-05 17:14:33 - [MESSAGE][PASSED] - Keys 'ENTER + ' sent to object: 'Object Repository/Page_ Town Square - eligendi Mattermost/textarea_Write to Town Square_post_textbox'

2020-06-05 17:14:33 - [TEST_STEP][PASSED] - closeBrowser(): Browser is closed

2020-06-05 17:14:34 - [MESSAGE][PASSED] - Browser is closed]]></system-out>
         <system-err><![CDATA[]]></system-err>
      </testcase>
      <testcase name="Test Cases/open messaging help page" time="10.463" classname="Test Cases/open messaging help page" status="PASSED">
         <system-out><![CDATA[2020-06-05 17:14:34 - [TEST_CASE][PASSED] - Test Cases/open messaging help page: Test Cases/open messaging help page

2020-06-05 17:14:34 - [TEST_STEP][PASSED] - openBrowser(""): Browser is opened with url: ''

2020-06-05 17:14:34 - [MESSAGE][INFO] - Starting 'Chrome' driver

2020-06-05 17:14:34 - [MESSAGE][INFO] - Action delay is set to 0 milliseconds

2020-06-05 17:14:35 - [MESSAGE][PASSED] - Browser is opened with url: ''

2020-06-05 17:14:35 - [TEST_STEP][PASSED] - navigateToUrl("http://localhost:8065/"): Navigate to 'http://localhost:8065/' successfully

2020-06-05 17:14:36 - [MESSAGE][PASSED] - Navigate to 'http://localhost:8065/' successfully

2020-06-05 17:14:36 - [TEST_STEP][PASSED] - setText(findTestObject("Page_Mattermost/input_All team communication in one place s_703ef5"), "sysadmin"): Text 'sysadmin' is set on object 'Object Repository/Page_Mattermost/input_All team communication in one place s_703ef5'

2020-06-05 17:14:38 - [MESSAGE][PASSED] - Text 'sysadmin' is set on object 'Object Repository/Page_Mattermost/input_All team communication in one place s_703ef5'

2020-06-05 17:14:38 - [TEST_STEP][PASSED] - setEncryptedText(findTestObject("Page_Mattermost/input_All team communication in one place s_2f2733"), "2SwE/drL9BoSDSAWnt1s8EiQe9rbSfQc"): Text ****** has been set on object 'Object Repository/Page_Mattermost/input_All team communication in one place s_2f2733'

2020-06-05 17:14:38 - [MESSAGE][PASSED] - Text ****** has been set on object 'Object Repository/Page_Mattermost/input_All team communication in one place s_2f2733'

2020-06-05 17:14:38 - [TEST_STEP][PASSED] - sendKeys(findTestObject("Page_Mattermost/input_All team communication in one place s_2f2733"), Keys.chord(ENTER)): Keys 'ENTER + ' sent to object: 'Object Repository/Page_Mattermost/input_All team communication in one place s_2f2733'

2020-06-05 17:14:39 - [MESSAGE][PASSED] - Keys 'ENTER + ' sent to object: 'Object Repository/Page_Mattermost/input_All team communication in one place s_2f2733'

2020-06-05 17:14:39 - [TEST_STEP][PASSED] - click(findTestObject("Object Repository/Page_ Town Square remane - eligendi Mattermost/span_Help")): Object: 'Object Repository/Page_ Town Square remane - eligendi Mattermost/span_Help' is clicked on

2020-06-05 17:14:42 - [MESSAGE][PASSED] - Object: 'Object Repository/Page_ Town Square remane - eligendi Mattermost/span_Help' is clicked on

2020-06-05 17:14:42 - [TEST_STEP][PASSED] - switchToWindowTitle("Mattermost"): Switched to window with title: 'Mattermost'

2020-06-05 17:14:43 - [MESSAGE][PASSED] - Switched to window with title: 'Mattermost'

2020-06-05 17:14:43 - [TEST_STEP][PASSED] - click(findTestObject("Object Repository/Page_Mattermost/span_Write messages using the text input bo_69ff14")): Object: 'Object Repository/Page_Mattermost/span_Write messages using the text input bo_69ff14' is clicked on

2020-06-05 17:14:44 - [MESSAGE][PASSED] - Object: 'Object Repository/Page_Mattermost/span_Write messages using the text input bo_69ff14' is clicked on

2020-06-05 17:14:44 - [TEST_STEP][PASSED] - closeBrowser(): Browser is closed

2020-06-05 17:14:44 - [MESSAGE][PASSED] - Browser is closed]]></system-out>
         <system-err><![CDATA[]]></system-err>
      </testcase>
      <testcase name="Test Cases/create new team" time="10.369" classname="Test Cases/create new team" status="PASSED">
         <system-out><![CDATA[2020-06-05 17:14:44 - [TEST_CASE][PASSED] - Test Cases/create new team: Test Cases/create new team

2020-06-05 17:14:44 - [TEST_STEP][PASSED] - openBrowser(""): Browser is opened with url: ''

2020-06-05 17:14:44 - [MESSAGE][INFO] - Starting 'Chrome' driver

2020-06-05 17:14:44 - [MESSAGE][INFO] - Action delay is set to 0 milliseconds

2020-06-05 17:14:46 - [MESSAGE][PASSED] - Browser is opened with url: ''

2020-06-05 17:14:46 - [TEST_STEP][PASSED] - navigateToUrl("http://localhost:8065/"): Navigate to 'http://localhost:8065/' successfully

2020-06-05 17:14:47 - [MESSAGE][PASSED] - Navigate to 'http://localhost:8065/' successfully

2020-06-05 17:14:47 - [TEST_STEP][PASSED] - setText(findTestObject("Page_Mattermost/input_All team communication in one place s_703ef5"), "sysadmin"): Text 'sysadmin' is set on object 'Object Repository/Page_Mattermost/input_All team communication in one place s_703ef5'

2020-06-05 17:14:48 - [MESSAGE][PASSED] - Text 'sysadmin' is set on object 'Object Repository/Page_Mattermost/input_All team communication in one place s_703ef5'

2020-06-05 17:14:48 - [TEST_STEP][PASSED] - setEncryptedText(findTestObject("Page_Mattermost/input_All team communication in one place s_2f2733"), "2SwE/drL9BoSDSAWnt1s8EiQe9rbSfQc"): Text ****** has been set on object 'Object Repository/Page_Mattermost/input_All team communication in one place s_2f2733'

2020-06-05 17:14:49 - [MESSAGE][PASSED] - Text ****** has been set on object 'Object Repository/Page_Mattermost/input_All team communication in one place s_2f2733'

2020-06-05 17:14:49 - [TEST_STEP][PASSED] - click(findTestObject("Page_Mattermost/button_Sign in")): Object: 'Object Repository/Page_Mattermost/button_Sign in' is clicked on

2020-06-05 17:14:50 - [MESSAGE][PASSED] - Object: 'Object Repository/Page_Mattermost/button_Sign in' is clicked on

2020-06-05 17:14:50 - [TEST_STEP][PASSED] - click(findTestObject("Object Repository/Page_ Town Square - eligendi Mattermost/div_")): Object: 'Object Repository/Page_ Town Square - eligendi Mattermost/div_' is clicked on

2020-06-05 17:14:53 - [MESSAGE][PASSED] - Object: 'Object Repository/Page_ Town Square - eligendi Mattermost/div_' is clicked on

2020-06-05 17:14:53 - [TEST_STEP][PASSED] - setText(findTestObject("Object Repository/Page_ Town Square - eligendi Mattermost/input_Team Name_teamNameInput"), "test new team"): Text 'test new team' is set on object 'Object Repository/Page_ Town Square - eligendi Mattermost/input_Team Name_teamNameInput'

2020-06-05 17:14:53 - [MESSAGE][PASSED] - Text 'test new team' is set on object 'Object Repository/Page_ Town Square - eligendi Mattermost/input_Team Name_teamNameInput'

2020-06-05 17:14:53 - [TEST_STEP][PASSED] - click(findTestObject("Object Repository/Page_ Town Square - eligendi Mattermost/button_Next")): Object: 'Object Repository/Page_ Town Square - eligendi Mattermost/button_Next' is clicked on

2020-06-05 17:14:54 - [MESSAGE][PASSED] - Object: 'Object Repository/Page_ Town Square - eligendi Mattermost/button_Next' is clicked on

2020-06-05 17:14:54 - [TEST_STEP][PASSED] - click(findTestObject("Object Repository/Page_ Town Square - eligendi Mattermost/button_Finish")): Object: 'Object Repository/Page_ Town Square - eligendi Mattermost/button_Finish' is clicked on

2020-06-05 17:14:54 - [MESSAGE][PASSED] - Object: 'Object Repository/Page_ Town Square - eligendi Mattermost/button_Finish' is clicked on

2020-06-05 17:14:54 - [TEST_STEP][PASSED] - closeBrowser(): Browser is closed

2020-06-05 17:14:54 - [MESSAGE][PASSED] - Browser is closed]]></system-out>
         <system-err><![CDATA[]]></system-err>
      </testcase>
      <testcase name="Test Cases/add channel to favorite" time="14.278" classname="Test Cases/add channel to favorite" status="PASSED">
         <system-out><![CDATA[2020-06-05 17:14:54 - [TEST_CASE][PASSED] - Test Cases/add channel to favorite: Test Cases/add channel to favorite

2020-06-05 17:14:55 - [TEST_STEP][PASSED] - openBrowser(""): Browser is opened with url: ''

2020-06-05 17:14:55 - [MESSAGE][INFO] - Starting 'Chrome' driver

2020-06-05 17:14:55 - [MESSAGE][INFO] - Action delay is set to 0 milliseconds

2020-06-05 17:14:56 - [MESSAGE][PASSED] - Browser is opened with url: ''

2020-06-05 17:14:56 - [TEST_STEP][PASSED] - navigateToUrl("http://localhost:8065/"): Navigate to 'http://localhost:8065/' successfully

2020-06-05 17:14:58 - [MESSAGE][PASSED] - Navigate to 'http://localhost:8065/' successfully

2020-06-05 17:14:58 - [TEST_STEP][PASSED] - setText(findTestObject("Page_Mattermost/input_All team communication in one place s_703ef5"), "sysadmin"): Text 'sysadmin' is set on object 'Object Repository/Page_Mattermost/input_All team communication in one place s_703ef5'

2020-06-05 17:14:59 - [MESSAGE][PASSED] - Text 'sysadmin' is set on object 'Object Repository/Page_Mattermost/input_All team communication in one place s_703ef5'

2020-06-05 17:14:59 - [TEST_STEP][PASSED] - setEncryptedText(findTestObject("Page_Mattermost/input_All team communication in one place s_2f2733"), "2SwE/drL9BoSDSAWnt1s8EiQe9rbSfQc"): Text ****** has been set on object 'Object Repository/Page_Mattermost/input_All team communication in one place s_2f2733'

2020-06-05 17:15:00 - [MESSAGE][PASSED] - Text ****** has been set on object 'Object Repository/Page_Mattermost/input_All team communication in one place s_2f2733'

2020-06-05 17:15:00 - [TEST_STEP][PASSED] - click(findTestObject("Page_Mattermost/span_Sign in")): Object: 'Object Repository/Page_Mattermost/span_Sign in' is clicked on

2020-06-05 17:15:00 - [MESSAGE][PASSED] - Object: 'Object Repository/Page_Mattermost/span_Sign in' is clicked on

2020-06-05 17:15:00 - [TEST_STEP][PASSED] - click(findTestObject("Object Repository/Page_ Town Square remane - eligendi Mattermost/span_sint")): Object: 'Object Repository/Page_ Town Square remane - eligendi Mattermost/span_sint' is clicked on

2020-06-05 17:15:03 - [MESSAGE][PASSED] - Object: 'Object Repository/Page_ Town Square remane - eligendi Mattermost/span_sint' is clicked on

2020-06-05 17:15:03 - [TEST_STEP][PASSED] - click(findTestObject("Object Repository/Page_ sint - eligendi Mattermost/i_Drop a file to upload it_icon fa fa-star-o")): Object: 'Object Repository/Page_ sint - eligendi Mattermost/i_Drop a file to upload it_icon fa fa-star-o' is clicked on

2020-06-05 17:15:05 - [MESSAGE][PASSED] - Object: 'Object Repository/Page_ sint - eligendi Mattermost/i_Drop a file to upload it_icon fa fa-star-o' is clicked on

2020-06-05 17:15:05 - [TEST_STEP][PASSED] - click(findTestObject("Object Repository/Page_ sint - eligendi Mattermost/span_Town Square remane")): Object: 'Object Repository/Page_ sint - eligendi Mattermost/span_Town Square remane' is clicked on

2020-06-05 17:15:06 - [MESSAGE][PASSED] - Object: 'Object Repository/Page_ sint - eligendi Mattermost/span_Town Square remane' is clicked on

2020-06-05 17:15:06 - [TEST_STEP][PASSED] - click(findTestObject("Object Repository/Page_ Town Square remane - eligendi Mattermost/span_sint")): Object: 'Object Repository/Page_ Town Square remane - eligendi Mattermost/span_sint' is clicked on

2020-06-05 17:15:07 - [MESSAGE][PASSED] - Object: 'Object Repository/Page_ Town Square remane - eligendi Mattermost/span_sint' is clicked on

2020-06-05 17:15:07 - [TEST_STEP][PASSED] - setText(findTestObject("Object Repository/Page_ sint - eligendi Mattermost/textarea_Write to sint_post_textbox"), "."): Text '.' is set on object 'Object Repository/Page_ sint - eligendi Mattermost/textarea_Write to sint_post_textbox'

2020-06-05 17:15:08 - [MESSAGE][PASSED] - Text '.' is set on object 'Object Repository/Page_ sint - eligendi Mattermost/textarea_Write to sint_post_textbox'

2020-06-05 17:15:08 - [TEST_STEP][PASSED] - closeBrowser(): Browser is closed

2020-06-05 17:15:09 - [MESSAGE][PASSED] - Browser is closed]]></system-out>
         <system-err><![CDATA[]]></system-err>
      </testcase>
      <testcase name="Test Cases/edit message" time="23.0" classname="Test Cases/edit message" status="FAILED">
         <failure type="FAILED" message="Test Cases/edit message FAILED.
Reason:
com.kms.katalon.core.exception.StepFailedException: Unable to click on object 'Object Repository/Page_ Town Square remane - eligendi Mattermost/span_sysadmin_icon icon--small'
	at com.kms.katalon.core.webui.keyword.internal.WebUIKeywordMain.stepFailed(WebUIKeywordMain.groovy:64)
	at com.kms.katalon.core.webui.keyword.internal.WebUIKeywordMain.runKeyword(WebUIKeywordMain.groovy:26)
	at com.kms.katalon.core.webui.keyword.builtin.ClickKeyword.click(ClickKeyword.groovy:76)
	at com.kms.katalon.core.webui.keyword.builtin.ClickKeyword.execute(ClickKeyword.groovy:43)
	at com.kms.katalon.core.keyword.internal.KeywordExecutor.executeKeywordForPlatform(KeywordExecutor.groovy:72)
	at com.kms.katalon.core.webui.keyword.WebUiBuiltInKeywords.click(WebUiBuiltInKeywords.groovy:616)
	at com.kms.katalon.core.webui.keyword.WebUiBuiltInKeywords$click$1.call(Unknown Source)
	at edit message.run(edit message:29)
	at com.kms.katalon.core.main.ScriptEngine.run(ScriptEngine.java:194)
	at com.kms.katalon.core.main.ScriptEngine.runScriptAsRawText(ScriptEngine.java:119)
	at com.kms.katalon.core.main.TestCaseExecutor.runScript(TestCaseExecutor.java:337)
	at com.kms.katalon.core.main.TestCaseExecutor.doExecute(TestCaseExecutor.java:328)
	at com.kms.katalon.core.main.TestCaseExecutor.processExecutionPhase(TestCaseExecutor.java:307)
	at com.kms.katalon.core.main.TestCaseExecutor.accessMainPhase(TestCaseExecutor.java:299)
	at com.kms.katalon.core.main.TestCaseExecutor.execute(TestCaseExecutor.java:233)
	at com.kms.katalon.core.main.TestSuiteExecutor.accessTestCaseMainPhase(TestSuiteExecutor.java:169)
	at com.kms.katalon.core.main.TestSuiteExecutor.accessTestSuiteMainPhase(TestSuiteExecutor.java:142)
	at com.kms.katalon.core.main.TestSuiteExecutor.execute(TestSuiteExecutor.java:91)
	at com.kms.katalon.core.main.TestCaseMain.startTestSuite(TestCaseMain.java:157)
	at com.kms.katalon.core.main.TestCaseMain$startTestSuite$0.call(Unknown Source)
	at TempTestSuite1591351978611.run(TempTestSuite1591351978611.groovy:37)
Caused by: org.openqa.selenium.NoSuchWindowException: no such window: window was already closed
  (Session info: chrome=83.0.4103.61)
Build info: version: '3.141.59', revision: 'e82be7d358', time: '2018-11-14T08:25:53'
System info: host: 'Tuyens-MacBook-Pro.local', ip: '2402:800:6384:604d:188c:1a0c:604b:3abc%en0', os.name: 'Mac OS X', os.arch: 'x86_64', os.version: '10.15.5', java.version: '1.8.0_181'
Driver info: com.kms.katalon.selenium.driver.CChromeDriver
Capabilities {acceptInsecureCerts: false, browserName: chrome, browserVersion: 83.0.4103.61, chrome: {chromedriverVersion: 83.0.4103.39 (ccbf011cb2d2b..., userDataDir: /var/folders/4p/d6s1q92j7cx...}, goog:chromeOptions: {debuggerAddress: localhost:63328}, javascriptEnabled: true, networkConnectionEnabled: false, pageLoadStrategy: normal, platform: MAC, platformName: MAC, proxy: Proxy(), setWindowRect: true, strictFileInteractability: false, timeouts: {implicit: 0, pageLoad: 300000, script: 30000}, unhandledPromptBehavior: dismiss and notify, webauthn:virtualAuthenticators: true}
Session ID: 0c33f22c36972d289531f9f0bc338f83
*** Element info: {Using=xpath, value=//button[@id='CENTER_button_baxjegnar3fzi8j8a3ugqzn68e']/span}
	at org.openqa.selenium.remote.http.W3CHttpResponseCodec.createException(W3CHttpResponseCodec.java:187)
	at org.openqa.selenium.remote.http.W3CHttpResponseCodec.decode(W3CHttpResponseCodec.java:122)
	at org.openqa.selenium.remote.http.W3CHttpResponseCodec.decode(W3CHttpResponseCodec.java:49)
	at org.openqa.selenium.remote.HttpCommandExecutor.execute(HttpCommandExecutor.java:158)
	at org.openqa.selenium.remote.service.DriverCommandExecutor.execute(DriverCommandExecutor.java:83)
	at org.openqa.selenium.remote.RemoteWebDriver.execute(RemoteWebDriver.java:552)
	at com.kms.katalon.selenium.driver.CChromeDriver.execute(CChromeDriver.java:19)
	at org.openqa.selenium.remote.RemoteWebDriver.findElements(RemoteWebDriver.java:353)
	at org.openqa.selenium.remote.RemoteWebDriver.findElementsByXPath(RemoteWebDriver.java:432)
	at org.openqa.selenium.By$ByXPath.findElements(By.java:348)
	at org.openqa.selenium.remote.RemoteWebDriver.findElements(RemoteWebDriver.java:311)
	at org.openqa.selenium.support.events.EventFiringWebDriver.lambda$new$1(EventFiringWebDriver.java:105)
	at com.sun.proxy.$Proxy8.findElements(Unknown Source)
	at org.openqa.selenium.support.events.EventFiringWebDriver.findElements(EventFiringWebDriver.java:182)
	at com.kms.katalon.core.webui.common.WebUiCommonHelper.findWebElements(WebUiCommonHelper.java:789)
	at com.kms.katalon.core.webui.common.WebUiCommonHelper.findWebElement(WebUiCommonHelper.java:1150)
	at com.kms.katalon.core.webui.keyword.internal.WebUIAbstractKeyword.findWebElement(WebUIAbstractKeyword.groovy:27)
	at com.kms.katalon.core.webui.keyword.internal.WebUIAbstractKeyword.findWebElement(WebUIAbstractKeyword.groovy:26)
	at com.kms.katalon.core.webui.keyword.builtin.ClickKeyword$_click_closure1.doCall(ClickKeyword.groovy:67)
	at com.kms.katalon.core.webui.keyword.builtin.ClickKeyword$_click_closure1.call(ClickKeyword.groovy)
	at com.kms.katalon.core.webui.keyword.internal.WebUIKeywordMain.runKeyword(WebUIKeywordMain.groovy:20)
	... 19 more
"/>
         <system-out><![CDATA[2020-06-05 17:15:09 - [TEST_CASE][FAILED] - Test Cases/edit message: Test Cases/edit message FAILED.
Reason:
com.kms.katalon.core.exception.StepFailedException: Unable to click on object 'Object Repository/Page_ Town Square remane - eligendi Mattermost/span_sysadmin_icon icon--small'
	at com.kms.katalon.core.webui.keyword.internal.WebUIKeywordMain.stepFailed(WebUIKeywordMain.groovy:64)
	at com.kms.katalon.core.webui.keyword.internal.WebUIKeywordMain.runKeyword(WebUIKeywordMain.groovy:26)
	at com.kms.katalon.core.webui.keyword.builtin.ClickKeyword.click(ClickKeyword.groovy:76)
	at com.kms.katalon.core.webui.keyword.builtin.ClickKeyword.execute(ClickKeyword.groovy:43)
	at com.kms.katalon.core.keyword.internal.KeywordExecutor.executeKeywordForPlatform(KeywordExecutor.groovy:72)
	at com.kms.katalon.core.webui.keyword.WebUiBuiltInKeywords.click(WebUiBuiltInKeywords.groovy:616)
	at com.kms.katalon.core.webui.keyword.WebUiBuiltInKeywords$click$1.call(Unknown Source)
	at edit message.run(edit message:29)
	at com.kms.katalon.core.main.ScriptEngine.run(ScriptEngine.java:194)
	at com.kms.katalon.core.main.ScriptEngine.runScriptAsRawText(ScriptEngine.java:119)
	at com.kms.katalon.core.main.TestCaseExecutor.runScript(TestCaseExecutor.java:337)
	at com.kms.katalon.core.main.TestCaseExecutor.doExecute(TestCaseExecutor.java:328)
	at com.kms.katalon.core.main.TestCaseExecutor.processExecutionPhase(TestCaseExecutor.java:307)
	at com.kms.katalon.core.main.TestCaseExecutor.accessMainPhase(TestCaseExecutor.java:299)
	at com.kms.katalon.core.main.TestCaseExecutor.execute(TestCaseExecutor.java:233)
	at com.kms.katalon.core.main.TestSuiteExecutor.accessTestCaseMainPhase(TestSuiteExecutor.java:169)
	at com.kms.katalon.core.main.TestSuiteExecutor.accessTestSuiteMainPhase(TestSuiteExecutor.java:142)
	at com.kms.katalon.core.main.TestSuiteExecutor.execute(TestSuiteExecutor.java:91)
	at com.kms.katalon.core.main.TestCaseMain.startTestSuite(TestCaseMain.java:157)
	at com.kms.katalon.core.main.TestCaseMain$startTestSuite$0.call(Unknown Source)
	at TempTestSuite1591351978611.run(TempTestSuite1591351978611.groovy:37)
Caused by: org.openqa.selenium.NoSuchWindowException: no such window: window was already closed
  (Session info: chrome=83.0.4103.61)
Build info: version: '3.141.59', revision: 'e82be7d358', time: '2018-11-14T08:25:53'
System info: host: 'Tuyens-MacBook-Pro.local', ip: '2402:800:6384:604d:188c:1a0c:604b:3abc%en0', os.name: 'Mac OS X', os.arch: 'x86_64', os.version: '10.15.5', java.version: '1.8.0_181'
Driver info: com.kms.katalon.selenium.driver.CChromeDriver
Capabilities {acceptInsecureCerts: false, browserName: chrome, browserVersion: 83.0.4103.61, chrome: {chromedriverVersion: 83.0.4103.39 (ccbf011cb2d2b..., userDataDir: /var/folders/4p/d6s1q92j7cx...}, goog:chromeOptions: {debuggerAddress: localhost:63328}, javascriptEnabled: true, networkConnectionEnabled: false, pageLoadStrategy: normal, platform: MAC, platformName: MAC, proxy: Proxy(), setWindowRect: true, strictFileInteractability: false, timeouts: {implicit: 0, pageLoad: 300000, script: 30000}, unhandledPromptBehavior: dismiss and notify, webauthn:virtualAuthenticators: true}
Session ID: 0c33f22c36972d289531f9f0bc338f83
*** Element info: {Using=xpath, value=//button[@id='CENTER_button_baxjegnar3fzi8j8a3ugqzn68e']/span}
	at org.openqa.selenium.remote.http.W3CHttpResponseCodec.createException(W3CHttpResponseCodec.java:187)
	at org.openqa.selenium.remote.http.W3CHttpResponseCodec.decode(W3CHttpResponseCodec.java:122)
	at org.openqa.selenium.remote.http.W3CHttpResponseCodec.decode(W3CHttpResponseCodec.java:49)
	at org.openqa.selenium.remote.HttpCommandExecutor.execute(HttpCommandExecutor.java:158)
	at org.openqa.selenium.remote.service.DriverCommandExecutor.execute(DriverCommandExecutor.java:83)
	at org.openqa.selenium.remote.RemoteWebDriver.execute(RemoteWebDriver.java:552)
	at com.kms.katalon.selenium.driver.CChromeDriver.execute(CChromeDriver.java:19)
	at org.openqa.selenium.remote.RemoteWebDriver.findElements(RemoteWebDriver.java:353)
	at org.openqa.selenium.remote.RemoteWebDriver.findElementsByXPath(RemoteWebDriver.java:432)
	at org.openqa.selenium.By$ByXPath.findElements(By.java:348)
	at org.openqa.selenium.remote.RemoteWebDriver.findElements(RemoteWebDriver.java:311)
	at org.openqa.selenium.support.events.EventFiringWebDriver.lambda$new$1(EventFiringWebDriver.java:105)
	at com.sun.proxy.$Proxy8.findElements(Unknown Source)
	at org.openqa.selenium.support.events.EventFiringWebDriver.findElements(EventFiringWebDriver.java:182)
	at com.kms.katalon.core.webui.common.WebUiCommonHelper.findWebElements(WebUiCommonHelper.java:789)
	at com.kms.katalon.core.webui.common.WebUiCommonHelper.findWebElement(WebUiCommonHelper.java:1150)
	at com.kms.katalon.core.webui.keyword.internal.WebUIAbstractKeyword.findWebElement(WebUIAbstractKeyword.groovy:27)
	at com.kms.katalon.core.webui.keyword.internal.WebUIAbstractKeyword.findWebElement(WebUIAbstractKeyword.groovy:26)
	at com.kms.katalon.core.webui.keyword.builtin.ClickKeyword$_click_closure1.doCall(ClickKeyword.groovy:67)
	at com.kms.katalon.core.webui.keyword.builtin.ClickKeyword$_click_closure1.call(ClickKeyword.groovy)
	at com.kms.katalon.core.webui.keyword.internal.WebUIKeywordMain.runKeyword(WebUIKeywordMain.groovy:20)
	... 19 more


2020-06-05 17:15:09 - [TEST_STEP][PASSED] - openBrowser(""): Browser is opened with url: ''

2020-06-05 17:15:09 - [MESSAGE][INFO] - Starting 'Chrome' driver

2020-06-05 17:15:09 - [MESSAGE][INFO] - Action delay is set to 0 milliseconds

2020-06-05 17:15:10 - [MESSAGE][PASSED] - Browser is opened with url: ''

2020-06-05 17:15:10 - [TEST_STEP][PASSED] - navigateToUrl("http://localhost:8065/"): Navigate to 'http://localhost:8065/' successfully

2020-06-05 17:15:11 - [MESSAGE][PASSED] - Navigate to 'http://localhost:8065/' successfully

2020-06-05 17:15:11 - [TEST_STEP][PASSED] - setText(findTestObject("Page_Mattermost/input_All team communication in one place s_703ef5"), "sysadmin"): Text 'sysadmin' is set on object 'Object Repository/Page_Mattermost/input_All team communication in one place s_703ef5'

2020-06-05 17:15:13 - [MESSAGE][PASSED] - Text 'sysadmin' is set on object 'Object Repository/Page_Mattermost/input_All team communication in one place s_703ef5'

2020-06-05 17:15:13 - [TEST_STEP][PASSED] - setEncryptedText(findTestObject("Page_Mattermost/input_All team communication in one place s_2f2733"), "2SwE/drL9BoSDSAWnt1s8EiQe9rbSfQc"): Text ****** has been set on object 'Object Repository/Page_Mattermost/input_All team communication in one place s_2f2733'

2020-06-05 17:15:14 - [MESSAGE][PASSED] - Text ****** has been set on object 'Object Repository/Page_Mattermost/input_All team communication in one place s_2f2733'

2020-06-05 17:15:14 - [TEST_STEP][PASSED] - click(findTestObject("Page_Mattermost/button_Sign in")): Object: 'Object Repository/Page_Mattermost/button_Sign in' is clicked on

2020-06-05 17:15:14 - [MESSAGE][PASSED] - Object: 'Object Repository/Page_Mattermost/button_Sign in' is clicked on

2020-06-05 17:15:14 - [TEST_STEP][FAILED] - click(findTestObject("Object Repository/Page_ Town Square remane - eligendi Mattermost/span_sysadmin_icon icon--small")): Unable to click on object 'Object Repository/Page_ Town Square remane - eligendi Mattermost/span_sysadmin_icon icon--small' (Root cause: com.kms.katalon.core.exception.StepFailedException: Unable to click on object 'Object Repository/Page_ Town Square remane - eligendi Mattermost/span_sysadmin_icon icon--small'
	at com.kms.katalon.core.webui.keyword.internal.WebUIKeywordMain.stepFailed(WebUIKeywordMain.groovy:64)
	at com.kms.katalon.core.webui.keyword.internal.WebUIKeywordMain.runKeyword(WebUIKeywordMain.groovy:26)
	at com.kms.katalon.core.webui.keyword.builtin.ClickKeyword.click(ClickKeyword.groovy:76)
	at com.kms.katalon.core.webui.keyword.builtin.ClickKeyword.execute(ClickKeyword.groovy:43)
	at com.kms.katalon.core.keyword.internal.KeywordExecutor.executeKeywordForPlatform(KeywordExecutor.groovy:72)
	at com.kms.katalon.core.webui.keyword.WebUiBuiltInKeywords.click(WebUiBuiltInKeywords.groovy:616)
	at com.kms.katalon.core.webui.keyword.WebUiBuiltInKeywords$click$1.call(Unknown Source)
	at edit message.run(edit message:29)
	at com.kms.katalon.core.main.ScriptEngine.run(ScriptEngine.java:194)
	at com.kms.katalon.core.main.ScriptEngine.runScriptAsRawText(ScriptEngine.java:119)
	at com.kms.katalon.core.main.TestCaseExecutor.runScript(TestCaseExecutor.java:337)
	at com.kms.katalon.core.main.TestCaseExecutor.doExecute(TestCaseExecutor.java:328)
	at com.kms.katalon.core.main.TestCaseExecutor.processExecutionPhase(TestCaseExecutor.java:307)
	at com.kms.katalon.core.main.TestCaseExecutor.accessMainPhase(TestCaseExecutor.java:299)
	at com.kms.katalon.core.main.TestCaseExecutor.execute(TestCaseExecutor.java:233)
	at com.kms.katalon.core.main.TestSuiteExecutor.accessTestCaseMainPhase(TestSuiteExecutor.java:169)
	at com.kms.katalon.core.main.TestSuiteExecutor.accessTestSuiteMainPhase(TestSuiteExecutor.java:142)
	at com.kms.katalon.core.main.TestSuiteExecutor.execute(TestSuiteExecutor.java:91)
	at com.kms.katalon.core.main.TestCaseMain.startTestSuite(TestCaseMain.java:157)
	at com.kms.katalon.core.main.TestCaseMain$startTestSuite$0.call(Unknown Source)
	at TempTestSuite1591351978611.run(TempTestSuite1591351978611.groovy:37)
Caused by: org.openqa.selenium.NoSuchWindowException: no such window: window was already closed
  (Session info: chrome=83.0.4103.61)
Build info: version: '3.141.59', revision: 'e82be7d358', time: '2018-11-14T08:25:53'
System info: host: 'Tuyens-MacBook-Pro.local', ip: '2402:800:6384:604d:188c:1a0c:604b:3abc%en0', os.name: 'Mac OS X', os.arch: 'x86_64', os.version: '10.15.5', java.version: '1.8.0_181'
Driver info: com.kms.katalon.selenium.driver.CChromeDriver
Capabilities {acceptInsecureCerts: false, browserName: chrome, browserVersion: 83.0.4103.61, chrome: {chromedriverVersion: 83.0.4103.39 (ccbf011cb2d2b..., userDataDir: /var/folders/4p/d6s1q92j7cx...}, goog:chromeOptions: {debuggerAddress: localhost:63328}, javascriptEnabled: true, networkConnectionEnabled: false, pageLoadStrategy: normal, platform: MAC, platformName: MAC, proxy: Proxy(), setWindowRect: true, strictFileInteractability: false, timeouts: {implicit: 0, pageLoad: 300000, script: 30000}, unhandledPromptBehavior: dismiss and notify, webauthn:virtualAuthenticators: true}
Session ID: 0c33f22c36972d289531f9f0bc338f83
*** Element info: {Using=xpath, value=//button[@id='CENTER_button_baxjegnar3fzi8j8a3ugqzn68e']/span}
	at org.openqa.selenium.remote.http.W3CHttpResponseCodec.createException(W3CHttpResponseCodec.java:187)
	at org.openqa.selenium.remote.http.W3CHttpResponseCodec.decode(W3CHttpResponseCodec.java:122)
	at org.openqa.selenium.remote.http.W3CHttpResponseCodec.decode(W3CHttpResponseCodec.java:49)
	at org.openqa.selenium.remote.HttpCommandExecutor.execute(HttpCommandExecutor.java:158)
	at org.openqa.selenium.remote.service.DriverCommandExecutor.execute(DriverCommandExecutor.java:83)
	at org.openqa.selenium.remote.RemoteWebDriver.execute(RemoteWebDriver.java:552)
	at com.kms.katalon.selenium.driver.CChromeDriver.execute(CChromeDriver.java:19)
	at org.openqa.selenium.remote.RemoteWebDriver.findElements(RemoteWebDriver.java:353)
	at org.openqa.selenium.remote.RemoteWebDriver.findElementsByXPath(RemoteWebDriver.java:432)
	at org.openqa.selenium.By$ByXPath.findElements(By.java:348)
	at org.openqa.selenium.remote.RemoteWebDriver.findElements(RemoteWebDriver.java:311)
	at org.openqa.selenium.support.events.EventFiringWebDriver.lambda$new$1(EventFiringWebDriver.java:105)
	at com.sun.proxy.$Proxy8.findElements(Unknown Source)
	at org.openqa.selenium.support.events.EventFiringWebDriver.findElements(EventFiringWebDriver.java:182)
	at com.kms.katalon.core.webui.common.WebUiCommonHelper.findWebElements(WebUiCommonHelper.java:789)
	at com.kms.katalon.core.webui.common.WebUiCommonHelper.findWebElement(WebUiCommonHelper.java:1150)
	at com.kms.katalon.core.webui.keyword.internal.WebUIAbstractKeyword.findWebElement(WebUIAbstractKeyword.groovy:27)
	at com.kms.katalon.core.webui.keyword.internal.WebUIAbstractKeyword.findWebElement(WebUIAbstractKeyword.groovy:26)
	at com.kms.katalon.core.webui.keyword.builtin.ClickKeyword$_click_closure1.doCall(ClickKeyword.groovy:67)
	at com.kms.katalon.core.webui.keyword.builtin.ClickKeyword$_click_closure1.call(ClickKeyword.groovy)
	at com.kms.katalon.core.webui.keyword.internal.WebUIKeywordMain.runKeyword(WebUIKeywordMain.groovy:20)
	at com.kms.katalon.core.webui.keyword.builtin.ClickKeyword.click(ClickKeyword.groovy:76)
	at com.kms.katalon.core.webui.keyword.builtin.ClickKeyword.execute(ClickKeyword.groovy:43)
	at com.kms.katalon.core.keyword.internal.KeywordExecutor.executeKeywordForPlatform(KeywordExecutor.groovy:72)
	at com.kms.katalon.core.webui.keyword.WebUiBuiltInKeywords.click(WebUiBuiltInKeywords.groovy:616)
	at com.kms.katalon.core.webui.keyword.WebUiBuiltInKeywords$click$1.call(Unknown Source)
	at Script1591346204579.run(Script1591346204579.groovy:29)
	... 13 more
)

2020-06-05 17:15:32 - [MESSAGE][WARNING] - Cannot take screenshot

2020-06-05 17:15:32 - [MESSAGE][FAILED] - Unable to click on object 'Object Repository/Page_ Town Square remane - eligendi Mattermost/span_sysadmin_icon icon--small' (Root cause: com.kms.katalon.core.exception.StepFailedException: Unable to click on object 'Object Repository/Page_ Town Square remane - eligendi Mattermost/span_sysadmin_icon icon--small'
	at com.kms.katalon.core.webui.keyword.internal.WebUIKeywordMain.stepFailed(WebUIKeywordMain.groovy:64)
	at com.kms.katalon.core.webui.keyword.internal.WebUIKeywordMain.runKeyword(WebUIKeywordMain.groovy:26)
	at com.kms.katalon.core.webui.keyword.builtin.ClickKeyword.click(ClickKeyword.groovy:76)
	at com.kms.katalon.core.webui.keyword.builtin.ClickKeyword.execute(ClickKeyword.groovy:43)
	at com.kms.katalon.core.keyword.internal.KeywordExecutor.executeKeywordForPlatform(KeywordExecutor.groovy:72)
	at com.kms.katalon.core.webui.keyword.WebUiBuiltInKeywords.click(WebUiBuiltInKeywords.groovy:616)
	at com.kms.katalon.core.webui.keyword.WebUiBuiltInKeywords$click$1.call(Unknown Source)
	at edit message.run(edit message:29)
	at com.kms.katalon.core.main.ScriptEngine.run(ScriptEngine.java:194)
	at com.kms.katalon.core.main.ScriptEngine.runScriptAsRawText(ScriptEngine.java:119)
	at com.kms.katalon.core.main.TestCaseExecutor.runScript(TestCaseExecutor.java:337)
	at com.kms.katalon.core.main.TestCaseExecutor.doExecute(TestCaseExecutor.java:328)
	at com.kms.katalon.core.main.TestCaseExecutor.processExecutionPhase(TestCaseExecutor.java:307)
	at com.kms.katalon.core.main.TestCaseExecutor.accessMainPhase(TestCaseExecutor.java:299)
	at com.kms.katalon.core.main.TestCaseExecutor.execute(TestCaseExecutor.java:233)
	at com.kms.katalon.core.main.TestSuiteExecutor.accessTestCaseMainPhase(TestSuiteExecutor.java:169)
	at com.kms.katalon.core.main.TestSuiteExecutor.accessTestSuiteMainPhase(TestSuiteExecutor.java:142)
	at com.kms.katalon.core.main.TestSuiteExecutor.execute(TestSuiteExecutor.java:91)
	at com.kms.katalon.core.main.TestCaseMain.startTestSuite(TestCaseMain.java:157)
	at com.kms.katalon.core.main.TestCaseMain$startTestSuite$0.call(Unknown Source)
	at TempTestSuite1591351978611.run(TempTestSuite1591351978611.groovy:37)
Caused by: org.openqa.selenium.NoSuchWindowException: no such window: window was already closed
  (Session info: chrome=83.0.4103.61)
Build info: version: '3.141.59', revision: 'e82be7d358', time: '2018-11-14T08:25:53'
System info: host: 'Tuyens-MacBook-Pro.local', ip: '2402:800:6384:604d:188c:1a0c:604b:3abc%en0', os.name: 'Mac OS X', os.arch: 'x86_64', os.version: '10.15.5', java.version: '1.8.0_181'
Driver info: com.kms.katalon.selenium.driver.CChromeDriver
Capabilities {acceptInsecureCerts: false, browserName: chrome, browserVersion: 83.0.4103.61, chrome: {chromedriverVersion: 83.0.4103.39 (ccbf011cb2d2b..., userDataDir: /var/folders/4p/d6s1q92j7cx...}, goog:chromeOptions: {debuggerAddress: localhost:63328}, javascriptEnabled: true, networkConnectionEnabled: false, pageLoadStrategy: normal, platform: MAC, platformName: MAC, proxy: Proxy(), setWindowRect: true, strictFileInteractability: false, timeouts: {implicit: 0, pageLoad: 300000, script: 30000}, unhandledPromptBehavior: dismiss and notify, webauthn:virtualAuthenticators: true}
Session ID: 0c33f22c36972d289531f9f0bc338f83
*** Element info: {Using=xpath, value=//button[@id='CENTER_button_baxjegnar3fzi8j8a3ugqzn68e']/span}
	at org.openqa.selenium.remote.http.W3CHttpResponseCodec.createException(W3CHttpResponseCodec.java:187)
	at org.openqa.selenium.remote.http.W3CHttpResponseCodec.decode(W3CHttpResponseCodec.java:122)
	at org.openqa.selenium.remote.http.W3CHttpResponseCodec.decode(W3CHttpResponseCodec.java:49)
	at org.openqa.selenium.remote.HttpCommandExecutor.execute(HttpCommandExecutor.java:158)
	at org.openqa.selenium.remote.service.DriverCommandExecutor.execute(DriverCommandExecutor.java:83)
	at org.openqa.selenium.remote.RemoteWebDriver.execute(RemoteWebDriver.java:552)
	at com.kms.katalon.selenium.driver.CChromeDriver.execute(CChromeDriver.java:19)
	at org.openqa.selenium.remote.RemoteWebDriver.findElements(RemoteWebDriver.java:353)
	at org.openqa.selenium.remote.RemoteWebDriver.findElementsByXPath(RemoteWebDriver.java:432)
	at org.openqa.selenium.By$ByXPath.findElements(By.java:348)
	at org.openqa.selenium.remote.RemoteWebDriver.findElements(RemoteWebDriver.java:311)
	at org.openqa.selenium.support.events.EventFiringWebDriver.lambda$new$1(EventFiringWebDriver.java:105)
	at com.sun.proxy.$Proxy8.findElements(Unknown Source)
	at org.openqa.selenium.support.events.EventFiringWebDriver.findElements(EventFiringWebDriver.java:182)
	at com.kms.katalon.core.webui.common.WebUiCommonHelper.findWebElements(WebUiCommonHelper.java:789)
	at com.kms.katalon.core.webui.common.WebUiCommonHelper.findWebElement(WebUiCommonHelper.java:1150)
	at com.kms.katalon.core.webui.keyword.internal.WebUIAbstractKeyword.findWebElement(WebUIAbstractKeyword.groovy:27)
	at com.kms.katalon.core.webui.keyword.internal.WebUIAbstractKeyword.findWebElement(WebUIAbstractKeyword.groovy:26)
	at com.kms.katalon.core.webui.keyword.builtin.ClickKeyword$_click_closure1.doCall(ClickKeyword.groovy:67)
	at com.kms.katalon.core.webui.keyword.builtin.ClickKeyword$_click_closure1.call(ClickKeyword.groovy)
	at com.kms.katalon.core.webui.keyword.internal.WebUIKeywordMain.runKeyword(WebUIKeywordMain.groovy:20)
	at com.kms.katalon.core.webui.keyword.builtin.ClickKeyword.click(ClickKeyword.groovy:76)
	at com.kms.katalon.core.webui.keyword.builtin.ClickKeyword.execute(ClickKeyword.groovy:43)
	at com.kms.katalon.core.keyword.internal.KeywordExecutor.executeKeywordForPlatform(KeywordExecutor.groovy:72)
	at com.kms.katalon.core.webui.keyword.WebUiBuiltInKeywords.click(WebUiBuiltInKeywords.groovy:616)
	at com.kms.katalon.core.webui.keyword.WebUiBuiltInKeywords$click$1.call(Unknown Source)
	at Script1591346204579.run(Script1591346204579.groovy:29)
	... 13 more
)]]></system-out>
         <system-err><![CDATA[2020-06-05 17:15:09 - [TEST_CASE][FAILED] - Test Cases/edit message: Test Cases/edit message FAILED.
Reason:
com.kms.katalon.core.exception.StepFailedException: Unable to click on object 'Object Repository/Page_ Town Square remane - eligendi Mattermost/span_sysadmin_icon icon--small'
	at com.kms.katalon.core.webui.keyword.internal.WebUIKeywordMain.stepFailed(WebUIKeywordMain.groovy:64)
	at com.kms.katalon.core.webui.keyword.internal.WebUIKeywordMain.runKeyword(WebUIKeywordMain.groovy:26)
	at com.kms.katalon.core.webui.keyword.builtin.ClickKeyword.click(ClickKeyword.groovy:76)
	at com.kms.katalon.core.webui.keyword.builtin.ClickKeyword.execute(ClickKeyword.groovy:43)
	at com.kms.katalon.core.keyword.internal.KeywordExecutor.executeKeywordForPlatform(KeywordExecutor.groovy:72)
	at com.kms.katalon.core.webui.keyword.WebUiBuiltInKeywords.click(WebUiBuiltInKeywords.groovy:616)
	at com.kms.katalon.core.webui.keyword.WebUiBuiltInKeywords$click$1.call(Unknown Source)
	at edit message.run(edit message:29)
	at com.kms.katalon.core.main.ScriptEngine.run(ScriptEngine.java:194)
	at com.kms.katalon.core.main.ScriptEngine.runScriptAsRawText(ScriptEngine.java:119)
	at com.kms.katalon.core.main.TestCaseExecutor.runScript(TestCaseExecutor.java:337)
	at com.kms.katalon.core.main.TestCaseExecutor.doExecute(TestCaseExecutor.java:328)
	at com.kms.katalon.core.main.TestCaseExecutor.processExecutionPhase(TestCaseExecutor.java:307)
	at com.kms.katalon.core.main.TestCaseExecutor.accessMainPhase(TestCaseExecutor.java:299)
	at com.kms.katalon.core.main.TestCaseExecutor.execute(TestCaseExecutor.java:233)
	at com.kms.katalon.core.main.TestSuiteExecutor.accessTestCaseMainPhase(TestSuiteExecutor.java:169)
	at com.kms.katalon.core.main.TestSuiteExecutor.accessTestSuiteMainPhase(TestSuiteExecutor.java:142)
	at com.kms.katalon.core.main.TestSuiteExecutor.execute(TestSuiteExecutor.java:91)
	at com.kms.katalon.core.main.TestCaseMain.startTestSuite(TestCaseMain.java:157)
	at com.kms.katalon.core.main.TestCaseMain$startTestSuite$0.call(Unknown Source)
	at TempTestSuite1591351978611.run(TempTestSuite1591351978611.groovy:37)
Caused by: org.openqa.selenium.NoSuchWindowException: no such window: window was already closed
  (Session info: chrome=83.0.4103.61)
Build info: version: '3.141.59', revision: 'e82be7d358', time: '2018-11-14T08:25:53'
System info: host: 'Tuyens-MacBook-Pro.local', ip: '2402:800:6384:604d:188c:1a0c:604b:3abc%en0', os.name: 'Mac OS X', os.arch: 'x86_64', os.version: '10.15.5', java.version: '1.8.0_181'
Driver info: com.kms.katalon.selenium.driver.CChromeDriver
Capabilities {acceptInsecureCerts: false, browserName: chrome, browserVersion: 83.0.4103.61, chrome: {chromedriverVersion: 83.0.4103.39 (ccbf011cb2d2b..., userDataDir: /var/folders/4p/d6s1q92j7cx...}, goog:chromeOptions: {debuggerAddress: localhost:63328}, javascriptEnabled: true, networkConnectionEnabled: false, pageLoadStrategy: normal, platform: MAC, platformName: MAC, proxy: Proxy(), setWindowRect: true, strictFileInteractability: false, timeouts: {implicit: 0, pageLoad: 300000, script: 30000}, unhandledPromptBehavior: dismiss and notify, webauthn:virtualAuthenticators: true}
Session ID: 0c33f22c36972d289531f9f0bc338f83
*** Element info: {Using=xpath, value=//button[@id='CENTER_button_baxjegnar3fzi8j8a3ugqzn68e']/span}
	at org.openqa.selenium.remote.http.W3CHttpResponseCodec.createException(W3CHttpResponseCodec.java:187)
	at org.openqa.selenium.remote.http.W3CHttpResponseCodec.decode(W3CHttpResponseCodec.java:122)
	at org.openqa.selenium.remote.http.W3CHttpResponseCodec.decode(W3CHttpResponseCodec.java:49)
	at org.openqa.selenium.remote.HttpCommandExecutor.execute(HttpCommandExecutor.java:158)
	at org.openqa.selenium.remote.service.DriverCommandExecutor.execute(DriverCommandExecutor.java:83)
	at org.openqa.selenium.remote.RemoteWebDriver.execute(RemoteWebDriver.java:552)
	at com.kms.katalon.selenium.driver.CChromeDriver.execute(CChromeDriver.java:19)
	at org.openqa.selenium.remote.RemoteWebDriver.findElements(RemoteWebDriver.java:353)
	at org.openqa.selenium.remote.RemoteWebDriver.findElementsByXPath(RemoteWebDriver.java:432)
	at org.openqa.selenium.By$ByXPath.findElements(By.java:348)
	at org.openqa.selenium.remote.RemoteWebDriver.findElements(RemoteWebDriver.java:311)
	at org.openqa.selenium.support.events.EventFiringWebDriver.lambda$new$1(EventFiringWebDriver.java:105)
	at com.sun.proxy.$Proxy8.findElements(Unknown Source)
	at org.openqa.selenium.support.events.EventFiringWebDriver.findElements(EventFiringWebDriver.java:182)
	at com.kms.katalon.core.webui.common.WebUiCommonHelper.findWebElements(WebUiCommonHelper.java:789)
	at com.kms.katalon.core.webui.common.WebUiCommonHelper.findWebElement(WebUiCommonHelper.java:1150)
	at com.kms.katalon.core.webui.keyword.internal.WebUIAbstractKeyword.findWebElement(WebUIAbstractKeyword.groovy:27)
	at com.kms.katalon.core.webui.keyword.internal.WebUIAbstractKeyword.findWebElement(WebUIAbstractKeyword.groovy:26)
	at com.kms.katalon.core.webui.keyword.builtin.ClickKeyword$_click_closure1.doCall(ClickKeyword.groovy:67)
	at com.kms.katalon.core.webui.keyword.builtin.ClickKeyword$_click_closure1.call(ClickKeyword.groovy)
	at com.kms.katalon.core.webui.keyword.internal.WebUIKeywordMain.runKeyword(WebUIKeywordMain.groovy:20)
	... 19 more]]></system-err>
      </testcase>
      <testcase name="Test Cases/user log out" time="9.309" classname="Test Cases/user log out" status="PASSED">
         <system-out><![CDATA[2020-06-05 17:15:32 - [TEST_CASE][PASSED] - Test Cases/user log out: Test Cases/user log out

2020-06-05 17:15:32 - [TEST_STEP][PASSED] - openBrowser(""): Browser is opened with url: ''

2020-06-05 17:15:32 - [MESSAGE][WARNING] - A browser is already opened. Closing browser and opening a new one

2020-06-05 17:15:32 - [MESSAGE][INFO] - Starting 'Chrome' driver

2020-06-05 17:15:32 - [MESSAGE][INFO] - Action delay is set to 0 milliseconds

2020-06-05 17:15:34 - [MESSAGE][PASSED] - Browser is opened with url: ''

2020-06-05 17:15:34 - [TEST_STEP][PASSED] - navigateToUrl("http://localhost:8065/"): Navigate to 'http://localhost:8065/' successfully

2020-06-05 17:15:34 - [MESSAGE][PASSED] - Navigate to 'http://localhost:8065/' successfully

2020-06-05 17:15:34 - [TEST_STEP][PASSED] - setText(findTestObject("Page_Mattermost/input_All team communication in one place s_703ef5"), "sysadmin"): Text 'sysadmin' is set on object 'Object Repository/Page_Mattermost/input_All team communication in one place s_703ef5'

2020-06-05 17:15:36 - [MESSAGE][PASSED] - Text 'sysadmin' is set on object 'Object Repository/Page_Mattermost/input_All team communication in one place s_703ef5'

2020-06-05 17:15:36 - [TEST_STEP][PASSED] - setEncryptedText(findTestObject("Page_Mattermost/input_All team communication in one place s_2f2733"), "2SwE/drL9BoSDSAWnt1s8EiQe9rbSfQc"): Text ****** has been set on object 'Object Repository/Page_Mattermost/input_All team communication in one place s_2f2733'

2020-06-05 17:15:36 - [MESSAGE][PASSED] - Text ****** has been set on object 'Object Repository/Page_Mattermost/input_All team communication in one place s_2f2733'

2020-06-05 17:15:36 - [TEST_STEP][PASSED] - click(findTestObject("Page_Mattermost/button_Sign in")): Object: 'Object Repository/Page_Mattermost/button_Sign in' is clicked on

2020-06-05 17:15:37 - [MESSAGE][PASSED] - Object: 'Object Repository/Page_Mattermost/button_Sign in' is clicked on

2020-06-05 17:15:37 - [TEST_STEP][PASSED] - click(findTestObject("Object Repository/Page_ Town Square - eligendi Mattermost/button_sysadmin_style--none sidebar-header-_62345a")): Object: 'Object Repository/Page_ Town Square - eligendi Mattermost/button_sysadmin_style--none sidebar-header-_62345a' is clicked on

2020-06-05 17:15:40 - [MESSAGE][PASSED] - Object: 'Object Repository/Page_ Town Square - eligendi Mattermost/button_sysadmin_style--none sidebar-header-_62345a' is clicked on

2020-06-05 17:15:40 - [TEST_STEP][PASSED] - click(findTestObject("Object Repository/Page_ Town Square - eligendi Mattermost/span_Log Out")): Object: 'Object Repository/Page_ Town Square - eligendi Mattermost/span_Log Out' is clicked on

2020-06-05 17:15:41 - [MESSAGE][PASSED] - Object: 'Object Repository/Page_ Town Square - eligendi Mattermost/span_Log Out' is clicked on

2020-06-05 17:15:41 - [TEST_STEP][PASSED] - closeBrowser(): Browser is closed

2020-06-05 17:15:41 - [MESSAGE][PASSED] - Browser is closed]]></system-out>
         <system-err><![CDATA[]]></system-err>
      </testcase>
      <testcase name="Test Cases/delete my message" time="14.304" classname="Test Cases/delete my message" status="FAILED">
         <failure type="FAILED" message="Test Cases/delete my message FAILED.
Reason:
com.kms.katalon.core.exception.StepFailedException: Unable to click on object 'Object Repository/Page_ Town Square remane - eligendi Mattermost/button_sysadmin_CENTER_button_baxjegnar3fzi_4daf31'
	at com.kms.katalon.core.webui.keyword.internal.WebUIKeywordMain.stepFailed(WebUIKeywordMain.groovy:64)
	at com.kms.katalon.core.webui.keyword.internal.WebUIKeywordMain.runKeyword(WebUIKeywordMain.groovy:26)
	at com.kms.katalon.core.webui.keyword.builtin.ClickKeyword.click(ClickKeyword.groovy:76)
	at com.kms.katalon.core.webui.keyword.builtin.ClickKeyword.execute(ClickKeyword.groovy:43)
	at com.kms.katalon.core.keyword.internal.KeywordExecutor.executeKeywordForPlatform(KeywordExecutor.groovy:72)
	at com.kms.katalon.core.webui.keyword.WebUiBuiltInKeywords.click(WebUiBuiltInKeywords.groovy:616)
	at com.kms.katalon.core.webui.keyword.WebUiBuiltInKeywords$click$1.call(Unknown Source)
	at delete my message.run(delete my message:29)
	at com.kms.katalon.core.main.ScriptEngine.run(ScriptEngine.java:194)
	at com.kms.katalon.core.main.ScriptEngine.runScriptAsRawText(ScriptEngine.java:119)
	at com.kms.katalon.core.main.TestCaseExecutor.runScript(TestCaseExecutor.java:337)
	at com.kms.katalon.core.main.TestCaseExecutor.doExecute(TestCaseExecutor.java:328)
	at com.kms.katalon.core.main.TestCaseExecutor.processExecutionPhase(TestCaseExecutor.java:307)
	at com.kms.katalon.core.main.TestCaseExecutor.accessMainPhase(TestCaseExecutor.java:299)
	at com.kms.katalon.core.main.TestCaseExecutor.execute(TestCaseExecutor.java:233)
	at com.kms.katalon.core.main.TestSuiteExecutor.accessTestCaseMainPhase(TestSuiteExecutor.java:169)
	at com.kms.katalon.core.main.TestSuiteExecutor.accessTestSuiteMainPhase(TestSuiteExecutor.java:142)
	at com.kms.katalon.core.main.TestSuiteExecutor.execute(TestSuiteExecutor.java:91)
	at com.kms.katalon.core.main.TestCaseMain.startTestSuite(TestCaseMain.java:157)
	at com.kms.katalon.core.main.TestCaseMain$startTestSuite$0.call(Unknown Source)
	at TempTestSuite1591351978611.run(TempTestSuite1591351978611.groovy:37)
Caused by: org.openqa.selenium.NoSuchWindowException: no such window: window was already closed
  (Session info: chrome=83.0.4103.61)
Build info: version: '3.141.59', revision: 'e82be7d358', time: '2018-11-14T08:25:53'
System info: host: 'Tuyens-MacBook-Pro.local', ip: '2402:800:6384:604d:188c:1a0c:604b:3abc%en0', os.name: 'Mac OS X', os.arch: 'x86_64', os.version: '10.15.5', java.version: '1.8.0_181'
Driver info: com.kms.katalon.selenium.driver.CChromeDriver
Capabilities {acceptInsecureCerts: false, browserName: chrome, browserVersion: 83.0.4103.61, chrome: {chromedriverVersion: 83.0.4103.39 (ccbf011cb2d2b..., userDataDir: /var/folders/4p/d6s1q92j7cx...}, goog:chromeOptions: {debuggerAddress: localhost:63502}, javascriptEnabled: true, networkConnectionEnabled: false, pageLoadStrategy: normal, platform: MAC, platformName: MAC, proxy: Proxy(), setWindowRect: true, strictFileInteractability: false, timeouts: {implicit: 0, pageLoad: 300000, script: 30000}, unhandledPromptBehavior: dismiss and notify, webauthn:virtualAuthenticators: true}
Session ID: 814aef52b44215f6a7ad34dbe5e26d66
*** Element info: {Using=xpath, value=//button[@id='CENTER_button_baxjegnar3fzi8j8a3ugqzn68e']}
	at org.openqa.selenium.remote.http.W3CHttpResponseCodec.createException(W3CHttpResponseCodec.java:187)
	at org.openqa.selenium.remote.http.W3CHttpResponseCodec.decode(W3CHttpResponseCodec.java:122)
	at org.openqa.selenium.remote.http.W3CHttpResponseCodec.decode(W3CHttpResponseCodec.java:49)
	at org.openqa.selenium.remote.HttpCommandExecutor.execute(HttpCommandExecutor.java:158)
	at org.openqa.selenium.remote.service.DriverCommandExecutor.execute(DriverCommandExecutor.java:83)
	at org.openqa.selenium.remote.RemoteWebDriver.execute(RemoteWebDriver.java:552)
	at com.kms.katalon.selenium.driver.CChromeDriver.execute(CChromeDriver.java:19)
	at org.openqa.selenium.remote.RemoteWebDriver.findElements(RemoteWebDriver.java:353)
	at org.openqa.selenium.remote.RemoteWebDriver.findElementsByXPath(RemoteWebDriver.java:432)
	at org.openqa.selenium.By$ByXPath.findElements(By.java:348)
	at org.openqa.selenium.remote.RemoteWebDriver.findElements(RemoteWebDriver.java:311)
	at org.openqa.selenium.support.events.EventFiringWebDriver.lambda$new$1(EventFiringWebDriver.java:105)
	at com.sun.proxy.$Proxy8.findElements(Unknown Source)
	at org.openqa.selenium.support.events.EventFiringWebDriver.findElements(EventFiringWebDriver.java:182)
	at com.kms.katalon.core.webui.common.WebUiCommonHelper.findWebElements(WebUiCommonHelper.java:789)
	at com.kms.katalon.core.webui.common.WebUiCommonHelper.findWebElement(WebUiCommonHelper.java:1150)
	at com.kms.katalon.core.webui.keyword.internal.WebUIAbstractKeyword.findWebElement(WebUIAbstractKeyword.groovy:27)
	at com.kms.katalon.core.webui.keyword.internal.WebUIAbstractKeyword.findWebElement(WebUIAbstractKeyword.groovy:26)
	at com.kms.katalon.core.webui.keyword.builtin.ClickKeyword$_click_closure1.doCall(ClickKeyword.groovy:67)
	at com.kms.katalon.core.webui.keyword.builtin.ClickKeyword$_click_closure1.call(ClickKeyword.groovy)
	at com.kms.katalon.core.webui.keyword.internal.WebUIKeywordMain.runKeyword(WebUIKeywordMain.groovy:20)
	... 19 more
"/>
         <system-out><![CDATA[2020-06-05 17:15:41 - [TEST_CASE][FAILED] - Test Cases/delete my message: Test Cases/delete my message FAILED.
Reason:
com.kms.katalon.core.exception.StepFailedException: Unable to click on object 'Object Repository/Page_ Town Square remane - eligendi Mattermost/button_sysadmin_CENTER_button_baxjegnar3fzi_4daf31'
	at com.kms.katalon.core.webui.keyword.internal.WebUIKeywordMain.stepFailed(WebUIKeywordMain.groovy:64)
	at com.kms.katalon.core.webui.keyword.internal.WebUIKeywordMain.runKeyword(WebUIKeywordMain.groovy:26)
	at com.kms.katalon.core.webui.keyword.builtin.ClickKeyword.click(ClickKeyword.groovy:76)
	at com.kms.katalon.core.webui.keyword.builtin.ClickKeyword.execute(ClickKeyword.groovy:43)
	at com.kms.katalon.core.keyword.internal.KeywordExecutor.executeKeywordForPlatform(KeywordExecutor.groovy:72)
	at com.kms.katalon.core.webui.keyword.WebUiBuiltInKeywords.click(WebUiBuiltInKeywords.groovy:616)
	at com.kms.katalon.core.webui.keyword.WebUiBuiltInKeywords$click$1.call(Unknown Source)
	at delete my message.run(delete my message:29)
	at com.kms.katalon.core.main.ScriptEngine.run(ScriptEngine.java:194)
	at com.kms.katalon.core.main.ScriptEngine.runScriptAsRawText(ScriptEngine.java:119)
	at com.kms.katalon.core.main.TestCaseExecutor.runScript(TestCaseExecutor.java:337)
	at com.kms.katalon.core.main.TestCaseExecutor.doExecute(TestCaseExecutor.java:328)
	at com.kms.katalon.core.main.TestCaseExecutor.processExecutionPhase(TestCaseExecutor.java:307)
	at com.kms.katalon.core.main.TestCaseExecutor.accessMainPhase(TestCaseExecutor.java:299)
	at com.kms.katalon.core.main.TestCaseExecutor.execute(TestCaseExecutor.java:233)
	at com.kms.katalon.core.main.TestSuiteExecutor.accessTestCaseMainPhase(TestSuiteExecutor.java:169)
	at com.kms.katalon.core.main.TestSuiteExecutor.accessTestSuiteMainPhase(TestSuiteExecutor.java:142)
	at com.kms.katalon.core.main.TestSuiteExecutor.execute(TestSuiteExecutor.java:91)
	at com.kms.katalon.core.main.TestCaseMain.startTestSuite(TestCaseMain.java:157)
	at com.kms.katalon.core.main.TestCaseMain$startTestSuite$0.call(Unknown Source)
	at TempTestSuite1591351978611.run(TempTestSuite1591351978611.groovy:37)
Caused by: org.openqa.selenium.NoSuchWindowException: no such window: window was already closed
  (Session info: chrome=83.0.4103.61)
Build info: version: '3.141.59', revision: 'e82be7d358', time: '2018-11-14T08:25:53'
System info: host: 'Tuyens-MacBook-Pro.local', ip: '2402:800:6384:604d:188c:1a0c:604b:3abc%en0', os.name: 'Mac OS X', os.arch: 'x86_64', os.version: '10.15.5', java.version: '1.8.0_181'
Driver info: com.kms.katalon.selenium.driver.CChromeDriver
Capabilities {acceptInsecureCerts: false, browserName: chrome, browserVersion: 83.0.4103.61, chrome: {chromedriverVersion: 83.0.4103.39 (ccbf011cb2d2b..., userDataDir: /var/folders/4p/d6s1q92j7cx...}, goog:chromeOptions: {debuggerAddress: localhost:63502}, javascriptEnabled: true, networkConnectionEnabled: false, pageLoadStrategy: normal, platform: MAC, platformName: MAC, proxy: Proxy(), setWindowRect: true, strictFileInteractability: false, timeouts: {implicit: 0, pageLoad: 300000, script: 30000}, unhandledPromptBehavior: dismiss and notify, webauthn:virtualAuthenticators: true}
Session ID: 814aef52b44215f6a7ad34dbe5e26d66
*** Element info: {Using=xpath, value=//button[@id='CENTER_button_baxjegnar3fzi8j8a3ugqzn68e']}
	at org.openqa.selenium.remote.http.W3CHttpResponseCodec.createException(W3CHttpResponseCodec.java:187)
	at org.openqa.selenium.remote.http.W3CHttpResponseCodec.decode(W3CHttpResponseCodec.java:122)
	at org.openqa.selenium.remote.http.W3CHttpResponseCodec.decode(W3CHttpResponseCodec.java:49)
	at org.openqa.selenium.remote.HttpCommandExecutor.execute(HttpCommandExecutor.java:158)
	at org.openqa.selenium.remote.service.DriverCommandExecutor.execute(DriverCommandExecutor.java:83)
	at org.openqa.selenium.remote.RemoteWebDriver.execute(RemoteWebDriver.java:552)
	at com.kms.katalon.selenium.driver.CChromeDriver.execute(CChromeDriver.java:19)
	at org.openqa.selenium.remote.RemoteWebDriver.findElements(RemoteWebDriver.java:353)
	at org.openqa.selenium.remote.RemoteWebDriver.findElementsByXPath(RemoteWebDriver.java:432)
	at org.openqa.selenium.By$ByXPath.findElements(By.java:348)
	at org.openqa.selenium.remote.RemoteWebDriver.findElements(RemoteWebDriver.java:311)
	at org.openqa.selenium.support.events.EventFiringWebDriver.lambda$new$1(EventFiringWebDriver.java:105)
	at com.sun.proxy.$Proxy8.findElements(Unknown Source)
	at org.openqa.selenium.support.events.EventFiringWebDriver.findElements(EventFiringWebDriver.java:182)
	at com.kms.katalon.core.webui.common.WebUiCommonHelper.findWebElements(WebUiCommonHelper.java:789)
	at com.kms.katalon.core.webui.common.WebUiCommonHelper.findWebElement(WebUiCommonHelper.java:1150)
	at com.kms.katalon.core.webui.keyword.internal.WebUIAbstractKeyword.findWebElement(WebUIAbstractKeyword.groovy:27)
	at com.kms.katalon.core.webui.keyword.internal.WebUIAbstractKeyword.findWebElement(WebUIAbstractKeyword.groovy:26)
	at com.kms.katalon.core.webui.keyword.builtin.ClickKeyword$_click_closure1.doCall(ClickKeyword.groovy:67)
	at com.kms.katalon.core.webui.keyword.builtin.ClickKeyword$_click_closure1.call(ClickKeyword.groovy)
	at com.kms.katalon.core.webui.keyword.internal.WebUIKeywordMain.runKeyword(WebUIKeywordMain.groovy:20)
	... 19 more


2020-06-05 17:15:41 - [TEST_STEP][PASSED] - openBrowser(""): Browser is opened with url: ''

2020-06-05 17:15:41 - [MESSAGE][INFO] - Starting 'Chrome' driver

2020-06-05 17:15:41 - [MESSAGE][INFO] - Action delay is set to 0 milliseconds

2020-06-05 17:15:43 - [MESSAGE][PASSED] - Browser is opened with url: ''

2020-06-05 17:15:43 - [TEST_STEP][PASSED] - navigateToUrl("http://localhost:8065/"): Navigate to 'http://localhost:8065/' successfully

2020-06-05 17:15:44 - [MESSAGE][PASSED] - Navigate to 'http://localhost:8065/' successfully

2020-06-05 17:15:44 - [TEST_STEP][PASSED] - setText(findTestObject("Page_Mattermost/input_All team communication in one place s_703ef5"), "sysadmin"): Text 'sysadmin' is set on object 'Object Repository/Page_Mattermost/input_All team communication in one place s_703ef5'

2020-06-05 17:15:45 - [MESSAGE][PASSED] - Text 'sysadmin' is set on object 'Object Repository/Page_Mattermost/input_All team communication in one place s_703ef5'

2020-06-05 17:15:45 - [TEST_STEP][PASSED] - setEncryptedText(findTestObject("Page_Mattermost/input_All team communication in one place s_2f2733"), "2SwE/drL9BoSDSAWnt1s8EiQe9rbSfQc"): Text ****** has been set on object 'Object Repository/Page_Mattermost/input_All team communication in one place s_2f2733'

2020-06-05 17:15:46 - [MESSAGE][PASSED] - Text ****** has been set on object 'Object Repository/Page_Mattermost/input_All team communication in one place s_2f2733'

2020-06-05 17:15:46 - [TEST_STEP][PASSED] - sendKeys(findTestObject("Page_Mattermost/input_All team communication in one place s_2f2733"), Keys.chord(ENTER)): Keys 'ENTER + ' sent to object: 'Object Repository/Page_Mattermost/input_All team communication in one place s_2f2733'

2020-06-05 17:15:47 - [MESSAGE][PASSED] - Keys 'ENTER + ' sent to object: 'Object Repository/Page_Mattermost/input_All team communication in one place s_2f2733'

2020-06-05 17:15:47 - [TEST_STEP][FAILED] - click(findTestObject("Object Repository/Page_ Town Square remane - eligendi Mattermost/button_sysadmin_CENTER_button_baxjegnar3fzi_4daf31")): Unable to click on object 'Object Repository/Page_ Town Square remane - eligendi Mattermost/button_sysadmin_CENTER_button_baxjegnar3fzi_4daf31' (Root cause: com.kms.katalon.core.exception.StepFailedException: Unable to click on object 'Object Repository/Page_ Town Square remane - eligendi Mattermost/button_sysadmin_CENTER_button_baxjegnar3fzi_4daf31'
	at com.kms.katalon.core.webui.keyword.internal.WebUIKeywordMain.stepFailed(WebUIKeywordMain.groovy:64)
	at com.kms.katalon.core.webui.keyword.internal.WebUIKeywordMain.runKeyword(WebUIKeywordMain.groovy:26)
	at com.kms.katalon.core.webui.keyword.builtin.ClickKeyword.click(ClickKeyword.groovy:76)
	at com.kms.katalon.core.webui.keyword.builtin.ClickKeyword.execute(ClickKeyword.groovy:43)
	at com.kms.katalon.core.keyword.internal.KeywordExecutor.executeKeywordForPlatform(KeywordExecutor.groovy:72)
	at com.kms.katalon.core.webui.keyword.WebUiBuiltInKeywords.click(WebUiBuiltInKeywords.groovy:616)
	at com.kms.katalon.core.webui.keyword.WebUiBuiltInKeywords$click$1.call(Unknown Source)
	at delete my message.run(delete my message:29)
	at com.kms.katalon.core.main.ScriptEngine.run(ScriptEngine.java:194)
	at com.kms.katalon.core.main.ScriptEngine.runScriptAsRawText(ScriptEngine.java:119)
	at com.kms.katalon.core.main.TestCaseExecutor.runScript(TestCaseExecutor.java:337)
	at com.kms.katalon.core.main.TestCaseExecutor.doExecute(TestCaseExecutor.java:328)
	at com.kms.katalon.core.main.TestCaseExecutor.processExecutionPhase(TestCaseExecutor.java:307)
	at com.kms.katalon.core.main.TestCaseExecutor.accessMainPhase(TestCaseExecutor.java:299)
	at com.kms.katalon.core.main.TestCaseExecutor.execute(TestCaseExecutor.java:233)
	at com.kms.katalon.core.main.TestSuiteExecutor.accessTestCaseMainPhase(TestSuiteExecutor.java:169)
	at com.kms.katalon.core.main.TestSuiteExecutor.accessTestSuiteMainPhase(TestSuiteExecutor.java:142)
	at com.kms.katalon.core.main.TestSuiteExecutor.execute(TestSuiteExecutor.java:91)
	at com.kms.katalon.core.main.TestCaseMain.startTestSuite(TestCaseMain.java:157)
	at com.kms.katalon.core.main.TestCaseMain$startTestSuite$0.call(Unknown Source)
	at TempTestSuite1591351978611.run(TempTestSuite1591351978611.groovy:37)
Caused by: org.openqa.selenium.NoSuchWindowException: no such window: window was already closed
  (Session info: chrome=83.0.4103.61)
Build info: version: '3.141.59', revision: 'e82be7d358', time: '2018-11-14T08:25:53'
System info: host: 'Tuyens-MacBook-Pro.local', ip: '2402:800:6384:604d:188c:1a0c:604b:3abc%en0', os.name: 'Mac OS X', os.arch: 'x86_64', os.version: '10.15.5', java.version: '1.8.0_181'
Driver info: com.kms.katalon.selenium.driver.CChromeDriver
Capabilities {acceptInsecureCerts: false, browserName: chrome, browserVersion: 83.0.4103.61, chrome: {chromedriverVersion: 83.0.4103.39 (ccbf011cb2d2b..., userDataDir: /var/folders/4p/d6s1q92j7cx...}, goog:chromeOptions: {debuggerAddress: localhost:63502}, javascriptEnabled: true, networkConnectionEnabled: false, pageLoadStrategy: normal, platform: MAC, platformName: MAC, proxy: Proxy(), setWindowRect: true, strictFileInteractability: false, timeouts: {implicit: 0, pageLoad: 300000, script: 30000}, unhandledPromptBehavior: dismiss and notify, webauthn:virtualAuthenticators: true}
Session ID: 814aef52b44215f6a7ad34dbe5e26d66
*** Element info: {Using=xpath, value=//button[@id='CENTER_button_baxjegnar3fzi8j8a3ugqzn68e']}
	at org.openqa.selenium.remote.http.W3CHttpResponseCodec.createException(W3CHttpResponseCodec.java:187)
	at org.openqa.selenium.remote.http.W3CHttpResponseCodec.decode(W3CHttpResponseCodec.java:122)
	at org.openqa.selenium.remote.http.W3CHttpResponseCodec.decode(W3CHttpResponseCodec.java:49)
	at org.openqa.selenium.remote.HttpCommandExecutor.execute(HttpCommandExecutor.java:158)
	at org.openqa.selenium.remote.service.DriverCommandExecutor.execute(DriverCommandExecutor.java:83)
	at org.openqa.selenium.remote.RemoteWebDriver.execute(RemoteWebDriver.java:552)
	at com.kms.katalon.selenium.driver.CChromeDriver.execute(CChromeDriver.java:19)
	at org.openqa.selenium.remote.RemoteWebDriver.findElements(RemoteWebDriver.java:353)
	at org.openqa.selenium.remote.RemoteWebDriver.findElementsByXPath(RemoteWebDriver.java:432)
	at org.openqa.selenium.By$ByXPath.findElements(By.java:348)
	at org.openqa.selenium.remote.RemoteWebDriver.findElements(RemoteWebDriver.java:311)
	at org.openqa.selenium.support.events.EventFiringWebDriver.lambda$new$1(EventFiringWebDriver.java:105)
	at com.sun.proxy.$Proxy8.findElements(Unknown Source)
	at org.openqa.selenium.support.events.EventFiringWebDriver.findElements(EventFiringWebDriver.java:182)
	at com.kms.katalon.core.webui.common.WebUiCommonHelper.findWebElements(WebUiCommonHelper.java:789)
	at com.kms.katalon.core.webui.common.WebUiCommonHelper.findWebElement(WebUiCommonHelper.java:1150)
	at com.kms.katalon.core.webui.keyword.internal.WebUIAbstractKeyword.findWebElement(WebUIAbstractKeyword.groovy:27)
	at com.kms.katalon.core.webui.keyword.internal.WebUIAbstractKeyword.findWebElement(WebUIAbstractKeyword.groovy:26)
	at com.kms.katalon.core.webui.keyword.builtin.ClickKeyword$_click_closure1.doCall(ClickKeyword.groovy:67)
	at com.kms.katalon.core.webui.keyword.builtin.ClickKeyword$_click_closure1.call(ClickKeyword.groovy)
	at com.kms.katalon.core.webui.keyword.internal.WebUIKeywordMain.runKeyword(WebUIKeywordMain.groovy:20)
	at com.kms.katalon.core.webui.keyword.builtin.ClickKeyword.click(ClickKeyword.groovy:76)
	at com.kms.katalon.core.webui.keyword.builtin.ClickKeyword.execute(ClickKeyword.groovy:43)
	at com.kms.katalon.core.keyword.internal.KeywordExecutor.executeKeywordForPlatform(KeywordExecutor.groovy:72)
	at com.kms.katalon.core.webui.keyword.WebUiBuiltInKeywords.click(WebUiBuiltInKeywords.groovy:616)
	at com.kms.katalon.core.webui.keyword.WebUiBuiltInKeywords$click$1.call(Unknown Source)
	at Script1591346433154.run(Script1591346433154.groovy:29)
	... 13 more
)

2020-06-05 17:15:55 - [MESSAGE][WARNING] - Cannot take screenshot

2020-06-05 17:15:55 - [MESSAGE][FAILED] - Unable to click on object 'Object Repository/Page_ Town Square remane - eligendi Mattermost/button_sysadmin_CENTER_button_baxjegnar3fzi_4daf31' (Root cause: com.kms.katalon.core.exception.StepFailedException: Unable to click on object 'Object Repository/Page_ Town Square remane - eligendi Mattermost/button_sysadmin_CENTER_button_baxjegnar3fzi_4daf31'
	at com.kms.katalon.core.webui.keyword.internal.WebUIKeywordMain.stepFailed(WebUIKeywordMain.groovy:64)
	at com.kms.katalon.core.webui.keyword.internal.WebUIKeywordMain.runKeyword(WebUIKeywordMain.groovy:26)
	at com.kms.katalon.core.webui.keyword.builtin.ClickKeyword.click(ClickKeyword.groovy:76)
	at com.kms.katalon.core.webui.keyword.builtin.ClickKeyword.execute(ClickKeyword.groovy:43)
	at com.kms.katalon.core.keyword.internal.KeywordExecutor.executeKeywordForPlatform(KeywordExecutor.groovy:72)
	at com.kms.katalon.core.webui.keyword.WebUiBuiltInKeywords.click(WebUiBuiltInKeywords.groovy:616)
	at com.kms.katalon.core.webui.keyword.WebUiBuiltInKeywords$click$1.call(Unknown Source)
	at delete my message.run(delete my message:29)
	at com.kms.katalon.core.main.ScriptEngine.run(ScriptEngine.java:194)
	at com.kms.katalon.core.main.ScriptEngine.runScriptAsRawText(ScriptEngine.java:119)
	at com.kms.katalon.core.main.TestCaseExecutor.runScript(TestCaseExecutor.java:337)
	at com.kms.katalon.core.main.TestCaseExecutor.doExecute(TestCaseExecutor.java:328)
	at com.kms.katalon.core.main.TestCaseExecutor.processExecutionPhase(TestCaseExecutor.java:307)
	at com.kms.katalon.core.main.TestCaseExecutor.accessMainPhase(TestCaseExecutor.java:299)
	at com.kms.katalon.core.main.TestCaseExecutor.execute(TestCaseExecutor.java:233)
	at com.kms.katalon.core.main.TestSuiteExecutor.accessTestCaseMainPhase(TestSuiteExecutor.java:169)
	at com.kms.katalon.core.main.TestSuiteExecutor.accessTestSuiteMainPhase(TestSuiteExecutor.java:142)
	at com.kms.katalon.core.main.TestSuiteExecutor.execute(TestSuiteExecutor.java:91)
	at com.kms.katalon.core.main.TestCaseMain.startTestSuite(TestCaseMain.java:157)
	at com.kms.katalon.core.main.TestCaseMain$startTestSuite$0.call(Unknown Source)
	at TempTestSuite1591351978611.run(TempTestSuite1591351978611.groovy:37)
Caused by: org.openqa.selenium.NoSuchWindowException: no such window: window was already closed
  (Session info: chrome=83.0.4103.61)
Build info: version: '3.141.59', revision: 'e82be7d358', time: '2018-11-14T08:25:53'
System info: host: 'Tuyens-MacBook-Pro.local', ip: '2402:800:6384:604d:188c:1a0c:604b:3abc%en0', os.name: 'Mac OS X', os.arch: 'x86_64', os.version: '10.15.5', java.version: '1.8.0_181'
Driver info: com.kms.katalon.selenium.driver.CChromeDriver
Capabilities {acceptInsecureCerts: false, browserName: chrome, browserVersion: 83.0.4103.61, chrome: {chromedriverVersion: 83.0.4103.39 (ccbf011cb2d2b..., userDataDir: /var/folders/4p/d6s1q92j7cx...}, goog:chromeOptions: {debuggerAddress: localhost:63502}, javascriptEnabled: true, networkConnectionEnabled: false, pageLoadStrategy: normal, platform: MAC, platformName: MAC, proxy: Proxy(), setWindowRect: true, strictFileInteractability: false, timeouts: {implicit: 0, pageLoad: 300000, script: 30000}, unhandledPromptBehavior: dismiss and notify, webauthn:virtualAuthenticators: true}
Session ID: 814aef52b44215f6a7ad34dbe5e26d66
*** Element info: {Using=xpath, value=//button[@id='CENTER_button_baxjegnar3fzi8j8a3ugqzn68e']}
	at org.openqa.selenium.remote.http.W3CHttpResponseCodec.createException(W3CHttpResponseCodec.java:187)
	at org.openqa.selenium.remote.http.W3CHttpResponseCodec.decode(W3CHttpResponseCodec.java:122)
	at org.openqa.selenium.remote.http.W3CHttpResponseCodec.decode(W3CHttpResponseCodec.java:49)
	at org.openqa.selenium.remote.HttpCommandExecutor.execute(HttpCommandExecutor.java:158)
	at org.openqa.selenium.remote.service.DriverCommandExecutor.execute(DriverCommandExecutor.java:83)
	at org.openqa.selenium.remote.RemoteWebDriver.execute(RemoteWebDriver.java:552)
	at com.kms.katalon.selenium.driver.CChromeDriver.execute(CChromeDriver.java:19)
	at org.openqa.selenium.remote.RemoteWebDriver.findElements(RemoteWebDriver.java:353)
	at org.openqa.selenium.remote.RemoteWebDriver.findElementsByXPath(RemoteWebDriver.java:432)
	at org.openqa.selenium.By$ByXPath.findElements(By.java:348)
	at org.openqa.selenium.remote.RemoteWebDriver.findElements(RemoteWebDriver.java:311)
	at org.openqa.selenium.support.events.EventFiringWebDriver.lambda$new$1(EventFiringWebDriver.java:105)
	at com.sun.proxy.$Proxy8.findElements(Unknown Source)
	at org.openqa.selenium.support.events.EventFiringWebDriver.findElements(EventFiringWebDriver.java:182)
	at com.kms.katalon.core.webui.common.WebUiCommonHelper.findWebElements(WebUiCommonHelper.java:789)
	at com.kms.katalon.core.webui.common.WebUiCommonHelper.findWebElement(WebUiCommonHelper.java:1150)
	at com.kms.katalon.core.webui.keyword.internal.WebUIAbstractKeyword.findWebElement(WebUIAbstractKeyword.groovy:27)
	at com.kms.katalon.core.webui.keyword.internal.WebUIAbstractKeyword.findWebElement(WebUIAbstractKeyword.groovy:26)
	at com.kms.katalon.core.webui.keyword.builtin.ClickKeyword$_click_closure1.doCall(ClickKeyword.groovy:67)
	at com.kms.katalon.core.webui.keyword.builtin.ClickKeyword$_click_closure1.call(ClickKeyword.groovy)
	at com.kms.katalon.core.webui.keyword.internal.WebUIKeywordMain.runKeyword(WebUIKeywordMain.groovy:20)
	at com.kms.katalon.core.webui.keyword.builtin.ClickKeyword.click(ClickKeyword.groovy:76)
	at com.kms.katalon.core.webui.keyword.builtin.ClickKeyword.execute(ClickKeyword.groovy:43)
	at com.kms.katalon.core.keyword.internal.KeywordExecutor.executeKeywordForPlatform(KeywordExecutor.groovy:72)
	at com.kms.katalon.core.webui.keyword.WebUiBuiltInKeywords.click(WebUiBuiltInKeywords.groovy:616)
	at com.kms.katalon.core.webui.keyword.WebUiBuiltInKeywords$click$1.call(Unknown Source)
	at Script1591346433154.run(Script1591346433154.groovy:29)
	... 13 more
)]]></system-out>
         <system-err><![CDATA[2020-06-05 17:15:41 - [TEST_CASE][FAILED] - Test Cases/delete my message: Test Cases/delete my message FAILED.
Reason:
com.kms.katalon.core.exception.StepFailedException: Unable to click on object 'Object Repository/Page_ Town Square remane - eligendi Mattermost/button_sysadmin_CENTER_button_baxjegnar3fzi_4daf31'
	at com.kms.katalon.core.webui.keyword.internal.WebUIKeywordMain.stepFailed(WebUIKeywordMain.groovy:64)
	at com.kms.katalon.core.webui.keyword.internal.WebUIKeywordMain.runKeyword(WebUIKeywordMain.groovy:26)
	at com.kms.katalon.core.webui.keyword.builtin.ClickKeyword.click(ClickKeyword.groovy:76)
	at com.kms.katalon.core.webui.keyword.builtin.ClickKeyword.execute(ClickKeyword.groovy:43)
	at com.kms.katalon.core.keyword.internal.KeywordExecutor.executeKeywordForPlatform(KeywordExecutor.groovy:72)
	at com.kms.katalon.core.webui.keyword.WebUiBuiltInKeywords.click(WebUiBuiltInKeywords.groovy:616)
	at com.kms.katalon.core.webui.keyword.WebUiBuiltInKeywords$click$1.call(Unknown Source)
	at delete my message.run(delete my message:29)
	at com.kms.katalon.core.main.ScriptEngine.run(ScriptEngine.java:194)
	at com.kms.katalon.core.main.ScriptEngine.runScriptAsRawText(ScriptEngine.java:119)
	at com.kms.katalon.core.main.TestCaseExecutor.runScript(TestCaseExecutor.java:337)
	at com.kms.katalon.core.main.TestCaseExecutor.doExecute(TestCaseExecutor.java:328)
	at com.kms.katalon.core.main.TestCaseExecutor.processExecutionPhase(TestCaseExecutor.java:307)
	at com.kms.katalon.core.main.TestCaseExecutor.accessMainPhase(TestCaseExecutor.java:299)
	at com.kms.katalon.core.main.TestCaseExecutor.execute(TestCaseExecutor.java:233)
	at com.kms.katalon.core.main.TestSuiteExecutor.accessTestCaseMainPhase(TestSuiteExecutor.java:169)
	at com.kms.katalon.core.main.TestSuiteExecutor.accessTestSuiteMainPhase(TestSuiteExecutor.java:142)
	at com.kms.katalon.core.main.TestSuiteExecutor.execute(TestSuiteExecutor.java:91)
	at com.kms.katalon.core.main.TestCaseMain.startTestSuite(TestCaseMain.java:157)
	at com.kms.katalon.core.main.TestCaseMain$startTestSuite$0.call(Unknown Source)
	at TempTestSuite1591351978611.run(TempTestSuite1591351978611.groovy:37)
Caused by: org.openqa.selenium.NoSuchWindowException: no such window: window was already closed
  (Session info: chrome=83.0.4103.61)
Build info: version: '3.141.59', revision: 'e82be7d358', time: '2018-11-14T08:25:53'
System info: host: 'Tuyens-MacBook-Pro.local', ip: '2402:800:6384:604d:188c:1a0c:604b:3abc%en0', os.name: 'Mac OS X', os.arch: 'x86_64', os.version: '10.15.5', java.version: '1.8.0_181'
Driver info: com.kms.katalon.selenium.driver.CChromeDriver
Capabilities {acceptInsecureCerts: false, browserName: chrome, browserVersion: 83.0.4103.61, chrome: {chromedriverVersion: 83.0.4103.39 (ccbf011cb2d2b..., userDataDir: /var/folders/4p/d6s1q92j7cx...}, goog:chromeOptions: {debuggerAddress: localhost:63502}, javascriptEnabled: true, networkConnectionEnabled: false, pageLoadStrategy: normal, platform: MAC, platformName: MAC, proxy: Proxy(), setWindowRect: true, strictFileInteractability: false, timeouts: {implicit: 0, pageLoad: 300000, script: 30000}, unhandledPromptBehavior: dismiss and notify, webauthn:virtualAuthenticators: true}
Session ID: 814aef52b44215f6a7ad34dbe5e26d66
*** Element info: {Using=xpath, value=//button[@id='CENTER_button_baxjegnar3fzi8j8a3ugqzn68e']}
	at org.openqa.selenium.remote.http.W3CHttpResponseCodec.createException(W3CHttpResponseCodec.java:187)
	at org.openqa.selenium.remote.http.W3CHttpResponseCodec.decode(W3CHttpResponseCodec.java:122)
	at org.openqa.selenium.remote.http.W3CHttpResponseCodec.decode(W3CHttpResponseCodec.java:49)
	at org.openqa.selenium.remote.HttpCommandExecutor.execute(HttpCommandExecutor.java:158)
	at org.openqa.selenium.remote.service.DriverCommandExecutor.execute(DriverCommandExecutor.java:83)
	at org.openqa.selenium.remote.RemoteWebDriver.execute(RemoteWebDriver.java:552)
	at com.kms.katalon.selenium.driver.CChromeDriver.execute(CChromeDriver.java:19)
	at org.openqa.selenium.remote.RemoteWebDriver.findElements(RemoteWebDriver.java:353)
	at org.openqa.selenium.remote.RemoteWebDriver.findElementsByXPath(RemoteWebDriver.java:432)
	at org.openqa.selenium.By$ByXPath.findElements(By.java:348)
	at org.openqa.selenium.remote.RemoteWebDriver.findElements(RemoteWebDriver.java:311)
	at org.openqa.selenium.support.events.EventFiringWebDriver.lambda$new$1(EventFiringWebDriver.java:105)
	at com.sun.proxy.$Proxy8.findElements(Unknown Source)
	at org.openqa.selenium.support.events.EventFiringWebDriver.findElements(EventFiringWebDriver.java:182)
	at com.kms.katalon.core.webui.common.WebUiCommonHelper.findWebElements(WebUiCommonHelper.java:789)
	at com.kms.katalon.core.webui.common.WebUiCommonHelper.findWebElement(WebUiCommonHelper.java:1150)
	at com.kms.katalon.core.webui.keyword.internal.WebUIAbstractKeyword.findWebElement(WebUIAbstractKeyword.groovy:27)
	at com.kms.katalon.core.webui.keyword.internal.WebUIAbstractKeyword.findWebElement(WebUIAbstractKeyword.groovy:26)
	at com.kms.katalon.core.webui.keyword.builtin.ClickKeyword$_click_closure1.doCall(ClickKeyword.groovy:67)
	at com.kms.katalon.core.webui.keyword.builtin.ClickKeyword$_click_closure1.call(ClickKeyword.groovy)
	at com.kms.katalon.core.webui.keyword.internal.WebUIKeywordMain.runKeyword(WebUIKeywordMain.groovy:20)
	... 19 more]]></system-err>
      </testcase>
      <testcase name="Test Cases/view recent mentions" time="21.107" classname="Test Cases/view recent mentions" status="FAILED">
         <failure type="FAILED" message="Test Cases/view recent mentions FAILED.
Reason:
com.kms.katalon.core.exception.StepFailedException: Unable to click on object 'Object Repository/Page_ Town Square - eligendi Mattermost/span_Jump'
	at com.kms.katalon.core.webui.keyword.internal.WebUIKeywordMain.stepFailed(WebUIKeywordMain.groovy:64)
	at com.kms.katalon.core.webui.keyword.internal.WebUIKeywordMain.runKeyword(WebUIKeywordMain.groovy:26)
	at com.kms.katalon.core.webui.keyword.builtin.ClickKeyword.click(ClickKeyword.groovy:76)
	at com.kms.katalon.core.webui.keyword.builtin.ClickKeyword.execute(ClickKeyword.groovy:43)
	at com.kms.katalon.core.keyword.internal.KeywordExecutor.executeKeywordForPlatform(KeywordExecutor.groovy:72)
	at com.kms.katalon.core.webui.keyword.WebUiBuiltInKeywords.click(WebUiBuiltInKeywords.groovy:616)
	at com.kms.katalon.core.webui.keyword.WebUiBuiltInKeywords$click$1.call(Unknown Source)
	at view recent mentions.run(view recent mentions:31)
	at com.kms.katalon.core.main.ScriptEngine.run(ScriptEngine.java:194)
	at com.kms.katalon.core.main.ScriptEngine.runScriptAsRawText(ScriptEngine.java:119)
	at com.kms.katalon.core.main.TestCaseExecutor.runScript(TestCaseExecutor.java:337)
	at com.kms.katalon.core.main.TestCaseExecutor.doExecute(TestCaseExecutor.java:328)
	at com.kms.katalon.core.main.TestCaseExecutor.processExecutionPhase(TestCaseExecutor.java:307)
	at com.kms.katalon.core.main.TestCaseExecutor.accessMainPhase(TestCaseExecutor.java:299)
	at com.kms.katalon.core.main.TestCaseExecutor.execute(TestCaseExecutor.java:233)
	at com.kms.katalon.core.main.TestSuiteExecutor.accessTestCaseMainPhase(TestSuiteExecutor.java:169)
	at com.kms.katalon.core.main.TestSuiteExecutor.accessTestSuiteMainPhase(TestSuiteExecutor.java:142)
	at com.kms.katalon.core.main.TestSuiteExecutor.execute(TestSuiteExecutor.java:91)
	at com.kms.katalon.core.main.TestCaseMain.startTestSuite(TestCaseMain.java:157)
	at com.kms.katalon.core.main.TestCaseMain$startTestSuite$0.call(Unknown Source)
	at TempTestSuite1591351978611.run(TempTestSuite1591351978611.groovy:37)
Caused by: org.openqa.selenium.NoSuchWindowException: no such window: window was already closed
  (Session info: chrome=83.0.4103.61)
Build info: version: '3.141.59', revision: 'e82be7d358', time: '2018-11-14T08:25:53'
System info: host: 'Tuyens-MacBook-Pro.local', ip: '2402:800:6384:604d:188c:1a0c:604b:3abc%en0', os.name: 'Mac OS X', os.arch: 'x86_64', os.version: '10.15.5', java.version: '1.8.0_181'
Driver info: com.kms.katalon.selenium.driver.CChromeDriver
Capabilities {acceptInsecureCerts: false, browserName: chrome, browserVersion: 83.0.4103.61, chrome: {chromedriverVersion: 83.0.4103.39 (ccbf011cb2d2b..., userDataDir: /var/folders/4p/d6s1q92j7cx...}, goog:chromeOptions: {debuggerAddress: localhost:63583}, javascriptEnabled: true, networkConnectionEnabled: false, pageLoadStrategy: normal, platform: MAC, platformName: MAC, proxy: Proxy(), setWindowRect: true, strictFileInteractability: false, timeouts: {implicit: 0, pageLoad: 300000, script: 30000}, unhandledPromptBehavior: dismiss and notify, webauthn:virtualAuthenticators: true}
Session ID: f5ceca8c0a7fd6f9ce2621a71dcc448d
*** Element info: {Using=xpath, value=//div[@id='search-items-container']/div/div[2]/div[2]/div[2]/div/div[3]/a/span}
	at org.openqa.selenium.remote.http.W3CHttpResponseCodec.createException(W3CHttpResponseCodec.java:187)
	at org.openqa.selenium.remote.http.W3CHttpResponseCodec.decode(W3CHttpResponseCodec.java:122)
	at org.openqa.selenium.remote.http.W3CHttpResponseCodec.decode(W3CHttpResponseCodec.java:49)
	at org.openqa.selenium.remote.HttpCommandExecutor.execute(HttpCommandExecutor.java:158)
	at org.openqa.selenium.remote.service.DriverCommandExecutor.execute(DriverCommandExecutor.java:83)
	at org.openqa.selenium.remote.RemoteWebDriver.execute(RemoteWebDriver.java:552)
	at com.kms.katalon.selenium.driver.CChromeDriver.execute(CChromeDriver.java:19)
	at org.openqa.selenium.remote.RemoteWebDriver.findElements(RemoteWebDriver.java:353)
	at org.openqa.selenium.remote.RemoteWebDriver.findElementsByXPath(RemoteWebDriver.java:432)
	at org.openqa.selenium.By$ByXPath.findElements(By.java:348)
	at org.openqa.selenium.remote.RemoteWebDriver.findElements(RemoteWebDriver.java:311)
	at org.openqa.selenium.support.events.EventFiringWebDriver.lambda$new$1(EventFiringWebDriver.java:105)
	at com.sun.proxy.$Proxy8.findElements(Unknown Source)
	at org.openqa.selenium.support.events.EventFiringWebDriver.findElements(EventFiringWebDriver.java:182)
	at com.kms.katalon.core.webui.common.WebUiCommonHelper.findWebElements(WebUiCommonHelper.java:789)
	at com.kms.katalon.core.webui.common.WebUiCommonHelper.findWebElement(WebUiCommonHelper.java:1150)
	at com.kms.katalon.core.webui.keyword.internal.WebUIAbstractKeyword.findWebElement(WebUIAbstractKeyword.groovy:27)
	at com.kms.katalon.core.webui.keyword.internal.WebUIAbstractKeyword.findWebElement(WebUIAbstractKeyword.groovy:26)
	at com.kms.katalon.core.webui.keyword.builtin.ClickKeyword$_click_closure1.doCall(ClickKeyword.groovy:67)
	at com.kms.katalon.core.webui.keyword.builtin.ClickKeyword$_click_closure1.call(ClickKeyword.groovy)
	at com.kms.katalon.core.webui.keyword.internal.WebUIKeywordMain.runKeyword(WebUIKeywordMain.groovy:20)
	... 19 more
"/>
         <system-out><![CDATA[2020-06-05 17:15:55 - [TEST_CASE][FAILED] - Test Cases/view recent mentions: Test Cases/view recent mentions FAILED.
Reason:
com.kms.katalon.core.exception.StepFailedException: Unable to click on object 'Object Repository/Page_ Town Square - eligendi Mattermost/span_Jump'
	at com.kms.katalon.core.webui.keyword.internal.WebUIKeywordMain.stepFailed(WebUIKeywordMain.groovy:64)
	at com.kms.katalon.core.webui.keyword.internal.WebUIKeywordMain.runKeyword(WebUIKeywordMain.groovy:26)
	at com.kms.katalon.core.webui.keyword.builtin.ClickKeyword.click(ClickKeyword.groovy:76)
	at com.kms.katalon.core.webui.keyword.builtin.ClickKeyword.execute(ClickKeyword.groovy:43)
	at com.kms.katalon.core.keyword.internal.KeywordExecutor.executeKeywordForPlatform(KeywordExecutor.groovy:72)
	at com.kms.katalon.core.webui.keyword.WebUiBuiltInKeywords.click(WebUiBuiltInKeywords.groovy:616)
	at com.kms.katalon.core.webui.keyword.WebUiBuiltInKeywords$click$1.call(Unknown Source)
	at view recent mentions.run(view recent mentions:31)
	at com.kms.katalon.core.main.ScriptEngine.run(ScriptEngine.java:194)
	at com.kms.katalon.core.main.ScriptEngine.runScriptAsRawText(ScriptEngine.java:119)
	at com.kms.katalon.core.main.TestCaseExecutor.runScript(TestCaseExecutor.java:337)
	at com.kms.katalon.core.main.TestCaseExecutor.doExecute(TestCaseExecutor.java:328)
	at com.kms.katalon.core.main.TestCaseExecutor.processExecutionPhase(TestCaseExecutor.java:307)
	at com.kms.katalon.core.main.TestCaseExecutor.accessMainPhase(TestCaseExecutor.java:299)
	at com.kms.katalon.core.main.TestCaseExecutor.execute(TestCaseExecutor.java:233)
	at com.kms.katalon.core.main.TestSuiteExecutor.accessTestCaseMainPhase(TestSuiteExecutor.java:169)
	at com.kms.katalon.core.main.TestSuiteExecutor.accessTestSuiteMainPhase(TestSuiteExecutor.java:142)
	at com.kms.katalon.core.main.TestSuiteExecutor.execute(TestSuiteExecutor.java:91)
	at com.kms.katalon.core.main.TestCaseMain.startTestSuite(TestCaseMain.java:157)
	at com.kms.katalon.core.main.TestCaseMain$startTestSuite$0.call(Unknown Source)
	at TempTestSuite1591351978611.run(TempTestSuite1591351978611.groovy:37)
Caused by: org.openqa.selenium.NoSuchWindowException: no such window: window was already closed
  (Session info: chrome=83.0.4103.61)
Build info: version: '3.141.59', revision: 'e82be7d358', time: '2018-11-14T08:25:53'
System info: host: 'Tuyens-MacBook-Pro.local', ip: '2402:800:6384:604d:188c:1a0c:604b:3abc%en0', os.name: 'Mac OS X', os.arch: 'x86_64', os.version: '10.15.5', java.version: '1.8.0_181'
Driver info: com.kms.katalon.selenium.driver.CChromeDriver
Capabilities {acceptInsecureCerts: false, browserName: chrome, browserVersion: 83.0.4103.61, chrome: {chromedriverVersion: 83.0.4103.39 (ccbf011cb2d2b..., userDataDir: /var/folders/4p/d6s1q92j7cx...}, goog:chromeOptions: {debuggerAddress: localhost:63583}, javascriptEnabled: true, networkConnectionEnabled: false, pageLoadStrategy: normal, platform: MAC, platformName: MAC, proxy: Proxy(), setWindowRect: true, strictFileInteractability: false, timeouts: {implicit: 0, pageLoad: 300000, script: 30000}, unhandledPromptBehavior: dismiss and notify, webauthn:virtualAuthenticators: true}
Session ID: f5ceca8c0a7fd6f9ce2621a71dcc448d
*** Element info: {Using=xpath, value=//div[@id='search-items-container']/div/div[2]/div[2]/div[2]/div/div[3]/a/span}
	at org.openqa.selenium.remote.http.W3CHttpResponseCodec.createException(W3CHttpResponseCodec.java:187)
	at org.openqa.selenium.remote.http.W3CHttpResponseCodec.decode(W3CHttpResponseCodec.java:122)
	at org.openqa.selenium.remote.http.W3CHttpResponseCodec.decode(W3CHttpResponseCodec.java:49)
	at org.openqa.selenium.remote.HttpCommandExecutor.execute(HttpCommandExecutor.java:158)
	at org.openqa.selenium.remote.service.DriverCommandExecutor.execute(DriverCommandExecutor.java:83)
	at org.openqa.selenium.remote.RemoteWebDriver.execute(RemoteWebDriver.java:552)
	at com.kms.katalon.selenium.driver.CChromeDriver.execute(CChromeDriver.java:19)
	at org.openqa.selenium.remote.RemoteWebDriver.findElements(RemoteWebDriver.java:353)
	at org.openqa.selenium.remote.RemoteWebDriver.findElementsByXPath(RemoteWebDriver.java:432)
	at org.openqa.selenium.By$ByXPath.findElements(By.java:348)
	at org.openqa.selenium.remote.RemoteWebDriver.findElements(RemoteWebDriver.java:311)
	at org.openqa.selenium.support.events.EventFiringWebDriver.lambda$new$1(EventFiringWebDriver.java:105)
	at com.sun.proxy.$Proxy8.findElements(Unknown Source)
	at org.openqa.selenium.support.events.EventFiringWebDriver.findElements(EventFiringWebDriver.java:182)
	at com.kms.katalon.core.webui.common.WebUiCommonHelper.findWebElements(WebUiCommonHelper.java:789)
	at com.kms.katalon.core.webui.common.WebUiCommonHelper.findWebElement(WebUiCommonHelper.java:1150)
	at com.kms.katalon.core.webui.keyword.internal.WebUIAbstractKeyword.findWebElement(WebUIAbstractKeyword.groovy:27)
	at com.kms.katalon.core.webui.keyword.internal.WebUIAbstractKeyword.findWebElement(WebUIAbstractKeyword.groovy:26)
	at com.kms.katalon.core.webui.keyword.builtin.ClickKeyword$_click_closure1.doCall(ClickKeyword.groovy:67)
	at com.kms.katalon.core.webui.keyword.builtin.ClickKeyword$_click_closure1.call(ClickKeyword.groovy)
	at com.kms.katalon.core.webui.keyword.internal.WebUIKeywordMain.runKeyword(WebUIKeywordMain.groovy:20)
	... 19 more


2020-06-05 17:15:55 - [TEST_STEP][PASSED] - openBrowser(""): Browser is opened with url: ''

2020-06-05 17:15:55 - [MESSAGE][WARNING] - A browser is already opened. Closing browser and opening a new one

2020-06-05 17:15:56 - [MESSAGE][INFO] - Starting 'Chrome' driver

2020-06-05 17:15:56 - [MESSAGE][INFO] - Action delay is set to 0 milliseconds

2020-06-05 17:15:57 - [MESSAGE][PASSED] - Browser is opened with url: ''

2020-06-05 17:15:57 - [TEST_STEP][PASSED] - navigateToUrl("http://localhost:8065/"): Navigate to 'http://localhost:8065/' successfully

2020-06-05 17:15:58 - [MESSAGE][PASSED] - Navigate to 'http://localhost:8065/' successfully

2020-06-05 17:15:58 - [TEST_STEP][PASSED] - setText(findTestObject("Page_Mattermost/input_All team communication in one place s_703ef5"), "sysadmin"): Text 'sysadmin' is set on object 'Object Repository/Page_Mattermost/input_All team communication in one place s_703ef5'

2020-06-05 17:16:00 - [MESSAGE][PASSED] - Text 'sysadmin' is set on object 'Object Repository/Page_Mattermost/input_All team communication in one place s_703ef5'

2020-06-05 17:16:00 - [TEST_STEP][PASSED] - setEncryptedText(findTestObject("Page_Mattermost/input_All team communication in one place s_2f2733"), "2SwE/drL9BoSDSAWnt1s8EiQe9rbSfQc"): Text ****** has been set on object 'Object Repository/Page_Mattermost/input_All team communication in one place s_2f2733'

2020-06-05 17:16:01 - [MESSAGE][PASSED] - Text ****** has been set on object 'Object Repository/Page_Mattermost/input_All team communication in one place s_2f2733'

2020-06-05 17:16:01 - [TEST_STEP][PASSED] - click(findTestObject("Page_Mattermost/button_Sign in")): Object: 'Object Repository/Page_Mattermost/button_Sign in' is clicked on

2020-06-05 17:16:01 - [MESSAGE][PASSED] - Object: 'Object Repository/Page_Mattermost/button_Sign in' is clicked on

2020-06-05 17:16:01 - [TEST_STEP][PASSED] - click(findTestObject("Page_ Town Square - eligendi Mattermost/svg")): Object: 'Object Repository/Page_ Town Square - eligendi Mattermost/svg' is clicked on

2020-06-05 17:16:04 - [MESSAGE][PASSED] - Object: 'Object Repository/Page_ Town Square - eligendi Mattermost/svg' is clicked on

2020-06-05 17:16:04 - [TEST_STEP][FAILED] - click(findTestObject("Object Repository/Page_ Town Square - eligendi Mattermost/span_Jump")): Unable to click on object 'Object Repository/Page_ Town Square - eligendi Mattermost/span_Jump' (Root cause: com.kms.katalon.core.exception.StepFailedException: Unable to click on object 'Object Repository/Page_ Town Square - eligendi Mattermost/span_Jump'
	at com.kms.katalon.core.webui.keyword.internal.WebUIKeywordMain.stepFailed(WebUIKeywordMain.groovy:64)
	at com.kms.katalon.core.webui.keyword.internal.WebUIKeywordMain.runKeyword(WebUIKeywordMain.groovy:26)
	at com.kms.katalon.core.webui.keyword.builtin.ClickKeyword.click(ClickKeyword.groovy:76)
	at com.kms.katalon.core.webui.keyword.builtin.ClickKeyword.execute(ClickKeyword.groovy:43)
	at com.kms.katalon.core.keyword.internal.KeywordExecutor.executeKeywordForPlatform(KeywordExecutor.groovy:72)
	at com.kms.katalon.core.webui.keyword.WebUiBuiltInKeywords.click(WebUiBuiltInKeywords.groovy:616)
	at com.kms.katalon.core.webui.keyword.WebUiBuiltInKeywords$click$1.call(Unknown Source)
	at view recent mentions.run(view recent mentions:31)
	at com.kms.katalon.core.main.ScriptEngine.run(ScriptEngine.java:194)
	at com.kms.katalon.core.main.ScriptEngine.runScriptAsRawText(ScriptEngine.java:119)
	at com.kms.katalon.core.main.TestCaseExecutor.runScript(TestCaseExecutor.java:337)
	at com.kms.katalon.core.main.TestCaseExecutor.doExecute(TestCaseExecutor.java:328)
	at com.kms.katalon.core.main.TestCaseExecutor.processExecutionPhase(TestCaseExecutor.java:307)
	at com.kms.katalon.core.main.TestCaseExecutor.accessMainPhase(TestCaseExecutor.java:299)
	at com.kms.katalon.core.main.TestCaseExecutor.execute(TestCaseExecutor.java:233)
	at com.kms.katalon.core.main.TestSuiteExecutor.accessTestCaseMainPhase(TestSuiteExecutor.java:169)
	at com.kms.katalon.core.main.TestSuiteExecutor.accessTestSuiteMainPhase(TestSuiteExecutor.java:142)
	at com.kms.katalon.core.main.TestSuiteExecutor.execute(TestSuiteExecutor.java:91)
	at com.kms.katalon.core.main.TestCaseMain.startTestSuite(TestCaseMain.java:157)
	at com.kms.katalon.core.main.TestCaseMain$startTestSuite$0.call(Unknown Source)
	at TempTestSuite1591351978611.run(TempTestSuite1591351978611.groovy:37)
Caused by: org.openqa.selenium.NoSuchWindowException: no such window: window was already closed
  (Session info: chrome=83.0.4103.61)
Build info: version: '3.141.59', revision: 'e82be7d358', time: '2018-11-14T08:25:53'
System info: host: 'Tuyens-MacBook-Pro.local', ip: '2402:800:6384:604d:188c:1a0c:604b:3abc%en0', os.name: 'Mac OS X', os.arch: 'x86_64', os.version: '10.15.5', java.version: '1.8.0_181'
Driver info: com.kms.katalon.selenium.driver.CChromeDriver
Capabilities {acceptInsecureCerts: false, browserName: chrome, browserVersion: 83.0.4103.61, chrome: {chromedriverVersion: 83.0.4103.39 (ccbf011cb2d2b..., userDataDir: /var/folders/4p/d6s1q92j7cx...}, goog:chromeOptions: {debuggerAddress: localhost:63583}, javascriptEnabled: true, networkConnectionEnabled: false, pageLoadStrategy: normal, platform: MAC, platformName: MAC, proxy: Proxy(), setWindowRect: true, strictFileInteractability: false, timeouts: {implicit: 0, pageLoad: 300000, script: 30000}, unhandledPromptBehavior: dismiss and notify, webauthn:virtualAuthenticators: true}
Session ID: f5ceca8c0a7fd6f9ce2621a71dcc448d
*** Element info: {Using=xpath, value=//div[@id='search-items-container']/div/div[2]/div[2]/div[2]/div/div[3]/a/span}
	at org.openqa.selenium.remote.http.W3CHttpResponseCodec.createException(W3CHttpResponseCodec.java:187)
	at org.openqa.selenium.remote.http.W3CHttpResponseCodec.decode(W3CHttpResponseCodec.java:122)
	at org.openqa.selenium.remote.http.W3CHttpResponseCodec.decode(W3CHttpResponseCodec.java:49)
	at org.openqa.selenium.remote.HttpCommandExecutor.execute(HttpCommandExecutor.java:158)
	at org.openqa.selenium.remote.service.DriverCommandExecutor.execute(DriverCommandExecutor.java:83)
	at org.openqa.selenium.remote.RemoteWebDriver.execute(RemoteWebDriver.java:552)
	at com.kms.katalon.selenium.driver.CChromeDriver.execute(CChromeDriver.java:19)
	at org.openqa.selenium.remote.RemoteWebDriver.findElements(RemoteWebDriver.java:353)
	at org.openqa.selenium.remote.RemoteWebDriver.findElementsByXPath(RemoteWebDriver.java:432)
	at org.openqa.selenium.By$ByXPath.findElements(By.java:348)
	at org.openqa.selenium.remote.RemoteWebDriver.findElements(RemoteWebDriver.java:311)
	at org.openqa.selenium.support.events.EventFiringWebDriver.lambda$new$1(EventFiringWebDriver.java:105)
	at com.sun.proxy.$Proxy8.findElements(Unknown Source)
	at org.openqa.selenium.support.events.EventFiringWebDriver.findElements(EventFiringWebDriver.java:182)
	at com.kms.katalon.core.webui.common.WebUiCommonHelper.findWebElements(WebUiCommonHelper.java:789)
	at com.kms.katalon.core.webui.common.WebUiCommonHelper.findWebElement(WebUiCommonHelper.java:1150)
	at com.kms.katalon.core.webui.keyword.internal.WebUIAbstractKeyword.findWebElement(WebUIAbstractKeyword.groovy:27)
	at com.kms.katalon.core.webui.keyword.internal.WebUIAbstractKeyword.findWebElement(WebUIAbstractKeyword.groovy:26)
	at com.kms.katalon.core.webui.keyword.builtin.ClickKeyword$_click_closure1.doCall(ClickKeyword.groovy:67)
	at com.kms.katalon.core.webui.keyword.builtin.ClickKeyword$_click_closure1.call(ClickKeyword.groovy)
	at com.kms.katalon.core.webui.keyword.internal.WebUIKeywordMain.runKeyword(WebUIKeywordMain.groovy:20)
	at com.kms.katalon.core.webui.keyword.builtin.ClickKeyword.click(ClickKeyword.groovy:76)
	at com.kms.katalon.core.webui.keyword.builtin.ClickKeyword.execute(ClickKeyword.groovy:43)
	at com.kms.katalon.core.keyword.internal.KeywordExecutor.executeKeywordForPlatform(KeywordExecutor.groovy:72)
	at com.kms.katalon.core.webui.keyword.WebUiBuiltInKeywords.click(WebUiBuiltInKeywords.groovy:616)
	at com.kms.katalon.core.webui.keyword.WebUiBuiltInKeywords$click$1.call(Unknown Source)
	at Script1591327050558.run(Script1591327050558.groovy:31)
	... 13 more
)

2020-06-05 17:16:16 - [MESSAGE][WARNING] - Cannot take screenshot

2020-06-05 17:16:16 - [MESSAGE][FAILED] - Unable to click on object 'Object Repository/Page_ Town Square - eligendi Mattermost/span_Jump' (Root cause: com.kms.katalon.core.exception.StepFailedException: Unable to click on object 'Object Repository/Page_ Town Square - eligendi Mattermost/span_Jump'
	at com.kms.katalon.core.webui.keyword.internal.WebUIKeywordMain.stepFailed(WebUIKeywordMain.groovy:64)
	at com.kms.katalon.core.webui.keyword.internal.WebUIKeywordMain.runKeyword(WebUIKeywordMain.groovy:26)
	at com.kms.katalon.core.webui.keyword.builtin.ClickKeyword.click(ClickKeyword.groovy:76)
	at com.kms.katalon.core.webui.keyword.builtin.ClickKeyword.execute(ClickKeyword.groovy:43)
	at com.kms.katalon.core.keyword.internal.KeywordExecutor.executeKeywordForPlatform(KeywordExecutor.groovy:72)
	at com.kms.katalon.core.webui.keyword.WebUiBuiltInKeywords.click(WebUiBuiltInKeywords.groovy:616)
	at com.kms.katalon.core.webui.keyword.WebUiBuiltInKeywords$click$1.call(Unknown Source)
	at view recent mentions.run(view recent mentions:31)
	at com.kms.katalon.core.main.ScriptEngine.run(ScriptEngine.java:194)
	at com.kms.katalon.core.main.ScriptEngine.runScriptAsRawText(ScriptEngine.java:119)
	at com.kms.katalon.core.main.TestCaseExecutor.runScript(TestCaseExecutor.java:337)
	at com.kms.katalon.core.main.TestCaseExecutor.doExecute(TestCaseExecutor.java:328)
	at com.kms.katalon.core.main.TestCaseExecutor.processExecutionPhase(TestCaseExecutor.java:307)
	at com.kms.katalon.core.main.TestCaseExecutor.accessMainPhase(TestCaseExecutor.java:299)
	at com.kms.katalon.core.main.TestCaseExecutor.execute(TestCaseExecutor.java:233)
	at com.kms.katalon.core.main.TestSuiteExecutor.accessTestCaseMainPhase(TestSuiteExecutor.java:169)
	at com.kms.katalon.core.main.TestSuiteExecutor.accessTestSuiteMainPhase(TestSuiteExecutor.java:142)
	at com.kms.katalon.core.main.TestSuiteExecutor.execute(TestSuiteExecutor.java:91)
	at com.kms.katalon.core.main.TestCaseMain.startTestSuite(TestCaseMain.java:157)
	at com.kms.katalon.core.main.TestCaseMain$startTestSuite$0.call(Unknown Source)
	at TempTestSuite1591351978611.run(TempTestSuite1591351978611.groovy:37)
Caused by: org.openqa.selenium.NoSuchWindowException: no such window: window was already closed
  (Session info: chrome=83.0.4103.61)
Build info: version: '3.141.59', revision: 'e82be7d358', time: '2018-11-14T08:25:53'
System info: host: 'Tuyens-MacBook-Pro.local', ip: '2402:800:6384:604d:188c:1a0c:604b:3abc%en0', os.name: 'Mac OS X', os.arch: 'x86_64', os.version: '10.15.5', java.version: '1.8.0_181'
Driver info: com.kms.katalon.selenium.driver.CChromeDriver
Capabilities {acceptInsecureCerts: false, browserName: chrome, browserVersion: 83.0.4103.61, chrome: {chromedriverVersion: 83.0.4103.39 (ccbf011cb2d2b..., userDataDir: /var/folders/4p/d6s1q92j7cx...}, goog:chromeOptions: {debuggerAddress: localhost:63583}, javascriptEnabled: true, networkConnectionEnabled: false, pageLoadStrategy: normal, platform: MAC, platformName: MAC, proxy: Proxy(), setWindowRect: true, strictFileInteractability: false, timeouts: {implicit: 0, pageLoad: 300000, script: 30000}, unhandledPromptBehavior: dismiss and notify, webauthn:virtualAuthenticators: true}
Session ID: f5ceca8c0a7fd6f9ce2621a71dcc448d
*** Element info: {Using=xpath, value=//div[@id='search-items-container']/div/div[2]/div[2]/div[2]/div/div[3]/a/span}
	at org.openqa.selenium.remote.http.W3CHttpResponseCodec.createException(W3CHttpResponseCodec.java:187)
	at org.openqa.selenium.remote.http.W3CHttpResponseCodec.decode(W3CHttpResponseCodec.java:122)
	at org.openqa.selenium.remote.http.W3CHttpResponseCodec.decode(W3CHttpResponseCodec.java:49)
	at org.openqa.selenium.remote.HttpCommandExecutor.execute(HttpCommandExecutor.java:158)
	at org.openqa.selenium.remote.service.DriverCommandExecutor.execute(DriverCommandExecutor.java:83)
	at org.openqa.selenium.remote.RemoteWebDriver.execute(RemoteWebDriver.java:552)
	at com.kms.katalon.selenium.driver.CChromeDriver.execute(CChromeDriver.java:19)
	at org.openqa.selenium.remote.RemoteWebDriver.findElements(RemoteWebDriver.java:353)
	at org.openqa.selenium.remote.RemoteWebDriver.findElementsByXPath(RemoteWebDriver.java:432)
	at org.openqa.selenium.By$ByXPath.findElements(By.java:348)
	at org.openqa.selenium.remote.RemoteWebDriver.findElements(RemoteWebDriver.java:311)
	at org.openqa.selenium.support.events.EventFiringWebDriver.lambda$new$1(EventFiringWebDriver.java:105)
	at com.sun.proxy.$Proxy8.findElements(Unknown Source)
	at org.openqa.selenium.support.events.EventFiringWebDriver.findElements(EventFiringWebDriver.java:182)
	at com.kms.katalon.core.webui.common.WebUiCommonHelper.findWebElements(WebUiCommonHelper.java:789)
	at com.kms.katalon.core.webui.common.WebUiCommonHelper.findWebElement(WebUiCommonHelper.java:1150)
	at com.kms.katalon.core.webui.keyword.internal.WebUIAbstractKeyword.findWebElement(WebUIAbstractKeyword.groovy:27)
	at com.kms.katalon.core.webui.keyword.internal.WebUIAbstractKeyword.findWebElement(WebUIAbstractKeyword.groovy:26)
	at com.kms.katalon.core.webui.keyword.builtin.ClickKeyword$_click_closure1.doCall(ClickKeyword.groovy:67)
	at com.kms.katalon.core.webui.keyword.builtin.ClickKeyword$_click_closure1.call(ClickKeyword.groovy)
	at com.kms.katalon.core.webui.keyword.internal.WebUIKeywordMain.runKeyword(WebUIKeywordMain.groovy:20)
	at com.kms.katalon.core.webui.keyword.builtin.ClickKeyword.click(ClickKeyword.groovy:76)
	at com.kms.katalon.core.webui.keyword.builtin.ClickKeyword.execute(ClickKeyword.groovy:43)
	at com.kms.katalon.core.keyword.internal.KeywordExecutor.executeKeywordForPlatform(KeywordExecutor.groovy:72)
	at com.kms.katalon.core.webui.keyword.WebUiBuiltInKeywords.click(WebUiBuiltInKeywords.groovy:616)
	at com.kms.katalon.core.webui.keyword.WebUiBuiltInKeywords$click$1.call(Unknown Source)
	at Script1591327050558.run(Script1591327050558.groovy:31)
	... 13 more
)]]></system-out>
         <system-err><![CDATA[2020-06-05 17:15:55 - [TEST_CASE][FAILED] - Test Cases/view recent mentions: Test Cases/view recent mentions FAILED.
Reason:
com.kms.katalon.core.exception.StepFailedException: Unable to click on object 'Object Repository/Page_ Town Square - eligendi Mattermost/span_Jump'
	at com.kms.katalon.core.webui.keyword.internal.WebUIKeywordMain.stepFailed(WebUIKeywordMain.groovy:64)
	at com.kms.katalon.core.webui.keyword.internal.WebUIKeywordMain.runKeyword(WebUIKeywordMain.groovy:26)
	at com.kms.katalon.core.webui.keyword.builtin.ClickKeyword.click(ClickKeyword.groovy:76)
	at com.kms.katalon.core.webui.keyword.builtin.ClickKeyword.execute(ClickKeyword.groovy:43)
	at com.kms.katalon.core.keyword.internal.KeywordExecutor.executeKeywordForPlatform(KeywordExecutor.groovy:72)
	at com.kms.katalon.core.webui.keyword.WebUiBuiltInKeywords.click(WebUiBuiltInKeywords.groovy:616)
	at com.kms.katalon.core.webui.keyword.WebUiBuiltInKeywords$click$1.call(Unknown Source)
	at view recent mentions.run(view recent mentions:31)
	at com.kms.katalon.core.main.ScriptEngine.run(ScriptEngine.java:194)
	at com.kms.katalon.core.main.ScriptEngine.runScriptAsRawText(ScriptEngine.java:119)
	at com.kms.katalon.core.main.TestCaseExecutor.runScript(TestCaseExecutor.java:337)
	at com.kms.katalon.core.main.TestCaseExecutor.doExecute(TestCaseExecutor.java:328)
	at com.kms.katalon.core.main.TestCaseExecutor.processExecutionPhase(TestCaseExecutor.java:307)
	at com.kms.katalon.core.main.TestCaseExecutor.accessMainPhase(TestCaseExecutor.java:299)
	at com.kms.katalon.core.main.TestCaseExecutor.execute(TestCaseExecutor.java:233)
	at com.kms.katalon.core.main.TestSuiteExecutor.accessTestCaseMainPhase(TestSuiteExecutor.java:169)
	at com.kms.katalon.core.main.TestSuiteExecutor.accessTestSuiteMainPhase(TestSuiteExecutor.java:142)
	at com.kms.katalon.core.main.TestSuiteExecutor.execute(TestSuiteExecutor.java:91)
	at com.kms.katalon.core.main.TestCaseMain.startTestSuite(TestCaseMain.java:157)
	at com.kms.katalon.core.main.TestCaseMain$startTestSuite$0.call(Unknown Source)
	at TempTestSuite1591351978611.run(TempTestSuite1591351978611.groovy:37)
Caused by: org.openqa.selenium.NoSuchWindowException: no such window: window was already closed
  (Session info: chrome=83.0.4103.61)
Build info: version: '3.141.59', revision: 'e82be7d358', time: '2018-11-14T08:25:53'
System info: host: 'Tuyens-MacBook-Pro.local', ip: '2402:800:6384:604d:188c:1a0c:604b:3abc%en0', os.name: 'Mac OS X', os.arch: 'x86_64', os.version: '10.15.5', java.version: '1.8.0_181'
Driver info: com.kms.katalon.selenium.driver.CChromeDriver
Capabilities {acceptInsecureCerts: false, browserName: chrome, browserVersion: 83.0.4103.61, chrome: {chromedriverVersion: 83.0.4103.39 (ccbf011cb2d2b..., userDataDir: /var/folders/4p/d6s1q92j7cx...}, goog:chromeOptions: {debuggerAddress: localhost:63583}, javascriptEnabled: true, networkConnectionEnabled: false, pageLoadStrategy: normal, platform: MAC, platformName: MAC, proxy: Proxy(), setWindowRect: true, strictFileInteractability: false, timeouts: {implicit: 0, pageLoad: 300000, script: 30000}, unhandledPromptBehavior: dismiss and notify, webauthn:virtualAuthenticators: true}
Session ID: f5ceca8c0a7fd6f9ce2621a71dcc448d
*** Element info: {Using=xpath, value=//div[@id='search-items-container']/div/div[2]/div[2]/div[2]/div/div[3]/a/span}
	at org.openqa.selenium.remote.http.W3CHttpResponseCodec.createException(W3CHttpResponseCodec.java:187)
	at org.openqa.selenium.remote.http.W3CHttpResponseCodec.decode(W3CHttpResponseCodec.java:122)
	at org.openqa.selenium.remote.http.W3CHttpResponseCodec.decode(W3CHttpResponseCodec.java:49)
	at org.openqa.selenium.remote.HttpCommandExecutor.execute(HttpCommandExecutor.java:158)
	at org.openqa.selenium.remote.service.DriverCommandExecutor.execute(DriverCommandExecutor.java:83)
	at org.openqa.selenium.remote.RemoteWebDriver.execute(RemoteWebDriver.java:552)
	at com.kms.katalon.selenium.driver.CChromeDriver.execute(CChromeDriver.java:19)
	at org.openqa.selenium.remote.RemoteWebDriver.findElements(RemoteWebDriver.java:353)
	at org.openqa.selenium.remote.RemoteWebDriver.findElementsByXPath(RemoteWebDriver.java:432)
	at org.openqa.selenium.By$ByXPath.findElements(By.java:348)
	at org.openqa.selenium.remote.RemoteWebDriver.findElements(RemoteWebDriver.java:311)
	at org.openqa.selenium.support.events.EventFiringWebDriver.lambda$new$1(EventFiringWebDriver.java:105)
	at com.sun.proxy.$Proxy8.findElements(Unknown Source)
	at org.openqa.selenium.support.events.EventFiringWebDriver.findElements(EventFiringWebDriver.java:182)
	at com.kms.katalon.core.webui.common.WebUiCommonHelper.findWebElements(WebUiCommonHelper.java:789)
	at com.kms.katalon.core.webui.common.WebUiCommonHelper.findWebElement(WebUiCommonHelper.java:1150)
	at com.kms.katalon.core.webui.keyword.internal.WebUIAbstractKeyword.findWebElement(WebUIAbstractKeyword.groovy:27)
	at com.kms.katalon.core.webui.keyword.internal.WebUIAbstractKeyword.findWebElement(WebUIAbstractKeyword.groovy:26)
	at com.kms.katalon.core.webui.keyword.builtin.ClickKeyword$_click_closure1.doCall(ClickKeyword.groovy:67)
	at com.kms.katalon.core.webui.keyword.builtin.ClickKeyword$_click_closure1.call(ClickKeyword.groovy)
	at com.kms.katalon.core.webui.keyword.internal.WebUIKeywordMain.runKeyword(WebUIKeywordMain.groovy:20)
	... 19 more]]></system-err>
      </testcase>
      <testcase name="Test Cases/edit channel purpose" time="11.662" classname="Test Cases/edit channel purpose" status="PASSED">
         <system-out><![CDATA[2020-06-05 17:16:16 - [TEST_CASE][PASSED] - Test Cases/edit channel purpose: Test Cases/edit channel purpose

2020-06-05 17:16:17 - [TEST_STEP][PASSED] - openBrowser(""): Browser is opened with url: ''

2020-06-05 17:16:17 - [MESSAGE][WARNING] - A browser is already opened. Closing browser and opening a new one

2020-06-05 17:16:17 - [MESSAGE][INFO] - Starting 'Chrome' driver

2020-06-05 17:16:17 - [MESSAGE][INFO] - Action delay is set to 0 milliseconds

2020-06-05 17:16:18 - [MESSAGE][PASSED] - Browser is opened with url: ''

2020-06-05 17:16:18 - [TEST_STEP][PASSED] - navigateToUrl("http://localhost:8065/"): Navigate to 'http://localhost:8065/' successfully

2020-06-05 17:16:19 - [MESSAGE][PASSED] - Navigate to 'http://localhost:8065/' successfully

2020-06-05 17:16:19 - [TEST_STEP][PASSED] - setText(findTestObject("Page_Mattermost/input_All team communication in one place s_703ef5"), "sysadmin"): Text 'sysadmin' is set on object 'Object Repository/Page_Mattermost/input_All team communication in one place s_703ef5'

2020-06-05 17:16:21 - [MESSAGE][PASSED] - Text 'sysadmin' is set on object 'Object Repository/Page_Mattermost/input_All team communication in one place s_703ef5'

2020-06-05 17:16:21 - [TEST_STEP][PASSED] - setEncryptedText(findTestObject("Page_Mattermost/input_All team communication in one place s_2f2733"), "2SwE/drL9BoSDSAWnt1s8EiQe9rbSfQc"): Text ****** has been set on object 'Object Repository/Page_Mattermost/input_All team communication in one place s_2f2733'

2020-06-05 17:16:22 - [MESSAGE][PASSED] - Text ****** has been set on object 'Object Repository/Page_Mattermost/input_All team communication in one place s_2f2733'

2020-06-05 17:16:22 - [TEST_STEP][PASSED] - click(findTestObject("Page_Mattermost/span_Sign in")): Object: 'Object Repository/Page_Mattermost/span_Sign in' is clicked on

2020-06-05 17:16:23 - [MESSAGE][PASSED] - Object: 'Object Repository/Page_Mattermost/span_Sign in' is clicked on

2020-06-05 17:16:23 - [TEST_STEP][PASSED] - click(findTestObject("Page_ Town Square remane - eligendi Mattermost/span_Town Square remane_channelHeaderDropdownIcon")): Object: 'Object Repository/Page_ Town Square remane - eligendi Mattermost/span_Town Square remane_channelHeaderDropdownIcon' is clicked on

2020-06-05 17:16:25 - [MESSAGE][PASSED] - Object: 'Object Repository/Page_ Town Square remane - eligendi Mattermost/span_Town Square remane_channelHeaderDropdownIcon' is clicked on

2020-06-05 17:16:25 - [TEST_STEP][PASSED] - click(findTestObject("Object Repository/Page_ Town Square remane - eligendi Mattermost/span_Edit Channel Purpose")): Object: 'Object Repository/Page_ Town Square remane - eligendi Mattermost/span_Edit Channel Purpose' is clicked on

2020-06-05 17:16:26 - [MESSAGE][PASSED] - Object: 'Object Repository/Page_ Town Square remane - eligendi Mattermost/span_Edit Channel Purpose' is clicked on

2020-06-05 17:16:26 - [TEST_STEP][PASSED] - setText(findTestObject("Object Repository/Page_ Town Square remane - eligendi Mattermost/textarea_Town Square remane_form-control no-resize"), "this is purpose of channel"): Text 'this is purpose of channel' is set on object 'Object Repository/Page_ Town Square remane - eligendi Mattermost/textarea_Town Square remane_form-control no-resize'

2020-06-05 17:16:27 - [MESSAGE][PASSED] - Text 'this is purpose of channel' is set on object 'Object Repository/Page_ Town Square remane - eligendi Mattermost/textarea_Town Square remane_form-control no-resize'

2020-06-05 17:16:27 - [TEST_STEP][PASSED] - click(findTestObject("Object Repository/Page_ Town Square remane - eligendi Mattermost/span_Save")): Object: 'Object Repository/Page_ Town Square remane - eligendi Mattermost/span_Save' is clicked on

2020-06-05 17:16:28 - [MESSAGE][PASSED] - Object: 'Object Repository/Page_ Town Square remane - eligendi Mattermost/span_Save' is clicked on

2020-06-05 17:16:28 - [TEST_STEP][PASSED] - closeBrowser(): Browser is closed

2020-06-05 17:16:28 - [MESSAGE][PASSED] - Browser is closed]]></system-out>
         <system-err><![CDATA[]]></system-err>
      </testcase>
      <testcase name="Test Cases/user login" time="5.826" classname="Test Cases/user login" status="PASSED">
         <system-out><![CDATA[2020-06-05 17:16:28 - [TEST_CASE][PASSED] - Test Cases/user login: Test Cases/user login

2020-06-05 17:16:28 - [TEST_STEP][PASSED] - openBrowser(""): Browser is opened with url: ''

2020-06-05 17:16:28 - [MESSAGE][INFO] - Starting 'Chrome' driver

2020-06-05 17:16:28 - [MESSAGE][INFO] - Action delay is set to 0 milliseconds

2020-06-05 17:16:30 - [MESSAGE][PASSED] - Browser is opened with url: ''

2020-06-05 17:16:30 - [TEST_STEP][PASSED] - navigateToUrl("http://localhost:8065/login"): Navigate to 'http://localhost:8065/login' successfully

2020-06-05 17:16:31 - [MESSAGE][PASSED] - Navigate to 'http://localhost:8065/login' successfully

2020-06-05 17:16:31 - [TEST_STEP][PASSED] - click(findTestObject("Object Repository/Page_Mattermost/div_MattermostAll team communication in one_8a1968")): Object: 'Object Repository/Page_Mattermost/div_MattermostAll team communication in one_8a1968' is clicked on

2020-06-05 17:16:32 - [MESSAGE][PASSED] - Object: 'Object Repository/Page_Mattermost/div_MattermostAll team communication in one_8a1968' is clicked on

2020-06-05 17:16:32 - [TEST_STEP][PASSED] - setText(findTestObject("Object Repository/Page_Mattermost/input_All team communication in one place s_703ef5"), username): Text '' is set on object 'Object Repository/Page_Mattermost/input_All team communication in one place s_703ef5'

2020-06-05 17:16:33 - [MESSAGE][PASSED] - Text '' is set on object 'Object Repository/Page_Mattermost/input_All team communication in one place s_703ef5'

2020-06-05 17:16:33 - [TEST_STEP][PASSED] - setText(findTestObject("Object Repository/Page_Mattermost/input_All team communication in one place s_2f2733"), password): Text '' is set on object 'Object Repository/Page_Mattermost/input_All team communication in one place s_2f2733'

2020-06-05 17:16:33 - [MESSAGE][PASSED] - Text '' is set on object 'Object Repository/Page_Mattermost/input_All team communication in one place s_2f2733'

2020-06-05 17:16:33 - [TEST_STEP][PASSED] - click(findTestObject("Object Repository/Page_Mattermost/span_Sign in")): Object: 'Object Repository/Page_Mattermost/span_Sign in' is clicked on

2020-06-05 17:16:34 - [MESSAGE][PASSED] - Object: 'Object Repository/Page_Mattermost/span_Sign in' is clicked on]]></system-out>
         <system-err><![CDATA[]]></system-err>
      </testcase>
      <testcase name="Test Cases/write message to me" time="16.334" classname="Test Cases/write message to me" status="PASSED">
         <system-out><![CDATA[2020-06-05 17:16:34 - [TEST_CASE][PASSED] - Test Cases/write message to me: Test Cases/write message to me

2020-06-05 17:16:34 - [TEST_STEP][PASSED] - openBrowser(""): Browser is opened with url: ''

2020-06-05 17:16:34 - [MESSAGE][WARNING] - A browser is already opened. Closing browser and opening a new one

2020-06-05 17:16:34 - [MESSAGE][INFO] - Starting 'Chrome' driver

2020-06-05 17:16:34 - [MESSAGE][INFO] - Action delay is set to 0 milliseconds

2020-06-05 17:16:36 - [MESSAGE][PASSED] - Browser is opened with url: ''

2020-06-05 17:16:36 - [TEST_STEP][PASSED] - navigateToUrl("http://localhost:8065/"): Navigate to 'http://localhost:8065/' successfully

2020-06-05 17:16:36 - [MESSAGE][PASSED] - Navigate to 'http://localhost:8065/' successfully

2020-06-05 17:16:36 - [TEST_STEP][PASSED] - setText(findTestObject("Page_Mattermost/input_All team communication in one place s_703ef5"), "sysadmin"): Text 'sysadmin' is set on object 'Object Repository/Page_Mattermost/input_All team communication in one place s_703ef5'

2020-06-05 17:16:38 - [MESSAGE][PASSED] - Text 'sysadmin' is set on object 'Object Repository/Page_Mattermost/input_All team communication in one place s_703ef5'

2020-06-05 17:16:38 - [TEST_STEP][PASSED] - setEncryptedText(findTestObject("Page_Mattermost/input_All team communication in one place s_2f2733"), "2SwE/drL9BoSDSAWnt1s8EiQe9rbSfQc"): Text ****** has been set on object 'Object Repository/Page_Mattermost/input_All team communication in one place s_2f2733'

2020-06-05 17:16:39 - [MESSAGE][PASSED] - Text ****** has been set on object 'Object Repository/Page_Mattermost/input_All team communication in one place s_2f2733'

2020-06-05 17:16:39 - [TEST_STEP][PASSED] - click(findTestObject("Page_Mattermost/button_Sign in")): Object: 'Object Repository/Page_Mattermost/button_Sign in' is clicked on

2020-06-05 17:16:39 - [MESSAGE][PASSED] - Object: 'Object Repository/Page_Mattermost/button_Sign in' is clicked on

2020-06-05 17:16:39 - [TEST_STEP][PASSED] - for ([i = 0, i < 2, (i++)]): Keys 'ENTER + ' sent to object: 'Object Repository/Page_ Town Square - eligendi Mattermost/textarea_Write to Town Square_post_textbox'

2020-06-05 17:16:39 - [TEST_STEP][PASSED] - setText(findTestObject("Page_ Town Square - eligendi Mattermost/textarea_Write to Town Square_post_textbox"), String.format("for loop %d - just test", i)): Text 'for loop 0 - just test' is set on object 'Object Repository/Page_ Town Square - eligendi Mattermost/textarea_Write to Town Square_post_textbox'

2020-06-05 17:16:44 - [MESSAGE][PASSED] - Text 'for loop 0 - just test' is set on object 'Object Repository/Page_ Town Square - eligendi Mattermost/textarea_Write to Town Square_post_textbox'

2020-06-05 17:16:44 - [TEST_STEP][PASSED] - sendKeys(findTestObject("Page_ Town Square - eligendi Mattermost/textarea_Write to Town Square_post_textbox"), Keys.chord(ENTER)): Keys 'ENTER + ' sent to object: 'Object Repository/Page_ Town Square - eligendi Mattermost/textarea_Write to Town Square_post_textbox'

2020-06-05 17:16:45 - [MESSAGE][PASSED] - Keys 'ENTER + ' sent to object: 'Object Repository/Page_ Town Square - eligendi Mattermost/textarea_Write to Town Square_post_textbox'

2020-06-05 17:16:45 - [TEST_STEP][PASSED] - setText(findTestObject("Page_ Town Square - eligendi Mattermost/textarea_Write to Town Square_post_textbox"), String.format("for loop %d - just test", i)): Text 'for loop 1 - just test' is set on object 'Object Repository/Page_ Town Square - eligendi Mattermost/textarea_Write to Town Square_post_textbox'

2020-06-05 17:16:47 - [MESSAGE][PASSED] - Text 'for loop 1 - just test' is set on object 'Object Repository/Page_ Town Square - eligendi Mattermost/textarea_Write to Town Square_post_textbox'

2020-06-05 17:16:47 - [TEST_STEP][PASSED] - sendKeys(findTestObject("Page_ Town Square - eligendi Mattermost/textarea_Write to Town Square_post_textbox"), Keys.chord(ENTER)): Keys 'ENTER + ' sent to object: 'Object Repository/Page_ Town Square - eligendi Mattermost/textarea_Write to Town Square_post_textbox'

2020-06-05 17:16:48 - [MESSAGE][PASSED] - Keys 'ENTER + ' sent to object: 'Object Repository/Page_ Town Square - eligendi Mattermost/textarea_Write to Town Square_post_textbox'

2020-06-05 17:16:48 - [TEST_STEP][PASSED] - setText(findTestObject("Page_ Town Square - eligendi Mattermost/textarea_Write to Town Square_post_textbox"), "end loop - another text"): Text 'end loop - another text' is set on object 'Object Repository/Page_ Town Square - eligendi Mattermost/textarea_Write to Town Square_post_textbox'

2020-06-05 17:16:49 - [MESSAGE][PASSED] - Text 'end loop - another text' is set on object 'Object Repository/Page_ Town Square - eligendi Mattermost/textarea_Write to Town Square_post_textbox'

2020-06-05 17:16:49 - [TEST_STEP][PASSED] - sendKeys(findTestObject("Page_ Town Square - eligendi Mattermost/textarea_Write to Town Square_post_textbox"), Keys.chord(ENTER)): Keys 'ENTER + ' sent to object: 'Object Repository/Page_ Town Square - eligendi Mattermost/textarea_Write to Town Square_post_textbox'

2020-06-05 17:16:50 - [MESSAGE][PASSED] - Keys 'ENTER + ' sent to object: 'Object Repository/Page_ Town Square - eligendi Mattermost/textarea_Write to Town Square_post_textbox'

2020-06-05 17:16:50 - [TEST_STEP][PASSED] - closeBrowser(): Browser is closed

2020-06-05 17:16:50 - [MESSAGE][PASSED] - Browser is closed]]></system-out>
         <system-err><![CDATA[]]></system-err>
      </testcase>
      <testcase name="Test Cases/Add reaction to a message" time="19.443" classname="Test Cases/Add reaction to a message" status="FAILED">
         <failure type="FAILED" message="Test Cases/Add reaction to a message FAILED.
Reason:
com.kms.katalon.core.exception.StepFailedException: Unable to click on object 'Object Repository/Page_ Town Square - eligendi Mattermost/path'
	at com.kms.katalon.core.webui.keyword.internal.WebUIKeywordMain.stepFailed(WebUIKeywordMain.groovy:64)
	at com.kms.katalon.core.webui.keyword.internal.WebUIKeywordMain.runKeyword(WebUIKeywordMain.groovy:26)
	at com.kms.katalon.core.webui.keyword.builtin.ClickKeyword.click(ClickKeyword.groovy:76)
	at com.kms.katalon.core.webui.keyword.builtin.ClickKeyword.execute(ClickKeyword.groovy:43)
	at com.kms.katalon.core.keyword.internal.KeywordExecutor.executeKeywordForPlatform(KeywordExecutor.groovy:72)
	at com.kms.katalon.core.webui.keyword.WebUiBuiltInKeywords.click(WebUiBuiltInKeywords.groovy:616)
	at com.kms.katalon.core.webui.keyword.WebUiBuiltInKeywords$click$1.call(Unknown Source)
	at Add reaction to a message.run(Add reaction to a message:29)
	at com.kms.katalon.core.main.ScriptEngine.run(ScriptEngine.java:194)
	at com.kms.katalon.core.main.ScriptEngine.runScriptAsRawText(ScriptEngine.java:119)
	at com.kms.katalon.core.main.TestCaseExecutor.runScript(TestCaseExecutor.java:337)
	at com.kms.katalon.core.main.TestCaseExecutor.doExecute(TestCaseExecutor.java:328)
	at com.kms.katalon.core.main.TestCaseExecutor.processExecutionPhase(TestCaseExecutor.java:307)
	at com.kms.katalon.core.main.TestCaseExecutor.accessMainPhase(TestCaseExecutor.java:299)
	at com.kms.katalon.core.main.TestCaseExecutor.execute(TestCaseExecutor.java:233)
	at com.kms.katalon.core.main.TestSuiteExecutor.accessTestCaseMainPhase(TestSuiteExecutor.java:169)
	at com.kms.katalon.core.main.TestSuiteExecutor.accessTestSuiteMainPhase(TestSuiteExecutor.java:142)
	at com.kms.katalon.core.main.TestSuiteExecutor.execute(TestSuiteExecutor.java:91)
	at com.kms.katalon.core.main.TestCaseMain.startTestSuite(TestCaseMain.java:157)
	at com.kms.katalon.core.main.TestCaseMain$startTestSuite$0.call(Unknown Source)
	at TempTestSuite1591351978611.run(TempTestSuite1591351978611.groovy:37)
Caused by: org.openqa.selenium.NoSuchWindowException: no such window: window was already closed
  (Session info: chrome=83.0.4103.61)
Build info: version: '3.141.59', revision: 'e82be7d358', time: '2018-11-14T08:25:53'
System info: host: 'Tuyens-MacBook-Pro.local', ip: '2402:800:6384:604d:188c:1a0c:604b:3abc%en0', os.name: 'Mac OS X', os.arch: 'x86_64', os.version: '10.15.5', java.version: '1.8.0_181'
Driver info: com.kms.katalon.selenium.driver.CChromeDriver
Capabilities {acceptInsecureCerts: false, browserName: chrome, browserVersion: 83.0.4103.61, chrome: {chromedriverVersion: 83.0.4103.39 (ccbf011cb2d2b..., userDataDir: /var/folders/4p/d6s1q92j7cx...}, goog:chromeOptions: {debuggerAddress: localhost:63887}, javascriptEnabled: true, networkConnectionEnabled: false, pageLoadStrategy: normal, platform: MAC, platformName: MAC, proxy: Proxy(), setWindowRect: true, strictFileInteractability: false, timeouts: {implicit: 0, pageLoad: 300000, script: 30000}, unhandledPromptBehavior: dismiss and notify, webauthn:virtualAuthenticators: true}
Session ID: 85ddc70b78e9fca0c2de5229ccfa9e04
*** Element info: {Using=xpath, value=}
	at org.openqa.selenium.remote.http.W3CHttpResponseCodec.createException(W3CHttpResponseCodec.java:187)
	at org.openqa.selenium.remote.http.W3CHttpResponseCodec.decode(W3CHttpResponseCodec.java:122)
	at org.openqa.selenium.remote.http.W3CHttpResponseCodec.decode(W3CHttpResponseCodec.java:49)
	at org.openqa.selenium.remote.HttpCommandExecutor.execute(HttpCommandExecutor.java:158)
	at org.openqa.selenium.remote.service.DriverCommandExecutor.execute(DriverCommandExecutor.java:83)
	at org.openqa.selenium.remote.RemoteWebDriver.execute(RemoteWebDriver.java:552)
	at com.kms.katalon.selenium.driver.CChromeDriver.execute(CChromeDriver.java:19)
	at org.openqa.selenium.remote.RemoteWebDriver.findElements(RemoteWebDriver.java:353)
	at org.openqa.selenium.remote.RemoteWebDriver.findElementsByXPath(RemoteWebDriver.java:432)
	at org.openqa.selenium.By$ByXPath.findElements(By.java:348)
	at org.openqa.selenium.remote.RemoteWebDriver.findElements(RemoteWebDriver.java:311)
	at org.openqa.selenium.support.events.EventFiringWebDriver.lambda$new$1(EventFiringWebDriver.java:105)
	at com.sun.proxy.$Proxy8.findElements(Unknown Source)
	at org.openqa.selenium.support.events.EventFiringWebDriver.findElements(EventFiringWebDriver.java:182)
	at com.kms.katalon.core.webui.common.WebUiCommonHelper.findWebElements(WebUiCommonHelper.java:789)
	at com.kms.katalon.core.webui.common.WebUiCommonHelper.findWebElement(WebUiCommonHelper.java:1150)
	at com.kms.katalon.core.webui.keyword.internal.WebUIAbstractKeyword.findWebElement(WebUIAbstractKeyword.groovy:27)
	at com.kms.katalon.core.webui.keyword.internal.WebUIAbstractKeyword.findWebElement(WebUIAbstractKeyword.groovy:26)
	at com.kms.katalon.core.webui.keyword.builtin.ClickKeyword$_click_closure1.doCall(ClickKeyword.groovy:67)
	at com.kms.katalon.core.webui.keyword.builtin.ClickKeyword$_click_closure1.call(ClickKeyword.groovy)
	at com.kms.katalon.core.webui.keyword.internal.WebUIKeywordMain.runKeyword(WebUIKeywordMain.groovy:20)
	... 19 more
"/>
         <system-out><![CDATA[2020-06-05 17:16:50 - [TEST_CASE][FAILED] - Test Cases/Add reaction to a message: Test Cases/Add reaction to a message FAILED.
Reason:
com.kms.katalon.core.exception.StepFailedException: Unable to click on object 'Object Repository/Page_ Town Square - eligendi Mattermost/path'
	at com.kms.katalon.core.webui.keyword.internal.WebUIKeywordMain.stepFailed(WebUIKeywordMain.groovy:64)
	at com.kms.katalon.core.webui.keyword.internal.WebUIKeywordMain.runKeyword(WebUIKeywordMain.groovy:26)
	at com.kms.katalon.core.webui.keyword.builtin.ClickKeyword.click(ClickKeyword.groovy:76)
	at com.kms.katalon.core.webui.keyword.builtin.ClickKeyword.execute(ClickKeyword.groovy:43)
	at com.kms.katalon.core.keyword.internal.KeywordExecutor.executeKeywordForPlatform(KeywordExecutor.groovy:72)
	at com.kms.katalon.core.webui.keyword.WebUiBuiltInKeywords.click(WebUiBuiltInKeywords.groovy:616)
	at com.kms.katalon.core.webui.keyword.WebUiBuiltInKeywords$click$1.call(Unknown Source)
	at Add reaction to a message.run(Add reaction to a message:29)
	at com.kms.katalon.core.main.ScriptEngine.run(ScriptEngine.java:194)
	at com.kms.katalon.core.main.ScriptEngine.runScriptAsRawText(ScriptEngine.java:119)
	at com.kms.katalon.core.main.TestCaseExecutor.runScript(TestCaseExecutor.java:337)
	at com.kms.katalon.core.main.TestCaseExecutor.doExecute(TestCaseExecutor.java:328)
	at com.kms.katalon.core.main.TestCaseExecutor.processExecutionPhase(TestCaseExecutor.java:307)
	at com.kms.katalon.core.main.TestCaseExecutor.accessMainPhase(TestCaseExecutor.java:299)
	at com.kms.katalon.core.main.TestCaseExecutor.execute(TestCaseExecutor.java:233)
	at com.kms.katalon.core.main.TestSuiteExecutor.accessTestCaseMainPhase(TestSuiteExecutor.java:169)
	at com.kms.katalon.core.main.TestSuiteExecutor.accessTestSuiteMainPhase(TestSuiteExecutor.java:142)
	at com.kms.katalon.core.main.TestSuiteExecutor.execute(TestSuiteExecutor.java:91)
	at com.kms.katalon.core.main.TestCaseMain.startTestSuite(TestCaseMain.java:157)
	at com.kms.katalon.core.main.TestCaseMain$startTestSuite$0.call(Unknown Source)
	at TempTestSuite1591351978611.run(TempTestSuite1591351978611.groovy:37)
Caused by: org.openqa.selenium.NoSuchWindowException: no such window: window was already closed
  (Session info: chrome=83.0.4103.61)
Build info: version: '3.141.59', revision: 'e82be7d358', time: '2018-11-14T08:25:53'
System info: host: 'Tuyens-MacBook-Pro.local', ip: '2402:800:6384:604d:188c:1a0c:604b:3abc%en0', os.name: 'Mac OS X', os.arch: 'x86_64', os.version: '10.15.5', java.version: '1.8.0_181'
Driver info: com.kms.katalon.selenium.driver.CChromeDriver
Capabilities {acceptInsecureCerts: false, browserName: chrome, browserVersion: 83.0.4103.61, chrome: {chromedriverVersion: 83.0.4103.39 (ccbf011cb2d2b..., userDataDir: /var/folders/4p/d6s1q92j7cx...}, goog:chromeOptions: {debuggerAddress: localhost:63887}, javascriptEnabled: true, networkConnectionEnabled: false, pageLoadStrategy: normal, platform: MAC, platformName: MAC, proxy: Proxy(), setWindowRect: true, strictFileInteractability: false, timeouts: {implicit: 0, pageLoad: 300000, script: 30000}, unhandledPromptBehavior: dismiss and notify, webauthn:virtualAuthenticators: true}
Session ID: 85ddc70b78e9fca0c2de5229ccfa9e04
*** Element info: {Using=xpath, value=}
	at org.openqa.selenium.remote.http.W3CHttpResponseCodec.createException(W3CHttpResponseCodec.java:187)
	at org.openqa.selenium.remote.http.W3CHttpResponseCodec.decode(W3CHttpResponseCodec.java:122)
	at org.openqa.selenium.remote.http.W3CHttpResponseCodec.decode(W3CHttpResponseCodec.java:49)
	at org.openqa.selenium.remote.HttpCommandExecutor.execute(HttpCommandExecutor.java:158)
	at org.openqa.selenium.remote.service.DriverCommandExecutor.execute(DriverCommandExecutor.java:83)
	at org.openqa.selenium.remote.RemoteWebDriver.execute(RemoteWebDriver.java:552)
	at com.kms.katalon.selenium.driver.CChromeDriver.execute(CChromeDriver.java:19)
	at org.openqa.selenium.remote.RemoteWebDriver.findElements(RemoteWebDriver.java:353)
	at org.openqa.selenium.remote.RemoteWebDriver.findElementsByXPath(RemoteWebDriver.java:432)
	at org.openqa.selenium.By$ByXPath.findElements(By.java:348)
	at org.openqa.selenium.remote.RemoteWebDriver.findElements(RemoteWebDriver.java:311)
	at org.openqa.selenium.support.events.EventFiringWebDriver.lambda$new$1(EventFiringWebDriver.java:105)
	at com.sun.proxy.$Proxy8.findElements(Unknown Source)
	at org.openqa.selenium.support.events.EventFiringWebDriver.findElements(EventFiringWebDriver.java:182)
	at com.kms.katalon.core.webui.common.WebUiCommonHelper.findWebElements(WebUiCommonHelper.java:789)
	at com.kms.katalon.core.webui.common.WebUiCommonHelper.findWebElement(WebUiCommonHelper.java:1150)
	at com.kms.katalon.core.webui.keyword.internal.WebUIAbstractKeyword.findWebElement(WebUIAbstractKeyword.groovy:27)
	at com.kms.katalon.core.webui.keyword.internal.WebUIAbstractKeyword.findWebElement(WebUIAbstractKeyword.groovy:26)
	at com.kms.katalon.core.webui.keyword.builtin.ClickKeyword$_click_closure1.doCall(ClickKeyword.groovy:67)
	at com.kms.katalon.core.webui.keyword.builtin.ClickKeyword$_click_closure1.call(ClickKeyword.groovy)
	at com.kms.katalon.core.webui.keyword.internal.WebUIKeywordMain.runKeyword(WebUIKeywordMain.groovy:20)
	... 19 more


2020-06-05 17:16:50 - [TEST_STEP][PASSED] - openBrowser(""): Browser is opened with url: ''

2020-06-05 17:16:50 - [MESSAGE][INFO] - Starting 'Chrome' driver

2020-06-05 17:16:50 - [MESSAGE][INFO] - Action delay is set to 0 milliseconds

2020-06-05 17:16:52 - [MESSAGE][PASSED] - Browser is opened with url: ''

2020-06-05 17:16:52 - [TEST_STEP][PASSED] - navigateToUrl("http://localhost:8065/"): Navigate to 'http://localhost:8065/' successfully

2020-06-05 17:16:53 - [MESSAGE][PASSED] - Navigate to 'http://localhost:8065/' successfully

2020-06-05 17:16:53 - [TEST_STEP][PASSED] - setText(findTestObject("Page_Mattermost/input_All team communication in one place s_703ef5"), "sysadmin"): Text 'sysadmin' is set on object 'Object Repository/Page_Mattermost/input_All team communication in one place s_703ef5'

2020-06-05 17:16:54 - [MESSAGE][PASSED] - Text 'sysadmin' is set on object 'Object Repository/Page_Mattermost/input_All team communication in one place s_703ef5'

2020-06-05 17:16:54 - [TEST_STEP][PASSED] - setEncryptedText(findTestObject("Page_Mattermost/input_All team communication in one place s_2f2733"), "2SwE/drL9BoSDSAWnt1s8EiQe9rbSfQc"): Text ****** has been set on object 'Object Repository/Page_Mattermost/input_All team communication in one place s_2f2733'

2020-06-05 17:16:55 - [MESSAGE][PASSED] - Text ****** has been set on object 'Object Repository/Page_Mattermost/input_All team communication in one place s_2f2733'

2020-06-05 17:16:55 - [TEST_STEP][PASSED] - click(findTestObject("Page_Mattermost/button_Sign in")): Object: 'Object Repository/Page_Mattermost/button_Sign in' is clicked on

2020-06-05 17:16:55 - [MESSAGE][PASSED] - Object: 'Object Repository/Page_Mattermost/button_Sign in' is clicked on

2020-06-05 17:16:55 - [TEST_STEP][FAILED] - click(findTestObject("Page_ Town Square - eligendi Mattermost/path")): Unable to click on object 'Object Repository/Page_ Town Square - eligendi Mattermost/path' (Root cause: com.kms.katalon.core.exception.StepFailedException: Unable to click on object 'Object Repository/Page_ Town Square - eligendi Mattermost/path'
	at com.kms.katalon.core.webui.keyword.internal.WebUIKeywordMain.stepFailed(WebUIKeywordMain.groovy:64)
	at com.kms.katalon.core.webui.keyword.internal.WebUIKeywordMain.runKeyword(WebUIKeywordMain.groovy:26)
	at com.kms.katalon.core.webui.keyword.builtin.ClickKeyword.click(ClickKeyword.groovy:76)
	at com.kms.katalon.core.webui.keyword.builtin.ClickKeyword.execute(ClickKeyword.groovy:43)
	at com.kms.katalon.core.keyword.internal.KeywordExecutor.executeKeywordForPlatform(KeywordExecutor.groovy:72)
	at com.kms.katalon.core.webui.keyword.WebUiBuiltInKeywords.click(WebUiBuiltInKeywords.groovy:616)
	at com.kms.katalon.core.webui.keyword.WebUiBuiltInKeywords$click$1.call(Unknown Source)
	at Add reaction to a message.run(Add reaction to a message:29)
	at com.kms.katalon.core.main.ScriptEngine.run(ScriptEngine.java:194)
	at com.kms.katalon.core.main.ScriptEngine.runScriptAsRawText(ScriptEngine.java:119)
	at com.kms.katalon.core.main.TestCaseExecutor.runScript(TestCaseExecutor.java:337)
	at com.kms.katalon.core.main.TestCaseExecutor.doExecute(TestCaseExecutor.java:328)
	at com.kms.katalon.core.main.TestCaseExecutor.processExecutionPhase(TestCaseExecutor.java:307)
	at com.kms.katalon.core.main.TestCaseExecutor.accessMainPhase(TestCaseExecutor.java:299)
	at com.kms.katalon.core.main.TestCaseExecutor.execute(TestCaseExecutor.java:233)
	at com.kms.katalon.core.main.TestSuiteExecutor.accessTestCaseMainPhase(TestSuiteExecutor.java:169)
	at com.kms.katalon.core.main.TestSuiteExecutor.accessTestSuiteMainPhase(TestSuiteExecutor.java:142)
	at com.kms.katalon.core.main.TestSuiteExecutor.execute(TestSuiteExecutor.java:91)
	at com.kms.katalon.core.main.TestCaseMain.startTestSuite(TestCaseMain.java:157)
	at com.kms.katalon.core.main.TestCaseMain$startTestSuite$0.call(Unknown Source)
	at TempTestSuite1591351978611.run(TempTestSuite1591351978611.groovy:37)
Caused by: org.openqa.selenium.NoSuchWindowException: no such window: window was already closed
  (Session info: chrome=83.0.4103.61)
Build info: version: '3.141.59', revision: 'e82be7d358', time: '2018-11-14T08:25:53'
System info: host: 'Tuyens-MacBook-Pro.local', ip: '2402:800:6384:604d:188c:1a0c:604b:3abc%en0', os.name: 'Mac OS X', os.arch: 'x86_64', os.version: '10.15.5', java.version: '1.8.0_181'
Driver info: com.kms.katalon.selenium.driver.CChromeDriver
Capabilities {acceptInsecureCerts: false, browserName: chrome, browserVersion: 83.0.4103.61, chrome: {chromedriverVersion: 83.0.4103.39 (ccbf011cb2d2b..., userDataDir: /var/folders/4p/d6s1q92j7cx...}, goog:chromeOptions: {debuggerAddress: localhost:63887}, javascriptEnabled: true, networkConnectionEnabled: false, pageLoadStrategy: normal, platform: MAC, platformName: MAC, proxy: Proxy(), setWindowRect: true, strictFileInteractability: false, timeouts: {implicit: 0, pageLoad: 300000, script: 30000}, unhandledPromptBehavior: dismiss and notify, webauthn:virtualAuthenticators: true}
Session ID: 85ddc70b78e9fca0c2de5229ccfa9e04
*** Element info: {Using=xpath, value=}
	at org.openqa.selenium.remote.http.W3CHttpResponseCodec.createException(W3CHttpResponseCodec.java:187)
	at org.openqa.selenium.remote.http.W3CHttpResponseCodec.decode(W3CHttpResponseCodec.java:122)
	at org.openqa.selenium.remote.http.W3CHttpResponseCodec.decode(W3CHttpResponseCodec.java:49)
	at org.openqa.selenium.remote.HttpCommandExecutor.execute(HttpCommandExecutor.java:158)
	at org.openqa.selenium.remote.service.DriverCommandExecutor.execute(DriverCommandExecutor.java:83)
	at org.openqa.selenium.remote.RemoteWebDriver.execute(RemoteWebDriver.java:552)
	at com.kms.katalon.selenium.driver.CChromeDriver.execute(CChromeDriver.java:19)
	at org.openqa.selenium.remote.RemoteWebDriver.findElements(RemoteWebDriver.java:353)
	at org.openqa.selenium.remote.RemoteWebDriver.findElementsByXPath(RemoteWebDriver.java:432)
	at org.openqa.selenium.By$ByXPath.findElements(By.java:348)
	at org.openqa.selenium.remote.RemoteWebDriver.findElements(RemoteWebDriver.java:311)
	at org.openqa.selenium.support.events.EventFiringWebDriver.lambda$new$1(EventFiringWebDriver.java:105)
	at com.sun.proxy.$Proxy8.findElements(Unknown Source)
	at org.openqa.selenium.support.events.EventFiringWebDriver.findElements(EventFiringWebDriver.java:182)
	at com.kms.katalon.core.webui.common.WebUiCommonHelper.findWebElements(WebUiCommonHelper.java:789)
	at com.kms.katalon.core.webui.common.WebUiCommonHelper.findWebElement(WebUiCommonHelper.java:1150)
	at com.kms.katalon.core.webui.keyword.internal.WebUIAbstractKeyword.findWebElement(WebUIAbstractKeyword.groovy:27)
	at com.kms.katalon.core.webui.keyword.internal.WebUIAbstractKeyword.findWebElement(WebUIAbstractKeyword.groovy:26)
	at com.kms.katalon.core.webui.keyword.builtin.ClickKeyword$_click_closure1.doCall(ClickKeyword.groovy:67)
	at com.kms.katalon.core.webui.keyword.builtin.ClickKeyword$_click_closure1.call(ClickKeyword.groovy)
	at com.kms.katalon.core.webui.keyword.internal.WebUIKeywordMain.runKeyword(WebUIKeywordMain.groovy:20)
	at com.kms.katalon.core.webui.keyword.builtin.ClickKeyword.click(ClickKeyword.groovy:76)
	at com.kms.katalon.core.webui.keyword.builtin.ClickKeyword.execute(ClickKeyword.groovy:43)
	at com.kms.katalon.core.keyword.internal.KeywordExecutor.executeKeywordForPlatform(KeywordExecutor.groovy:72)
	at com.kms.katalon.core.webui.keyword.WebUiBuiltInKeywords.click(WebUiBuiltInKeywords.groovy:616)
	at com.kms.katalon.core.webui.keyword.WebUiBuiltInKeywords$click$1.call(Unknown Source)
	at Script1591291117237.run(Script1591291117237.groovy:29)
	... 13 more
)

2020-06-05 17:17:10 - [MESSAGE][WARNING] - Cannot take screenshot

2020-06-05 17:17:10 - [MESSAGE][FAILED] - Unable to click on object 'Object Repository/Page_ Town Square - eligendi Mattermost/path' (Root cause: com.kms.katalon.core.exception.StepFailedException: Unable to click on object 'Object Repository/Page_ Town Square - eligendi Mattermost/path'
	at com.kms.katalon.core.webui.keyword.internal.WebUIKeywordMain.stepFailed(WebUIKeywordMain.groovy:64)
	at com.kms.katalon.core.webui.keyword.internal.WebUIKeywordMain.runKeyword(WebUIKeywordMain.groovy:26)
	at com.kms.katalon.core.webui.keyword.builtin.ClickKeyword.click(ClickKeyword.groovy:76)
	at com.kms.katalon.core.webui.keyword.builtin.ClickKeyword.execute(ClickKeyword.groovy:43)
	at com.kms.katalon.core.keyword.internal.KeywordExecutor.executeKeywordForPlatform(KeywordExecutor.groovy:72)
	at com.kms.katalon.core.webui.keyword.WebUiBuiltInKeywords.click(WebUiBuiltInKeywords.groovy:616)
	at com.kms.katalon.core.webui.keyword.WebUiBuiltInKeywords$click$1.call(Unknown Source)
	at Add reaction to a message.run(Add reaction to a message:29)
	at com.kms.katalon.core.main.ScriptEngine.run(ScriptEngine.java:194)
	at com.kms.katalon.core.main.ScriptEngine.runScriptAsRawText(ScriptEngine.java:119)
	at com.kms.katalon.core.main.TestCaseExecutor.runScript(TestCaseExecutor.java:337)
	at com.kms.katalon.core.main.TestCaseExecutor.doExecute(TestCaseExecutor.java:328)
	at com.kms.katalon.core.main.TestCaseExecutor.processExecutionPhase(TestCaseExecutor.java:307)
	at com.kms.katalon.core.main.TestCaseExecutor.accessMainPhase(TestCaseExecutor.java:299)
	at com.kms.katalon.core.main.TestCaseExecutor.execute(TestCaseExecutor.java:233)
	at com.kms.katalon.core.main.TestSuiteExecutor.accessTestCaseMainPhase(TestSuiteExecutor.java:169)
	at com.kms.katalon.core.main.TestSuiteExecutor.accessTestSuiteMainPhase(TestSuiteExecutor.java:142)
	at com.kms.katalon.core.main.TestSuiteExecutor.execute(TestSuiteExecutor.java:91)
	at com.kms.katalon.core.main.TestCaseMain.startTestSuite(TestCaseMain.java:157)
	at com.kms.katalon.core.main.TestCaseMain$startTestSuite$0.call(Unknown Source)
	at TempTestSuite1591351978611.run(TempTestSuite1591351978611.groovy:37)
Caused by: org.openqa.selenium.NoSuchWindowException: no such window: window was already closed
  (Session info: chrome=83.0.4103.61)
Build info: version: '3.141.59', revision: 'e82be7d358', time: '2018-11-14T08:25:53'
System info: host: 'Tuyens-MacBook-Pro.local', ip: '2402:800:6384:604d:188c:1a0c:604b:3abc%en0', os.name: 'Mac OS X', os.arch: 'x86_64', os.version: '10.15.5', java.version: '1.8.0_181'
Driver info: com.kms.katalon.selenium.driver.CChromeDriver
Capabilities {acceptInsecureCerts: false, browserName: chrome, browserVersion: 83.0.4103.61, chrome: {chromedriverVersion: 83.0.4103.39 (ccbf011cb2d2b..., userDataDir: /var/folders/4p/d6s1q92j7cx...}, goog:chromeOptions: {debuggerAddress: localhost:63887}, javascriptEnabled: true, networkConnectionEnabled: false, pageLoadStrategy: normal, platform: MAC, platformName: MAC, proxy: Proxy(), setWindowRect: true, strictFileInteractability: false, timeouts: {implicit: 0, pageLoad: 300000, script: 30000}, unhandledPromptBehavior: dismiss and notify, webauthn:virtualAuthenticators: true}
Session ID: 85ddc70b78e9fca0c2de5229ccfa9e04
*** Element info: {Using=xpath, value=}
	at org.openqa.selenium.remote.http.W3CHttpResponseCodec.createException(W3CHttpResponseCodec.java:187)
	at org.openqa.selenium.remote.http.W3CHttpResponseCodec.decode(W3CHttpResponseCodec.java:122)
	at org.openqa.selenium.remote.http.W3CHttpResponseCodec.decode(W3CHttpResponseCodec.java:49)
	at org.openqa.selenium.remote.HttpCommandExecutor.execute(HttpCommandExecutor.java:158)
	at org.openqa.selenium.remote.service.DriverCommandExecutor.execute(DriverCommandExecutor.java:83)
	at org.openqa.selenium.remote.RemoteWebDriver.execute(RemoteWebDriver.java:552)
	at com.kms.katalon.selenium.driver.CChromeDriver.execute(CChromeDriver.java:19)
	at org.openqa.selenium.remote.RemoteWebDriver.findElements(RemoteWebDriver.java:353)
	at org.openqa.selenium.remote.RemoteWebDriver.findElementsByXPath(RemoteWebDriver.java:432)
	at org.openqa.selenium.By$ByXPath.findElements(By.java:348)
	at org.openqa.selenium.remote.RemoteWebDriver.findElements(RemoteWebDriver.java:311)
	at org.openqa.selenium.support.events.EventFiringWebDriver.lambda$new$1(EventFiringWebDriver.java:105)
	at com.sun.proxy.$Proxy8.findElements(Unknown Source)
	at org.openqa.selenium.support.events.EventFiringWebDriver.findElements(EventFiringWebDriver.java:182)
	at com.kms.katalon.core.webui.common.WebUiCommonHelper.findWebElements(WebUiCommonHelper.java:789)
	at com.kms.katalon.core.webui.common.WebUiCommonHelper.findWebElement(WebUiCommonHelper.java:1150)
	at com.kms.katalon.core.webui.keyword.internal.WebUIAbstractKeyword.findWebElement(WebUIAbstractKeyword.groovy:27)
	at com.kms.katalon.core.webui.keyword.internal.WebUIAbstractKeyword.findWebElement(WebUIAbstractKeyword.groovy:26)
	at com.kms.katalon.core.webui.keyword.builtin.ClickKeyword$_click_closure1.doCall(ClickKeyword.groovy:67)
	at com.kms.katalon.core.webui.keyword.builtin.ClickKeyword$_click_closure1.call(ClickKeyword.groovy)
	at com.kms.katalon.core.webui.keyword.internal.WebUIKeywordMain.runKeyword(WebUIKeywordMain.groovy:20)
	at com.kms.katalon.core.webui.keyword.builtin.ClickKeyword.click(ClickKeyword.groovy:76)
	at com.kms.katalon.core.webui.keyword.builtin.ClickKeyword.execute(ClickKeyword.groovy:43)
	at com.kms.katalon.core.keyword.internal.KeywordExecutor.executeKeywordForPlatform(KeywordExecutor.groovy:72)
	at com.kms.katalon.core.webui.keyword.WebUiBuiltInKeywords.click(WebUiBuiltInKeywords.groovy:616)
	at com.kms.katalon.core.webui.keyword.WebUiBuiltInKeywords$click$1.call(Unknown Source)
	at Script1591291117237.run(Script1591291117237.groovy:29)
	... 13 more
)]]></system-out>
         <system-err><![CDATA[2020-06-05 17:16:50 - [TEST_CASE][FAILED] - Test Cases/Add reaction to a message: Test Cases/Add reaction to a message FAILED.
Reason:
com.kms.katalon.core.exception.StepFailedException: Unable to click on object 'Object Repository/Page_ Town Square - eligendi Mattermost/path'
	at com.kms.katalon.core.webui.keyword.internal.WebUIKeywordMain.stepFailed(WebUIKeywordMain.groovy:64)
	at com.kms.katalon.core.webui.keyword.internal.WebUIKeywordMain.runKeyword(WebUIKeywordMain.groovy:26)
	at com.kms.katalon.core.webui.keyword.builtin.ClickKeyword.click(ClickKeyword.groovy:76)
	at com.kms.katalon.core.webui.keyword.builtin.ClickKeyword.execute(ClickKeyword.groovy:43)
	at com.kms.katalon.core.keyword.internal.KeywordExecutor.executeKeywordForPlatform(KeywordExecutor.groovy:72)
	at com.kms.katalon.core.webui.keyword.WebUiBuiltInKeywords.click(WebUiBuiltInKeywords.groovy:616)
	at com.kms.katalon.core.webui.keyword.WebUiBuiltInKeywords$click$1.call(Unknown Source)
	at Add reaction to a message.run(Add reaction to a message:29)
	at com.kms.katalon.core.main.ScriptEngine.run(ScriptEngine.java:194)
	at com.kms.katalon.core.main.ScriptEngine.runScriptAsRawText(ScriptEngine.java:119)
	at com.kms.katalon.core.main.TestCaseExecutor.runScript(TestCaseExecutor.java:337)
	at com.kms.katalon.core.main.TestCaseExecutor.doExecute(TestCaseExecutor.java:328)
	at com.kms.katalon.core.main.TestCaseExecutor.processExecutionPhase(TestCaseExecutor.java:307)
	at com.kms.katalon.core.main.TestCaseExecutor.accessMainPhase(TestCaseExecutor.java:299)
	at com.kms.katalon.core.main.TestCaseExecutor.execute(TestCaseExecutor.java:233)
	at com.kms.katalon.core.main.TestSuiteExecutor.accessTestCaseMainPhase(TestSuiteExecutor.java:169)
	at com.kms.katalon.core.main.TestSuiteExecutor.accessTestSuiteMainPhase(TestSuiteExecutor.java:142)
	at com.kms.katalon.core.main.TestSuiteExecutor.execute(TestSuiteExecutor.java:91)
	at com.kms.katalon.core.main.TestCaseMain.startTestSuite(TestCaseMain.java:157)
	at com.kms.katalon.core.main.TestCaseMain$startTestSuite$0.call(Unknown Source)
	at TempTestSuite1591351978611.run(TempTestSuite1591351978611.groovy:37)
Caused by: org.openqa.selenium.NoSuchWindowException: no such window: window was already closed
  (Session info: chrome=83.0.4103.61)
Build info: version: '3.141.59', revision: 'e82be7d358', time: '2018-11-14T08:25:53'
System info: host: 'Tuyens-MacBook-Pro.local', ip: '2402:800:6384:604d:188c:1a0c:604b:3abc%en0', os.name: 'Mac OS X', os.arch: 'x86_64', os.version: '10.15.5', java.version: '1.8.0_181'
Driver info: com.kms.katalon.selenium.driver.CChromeDriver
Capabilities {acceptInsecureCerts: false, browserName: chrome, browserVersion: 83.0.4103.61, chrome: {chromedriverVersion: 83.0.4103.39 (ccbf011cb2d2b..., userDataDir: /var/folders/4p/d6s1q92j7cx...}, goog:chromeOptions: {debuggerAddress: localhost:63887}, javascriptEnabled: true, networkConnectionEnabled: false, pageLoadStrategy: normal, platform: MAC, platformName: MAC, proxy: Proxy(), setWindowRect: true, strictFileInteractability: false, timeouts: {implicit: 0, pageLoad: 300000, script: 30000}, unhandledPromptBehavior: dismiss and notify, webauthn:virtualAuthenticators: true}
Session ID: 85ddc70b78e9fca0c2de5229ccfa9e04
*** Element info: {Using=xpath, value=}
	at org.openqa.selenium.remote.http.W3CHttpResponseCodec.createException(W3CHttpResponseCodec.java:187)
	at org.openqa.selenium.remote.http.W3CHttpResponseCodec.decode(W3CHttpResponseCodec.java:122)
	at org.openqa.selenium.remote.http.W3CHttpResponseCodec.decode(W3CHttpResponseCodec.java:49)
	at org.openqa.selenium.remote.HttpCommandExecutor.execute(HttpCommandExecutor.java:158)
	at org.openqa.selenium.remote.service.DriverCommandExecutor.execute(DriverCommandExecutor.java:83)
	at org.openqa.selenium.remote.RemoteWebDriver.execute(RemoteWebDriver.java:552)
	at com.kms.katalon.selenium.driver.CChromeDriver.execute(CChromeDriver.java:19)
	at org.openqa.selenium.remote.RemoteWebDriver.findElements(RemoteWebDriver.java:353)
	at org.openqa.selenium.remote.RemoteWebDriver.findElementsByXPath(RemoteWebDriver.java:432)
	at org.openqa.selenium.By$ByXPath.findElements(By.java:348)
	at org.openqa.selenium.remote.RemoteWebDriver.findElements(RemoteWebDriver.java:311)
	at org.openqa.selenium.support.events.EventFiringWebDriver.lambda$new$1(EventFiringWebDriver.java:105)
	at com.sun.proxy.$Proxy8.findElements(Unknown Source)
	at org.openqa.selenium.support.events.EventFiringWebDriver.findElements(EventFiringWebDriver.java:182)
	at com.kms.katalon.core.webui.common.WebUiCommonHelper.findWebElements(WebUiCommonHelper.java:789)
	at com.kms.katalon.core.webui.common.WebUiCommonHelper.findWebElement(WebUiCommonHelper.java:1150)
	at com.kms.katalon.core.webui.keyword.internal.WebUIAbstractKeyword.findWebElement(WebUIAbstractKeyword.groovy:27)
	at com.kms.katalon.core.webui.keyword.internal.WebUIAbstractKeyword.findWebElement(WebUIAbstractKeyword.groovy:26)
	at com.kms.katalon.core.webui.keyword.builtin.ClickKeyword$_click_closure1.doCall(ClickKeyword.groovy:67)
	at com.kms.katalon.core.webui.keyword.builtin.ClickKeyword$_click_closure1.call(ClickKeyword.groovy)
	at com.kms.katalon.core.webui.keyword.internal.WebUIKeywordMain.runKeyword(WebUIKeywordMain.groovy:20)
	... 19 more]]></system-err>
      </testcase>
      <testcase name="Test Cases/create new channel" time="28.936" classname="Test Cases/create new channel" status="FAILED">
         <failure type="FAILED" message="Test Cases/create new channel FAILED.
Reason:
com.kms.katalon.core.exception.StepFailedException: Unable to click on object 'Object Repository/Page_ Town Square remane - eligendi Mattermost/span_'
	at com.kms.katalon.core.webui.keyword.internal.WebUIKeywordMain.stepFailed(WebUIKeywordMain.groovy:64)
	at com.kms.katalon.core.webui.keyword.internal.WebUIKeywordMain.runKeyword(WebUIKeywordMain.groovy:26)
	at com.kms.katalon.core.webui.keyword.builtin.ClickKeyword.click(ClickKeyword.groovy:76)
	at com.kms.katalon.core.webui.keyword.builtin.ClickKeyword.execute(ClickKeyword.groovy:43)
	at com.kms.katalon.core.keyword.internal.KeywordExecutor.executeKeywordForPlatform(KeywordExecutor.groovy:72)
	at com.kms.katalon.core.webui.keyword.WebUiBuiltInKeywords.click(WebUiBuiltInKeywords.groovy:616)
	at com.kms.katalon.core.webui.keyword.WebUiBuiltInKeywords$click$1.call(Unknown Source)
	at create new channel.run(create new channel:29)
	at com.kms.katalon.core.main.ScriptEngine.run(ScriptEngine.java:194)
	at com.kms.katalon.core.main.ScriptEngine.runScriptAsRawText(ScriptEngine.java:119)
	at com.kms.katalon.core.main.TestCaseExecutor.runScript(TestCaseExecutor.java:337)
	at com.kms.katalon.core.main.TestCaseExecutor.doExecute(TestCaseExecutor.java:328)
	at com.kms.katalon.core.main.TestCaseExecutor.processExecutionPhase(TestCaseExecutor.java:307)
	at com.kms.katalon.core.main.TestCaseExecutor.accessMainPhase(TestCaseExecutor.java:299)
	at com.kms.katalon.core.main.TestCaseExecutor.execute(TestCaseExecutor.java:233)
	at com.kms.katalon.core.main.TestSuiteExecutor.accessTestCaseMainPhase(TestSuiteExecutor.java:169)
	at com.kms.katalon.core.main.TestSuiteExecutor.accessTestSuiteMainPhase(TestSuiteExecutor.java:142)
	at com.kms.katalon.core.main.TestSuiteExecutor.execute(TestSuiteExecutor.java:91)
	at com.kms.katalon.core.main.TestCaseMain.startTestSuite(TestCaseMain.java:157)
	at com.kms.katalon.core.main.TestCaseMain$startTestSuite$0.call(Unknown Source)
	at TempTestSuite1591351978611.run(TempTestSuite1591351978611.groovy:37)
Caused by: org.openqa.selenium.NoSuchWindowException: no such window: window was already closed
  (Session info: chrome=83.0.4103.61)
Build info: version: '3.141.59', revision: 'e82be7d358', time: '2018-11-14T08:25:53'
System info: host: 'Tuyens-MacBook-Pro.local', ip: '2402:800:6384:604d:188c:1a0c:604b:3abc%en0', os.name: 'Mac OS X', os.arch: 'x86_64', os.version: '10.15.5', java.version: '1.8.0_181'
Driver info: com.kms.katalon.selenium.driver.CChromeDriver
Capabilities {acceptInsecureCerts: false, browserName: chrome, browserVersion: 83.0.4103.61, chrome: {chromedriverVersion: 83.0.4103.39 (ccbf011cb2d2b..., userDataDir: /var/folders/4p/d6s1q92j7cx...}, goog:chromeOptions: {debuggerAddress: localhost:63993}, javascriptEnabled: true, networkConnectionEnabled: false, pageLoadStrategy: normal, platform: MAC, platformName: MAC, proxy: Proxy(), setWindowRect: true, strictFileInteractability: false, timeouts: {implicit: 0, pageLoad: 300000, script: 30000}, unhandledPromptBehavior: dismiss and notify, webauthn:virtualAuthenticators: true}
Session ID: 15facd79de0a77c9c75247381e38e657
*** Element info: {Using=xpath, value=//div[@id='deletePostModal']/div/div/div/button/span}
	at org.openqa.selenium.remote.http.W3CHttpResponseCodec.createException(W3CHttpResponseCodec.java:187)
	at org.openqa.selenium.remote.http.W3CHttpResponseCodec.decode(W3CHttpResponseCodec.java:122)
	at org.openqa.selenium.remote.http.W3CHttpResponseCodec.decode(W3CHttpResponseCodec.java:49)
	at org.openqa.selenium.remote.HttpCommandExecutor.execute(HttpCommandExecutor.java:158)
	at org.openqa.selenium.remote.service.DriverCommandExecutor.execute(DriverCommandExecutor.java:83)
	at org.openqa.selenium.remote.RemoteWebDriver.execute(RemoteWebDriver.java:552)
	at com.kms.katalon.selenium.driver.CChromeDriver.execute(CChromeDriver.java:19)
	at org.openqa.selenium.remote.RemoteWebDriver.findElements(RemoteWebDriver.java:353)
	at org.openqa.selenium.remote.RemoteWebDriver.findElementsByXPath(RemoteWebDriver.java:432)
	at org.openqa.selenium.By$ByXPath.findElements(By.java:348)
	at org.openqa.selenium.remote.RemoteWebDriver.findElements(RemoteWebDriver.java:311)
	at org.openqa.selenium.support.events.EventFiringWebDriver.lambda$new$1(EventFiringWebDriver.java:105)
	at com.sun.proxy.$Proxy8.findElements(Unknown Source)
	at org.openqa.selenium.support.events.EventFiringWebDriver.findElements(EventFiringWebDriver.java:182)
	at com.kms.katalon.core.webui.common.WebUiCommonHelper.findWebElements(WebUiCommonHelper.java:789)
	at com.kms.katalon.core.webui.common.WebUiCommonHelper.findWebElement(WebUiCommonHelper.java:1150)
	at com.kms.katalon.core.webui.keyword.internal.WebUIAbstractKeyword.findWebElement(WebUIAbstractKeyword.groovy:27)
	at com.kms.katalon.core.webui.keyword.internal.WebUIAbstractKeyword.findWebElement(WebUIAbstractKeyword.groovy:26)
	at com.kms.katalon.core.webui.keyword.builtin.ClickKeyword$_click_closure1.doCall(ClickKeyword.groovy:67)
	at com.kms.katalon.core.webui.keyword.builtin.ClickKeyword$_click_closure1.call(ClickKeyword.groovy)
	at com.kms.katalon.core.webui.keyword.internal.WebUIKeywordMain.runKeyword(WebUIKeywordMain.groovy:20)
	... 19 more
"/>
         <system-out><![CDATA[2020-06-05 17:17:10 - [TEST_CASE][FAILED] - Test Cases/create new channel: Test Cases/create new channel FAILED.
Reason:
com.kms.katalon.core.exception.StepFailedException: Unable to click on object 'Object Repository/Page_ Town Square remane - eligendi Mattermost/span_'
	at com.kms.katalon.core.webui.keyword.internal.WebUIKeywordMain.stepFailed(WebUIKeywordMain.groovy:64)
	at com.kms.katalon.core.webui.keyword.internal.WebUIKeywordMain.runKeyword(WebUIKeywordMain.groovy:26)
	at com.kms.katalon.core.webui.keyword.builtin.ClickKeyword.click(ClickKeyword.groovy:76)
	at com.kms.katalon.core.webui.keyword.builtin.ClickKeyword.execute(ClickKeyword.groovy:43)
	at com.kms.katalon.core.keyword.internal.KeywordExecutor.executeKeywordForPlatform(KeywordExecutor.groovy:72)
	at com.kms.katalon.core.webui.keyword.WebUiBuiltInKeywords.click(WebUiBuiltInKeywords.groovy:616)
	at com.kms.katalon.core.webui.keyword.WebUiBuiltInKeywords$click$1.call(Unknown Source)
	at create new channel.run(create new channel:29)
	at com.kms.katalon.core.main.ScriptEngine.run(ScriptEngine.java:194)
	at com.kms.katalon.core.main.ScriptEngine.runScriptAsRawText(ScriptEngine.java:119)
	at com.kms.katalon.core.main.TestCaseExecutor.runScript(TestCaseExecutor.java:337)
	at com.kms.katalon.core.main.TestCaseExecutor.doExecute(TestCaseExecutor.java:328)
	at com.kms.katalon.core.main.TestCaseExecutor.processExecutionPhase(TestCaseExecutor.java:307)
	at com.kms.katalon.core.main.TestCaseExecutor.accessMainPhase(TestCaseExecutor.java:299)
	at com.kms.katalon.core.main.TestCaseExecutor.execute(TestCaseExecutor.java:233)
	at com.kms.katalon.core.main.TestSuiteExecutor.accessTestCaseMainPhase(TestSuiteExecutor.java:169)
	at com.kms.katalon.core.main.TestSuiteExecutor.accessTestSuiteMainPhase(TestSuiteExecutor.java:142)
	at com.kms.katalon.core.main.TestSuiteExecutor.execute(TestSuiteExecutor.java:91)
	at com.kms.katalon.core.main.TestCaseMain.startTestSuite(TestCaseMain.java:157)
	at com.kms.katalon.core.main.TestCaseMain$startTestSuite$0.call(Unknown Source)
	at TempTestSuite1591351978611.run(TempTestSuite1591351978611.groovy:37)
Caused by: org.openqa.selenium.NoSuchWindowException: no such window: window was already closed
  (Session info: chrome=83.0.4103.61)
Build info: version: '3.141.59', revision: 'e82be7d358', time: '2018-11-14T08:25:53'
System info: host: 'Tuyens-MacBook-Pro.local', ip: '2402:800:6384:604d:188c:1a0c:604b:3abc%en0', os.name: 'Mac OS X', os.arch: 'x86_64', os.version: '10.15.5', java.version: '1.8.0_181'
Driver info: com.kms.katalon.selenium.driver.CChromeDriver
Capabilities {acceptInsecureCerts: false, browserName: chrome, browserVersion: 83.0.4103.61, chrome: {chromedriverVersion: 83.0.4103.39 (ccbf011cb2d2b..., userDataDir: /var/folders/4p/d6s1q92j7cx...}, goog:chromeOptions: {debuggerAddress: localhost:63993}, javascriptEnabled: true, networkConnectionEnabled: false, pageLoadStrategy: normal, platform: MAC, platformName: MAC, proxy: Proxy(), setWindowRect: true, strictFileInteractability: false, timeouts: {implicit: 0, pageLoad: 300000, script: 30000}, unhandledPromptBehavior: dismiss and notify, webauthn:virtualAuthenticators: true}
Session ID: 15facd79de0a77c9c75247381e38e657
*** Element info: {Using=xpath, value=//div[@id='deletePostModal']/div/div/div/button/span}
	at org.openqa.selenium.remote.http.W3CHttpResponseCodec.createException(W3CHttpResponseCodec.java:187)
	at org.openqa.selenium.remote.http.W3CHttpResponseCodec.decode(W3CHttpResponseCodec.java:122)
	at org.openqa.selenium.remote.http.W3CHttpResponseCodec.decode(W3CHttpResponseCodec.java:49)
	at org.openqa.selenium.remote.HttpCommandExecutor.execute(HttpCommandExecutor.java:158)
	at org.openqa.selenium.remote.service.DriverCommandExecutor.execute(DriverCommandExecutor.java:83)
	at org.openqa.selenium.remote.RemoteWebDriver.execute(RemoteWebDriver.java:552)
	at com.kms.katalon.selenium.driver.CChromeDriver.execute(CChromeDriver.java:19)
	at org.openqa.selenium.remote.RemoteWebDriver.findElements(RemoteWebDriver.java:353)
	at org.openqa.selenium.remote.RemoteWebDriver.findElementsByXPath(RemoteWebDriver.java:432)
	at org.openqa.selenium.By$ByXPath.findElements(By.java:348)
	at org.openqa.selenium.remote.RemoteWebDriver.findElements(RemoteWebDriver.java:311)
	at org.openqa.selenium.support.events.EventFiringWebDriver.lambda$new$1(EventFiringWebDriver.java:105)
	at com.sun.proxy.$Proxy8.findElements(Unknown Source)
	at org.openqa.selenium.support.events.EventFiringWebDriver.findElements(EventFiringWebDriver.java:182)
	at com.kms.katalon.core.webui.common.WebUiCommonHelper.findWebElements(WebUiCommonHelper.java:789)
	at com.kms.katalon.core.webui.common.WebUiCommonHelper.findWebElement(WebUiCommonHelper.java:1150)
	at com.kms.katalon.core.webui.keyword.internal.WebUIAbstractKeyword.findWebElement(WebUIAbstractKeyword.groovy:27)
	at com.kms.katalon.core.webui.keyword.internal.WebUIAbstractKeyword.findWebElement(WebUIAbstractKeyword.groovy:26)
	at com.kms.katalon.core.webui.keyword.builtin.ClickKeyword$_click_closure1.doCall(ClickKeyword.groovy:67)
	at com.kms.katalon.core.webui.keyword.builtin.ClickKeyword$_click_closure1.call(ClickKeyword.groovy)
	at com.kms.katalon.core.webui.keyword.internal.WebUIKeywordMain.runKeyword(WebUIKeywordMain.groovy:20)
	... 19 more


2020-06-05 17:17:10 - [TEST_STEP][PASSED] - openBrowser(""): Browser is opened with url: ''

2020-06-05 17:17:10 - [MESSAGE][WARNING] - A browser is already opened. Closing browser and opening a new one

2020-06-05 17:17:10 - [MESSAGE][INFO] - Starting 'Chrome' driver

2020-06-05 17:17:10 - [MESSAGE][INFO] - Action delay is set to 0 milliseconds

2020-06-05 17:17:12 - [MESSAGE][PASSED] - Browser is opened with url: ''

2020-06-05 17:17:12 - [TEST_STEP][PASSED] - navigateToUrl("http://localhost:8065/"): Navigate to 'http://localhost:8065/' successfully

2020-06-05 17:17:12 - [MESSAGE][PASSED] - Navigate to 'http://localhost:8065/' successfully

2020-06-05 17:17:12 - [TEST_STEP][PASSED] - setText(findTestObject("Page_Mattermost/input_All team communication in one place s_703ef5"), "sysadmin"): Text 'sysadmin' is set on object 'Object Repository/Page_Mattermost/input_All team communication in one place s_703ef5'

2020-06-05 17:17:14 - [MESSAGE][PASSED] - Text 'sysadmin' is set on object 'Object Repository/Page_Mattermost/input_All team communication in one place s_703ef5'

2020-06-05 17:17:14 - [TEST_STEP][PASSED] - setEncryptedText(findTestObject("Page_Mattermost/input_All team communication in one place s_2f2733"), "2SwE/drL9BoSDSAWnt1s8EiQe9rbSfQc"): Text ****** has been set on object 'Object Repository/Page_Mattermost/input_All team communication in one place s_2f2733'

2020-06-05 17:17:15 - [MESSAGE][PASSED] - Text ****** has been set on object 'Object Repository/Page_Mattermost/input_All team communication in one place s_2f2733'

2020-06-05 17:17:15 - [TEST_STEP][PASSED] - click(findTestObject("Page_Mattermost/span_Sign in")): Object: 'Object Repository/Page_Mattermost/span_Sign in' is clicked on

2020-06-05 17:17:15 - [MESSAGE][PASSED] - Object: 'Object Repository/Page_Mattermost/span_Sign in' is clicked on

2020-06-05 17:17:15 - [TEST_STEP][FAILED] - click(findTestObject("Object Repository/Page_ Town Square remane - eligendi Mattermost/span_")): Unable to click on object 'Object Repository/Page_ Town Square remane - eligendi Mattermost/span_' (Root cause: com.kms.katalon.core.exception.StepFailedException: Unable to click on object 'Object Repository/Page_ Town Square remane - eligendi Mattermost/span_'
	at com.kms.katalon.core.webui.keyword.internal.WebUIKeywordMain.stepFailed(WebUIKeywordMain.groovy:64)
	at com.kms.katalon.core.webui.keyword.internal.WebUIKeywordMain.runKeyword(WebUIKeywordMain.groovy:26)
	at com.kms.katalon.core.webui.keyword.builtin.ClickKeyword.click(ClickKeyword.groovy:76)
	at com.kms.katalon.core.webui.keyword.builtin.ClickKeyword.execute(ClickKeyword.groovy:43)
	at com.kms.katalon.core.keyword.internal.KeywordExecutor.executeKeywordForPlatform(KeywordExecutor.groovy:72)
	at com.kms.katalon.core.webui.keyword.WebUiBuiltInKeywords.click(WebUiBuiltInKeywords.groovy:616)
	at com.kms.katalon.core.webui.keyword.WebUiBuiltInKeywords$click$1.call(Unknown Source)
	at create new channel.run(create new channel:29)
	at com.kms.katalon.core.main.ScriptEngine.run(ScriptEngine.java:194)
	at com.kms.katalon.core.main.ScriptEngine.runScriptAsRawText(ScriptEngine.java:119)
	at com.kms.katalon.core.main.TestCaseExecutor.runScript(TestCaseExecutor.java:337)
	at com.kms.katalon.core.main.TestCaseExecutor.doExecute(TestCaseExecutor.java:328)
	at com.kms.katalon.core.main.TestCaseExecutor.processExecutionPhase(TestCaseExecutor.java:307)
	at com.kms.katalon.core.main.TestCaseExecutor.accessMainPhase(TestCaseExecutor.java:299)
	at com.kms.katalon.core.main.TestCaseExecutor.execute(TestCaseExecutor.java:233)
	at com.kms.katalon.core.main.TestSuiteExecutor.accessTestCaseMainPhase(TestSuiteExecutor.java:169)
	at com.kms.katalon.core.main.TestSuiteExecutor.accessTestSuiteMainPhase(TestSuiteExecutor.java:142)
	at com.kms.katalon.core.main.TestSuiteExecutor.execute(TestSuiteExecutor.java:91)
	at com.kms.katalon.core.main.TestCaseMain.startTestSuite(TestCaseMain.java:157)
	at com.kms.katalon.core.main.TestCaseMain$startTestSuite$0.call(Unknown Source)
	at TempTestSuite1591351978611.run(TempTestSuite1591351978611.groovy:37)
Caused by: org.openqa.selenium.NoSuchWindowException: no such window: window was already closed
  (Session info: chrome=83.0.4103.61)
Build info: version: '3.141.59', revision: 'e82be7d358', time: '2018-11-14T08:25:53'
System info: host: 'Tuyens-MacBook-Pro.local', ip: '2402:800:6384:604d:188c:1a0c:604b:3abc%en0', os.name: 'Mac OS X', os.arch: 'x86_64', os.version: '10.15.5', java.version: '1.8.0_181'
Driver info: com.kms.katalon.selenium.driver.CChromeDriver
Capabilities {acceptInsecureCerts: false, browserName: chrome, browserVersion: 83.0.4103.61, chrome: {chromedriverVersion: 83.0.4103.39 (ccbf011cb2d2b..., userDataDir: /var/folders/4p/d6s1q92j7cx...}, goog:chromeOptions: {debuggerAddress: localhost:63993}, javascriptEnabled: true, networkConnectionEnabled: false, pageLoadStrategy: normal, platform: MAC, platformName: MAC, proxy: Proxy(), setWindowRect: true, strictFileInteractability: false, timeouts: {implicit: 0, pageLoad: 300000, script: 30000}, unhandledPromptBehavior: dismiss and notify, webauthn:virtualAuthenticators: true}
Session ID: 15facd79de0a77c9c75247381e38e657
*** Element info: {Using=xpath, value=//div[@id='deletePostModal']/div/div/div/button/span}
	at org.openqa.selenium.remote.http.W3CHttpResponseCodec.createException(W3CHttpResponseCodec.java:187)
	at org.openqa.selenium.remote.http.W3CHttpResponseCodec.decode(W3CHttpResponseCodec.java:122)
	at org.openqa.selenium.remote.http.W3CHttpResponseCodec.decode(W3CHttpResponseCodec.java:49)
	at org.openqa.selenium.remote.HttpCommandExecutor.execute(HttpCommandExecutor.java:158)
	at org.openqa.selenium.remote.service.DriverCommandExecutor.execute(DriverCommandExecutor.java:83)
	at org.openqa.selenium.remote.RemoteWebDriver.execute(RemoteWebDriver.java:552)
	at com.kms.katalon.selenium.driver.CChromeDriver.execute(CChromeDriver.java:19)
	at org.openqa.selenium.remote.RemoteWebDriver.findElements(RemoteWebDriver.java:353)
	at org.openqa.selenium.remote.RemoteWebDriver.findElementsByXPath(RemoteWebDriver.java:432)
	at org.openqa.selenium.By$ByXPath.findElements(By.java:348)
	at org.openqa.selenium.remote.RemoteWebDriver.findElements(RemoteWebDriver.java:311)
	at org.openqa.selenium.support.events.EventFiringWebDriver.lambda$new$1(EventFiringWebDriver.java:105)
	at com.sun.proxy.$Proxy8.findElements(Unknown Source)
	at org.openqa.selenium.support.events.EventFiringWebDriver.findElements(EventFiringWebDriver.java:182)
	at com.kms.katalon.core.webui.common.WebUiCommonHelper.findWebElements(WebUiCommonHelper.java:789)
	at com.kms.katalon.core.webui.common.WebUiCommonHelper.findWebElement(WebUiCommonHelper.java:1150)
	at com.kms.katalon.core.webui.keyword.internal.WebUIAbstractKeyword.findWebElement(WebUIAbstractKeyword.groovy:27)
	at com.kms.katalon.core.webui.keyword.internal.WebUIAbstractKeyword.findWebElement(WebUIAbstractKeyword.groovy:26)
	at com.kms.katalon.core.webui.keyword.builtin.ClickKeyword$_click_closure1.doCall(ClickKeyword.groovy:67)
	at com.kms.katalon.core.webui.keyword.builtin.ClickKeyword$_click_closure1.call(ClickKeyword.groovy)
	at com.kms.katalon.core.webui.keyword.internal.WebUIKeywordMain.runKeyword(WebUIKeywordMain.groovy:20)
	at com.kms.katalon.core.webui.keyword.builtin.ClickKeyword.click(ClickKeyword.groovy:76)
	at com.kms.katalon.core.webui.keyword.builtin.ClickKeyword.execute(ClickKeyword.groovy:43)
	at com.kms.katalon.core.keyword.internal.KeywordExecutor.executeKeywordForPlatform(KeywordExecutor.groovy:72)
	at com.kms.katalon.core.webui.keyword.WebUiBuiltInKeywords.click(WebUiBuiltInKeywords.groovy:616)
	at com.kms.katalon.core.webui.keyword.WebUiBuiltInKeywords$click$1.call(Unknown Source)
	at Script1591345420412.run(Script1591345420412.groovy:29)
	... 13 more
)

2020-06-05 17:17:39 - [MESSAGE][WARNING] - Cannot take screenshot

2020-06-05 17:17:39 - [MESSAGE][FAILED] - Unable to click on object 'Object Repository/Page_ Town Square remane - eligendi Mattermost/span_' (Root cause: com.kms.katalon.core.exception.StepFailedException: Unable to click on object 'Object Repository/Page_ Town Square remane - eligendi Mattermost/span_'
	at com.kms.katalon.core.webui.keyword.internal.WebUIKeywordMain.stepFailed(WebUIKeywordMain.groovy:64)
	at com.kms.katalon.core.webui.keyword.internal.WebUIKeywordMain.runKeyword(WebUIKeywordMain.groovy:26)
	at com.kms.katalon.core.webui.keyword.builtin.ClickKeyword.click(ClickKeyword.groovy:76)
	at com.kms.katalon.core.webui.keyword.builtin.ClickKeyword.execute(ClickKeyword.groovy:43)
	at com.kms.katalon.core.keyword.internal.KeywordExecutor.executeKeywordForPlatform(KeywordExecutor.groovy:72)
	at com.kms.katalon.core.webui.keyword.WebUiBuiltInKeywords.click(WebUiBuiltInKeywords.groovy:616)
	at com.kms.katalon.core.webui.keyword.WebUiBuiltInKeywords$click$1.call(Unknown Source)
	at create new channel.run(create new channel:29)
	at com.kms.katalon.core.main.ScriptEngine.run(ScriptEngine.java:194)
	at com.kms.katalon.core.main.ScriptEngine.runScriptAsRawText(ScriptEngine.java:119)
	at com.kms.katalon.core.main.TestCaseExecutor.runScript(TestCaseExecutor.java:337)
	at com.kms.katalon.core.main.TestCaseExecutor.doExecute(TestCaseExecutor.java:328)
	at com.kms.katalon.core.main.TestCaseExecutor.processExecutionPhase(TestCaseExecutor.java:307)
	at com.kms.katalon.core.main.TestCaseExecutor.accessMainPhase(TestCaseExecutor.java:299)
	at com.kms.katalon.core.main.TestCaseExecutor.execute(TestCaseExecutor.java:233)
	at com.kms.katalon.core.main.TestSuiteExecutor.accessTestCaseMainPhase(TestSuiteExecutor.java:169)
	at com.kms.katalon.core.main.TestSuiteExecutor.accessTestSuiteMainPhase(TestSuiteExecutor.java:142)
	at com.kms.katalon.core.main.TestSuiteExecutor.execute(TestSuiteExecutor.java:91)
	at com.kms.katalon.core.main.TestCaseMain.startTestSuite(TestCaseMain.java:157)
	at com.kms.katalon.core.main.TestCaseMain$startTestSuite$0.call(Unknown Source)
	at TempTestSuite1591351978611.run(TempTestSuite1591351978611.groovy:37)
Caused by: org.openqa.selenium.NoSuchWindowException: no such window: window was already closed
  (Session info: chrome=83.0.4103.61)
Build info: version: '3.141.59', revision: 'e82be7d358', time: '2018-11-14T08:25:53'
System info: host: 'Tuyens-MacBook-Pro.local', ip: '2402:800:6384:604d:188c:1a0c:604b:3abc%en0', os.name: 'Mac OS X', os.arch: 'x86_64', os.version: '10.15.5', java.version: '1.8.0_181'
Driver info: com.kms.katalon.selenium.driver.CChromeDriver
Capabilities {acceptInsecureCerts: false, browserName: chrome, browserVersion: 83.0.4103.61, chrome: {chromedriverVersion: 83.0.4103.39 (ccbf011cb2d2b..., userDataDir: /var/folders/4p/d6s1q92j7cx...}, goog:chromeOptions: {debuggerAddress: localhost:63993}, javascriptEnabled: true, networkConnectionEnabled: false, pageLoadStrategy: normal, platform: MAC, platformName: MAC, proxy: Proxy(), setWindowRect: true, strictFileInteractability: false, timeouts: {implicit: 0, pageLoad: 300000, script: 30000}, unhandledPromptBehavior: dismiss and notify, webauthn:virtualAuthenticators: true}
Session ID: 15facd79de0a77c9c75247381e38e657
*** Element info: {Using=xpath, value=//div[@id='deletePostModal']/div/div/div/button/span}
	at org.openqa.selenium.remote.http.W3CHttpResponseCodec.createException(W3CHttpResponseCodec.java:187)
	at org.openqa.selenium.remote.http.W3CHttpResponseCodec.decode(W3CHttpResponseCodec.java:122)
	at org.openqa.selenium.remote.http.W3CHttpResponseCodec.decode(W3CHttpResponseCodec.java:49)
	at org.openqa.selenium.remote.HttpCommandExecutor.execute(HttpCommandExecutor.java:158)
	at org.openqa.selenium.remote.service.DriverCommandExecutor.execute(DriverCommandExecutor.java:83)
	at org.openqa.selenium.remote.RemoteWebDriver.execute(RemoteWebDriver.java:552)
	at com.kms.katalon.selenium.driver.CChromeDriver.execute(CChromeDriver.java:19)
	at org.openqa.selenium.remote.RemoteWebDriver.findElements(RemoteWebDriver.java:353)
	at org.openqa.selenium.remote.RemoteWebDriver.findElementsByXPath(RemoteWebDriver.java:432)
	at org.openqa.selenium.By$ByXPath.findElements(By.java:348)
	at org.openqa.selenium.remote.RemoteWebDriver.findElements(RemoteWebDriver.java:311)
	at org.openqa.selenium.support.events.EventFiringWebDriver.lambda$new$1(EventFiringWebDriver.java:105)
	at com.sun.proxy.$Proxy8.findElements(Unknown Source)
	at org.openqa.selenium.support.events.EventFiringWebDriver.findElements(EventFiringWebDriver.java:182)
	at com.kms.katalon.core.webui.common.WebUiCommonHelper.findWebElements(WebUiCommonHelper.java:789)
	at com.kms.katalon.core.webui.common.WebUiCommonHelper.findWebElement(WebUiCommonHelper.java:1150)
	at com.kms.katalon.core.webui.keyword.internal.WebUIAbstractKeyword.findWebElement(WebUIAbstractKeyword.groovy:27)
	at com.kms.katalon.core.webui.keyword.internal.WebUIAbstractKeyword.findWebElement(WebUIAbstractKeyword.groovy:26)
	at com.kms.katalon.core.webui.keyword.builtin.ClickKeyword$_click_closure1.doCall(ClickKeyword.groovy:67)
	at com.kms.katalon.core.webui.keyword.builtin.ClickKeyword$_click_closure1.call(ClickKeyword.groovy)
	at com.kms.katalon.core.webui.keyword.internal.WebUIKeywordMain.runKeyword(WebUIKeywordMain.groovy:20)
	at com.kms.katalon.core.webui.keyword.builtin.ClickKeyword.click(ClickKeyword.groovy:76)
	at com.kms.katalon.core.webui.keyword.builtin.ClickKeyword.execute(ClickKeyword.groovy:43)
	at com.kms.katalon.core.keyword.internal.KeywordExecutor.executeKeywordForPlatform(KeywordExecutor.groovy:72)
	at com.kms.katalon.core.webui.keyword.WebUiBuiltInKeywords.click(WebUiBuiltInKeywords.groovy:616)
	at com.kms.katalon.core.webui.keyword.WebUiBuiltInKeywords$click$1.call(Unknown Source)
	at Script1591345420412.run(Script1591345420412.groovy:29)
	... 13 more
)]]></system-out>
         <system-err><![CDATA[2020-06-05 17:17:10 - [TEST_CASE][FAILED] - Test Cases/create new channel: Test Cases/create new channel FAILED.
Reason:
com.kms.katalon.core.exception.StepFailedException: Unable to click on object 'Object Repository/Page_ Town Square remane - eligendi Mattermost/span_'
	at com.kms.katalon.core.webui.keyword.internal.WebUIKeywordMain.stepFailed(WebUIKeywordMain.groovy:64)
	at com.kms.katalon.core.webui.keyword.internal.WebUIKeywordMain.runKeyword(WebUIKeywordMain.groovy:26)
	at com.kms.katalon.core.webui.keyword.builtin.ClickKeyword.click(ClickKeyword.groovy:76)
	at com.kms.katalon.core.webui.keyword.builtin.ClickKeyword.execute(ClickKeyword.groovy:43)
	at com.kms.katalon.core.keyword.internal.KeywordExecutor.executeKeywordForPlatform(KeywordExecutor.groovy:72)
	at com.kms.katalon.core.webui.keyword.WebUiBuiltInKeywords.click(WebUiBuiltInKeywords.groovy:616)
	at com.kms.katalon.core.webui.keyword.WebUiBuiltInKeywords$click$1.call(Unknown Source)
	at create new channel.run(create new channel:29)
	at com.kms.katalon.core.main.ScriptEngine.run(ScriptEngine.java:194)
	at com.kms.katalon.core.main.ScriptEngine.runScriptAsRawText(ScriptEngine.java:119)
	at com.kms.katalon.core.main.TestCaseExecutor.runScript(TestCaseExecutor.java:337)
	at com.kms.katalon.core.main.TestCaseExecutor.doExecute(TestCaseExecutor.java:328)
	at com.kms.katalon.core.main.TestCaseExecutor.processExecutionPhase(TestCaseExecutor.java:307)
	at com.kms.katalon.core.main.TestCaseExecutor.accessMainPhase(TestCaseExecutor.java:299)
	at com.kms.katalon.core.main.TestCaseExecutor.execute(TestCaseExecutor.java:233)
	at com.kms.katalon.core.main.TestSuiteExecutor.accessTestCaseMainPhase(TestSuiteExecutor.java:169)
	at com.kms.katalon.core.main.TestSuiteExecutor.accessTestSuiteMainPhase(TestSuiteExecutor.java:142)
	at com.kms.katalon.core.main.TestSuiteExecutor.execute(TestSuiteExecutor.java:91)
	at com.kms.katalon.core.main.TestCaseMain.startTestSuite(TestCaseMain.java:157)
	at com.kms.katalon.core.main.TestCaseMain$startTestSuite$0.call(Unknown Source)
	at TempTestSuite1591351978611.run(TempTestSuite1591351978611.groovy:37)
Caused by: org.openqa.selenium.NoSuchWindowException: no such window: window was already closed
  (Session info: chrome=83.0.4103.61)
Build info: version: '3.141.59', revision: 'e82be7d358', time: '2018-11-14T08:25:53'
System info: host: 'Tuyens-MacBook-Pro.local', ip: '2402:800:6384:604d:188c:1a0c:604b:3abc%en0', os.name: 'Mac OS X', os.arch: 'x86_64', os.version: '10.15.5', java.version: '1.8.0_181'
Driver info: com.kms.katalon.selenium.driver.CChromeDriver
Capabilities {acceptInsecureCerts: false, browserName: chrome, browserVersion: 83.0.4103.61, chrome: {chromedriverVersion: 83.0.4103.39 (ccbf011cb2d2b..., userDataDir: /var/folders/4p/d6s1q92j7cx...}, goog:chromeOptions: {debuggerAddress: localhost:63993}, javascriptEnabled: true, networkConnectionEnabled: false, pageLoadStrategy: normal, platform: MAC, platformName: MAC, proxy: Proxy(), setWindowRect: true, strictFileInteractability: false, timeouts: {implicit: 0, pageLoad: 300000, script: 30000}, unhandledPromptBehavior: dismiss and notify, webauthn:virtualAuthenticators: true}
Session ID: 15facd79de0a77c9c75247381e38e657
*** Element info: {Using=xpath, value=//div[@id='deletePostModal']/div/div/div/button/span}
	at org.openqa.selenium.remote.http.W3CHttpResponseCodec.createException(W3CHttpResponseCodec.java:187)
	at org.openqa.selenium.remote.http.W3CHttpResponseCodec.decode(W3CHttpResponseCodec.java:122)
	at org.openqa.selenium.remote.http.W3CHttpResponseCodec.decode(W3CHttpResponseCodec.java:49)
	at org.openqa.selenium.remote.HttpCommandExecutor.execute(HttpCommandExecutor.java:158)
	at org.openqa.selenium.remote.service.DriverCommandExecutor.execute(DriverCommandExecutor.java:83)
	at org.openqa.selenium.remote.RemoteWebDriver.execute(RemoteWebDriver.java:552)
	at com.kms.katalon.selenium.driver.CChromeDriver.execute(CChromeDriver.java:19)
	at org.openqa.selenium.remote.RemoteWebDriver.findElements(RemoteWebDriver.java:353)
	at org.openqa.selenium.remote.RemoteWebDriver.findElementsByXPath(RemoteWebDriver.java:432)
	at org.openqa.selenium.By$ByXPath.findElements(By.java:348)
	at org.openqa.selenium.remote.RemoteWebDriver.findElements(RemoteWebDriver.java:311)
	at org.openqa.selenium.support.events.EventFiringWebDriver.lambda$new$1(EventFiringWebDriver.java:105)
	at com.sun.proxy.$Proxy8.findElements(Unknown Source)
	at org.openqa.selenium.support.events.EventFiringWebDriver.findElements(EventFiringWebDriver.java:182)
	at com.kms.katalon.core.webui.common.WebUiCommonHelper.findWebElements(WebUiCommonHelper.java:789)
	at com.kms.katalon.core.webui.common.WebUiCommonHelper.findWebElement(WebUiCommonHelper.java:1150)
	at com.kms.katalon.core.webui.keyword.internal.WebUIAbstractKeyword.findWebElement(WebUIAbstractKeyword.groovy:27)
	at com.kms.katalon.core.webui.keyword.internal.WebUIAbstractKeyword.findWebElement(WebUIAbstractKeyword.groovy:26)
	at com.kms.katalon.core.webui.keyword.builtin.ClickKeyword$_click_closure1.doCall(ClickKeyword.groovy:67)
	at com.kms.katalon.core.webui.keyword.builtin.ClickKeyword$_click_closure1.call(ClickKeyword.groovy)
	at com.kms.katalon.core.webui.keyword.internal.WebUIKeywordMain.runKeyword(WebUIKeywordMain.groovy:20)
	... 19 more]]></system-err>
      </testcase>
      <testcase name="Test Cases/view all member and search" time="15.599" classname="Test Cases/view all member and search" status="FAILED">
         <failure type="FAILED" message="Test Cases/view all member and search FAILED.
Reason:
com.kms.katalon.core.exception.StepFailedException: Unable to click on object 'Object Repository/Page_ Town Square - eligendi Mattermost/span_'
	at com.kms.katalon.core.webui.keyword.internal.WebUIKeywordMain.stepFailed(WebUIKeywordMain.groovy:64)
	at com.kms.katalon.core.webui.keyword.internal.WebUIKeywordMain.runKeyword(WebUIKeywordMain.groovy:26)
	at com.kms.katalon.core.webui.keyword.builtin.ClickKeyword.click(ClickKeyword.groovy:76)
	at com.kms.katalon.core.webui.keyword.builtin.ClickKeyword.execute(ClickKeyword.groovy:43)
	at com.kms.katalon.core.keyword.internal.KeywordExecutor.executeKeywordForPlatform(KeywordExecutor.groovy:72)
	at com.kms.katalon.core.webui.keyword.WebUiBuiltInKeywords.click(WebUiBuiltInKeywords.groovy:616)
	at com.kms.katalon.core.webui.keyword.WebUiBuiltInKeywords$click$1.call(Unknown Source)
	at view all member and search.run(view all member and search:38)
	at com.kms.katalon.core.main.ScriptEngine.run(ScriptEngine.java:194)
	at com.kms.katalon.core.main.ScriptEngine.runScriptAsRawText(ScriptEngine.java:119)
	at com.kms.katalon.core.main.TestCaseExecutor.runScript(TestCaseExecutor.java:337)
	at com.kms.katalon.core.main.TestCaseExecutor.doExecute(TestCaseExecutor.java:328)
	at com.kms.katalon.core.main.TestCaseExecutor.processExecutionPhase(TestCaseExecutor.java:307)
	at com.kms.katalon.core.main.TestCaseExecutor.accessMainPhase(TestCaseExecutor.java:299)
	at com.kms.katalon.core.main.TestCaseExecutor.execute(TestCaseExecutor.java:233)
	at com.kms.katalon.core.main.TestSuiteExecutor.accessTestCaseMainPhase(TestSuiteExecutor.java:169)
	at com.kms.katalon.core.main.TestSuiteExecutor.accessTestSuiteMainPhase(TestSuiteExecutor.java:142)
	at com.kms.katalon.core.main.TestSuiteExecutor.execute(TestSuiteExecutor.java:91)
	at com.kms.katalon.core.main.TestCaseMain.startTestSuite(TestCaseMain.java:157)
	at com.kms.katalon.core.main.TestCaseMain$startTestSuite$0.call(Unknown Source)
	at TempTestSuite1591351978611.run(TempTestSuite1591351978611.groovy:37)
Caused by: org.openqa.selenium.ElementClickInterceptedException: element click intercepted: Element &lt;span>...&lt;/span> is not clickable at point (258, 442). Other element would receive the click: &lt;div role=&quot;dialog&quot; aria-labelledby=&quot;channelMembersModalLabel&quot; id=&quot;channelMembersModal&quot; tabindex=&quot;-1&quot; class=&quot;fade in modal&quot; style=&quot;display: block;&quot;>...&lt;/div>
  (Session info: chrome=83.0.4103.61)
Build info: version: '3.141.59', revision: 'e82be7d358', time: '2018-11-14T08:25:53'
System info: host: 'Tuyens-MacBook-Pro.local', ip: '2402:800:6384:604d:188c:1a0c:604b:3abc%en0', os.name: 'Mac OS X', os.arch: 'x86_64', os.version: '10.15.5', java.version: '1.8.0_181'
Driver info: com.kms.katalon.selenium.driver.CChromeDriver
Capabilities {acceptInsecureCerts: false, browserName: chrome, browserVersion: 83.0.4103.61, chrome: {chromedriverVersion: 83.0.4103.39 (ccbf011cb2d2b..., userDataDir: /var/folders/4p/d6s1q92j7cx...}, goog:chromeOptions: {debuggerAddress: localhost:64133}, javascriptEnabled: true, networkConnectionEnabled: false, pageLoadStrategy: normal, platform: MAC, platformName: MAC, proxy: Proxy(), setWindowRect: true, strictFileInteractability: false, timeouts: {implicit: 0, pageLoad: 300000, script: 30000}, unhandledPromptBehavior: dismiss and notify, webauthn:virtualAuthenticators: true}
Session ID: 7da0b704c1f2c84424400ea7a0105cf7
	at org.openqa.selenium.remote.http.W3CHttpResponseCodec.createException(W3CHttpResponseCodec.java:187)
	at org.openqa.selenium.remote.http.W3CHttpResponseCodec.decode(W3CHttpResponseCodec.java:122)
	at org.openqa.selenium.remote.http.W3CHttpResponseCodec.decode(W3CHttpResponseCodec.java:49)
	at org.openqa.selenium.remote.HttpCommandExecutor.execute(HttpCommandExecutor.java:158)
	at org.openqa.selenium.remote.service.DriverCommandExecutor.execute(DriverCommandExecutor.java:83)
	at org.openqa.selenium.remote.RemoteWebDriver.execute(RemoteWebDriver.java:552)
	at com.kms.katalon.selenium.driver.CChromeDriver.execute(CChromeDriver.java:19)
	at org.openqa.selenium.remote.RemoteWebElement.execute(RemoteWebElement.java:285)
	at org.openqa.selenium.remote.RemoteWebElement.click(RemoteWebElement.java:84)
	at org.openqa.selenium.support.events.EventFiringWebDriver$EventFiringWebElement.lambda$new$0(EventFiringWebDriver.java:404)
	at com.sun.proxy.$Proxy9.click(Unknown Source)
	at org.openqa.selenium.support.events.EventFiringWebDriver$EventFiringWebElement.click(EventFiringWebDriver.java:417)
	at com.kms.katalon.core.webui.keyword.builtin.ClickKeyword$_click_closure1.doCall(ClickKeyword.groovy:69)
	at com.kms.katalon.core.webui.keyword.builtin.ClickKeyword$_click_closure1.call(ClickKeyword.groovy)
	at com.kms.katalon.core.webui.keyword.internal.WebUIKeywordMain.runKeyword(WebUIKeywordMain.groovy:20)
	... 19 more
"/>
         <system-out><![CDATA[2020-06-05 17:17:39 - [TEST_CASE][FAILED] - Test Cases/view all member and search: Test Cases/view all member and search FAILED.
Reason:
com.kms.katalon.core.exception.StepFailedException: Unable to click on object 'Object Repository/Page_ Town Square - eligendi Mattermost/span_'
	at com.kms.katalon.core.webui.keyword.internal.WebUIKeywordMain.stepFailed(WebUIKeywordMain.groovy:64)
	at com.kms.katalon.core.webui.keyword.internal.WebUIKeywordMain.runKeyword(WebUIKeywordMain.groovy:26)
	at com.kms.katalon.core.webui.keyword.builtin.ClickKeyword.click(ClickKeyword.groovy:76)
	at com.kms.katalon.core.webui.keyword.builtin.ClickKeyword.execute(ClickKeyword.groovy:43)
	at com.kms.katalon.core.keyword.internal.KeywordExecutor.executeKeywordForPlatform(KeywordExecutor.groovy:72)
	at com.kms.katalon.core.webui.keyword.WebUiBuiltInKeywords.click(WebUiBuiltInKeywords.groovy:616)
	at com.kms.katalon.core.webui.keyword.WebUiBuiltInKeywords$click$1.call(Unknown Source)
	at view all member and search.run(view all member and search:38)
	at com.kms.katalon.core.main.ScriptEngine.run(ScriptEngine.java:194)
	at com.kms.katalon.core.main.ScriptEngine.runScriptAsRawText(ScriptEngine.java:119)
	at com.kms.katalon.core.main.TestCaseExecutor.runScript(TestCaseExecutor.java:337)
	at com.kms.katalon.core.main.TestCaseExecutor.doExecute(TestCaseExecutor.java:328)
	at com.kms.katalon.core.main.TestCaseExecutor.processExecutionPhase(TestCaseExecutor.java:307)
	at com.kms.katalon.core.main.TestCaseExecutor.accessMainPhase(TestCaseExecutor.java:299)
	at com.kms.katalon.core.main.TestCaseExecutor.execute(TestCaseExecutor.java:233)
	at com.kms.katalon.core.main.TestSuiteExecutor.accessTestCaseMainPhase(TestSuiteExecutor.java:169)
	at com.kms.katalon.core.main.TestSuiteExecutor.accessTestSuiteMainPhase(TestSuiteExecutor.java:142)
	at com.kms.katalon.core.main.TestSuiteExecutor.execute(TestSuiteExecutor.java:91)
	at com.kms.katalon.core.main.TestCaseMain.startTestSuite(TestCaseMain.java:157)
	at com.kms.katalon.core.main.TestCaseMain$startTestSuite$0.call(Unknown Source)
	at TempTestSuite1591351978611.run(TempTestSuite1591351978611.groovy:37)
Caused by: org.openqa.selenium.ElementClickInterceptedException: element click intercepted: Element <span>...</span> is not clickable at point (258, 442). Other element would receive the click: <div role="dialog" aria-labelledby="channelMembersModalLabel" id="channelMembersModal" tabindex="-1" class="fade in modal" style="display: block;">...</div>
  (Session info: chrome=83.0.4103.61)
Build info: version: '3.141.59', revision: 'e82be7d358', time: '2018-11-14T08:25:53'
System info: host: 'Tuyens-MacBook-Pro.local', ip: '2402:800:6384:604d:188c:1a0c:604b:3abc%en0', os.name: 'Mac OS X', os.arch: 'x86_64', os.version: '10.15.5', java.version: '1.8.0_181'
Driver info: com.kms.katalon.selenium.driver.CChromeDriver
Capabilities {acceptInsecureCerts: false, browserName: chrome, browserVersion: 83.0.4103.61, chrome: {chromedriverVersion: 83.0.4103.39 (ccbf011cb2d2b..., userDataDir: /var/folders/4p/d6s1q92j7cx...}, goog:chromeOptions: {debuggerAddress: localhost:64133}, javascriptEnabled: true, networkConnectionEnabled: false, pageLoadStrategy: normal, platform: MAC, platformName: MAC, proxy: Proxy(), setWindowRect: true, strictFileInteractability: false, timeouts: {implicit: 0, pageLoad: 300000, script: 30000}, unhandledPromptBehavior: dismiss and notify, webauthn:virtualAuthenticators: true}
Session ID: 7da0b704c1f2c84424400ea7a0105cf7
	at org.openqa.selenium.remote.http.W3CHttpResponseCodec.createException(W3CHttpResponseCodec.java:187)
	at org.openqa.selenium.remote.http.W3CHttpResponseCodec.decode(W3CHttpResponseCodec.java:122)
	at org.openqa.selenium.remote.http.W3CHttpResponseCodec.decode(W3CHttpResponseCodec.java:49)
	at org.openqa.selenium.remote.HttpCommandExecutor.execute(HttpCommandExecutor.java:158)
	at org.openqa.selenium.remote.service.DriverCommandExecutor.execute(DriverCommandExecutor.java:83)
	at org.openqa.selenium.remote.RemoteWebDriver.execute(RemoteWebDriver.java:552)
	at com.kms.katalon.selenium.driver.CChromeDriver.execute(CChromeDriver.java:19)
	at org.openqa.selenium.remote.RemoteWebElement.execute(RemoteWebElement.java:285)
	at org.openqa.selenium.remote.RemoteWebElement.click(RemoteWebElement.java:84)
	at org.openqa.selenium.support.events.EventFiringWebDriver$EventFiringWebElement.lambda$new$0(EventFiringWebDriver.java:404)
	at com.sun.proxy.$Proxy9.click(Unknown Source)
	at org.openqa.selenium.support.events.EventFiringWebDriver$EventFiringWebElement.click(EventFiringWebDriver.java:417)
	at com.kms.katalon.core.webui.keyword.builtin.ClickKeyword$_click_closure1.doCall(ClickKeyword.groovy:69)
	at com.kms.katalon.core.webui.keyword.builtin.ClickKeyword$_click_closure1.call(ClickKeyword.groovy)
	at com.kms.katalon.core.webui.keyword.internal.WebUIKeywordMain.runKeyword(WebUIKeywordMain.groovy:20)
	... 19 more


2020-06-05 17:17:39 - [TEST_STEP][PASSED] - openBrowser(""): Browser is opened with url: ''

2020-06-05 17:17:39 - [MESSAGE][WARNING] - A browser is already opened. Closing browser and opening a new one

2020-06-05 17:17:39 - [MESSAGE][INFO] - Starting 'Chrome' driver

2020-06-05 17:17:39 - [MESSAGE][INFO] - Action delay is set to 0 milliseconds

2020-06-05 17:17:40 - [MESSAGE][PASSED] - Browser is opened with url: ''

2020-06-05 17:17:40 - [TEST_STEP][PASSED] - navigateToUrl("http://localhost:8065/"): Navigate to 'http://localhost:8065/' successfully

2020-06-05 17:17:41 - [MESSAGE][PASSED] - Navigate to 'http://localhost:8065/' successfully

2020-06-05 17:17:41 - [TEST_STEP][PASSED] - setText(findTestObject("Page_Mattermost/input_All team communication in one place s_703ef5"), "sysadmin"): Text 'sysadmin' is set on object 'Object Repository/Page_Mattermost/input_All team communication in one place s_703ef5'

2020-06-05 17:17:43 - [MESSAGE][PASSED] - Text 'sysadmin' is set on object 'Object Repository/Page_Mattermost/input_All team communication in one place s_703ef5'

2020-06-05 17:17:43 - [TEST_STEP][PASSED] - setEncryptedText(findTestObject("Page_Mattermost/input_All team communication in one place s_2f2733"), "2SwE/drL9BoSDSAWnt1s8EiQe9rbSfQc"): Text ****** has been set on object 'Object Repository/Page_Mattermost/input_All team communication in one place s_2f2733'

2020-06-05 17:17:44 - [MESSAGE][PASSED] - Text ****** has been set on object 'Object Repository/Page_Mattermost/input_All team communication in one place s_2f2733'

2020-06-05 17:17:44 - [TEST_STEP][PASSED] - click(findTestObject("Page_Mattermost/button_Sign in")): Object: 'Object Repository/Page_Mattermost/button_Sign in' is clicked on

2020-06-05 17:17:45 - [MESSAGE][PASSED] - Object: 'Object Repository/Page_Mattermost/button_Sign in' is clicked on

2020-06-05 17:17:45 - [TEST_STEP][PASSED] - click(findTestObject("Page_ Town Square - eligendi Mattermost/button_60")): Object: 'Object Repository/Page_ Town Square - eligendi Mattermost/button_60' is clicked on

2020-06-05 17:17:48 - [MESSAGE][PASSED] - Object: 'Object Repository/Page_ Town Square - eligendi Mattermost/button_60' is clicked on

2020-06-05 17:17:48 - [TEST_STEP][PASSED] - click(findTestObject("Object Repository/Page_ Town Square - eligendi Mattermost/span_View Members")): Object: 'Object Repository/Page_ Town Square - eligendi Mattermost/span_View Members' is clicked on

2020-06-05 17:17:49 - [MESSAGE][PASSED] - Object: 'Object Repository/Page_ Town Square - eligendi Mattermost/span_View Members' is clicked on

2020-06-05 17:17:49 - [TEST_STEP][PASSED] - click(findTestObject("Object Repository/Page_ Town Square - eligendi Mattermost/span_Next")): Object: 'Object Repository/Page_ Town Square - eligendi Mattermost/span_Next' is clicked on

2020-06-05 17:17:51 - [MESSAGE][PASSED] - Object: 'Object Repository/Page_ Town Square - eligendi Mattermost/span_Next' is clicked on

2020-06-05 17:17:51 - [TEST_STEP][PASSED] - setText(findTestObject("Object Repository/Page_ Town Square - eligendi Mattermost/input_Search users_searchUsersInput"), "samuel.p"): Text 'samuel.p' is set on object 'Object Repository/Page_ Town Square - eligendi Mattermost/input_Search users_searchUsersInput'

2020-06-05 17:17:52 - [MESSAGE][PASSED] - Text 'samuel.p' is set on object 'Object Repository/Page_ Town Square - eligendi Mattermost/input_Search users_searchUsersInput'

2020-06-05 17:17:52 - [TEST_STEP][FAILED] - click(findTestObject("Object Repository/Page_ Town Square - eligendi Mattermost/span_")): Unable to click on object 'Object Repository/Page_ Town Square - eligendi Mattermost/span_' (Root cause: com.kms.katalon.core.exception.StepFailedException: Unable to click on object 'Object Repository/Page_ Town Square - eligendi Mattermost/span_'
	at com.kms.katalon.core.webui.keyword.internal.WebUIKeywordMain.stepFailed(WebUIKeywordMain.groovy:64)
	at com.kms.katalon.core.webui.keyword.internal.WebUIKeywordMain.runKeyword(WebUIKeywordMain.groovy:26)
	at com.kms.katalon.core.webui.keyword.builtin.ClickKeyword.click(ClickKeyword.groovy:76)
	at com.kms.katalon.core.webui.keyword.builtin.ClickKeyword.execute(ClickKeyword.groovy:43)
	at com.kms.katalon.core.keyword.internal.KeywordExecutor.executeKeywordForPlatform(KeywordExecutor.groovy:72)
	at com.kms.katalon.core.webui.keyword.WebUiBuiltInKeywords.click(WebUiBuiltInKeywords.groovy:616)
	at com.kms.katalon.core.webui.keyword.WebUiBuiltInKeywords$click$1.call(Unknown Source)
	at view all member and search.run(view all member and search:38)
	at com.kms.katalon.core.main.ScriptEngine.run(ScriptEngine.java:194)
	at com.kms.katalon.core.main.ScriptEngine.runScriptAsRawText(ScriptEngine.java:119)
	at com.kms.katalon.core.main.TestCaseExecutor.runScript(TestCaseExecutor.java:337)
	at com.kms.katalon.core.main.TestCaseExecutor.doExecute(TestCaseExecutor.java:328)
	at com.kms.katalon.core.main.TestCaseExecutor.processExecutionPhase(TestCaseExecutor.java:307)
	at com.kms.katalon.core.main.TestCaseExecutor.accessMainPhase(TestCaseExecutor.java:299)
	at com.kms.katalon.core.main.TestCaseExecutor.execute(TestCaseExecutor.java:233)
	at com.kms.katalon.core.main.TestSuiteExecutor.accessTestCaseMainPhase(TestSuiteExecutor.java:169)
	at com.kms.katalon.core.main.TestSuiteExecutor.accessTestSuiteMainPhase(TestSuiteExecutor.java:142)
	at com.kms.katalon.core.main.TestSuiteExecutor.execute(TestSuiteExecutor.java:91)
	at com.kms.katalon.core.main.TestCaseMain.startTestSuite(TestCaseMain.java:157)
	at com.kms.katalon.core.main.TestCaseMain$startTestSuite$0.call(Unknown Source)
	at TempTestSuite1591351978611.run(TempTestSuite1591351978611.groovy:37)
Caused by: org.openqa.selenium.ElementClickInterceptedException: element click intercepted: Element <span>...</span> is not clickable at point (258, 442). Other element would receive the click: <div role="dialog" aria-labelledby="channelMembersModalLabel" id="channelMembersModal" tabindex="-1" class="fade in modal" style="display: block;">...</div>
  (Session info: chrome=83.0.4103.61)
Build info: version: '3.141.59', revision: 'e82be7d358', time: '2018-11-14T08:25:53'
System info: host: 'Tuyens-MacBook-Pro.local', ip: '2402:800:6384:604d:188c:1a0c:604b:3abc%en0', os.name: 'Mac OS X', os.arch: 'x86_64', os.version: '10.15.5', java.version: '1.8.0_181'
Driver info: com.kms.katalon.selenium.driver.CChromeDriver
Capabilities {acceptInsecureCerts: false, browserName: chrome, browserVersion: 83.0.4103.61, chrome: {chromedriverVersion: 83.0.4103.39 (ccbf011cb2d2b..., userDataDir: /var/folders/4p/d6s1q92j7cx...}, goog:chromeOptions: {debuggerAddress: localhost:64133}, javascriptEnabled: true, networkConnectionEnabled: false, pageLoadStrategy: normal, platform: MAC, platformName: MAC, proxy: Proxy(), setWindowRect: true, strictFileInteractability: false, timeouts: {implicit: 0, pageLoad: 300000, script: 30000}, unhandledPromptBehavior: dismiss and notify, webauthn:virtualAuthenticators: true}
Session ID: 7da0b704c1f2c84424400ea7a0105cf7
	at org.openqa.selenium.remote.http.W3CHttpResponseCodec.createException(W3CHttpResponseCodec.java:187)
	at org.openqa.selenium.remote.http.W3CHttpResponseCodec.decode(W3CHttpResponseCodec.java:122)
	at org.openqa.selenium.remote.http.W3CHttpResponseCodec.decode(W3CHttpResponseCodec.java:49)
	at org.openqa.selenium.remote.HttpCommandExecutor.execute(HttpCommandExecutor.java:158)
	at org.openqa.selenium.remote.service.DriverCommandExecutor.execute(DriverCommandExecutor.java:83)
	at org.openqa.selenium.remote.RemoteWebDriver.execute(RemoteWebDriver.java:552)
	at com.kms.katalon.selenium.driver.CChromeDriver.execute(CChromeDriver.java:19)
	at org.openqa.selenium.remote.RemoteWebElement.execute(RemoteWebElement.java:285)
	at org.openqa.selenium.remote.RemoteWebElement.click(RemoteWebElement.java:84)
	at org.openqa.selenium.support.events.EventFiringWebDriver$EventFiringWebElement.lambda$new$0(EventFiringWebDriver.java:404)
	at com.sun.proxy.$Proxy9.click(Unknown Source)
	at org.openqa.selenium.support.events.EventFiringWebDriver$EventFiringWebElement.click(EventFiringWebDriver.java:417)
	at com.kms.katalon.core.webui.keyword.builtin.ClickKeyword$_click_closure1.doCall(ClickKeyword.groovy:69)
	at com.kms.katalon.core.webui.keyword.builtin.ClickKeyword$_click_closure1.call(ClickKeyword.groovy)
	at com.kms.katalon.core.webui.keyword.internal.WebUIKeywordMain.runKeyword(WebUIKeywordMain.groovy:20)
	at com.kms.katalon.core.webui.keyword.builtin.ClickKeyword.click(ClickKeyword.groovy:76)
	at com.kms.katalon.core.webui.keyword.builtin.ClickKeyword.execute(ClickKeyword.groovy:43)
	at com.kms.katalon.core.keyword.internal.KeywordExecutor.executeKeywordForPlatform(KeywordExecutor.groovy:72)
	at com.kms.katalon.core.webui.keyword.WebUiBuiltInKeywords.click(WebUiBuiltInKeywords.groovy:616)
	at com.kms.katalon.core.webui.keyword.WebUiBuiltInKeywords$click$1.call(Unknown Source)
	at Script1591288236362.run(Script1591288236362.groovy:38)
	... 13 more
)

2020-06-05 17:17:54 - [MESSAGE][FAILED] - Unable to click on object 'Object Repository/Page_ Town Square - eligendi Mattermost/span_' (Root cause: com.kms.katalon.core.exception.StepFailedException: Unable to click on object 'Object Repository/Page_ Town Square - eligendi Mattermost/span_'
	at com.kms.katalon.core.webui.keyword.internal.WebUIKeywordMain.stepFailed(WebUIKeywordMain.groovy:64)
	at com.kms.katalon.core.webui.keyword.internal.WebUIKeywordMain.runKeyword(WebUIKeywordMain.groovy:26)
	at com.kms.katalon.core.webui.keyword.builtin.ClickKeyword.click(ClickKeyword.groovy:76)
	at com.kms.katalon.core.webui.keyword.builtin.ClickKeyword.execute(ClickKeyword.groovy:43)
	at com.kms.katalon.core.keyword.internal.KeywordExecutor.executeKeywordForPlatform(KeywordExecutor.groovy:72)
	at com.kms.katalon.core.webui.keyword.WebUiBuiltInKeywords.click(WebUiBuiltInKeywords.groovy:616)
	at com.kms.katalon.core.webui.keyword.WebUiBuiltInKeywords$click$1.call(Unknown Source)
	at view all member and search.run(view all member and search:38)
	at com.kms.katalon.core.main.ScriptEngine.run(ScriptEngine.java:194)
	at com.kms.katalon.core.main.ScriptEngine.runScriptAsRawText(ScriptEngine.java:119)
	at com.kms.katalon.core.main.TestCaseExecutor.runScript(TestCaseExecutor.java:337)
	at com.kms.katalon.core.main.TestCaseExecutor.doExecute(TestCaseExecutor.java:328)
	at com.kms.katalon.core.main.TestCaseExecutor.processExecutionPhase(TestCaseExecutor.java:307)
	at com.kms.katalon.core.main.TestCaseExecutor.accessMainPhase(TestCaseExecutor.java:299)
	at com.kms.katalon.core.main.TestCaseExecutor.execute(TestCaseExecutor.java:233)
	at com.kms.katalon.core.main.TestSuiteExecutor.accessTestCaseMainPhase(TestSuiteExecutor.java:169)
	at com.kms.katalon.core.main.TestSuiteExecutor.accessTestSuiteMainPhase(TestSuiteExecutor.java:142)
	at com.kms.katalon.core.main.TestSuiteExecutor.execute(TestSuiteExecutor.java:91)
	at com.kms.katalon.core.main.TestCaseMain.startTestSuite(TestCaseMain.java:157)
	at com.kms.katalon.core.main.TestCaseMain$startTestSuite$0.call(Unknown Source)
	at TempTestSuite1591351978611.run(TempTestSuite1591351978611.groovy:37)
Caused by: org.openqa.selenium.ElementClickInterceptedException: element click intercepted: Element <span>...</span> is not clickable at point (258, 442). Other element would receive the click: <div role="dialog" aria-labelledby="channelMembersModalLabel" id="channelMembersModal" tabindex="-1" class="fade in modal" style="display: block;">...</div>
  (Session info: chrome=83.0.4103.61)
Build info: version: '3.141.59', revision: 'e82be7d358', time: '2018-11-14T08:25:53'
System info: host: 'Tuyens-MacBook-Pro.local', ip: '2402:800:6384:604d:188c:1a0c:604b:3abc%en0', os.name: 'Mac OS X', os.arch: 'x86_64', os.version: '10.15.5', java.version: '1.8.0_181'
Driver info: com.kms.katalon.selenium.driver.CChromeDriver
Capabilities {acceptInsecureCerts: false, browserName: chrome, browserVersion: 83.0.4103.61, chrome: {chromedriverVersion: 83.0.4103.39 (ccbf011cb2d2b..., userDataDir: /var/folders/4p/d6s1q92j7cx...}, goog:chromeOptions: {debuggerAddress: localhost:64133}, javascriptEnabled: true, networkConnectionEnabled: false, pageLoadStrategy: normal, platform: MAC, platformName: MAC, proxy: Proxy(), setWindowRect: true, strictFileInteractability: false, timeouts: {implicit: 0, pageLoad: 300000, script: 30000}, unhandledPromptBehavior: dismiss and notify, webauthn:virtualAuthenticators: true}
Session ID: 7da0b704c1f2c84424400ea7a0105cf7
	at org.openqa.selenium.remote.http.W3CHttpResponseCodec.createException(W3CHttpResponseCodec.java:187)
	at org.openqa.selenium.remote.http.W3CHttpResponseCodec.decode(W3CHttpResponseCodec.java:122)
	at org.openqa.selenium.remote.http.W3CHttpResponseCodec.decode(W3CHttpResponseCodec.java:49)
	at org.openqa.selenium.remote.HttpCommandExecutor.execute(HttpCommandExecutor.java:158)
	at org.openqa.selenium.remote.service.DriverCommandExecutor.execute(DriverCommandExecutor.java:83)
	at org.openqa.selenium.remote.RemoteWebDriver.execute(RemoteWebDriver.java:552)
	at com.kms.katalon.selenium.driver.CChromeDriver.execute(CChromeDriver.java:19)
	at org.openqa.selenium.remote.RemoteWebElement.execute(RemoteWebElement.java:285)
	at org.openqa.selenium.remote.RemoteWebElement.click(RemoteWebElement.java:84)
	at org.openqa.selenium.support.events.EventFiringWebDriver$EventFiringWebElement.lambda$new$0(EventFiringWebDriver.java:404)
	at com.sun.proxy.$Proxy9.click(Unknown Source)
	at org.openqa.selenium.support.events.EventFiringWebDriver$EventFiringWebElement.click(EventFiringWebDriver.java:417)
	at com.kms.katalon.core.webui.keyword.builtin.ClickKeyword$_click_closure1.doCall(ClickKeyword.groovy:69)
	at com.kms.katalon.core.webui.keyword.builtin.ClickKeyword$_click_closure1.call(ClickKeyword.groovy)
	at com.kms.katalon.core.webui.keyword.internal.WebUIKeywordMain.runKeyword(WebUIKeywordMain.groovy:20)
	at com.kms.katalon.core.webui.keyword.builtin.ClickKeyword.click(ClickKeyword.groovy:76)
	at com.kms.katalon.core.webui.keyword.builtin.ClickKeyword.execute(ClickKeyword.groovy:43)
	at com.kms.katalon.core.keyword.internal.KeywordExecutor.executeKeywordForPlatform(KeywordExecutor.groovy:72)
	at com.kms.katalon.core.webui.keyword.WebUiBuiltInKeywords.click(WebUiBuiltInKeywords.groovy:616)
	at com.kms.katalon.core.webui.keyword.WebUiBuiltInKeywords$click$1.call(Unknown Source)
	at Script1591288236362.run(Script1591288236362.groovy:38)
	... 13 more
)
[[ATTACHMENT|/Users/tuyenle/git/HW2-CDNC-CNPM/Reports/20200605_171239/Run all test cases/20200605_171239/1591352274170.png]]]]></system-out>
         <system-err><![CDATA[2020-06-05 17:17:39 - [TEST_CASE][FAILED] - Test Cases/view all member and search: Test Cases/view all member and search FAILED.
Reason:
com.kms.katalon.core.exception.StepFailedException: Unable to click on object 'Object Repository/Page_ Town Square - eligendi Mattermost/span_'
	at com.kms.katalon.core.webui.keyword.internal.WebUIKeywordMain.stepFailed(WebUIKeywordMain.groovy:64)
	at com.kms.katalon.core.webui.keyword.internal.WebUIKeywordMain.runKeyword(WebUIKeywordMain.groovy:26)
	at com.kms.katalon.core.webui.keyword.builtin.ClickKeyword.click(ClickKeyword.groovy:76)
	at com.kms.katalon.core.webui.keyword.builtin.ClickKeyword.execute(ClickKeyword.groovy:43)
	at com.kms.katalon.core.keyword.internal.KeywordExecutor.executeKeywordForPlatform(KeywordExecutor.groovy:72)
	at com.kms.katalon.core.webui.keyword.WebUiBuiltInKeywords.click(WebUiBuiltInKeywords.groovy:616)
	at com.kms.katalon.core.webui.keyword.WebUiBuiltInKeywords$click$1.call(Unknown Source)
	at view all member and search.run(view all member and search:38)
	at com.kms.katalon.core.main.ScriptEngine.run(ScriptEngine.java:194)
	at com.kms.katalon.core.main.ScriptEngine.runScriptAsRawText(ScriptEngine.java:119)
	at com.kms.katalon.core.main.TestCaseExecutor.runScript(TestCaseExecutor.java:337)
	at com.kms.katalon.core.main.TestCaseExecutor.doExecute(TestCaseExecutor.java:328)
	at com.kms.katalon.core.main.TestCaseExecutor.processExecutionPhase(TestCaseExecutor.java:307)
	at com.kms.katalon.core.main.TestCaseExecutor.accessMainPhase(TestCaseExecutor.java:299)
	at com.kms.katalon.core.main.TestCaseExecutor.execute(TestCaseExecutor.java:233)
	at com.kms.katalon.core.main.TestSuiteExecutor.accessTestCaseMainPhase(TestSuiteExecutor.java:169)
	at com.kms.katalon.core.main.TestSuiteExecutor.accessTestSuiteMainPhase(TestSuiteExecutor.java:142)
	at com.kms.katalon.core.main.TestSuiteExecutor.execute(TestSuiteExecutor.java:91)
	at com.kms.katalon.core.main.TestCaseMain.startTestSuite(TestCaseMain.java:157)
	at com.kms.katalon.core.main.TestCaseMain$startTestSuite$0.call(Unknown Source)
	at TempTestSuite1591351978611.run(TempTestSuite1591351978611.groovy:37)
Caused by: org.openqa.selenium.ElementClickInterceptedException: element click intercepted: Element <span>...</span> is not clickable at point (258, 442). Other element would receive the click: <div role="dialog" aria-labelledby="channelMembersModalLabel" id="channelMembersModal" tabindex="-1" class="fade in modal" style="display: block;">...</div>
  (Session info: chrome=83.0.4103.61)
Build info: version: '3.141.59', revision: 'e82be7d358', time: '2018-11-14T08:25:53'
System info: host: 'Tuyens-MacBook-Pro.local', ip: '2402:800:6384:604d:188c:1a0c:604b:3abc%en0', os.name: 'Mac OS X', os.arch: 'x86_64', os.version: '10.15.5', java.version: '1.8.0_181'
Driver info: com.kms.katalon.selenium.driver.CChromeDriver
Capabilities {acceptInsecureCerts: false, browserName: chrome, browserVersion: 83.0.4103.61, chrome: {chromedriverVersion: 83.0.4103.39 (ccbf011cb2d2b..., userDataDir: /var/folders/4p/d6s1q92j7cx...}, goog:chromeOptions: {debuggerAddress: localhost:64133}, javascriptEnabled: true, networkConnectionEnabled: false, pageLoadStrategy: normal, platform: MAC, platformName: MAC, proxy: Proxy(), setWindowRect: true, strictFileInteractability: false, timeouts: {implicit: 0, pageLoad: 300000, script: 30000}, unhandledPromptBehavior: dismiss and notify, webauthn:virtualAuthenticators: true}
Session ID: 7da0b704c1f2c84424400ea7a0105cf7
	at org.openqa.selenium.remote.http.W3CHttpResponseCodec.createException(W3CHttpResponseCodec.java:187)
	at org.openqa.selenium.remote.http.W3CHttpResponseCodec.decode(W3CHttpResponseCodec.java:122)
	at org.openqa.selenium.remote.http.W3CHttpResponseCodec.decode(W3CHttpResponseCodec.java:49)
	at org.openqa.selenium.remote.HttpCommandExecutor.execute(HttpCommandExecutor.java:158)
	at org.openqa.selenium.remote.service.DriverCommandExecutor.execute(DriverCommandExecutor.java:83)
	at org.openqa.selenium.remote.RemoteWebDriver.execute(RemoteWebDriver.java:552)
	at com.kms.katalon.selenium.driver.CChromeDriver.execute(CChromeDriver.java:19)
	at org.openqa.selenium.remote.RemoteWebElement.execute(RemoteWebElement.java:285)
	at org.openqa.selenium.remote.RemoteWebElement.click(RemoteWebElement.java:84)
	at org.openqa.selenium.support.events.EventFiringWebDriver$EventFiringWebElement.lambda$new$0(EventFiringWebDriver.java:404)
	at com.sun.proxy.$Proxy9.click(Unknown Source)
	at org.openqa.selenium.support.events.EventFiringWebDriver$EventFiringWebElement.click(EventFiringWebDriver.java:417)
	at com.kms.katalon.core.webui.keyword.builtin.ClickKeyword$_click_closure1.doCall(ClickKeyword.groovy:69)
	at com.kms.katalon.core.webui.keyword.builtin.ClickKeyword$_click_closure1.call(ClickKeyword.groovy)
	at com.kms.katalon.core.webui.keyword.internal.WebUIKeywordMain.runKeyword(WebUIKeywordMain.groovy:20)
	... 19 more]]></system-err>
      </testcase>
      <testcase name="Test Cases/add member to channel (admin)" time="16.489" classname="Test Cases/add member to channel (admin)" status="PASSED">
         <system-out><![CDATA[2020-06-05 17:17:54 - [TEST_CASE][PASSED] - Test Cases/add member to channel (admin): Test Cases/add member to channel (admin)

2020-06-05 17:17:54 - [TEST_STEP][PASSED] - openBrowser(""): Browser is opened with url: ''

2020-06-05 17:17:54 - [MESSAGE][WARNING] - A browser is already opened. Closing browser and opening a new one

2020-06-05 17:17:55 - [MESSAGE][INFO] - Starting 'Chrome' driver

2020-06-05 17:17:55 - [MESSAGE][INFO] - Action delay is set to 0 milliseconds

2020-06-05 17:17:56 - [MESSAGE][PASSED] - Browser is opened with url: ''

2020-06-05 17:17:56 - [TEST_STEP][PASSED] - navigateToUrl("http://localhost:8065/"): Navigate to 'http://localhost:8065/' successfully

2020-06-05 17:17:57 - [MESSAGE][PASSED] - Navigate to 'http://localhost:8065/' successfully

2020-06-05 17:17:57 - [TEST_STEP][PASSED] - setText(findTestObject("Page_Mattermost/input_All team communication in one place s_703ef5"), "sysadmin"): Text 'sysadmin' is set on object 'Object Repository/Page_Mattermost/input_All team communication in one place s_703ef5'

2020-06-05 17:17:58 - [MESSAGE][PASSED] - Text 'sysadmin' is set on object 'Object Repository/Page_Mattermost/input_All team communication in one place s_703ef5'

2020-06-05 17:17:58 - [TEST_STEP][PASSED] - setEncryptedText(findTestObject("Page_Mattermost/input_All team communication in one place s_2f2733"), "2SwE/drL9BoSDSAWnt1s8EiQe9rbSfQc"): Text ****** has been set on object 'Object Repository/Page_Mattermost/input_All team communication in one place s_2f2733'

2020-06-05 17:17:59 - [MESSAGE][PASSED] - Text ****** has been set on object 'Object Repository/Page_Mattermost/input_All team communication in one place s_2f2733'

2020-06-05 17:17:59 - [TEST_STEP][PASSED] - click(findTestObject("Page_Mattermost/button_Sign in")): Object: 'Object Repository/Page_Mattermost/button_Sign in' is clicked on

2020-06-05 17:18:00 - [MESSAGE][PASSED] - Object: 'Object Repository/Page_Mattermost/button_Sign in' is clicked on

2020-06-05 17:18:00 - [TEST_STEP][PASSED] - click(findTestObject("Page_ Town Square - eligendi Mattermost/span_autem")): Object: 'Object Repository/Page_ Town Square - eligendi Mattermost/span_autem' is clicked on

2020-06-05 17:18:03 - [MESSAGE][PASSED] - Object: 'Object Repository/Page_ Town Square - eligendi Mattermost/span_autem' is clicked on

2020-06-05 17:18:03 - [TEST_STEP][PASSED] - click(findTestObject("Page_ autem - eligendi Mattermost/button_32")): Object: 'Object Repository/Page_ autem - eligendi Mattermost/button_32' is clicked on

2020-06-05 17:18:05 - [MESSAGE][PASSED] - Object: 'Object Repository/Page_ autem - eligendi Mattermost/button_32' is clicked on

2020-06-05 17:18:05 - [TEST_STEP][PASSED] - click(findTestObject("Object Repository/Page_ autem - eligendi Mattermost/button_Manage Members")): Object: 'Object Repository/Page_ autem - eligendi Mattermost/button_Manage Members' is clicked on

2020-06-05 17:18:06 - [MESSAGE][PASSED] - Object: 'Object Repository/Page_ autem - eligendi Mattermost/button_Manage Members' is clicked on

2020-06-05 17:18:06 - [TEST_STEP][PASSED] - click(findTestObject("Object Repository/Page_ autem - eligendi Mattermost/a_Add Members")): Object: 'Object Repository/Page_ autem - eligendi Mattermost/a_Add Members' is clicked on

2020-06-05 17:18:07 - [MESSAGE][PASSED] - Object: 'Object Repository/Page_ autem - eligendi Mattermost/a_Add Members' is clicked on

2020-06-05 17:18:07 - [TEST_STEP][PASSED] - click(findTestObject("Object Repository/Page_ autem - eligendi Mattermost/div_- Aaron Medina (Centidel) - Systems Adm_940179")): Object: 'Object Repository/Page_ autem - eligendi Mattermost/div_- Aaron Medina (Centidel) - Systems Adm_940179' is clicked on

2020-06-05 17:18:08 - [MESSAGE][PASSED] - Object: 'Object Repository/Page_ autem - eligendi Mattermost/div_- Aaron Medina (Centidel) - Systems Adm_940179' is clicked on

2020-06-05 17:18:08 - [TEST_STEP][PASSED] - click(findTestObject("Page_ autem - eligendi Mattermost/button_Add")): Object: 'Object Repository/Page_ autem - eligendi Mattermost/button_Add' is clicked on

2020-06-05 17:18:09 - [MESSAGE][PASSED] - Object: 'Object Repository/Page_ autem - eligendi Mattermost/button_Add' is clicked on

2020-06-05 17:18:09 - [TEST_STEP][PASSED] - click(findTestObject("Object Repository/Page_ autem - eligendi Mattermost/button_36")): Object: 'Object Repository/Page_ autem - eligendi Mattermost/button_36' is clicked on

2020-06-05 17:18:11 - [MESSAGE][PASSED] - Object: 'Object Repository/Page_ autem - eligendi Mattermost/button_36' is clicked on

2020-06-05 17:18:11 - [TEST_STEP][PASSED] - closeBrowser(): Browser is closed

2020-06-05 17:18:11 - [MESSAGE][PASSED] - Browser is closed]]></system-out>
         <system-err><![CDATA[]]></system-err>
      </testcase>
      <testcase name="Test Cases/user forgot pass" time="4.642" classname="Test Cases/user forgot pass" status="PASSED">
         <system-out><![CDATA[2020-06-05 17:18:11 - [TEST_CASE][PASSED] - Test Cases/user forgot pass: Test Cases/user forgot pass

2020-06-05 17:18:11 - [TEST_STEP][PASSED] - openBrowser(""): Browser is opened with url: ''

2020-06-05 17:18:11 - [MESSAGE][INFO] - Starting 'Chrome' driver

2020-06-05 17:18:11 - [MESSAGE][INFO] - Action delay is set to 0 milliseconds

2020-06-05 17:18:12 - [MESSAGE][PASSED] - Browser is opened with url: ''

2020-06-05 17:18:12 - [TEST_STEP][PASSED] - navigateToUrl("http://localhost:8065/reset_password"): Navigate to 'http://localhost:8065/reset_password' successfully

2020-06-05 17:18:13 - [MESSAGE][PASSED] - Navigate to 'http://localhost:8065/reset_password' successfully

2020-06-05 17:18:13 - [TEST_STEP][PASSED] - setText(findTestObject("Page_Mattermost/input_To reset your password enter the emai_5f6d79"), email): Text '' is set on object 'Object Repository/Page_Mattermost/input_To reset your password enter the emai_5f6d79'

2020-06-05 17:18:15 - [MESSAGE][PASSED] - Text '' is set on object 'Object Repository/Page_Mattermost/input_To reset your password enter the emai_5f6d79'

2020-06-05 17:18:15 - [TEST_STEP][PASSED] - click(findTestObject("Object Repository/Page_Mattermost/button_Reset my password")): Object: 'Object Repository/Page_Mattermost/button_Reset my password' is clicked on

2020-06-05 17:18:15 - [MESSAGE][PASSED] - Object: 'Object Repository/Page_Mattermost/button_Reset my password' is clicked on

2020-06-05 17:18:15 - [TEST_STEP][PASSED] - closeBrowser(): Browser is closed

2020-06-05 17:18:15 - [MESSAGE][PASSED] - Browser is closed]]></system-out>
         <system-err><![CDATA[]]></system-err>
      </testcase>
      <testcase name="Test Cases/change channel url" time="35.169" classname="Test Cases/change channel url" status="FAILED">
         <failure type="FAILED" message="Test Cases/change channel url FAILED.
Reason:
com.kms.katalon.core.exception.StepFailedException: Unable to click on object 'Object Repository/Page_ Town Square remane - eligendi Mattermost/span_doloremque'
	at com.kms.katalon.core.webui.keyword.internal.WebUIKeywordMain.stepFailed(WebUIKeywordMain.groovy:64)
	at com.kms.katalon.core.webui.keyword.internal.WebUIKeywordMain.runKeyword(WebUIKeywordMain.groovy:26)
	at com.kms.katalon.core.webui.keyword.builtin.ClickKeyword.click(ClickKeyword.groovy:76)
	at com.kms.katalon.core.webui.keyword.builtin.ClickKeyword.execute(ClickKeyword.groovy:43)
	at com.kms.katalon.core.keyword.internal.KeywordExecutor.executeKeywordForPlatform(KeywordExecutor.groovy:72)
	at com.kms.katalon.core.webui.keyword.WebUiBuiltInKeywords.click(WebUiBuiltInKeywords.groovy:616)
	at com.kms.katalon.core.webui.keyword.WebUiBuiltInKeywords$click$1.call(Unknown Source)
	at change channel url.run(change channel url:29)
	at com.kms.katalon.core.main.ScriptEngine.run(ScriptEngine.java:194)
	at com.kms.katalon.core.main.ScriptEngine.runScriptAsRawText(ScriptEngine.java:119)
	at com.kms.katalon.core.main.TestCaseExecutor.runScript(TestCaseExecutor.java:337)
	at com.kms.katalon.core.main.TestCaseExecutor.doExecute(TestCaseExecutor.java:328)
	at com.kms.katalon.core.main.TestCaseExecutor.processExecutionPhase(TestCaseExecutor.java:307)
	at com.kms.katalon.core.main.TestCaseExecutor.accessMainPhase(TestCaseExecutor.java:299)
	at com.kms.katalon.core.main.TestCaseExecutor.execute(TestCaseExecutor.java:233)
	at com.kms.katalon.core.main.TestSuiteExecutor.accessTestCaseMainPhase(TestSuiteExecutor.java:169)
	at com.kms.katalon.core.main.TestSuiteExecutor.accessTestSuiteMainPhase(TestSuiteExecutor.java:142)
	at com.kms.katalon.core.main.TestSuiteExecutor.execute(TestSuiteExecutor.java:91)
	at com.kms.katalon.core.main.TestCaseMain.startTestSuite(TestCaseMain.java:157)
	at com.kms.katalon.core.main.TestCaseMain$startTestSuite$0.call(Unknown Source)
	at TempTestSuite1591351978611.run(TempTestSuite1591351978611.groovy:37)
Caused by: org.openqa.selenium.NoSuchWindowException: no such window: window was already closed
  (Session info: chrome=83.0.4103.61)
Build info: version: '3.141.59', revision: 'e82be7d358', time: '2018-11-14T08:25:53'
System info: host: 'Tuyens-MacBook-Pro.local', ip: '2402:800:6384:604d:188c:1a0c:604b:3abc%en0', os.name: 'Mac OS X', os.arch: 'x86_64', os.version: '10.15.5', java.version: '1.8.0_181'
Driver info: com.kms.katalon.selenium.driver.CChromeDriver
Capabilities {acceptInsecureCerts: false, browserName: chrome, browserVersion: 83.0.4103.61, chrome: {chromedriverVersion: 83.0.4103.39 (ccbf011cb2d2b..., userDataDir: /var/folders/4p/d6s1q92j7cx...}, goog:chromeOptions: {debuggerAddress: localhost:64351}, javascriptEnabled: true, networkConnectionEnabled: false, pageLoadStrategy: normal, platform: MAC, platformName: MAC, proxy: Proxy(), setWindowRect: true, strictFileInteractability: false, timeouts: {implicit: 0, pageLoad: 300000, script: 30000}, unhandledPromptBehavior: dismiss and notify, webauthn:virtualAuthenticators: true}
Session ID: b3fc8900b13e092deaa49bdc75e1359a
*** Element info: {Using=xpath, value=//a[@id='sidebarItem_saepe-5']/span[2]/span}
	at org.openqa.selenium.remote.http.W3CHttpResponseCodec.createException(W3CHttpResponseCodec.java:187)
	at org.openqa.selenium.remote.http.W3CHttpResponseCodec.decode(W3CHttpResponseCodec.java:122)
	at org.openqa.selenium.remote.http.W3CHttpResponseCodec.decode(W3CHttpResponseCodec.java:49)
	at org.openqa.selenium.remote.HttpCommandExecutor.execute(HttpCommandExecutor.java:158)
	at org.openqa.selenium.remote.service.DriverCommandExecutor.execute(DriverCommandExecutor.java:83)
	at org.openqa.selenium.remote.RemoteWebDriver.execute(RemoteWebDriver.java:552)
	at com.kms.katalon.selenium.driver.CChromeDriver.execute(CChromeDriver.java:19)
	at org.openqa.selenium.remote.RemoteWebDriver.findElements(RemoteWebDriver.java:353)
	at org.openqa.selenium.remote.RemoteWebDriver.findElementsByXPath(RemoteWebDriver.java:432)
	at org.openqa.selenium.By$ByXPath.findElements(By.java:348)
	at org.openqa.selenium.remote.RemoteWebDriver.findElements(RemoteWebDriver.java:311)
	at org.openqa.selenium.support.events.EventFiringWebDriver.lambda$new$1(EventFiringWebDriver.java:105)
	at com.sun.proxy.$Proxy8.findElements(Unknown Source)
	at org.openqa.selenium.support.events.EventFiringWebDriver.findElements(EventFiringWebDriver.java:182)
	at com.kms.katalon.core.webui.common.WebUiCommonHelper.findWebElements(WebUiCommonHelper.java:789)
	at com.kms.katalon.core.webui.common.WebUiCommonHelper.findWebElement(WebUiCommonHelper.java:1150)
	at com.kms.katalon.core.webui.keyword.internal.WebUIAbstractKeyword.findWebElement(WebUIAbstractKeyword.groovy:27)
	at com.kms.katalon.core.webui.keyword.internal.WebUIAbstractKeyword.findWebElement(WebUIAbstractKeyword.groovy:26)
	at com.kms.katalon.core.webui.keyword.builtin.ClickKeyword$_click_closure1.doCall(ClickKeyword.groovy:67)
	at com.kms.katalon.core.webui.keyword.builtin.ClickKeyword$_click_closure1.call(ClickKeyword.groovy)
	at com.kms.katalon.core.webui.keyword.internal.WebUIKeywordMain.runKeyword(WebUIKeywordMain.groovy:20)
	... 19 more
"/>
         <system-out><![CDATA[2020-06-05 17:18:15 - [TEST_CASE][FAILED] - Test Cases/change channel url: Test Cases/change channel url FAILED.
Reason:
com.kms.katalon.core.exception.StepFailedException: Unable to click on object 'Object Repository/Page_ Town Square remane - eligendi Mattermost/span_doloremque'
	at com.kms.katalon.core.webui.keyword.internal.WebUIKeywordMain.stepFailed(WebUIKeywordMain.groovy:64)
	at com.kms.katalon.core.webui.keyword.internal.WebUIKeywordMain.runKeyword(WebUIKeywordMain.groovy:26)
	at com.kms.katalon.core.webui.keyword.builtin.ClickKeyword.click(ClickKeyword.groovy:76)
	at com.kms.katalon.core.webui.keyword.builtin.ClickKeyword.execute(ClickKeyword.groovy:43)
	at com.kms.katalon.core.keyword.internal.KeywordExecutor.executeKeywordForPlatform(KeywordExecutor.groovy:72)
	at com.kms.katalon.core.webui.keyword.WebUiBuiltInKeywords.click(WebUiBuiltInKeywords.groovy:616)
	at com.kms.katalon.core.webui.keyword.WebUiBuiltInKeywords$click$1.call(Unknown Source)
	at change channel url.run(change channel url:29)
	at com.kms.katalon.core.main.ScriptEngine.run(ScriptEngine.java:194)
	at com.kms.katalon.core.main.ScriptEngine.runScriptAsRawText(ScriptEngine.java:119)
	at com.kms.katalon.core.main.TestCaseExecutor.runScript(TestCaseExecutor.java:337)
	at com.kms.katalon.core.main.TestCaseExecutor.doExecute(TestCaseExecutor.java:328)
	at com.kms.katalon.core.main.TestCaseExecutor.processExecutionPhase(TestCaseExecutor.java:307)
	at com.kms.katalon.core.main.TestCaseExecutor.accessMainPhase(TestCaseExecutor.java:299)
	at com.kms.katalon.core.main.TestCaseExecutor.execute(TestCaseExecutor.java:233)
	at com.kms.katalon.core.main.TestSuiteExecutor.accessTestCaseMainPhase(TestSuiteExecutor.java:169)
	at com.kms.katalon.core.main.TestSuiteExecutor.accessTestSuiteMainPhase(TestSuiteExecutor.java:142)
	at com.kms.katalon.core.main.TestSuiteExecutor.execute(TestSuiteExecutor.java:91)
	at com.kms.katalon.core.main.TestCaseMain.startTestSuite(TestCaseMain.java:157)
	at com.kms.katalon.core.main.TestCaseMain$startTestSuite$0.call(Unknown Source)
	at TempTestSuite1591351978611.run(TempTestSuite1591351978611.groovy:37)
Caused by: org.openqa.selenium.NoSuchWindowException: no such window: window was already closed
  (Session info: chrome=83.0.4103.61)
Build info: version: '3.141.59', revision: 'e82be7d358', time: '2018-11-14T08:25:53'
System info: host: 'Tuyens-MacBook-Pro.local', ip: '2402:800:6384:604d:188c:1a0c:604b:3abc%en0', os.name: 'Mac OS X', os.arch: 'x86_64', os.version: '10.15.5', java.version: '1.8.0_181'
Driver info: com.kms.katalon.selenium.driver.CChromeDriver
Capabilities {acceptInsecureCerts: false, browserName: chrome, browserVersion: 83.0.4103.61, chrome: {chromedriverVersion: 83.0.4103.39 (ccbf011cb2d2b..., userDataDir: /var/folders/4p/d6s1q92j7cx...}, goog:chromeOptions: {debuggerAddress: localhost:64351}, javascriptEnabled: true, networkConnectionEnabled: false, pageLoadStrategy: normal, platform: MAC, platformName: MAC, proxy: Proxy(), setWindowRect: true, strictFileInteractability: false, timeouts: {implicit: 0, pageLoad: 300000, script: 30000}, unhandledPromptBehavior: dismiss and notify, webauthn:virtualAuthenticators: true}
Session ID: b3fc8900b13e092deaa49bdc75e1359a
*** Element info: {Using=xpath, value=//a[@id='sidebarItem_saepe-5']/span[2]/span}
	at org.openqa.selenium.remote.http.W3CHttpResponseCodec.createException(W3CHttpResponseCodec.java:187)
	at org.openqa.selenium.remote.http.W3CHttpResponseCodec.decode(W3CHttpResponseCodec.java:122)
	at org.openqa.selenium.remote.http.W3CHttpResponseCodec.decode(W3CHttpResponseCodec.java:49)
	at org.openqa.selenium.remote.HttpCommandExecutor.execute(HttpCommandExecutor.java:158)
	at org.openqa.selenium.remote.service.DriverCommandExecutor.execute(DriverCommandExecutor.java:83)
	at org.openqa.selenium.remote.RemoteWebDriver.execute(RemoteWebDriver.java:552)
	at com.kms.katalon.selenium.driver.CChromeDriver.execute(CChromeDriver.java:19)
	at org.openqa.selenium.remote.RemoteWebDriver.findElements(RemoteWebDriver.java:353)
	at org.openqa.selenium.remote.RemoteWebDriver.findElementsByXPath(RemoteWebDriver.java:432)
	at org.openqa.selenium.By$ByXPath.findElements(By.java:348)
	at org.openqa.selenium.remote.RemoteWebDriver.findElements(RemoteWebDriver.java:311)
	at org.openqa.selenium.support.events.EventFiringWebDriver.lambda$new$1(EventFiringWebDriver.java:105)
	at com.sun.proxy.$Proxy8.findElements(Unknown Source)
	at org.openqa.selenium.support.events.EventFiringWebDriver.findElements(EventFiringWebDriver.java:182)
	at com.kms.katalon.core.webui.common.WebUiCommonHelper.findWebElements(WebUiCommonHelper.java:789)
	at com.kms.katalon.core.webui.common.WebUiCommonHelper.findWebElement(WebUiCommonHelper.java:1150)
	at com.kms.katalon.core.webui.keyword.internal.WebUIAbstractKeyword.findWebElement(WebUIAbstractKeyword.groovy:27)
	at com.kms.katalon.core.webui.keyword.internal.WebUIAbstractKeyword.findWebElement(WebUIAbstractKeyword.groovy:26)
	at com.kms.katalon.core.webui.keyword.builtin.ClickKeyword$_click_closure1.doCall(ClickKeyword.groovy:67)
	at com.kms.katalon.core.webui.keyword.builtin.ClickKeyword$_click_closure1.call(ClickKeyword.groovy)
	at com.kms.katalon.core.webui.keyword.internal.WebUIKeywordMain.runKeyword(WebUIKeywordMain.groovy:20)
	... 19 more


2020-06-05 17:18:16 - [TEST_STEP][PASSED] - openBrowser(""): Browser is opened with url: ''

2020-06-05 17:18:16 - [MESSAGE][INFO] - Starting 'Chrome' driver

2020-06-05 17:18:16 - [MESSAGE][INFO] - Action delay is set to 0 milliseconds

2020-06-05 17:18:17 - [MESSAGE][PASSED] - Browser is opened with url: ''

2020-06-05 17:18:17 - [TEST_STEP][PASSED] - navigateToUrl("http://localhost:8065/"): Navigate to 'http://localhost:8065/' successfully

2020-06-05 17:18:18 - [MESSAGE][PASSED] - Navigate to 'http://localhost:8065/' successfully

2020-06-05 17:18:18 - [TEST_STEP][PASSED] - setText(findTestObject("Page_Mattermost/input_All team communication in one place s_703ef5"), "sysadmin"): Text 'sysadmin' is set on object 'Object Repository/Page_Mattermost/input_All team communication in one place s_703ef5'

2020-06-05 17:18:20 - [MESSAGE][PASSED] - Text 'sysadmin' is set on object 'Object Repository/Page_Mattermost/input_All team communication in one place s_703ef5'

2020-06-05 17:18:20 - [TEST_STEP][PASSED] - setEncryptedText(findTestObject("Page_Mattermost/input_All team communication in one place s_2f2733"), "2SwE/drL9BoSDSAWnt1s8EiQe9rbSfQc"): Text ****** has been set on object 'Object Repository/Page_Mattermost/input_All team communication in one place s_2f2733'

2020-06-05 17:18:20 - [MESSAGE][PASSED] - Text ****** has been set on object 'Object Repository/Page_Mattermost/input_All team communication in one place s_2f2733'

2020-06-05 17:18:20 - [TEST_STEP][PASSED] - click(findTestObject("Page_Mattermost/span_Sign in")): Object: 'Object Repository/Page_Mattermost/span_Sign in' is clicked on

2020-06-05 17:18:21 - [MESSAGE][PASSED] - Object: 'Object Repository/Page_Mattermost/span_Sign in' is clicked on

2020-06-05 17:18:21 - [TEST_STEP][FAILED] - click(findTestObject("Object Repository/Page_ Town Square remane - eligendi Mattermost/span_doloremque")): Unable to click on object 'Object Repository/Page_ Town Square remane - eligendi Mattermost/span_doloremque' (Root cause: com.kms.katalon.core.exception.StepFailedException: Unable to click on object 'Object Repository/Page_ Town Square remane - eligendi Mattermost/span_doloremque'
	at com.kms.katalon.core.webui.keyword.internal.WebUIKeywordMain.stepFailed(WebUIKeywordMain.groovy:64)
	at com.kms.katalon.core.webui.keyword.internal.WebUIKeywordMain.runKeyword(WebUIKeywordMain.groovy:26)
	at com.kms.katalon.core.webui.keyword.builtin.ClickKeyword.click(ClickKeyword.groovy:76)
	at com.kms.katalon.core.webui.keyword.builtin.ClickKeyword.execute(ClickKeyword.groovy:43)
	at com.kms.katalon.core.keyword.internal.KeywordExecutor.executeKeywordForPlatform(KeywordExecutor.groovy:72)
	at com.kms.katalon.core.webui.keyword.WebUiBuiltInKeywords.click(WebUiBuiltInKeywords.groovy:616)
	at com.kms.katalon.core.webui.keyword.WebUiBuiltInKeywords$click$1.call(Unknown Source)
	at change channel url.run(change channel url:29)
	at com.kms.katalon.core.main.ScriptEngine.run(ScriptEngine.java:194)
	at com.kms.katalon.core.main.ScriptEngine.runScriptAsRawText(ScriptEngine.java:119)
	at com.kms.katalon.core.main.TestCaseExecutor.runScript(TestCaseExecutor.java:337)
	at com.kms.katalon.core.main.TestCaseExecutor.doExecute(TestCaseExecutor.java:328)
	at com.kms.katalon.core.main.TestCaseExecutor.processExecutionPhase(TestCaseExecutor.java:307)
	at com.kms.katalon.core.main.TestCaseExecutor.accessMainPhase(TestCaseExecutor.java:299)
	at com.kms.katalon.core.main.TestCaseExecutor.execute(TestCaseExecutor.java:233)
	at com.kms.katalon.core.main.TestSuiteExecutor.accessTestCaseMainPhase(TestSuiteExecutor.java:169)
	at com.kms.katalon.core.main.TestSuiteExecutor.accessTestSuiteMainPhase(TestSuiteExecutor.java:142)
	at com.kms.katalon.core.main.TestSuiteExecutor.execute(TestSuiteExecutor.java:91)
	at com.kms.katalon.core.main.TestCaseMain.startTestSuite(TestCaseMain.java:157)
	at com.kms.katalon.core.main.TestCaseMain$startTestSuite$0.call(Unknown Source)
	at TempTestSuite1591351978611.run(TempTestSuite1591351978611.groovy:37)
Caused by: org.openqa.selenium.NoSuchWindowException: no such window: window was already closed
  (Session info: chrome=83.0.4103.61)
Build info: version: '3.141.59', revision: 'e82be7d358', time: '2018-11-14T08:25:53'
System info: host: 'Tuyens-MacBook-Pro.local', ip: '2402:800:6384:604d:188c:1a0c:604b:3abc%en0', os.name: 'Mac OS X', os.arch: 'x86_64', os.version: '10.15.5', java.version: '1.8.0_181'
Driver info: com.kms.katalon.selenium.driver.CChromeDriver
Capabilities {acceptInsecureCerts: false, browserName: chrome, browserVersion: 83.0.4103.61, chrome: {chromedriverVersion: 83.0.4103.39 (ccbf011cb2d2b..., userDataDir: /var/folders/4p/d6s1q92j7cx...}, goog:chromeOptions: {debuggerAddress: localhost:64351}, javascriptEnabled: true, networkConnectionEnabled: false, pageLoadStrategy: normal, platform: MAC, platformName: MAC, proxy: Proxy(), setWindowRect: true, strictFileInteractability: false, timeouts: {implicit: 0, pageLoad: 300000, script: 30000}, unhandledPromptBehavior: dismiss and notify, webauthn:virtualAuthenticators: true}
Session ID: b3fc8900b13e092deaa49bdc75e1359a
*** Element info: {Using=xpath, value=//a[@id='sidebarItem_saepe-5']/span[2]/span}
	at org.openqa.selenium.remote.http.W3CHttpResponseCodec.createException(W3CHttpResponseCodec.java:187)
	at org.openqa.selenium.remote.http.W3CHttpResponseCodec.decode(W3CHttpResponseCodec.java:122)
	at org.openqa.selenium.remote.http.W3CHttpResponseCodec.decode(W3CHttpResponseCodec.java:49)
	at org.openqa.selenium.remote.HttpCommandExecutor.execute(HttpCommandExecutor.java:158)
	at org.openqa.selenium.remote.service.DriverCommandExecutor.execute(DriverCommandExecutor.java:83)
	at org.openqa.selenium.remote.RemoteWebDriver.execute(RemoteWebDriver.java:552)
	at com.kms.katalon.selenium.driver.CChromeDriver.execute(CChromeDriver.java:19)
	at org.openqa.selenium.remote.RemoteWebDriver.findElements(RemoteWebDriver.java:353)
	at org.openqa.selenium.remote.RemoteWebDriver.findElementsByXPath(RemoteWebDriver.java:432)
	at org.openqa.selenium.By$ByXPath.findElements(By.java:348)
	at org.openqa.selenium.remote.RemoteWebDriver.findElements(RemoteWebDriver.java:311)
	at org.openqa.selenium.support.events.EventFiringWebDriver.lambda$new$1(EventFiringWebDriver.java:105)
	at com.sun.proxy.$Proxy8.findElements(Unknown Source)
	at org.openqa.selenium.support.events.EventFiringWebDriver.findElements(EventFiringWebDriver.java:182)
	at com.kms.katalon.core.webui.common.WebUiCommonHelper.findWebElements(WebUiCommonHelper.java:789)
	at com.kms.katalon.core.webui.common.WebUiCommonHelper.findWebElement(WebUiCommonHelper.java:1150)
	at com.kms.katalon.core.webui.keyword.internal.WebUIAbstractKeyword.findWebElement(WebUIAbstractKeyword.groovy:27)
	at com.kms.katalon.core.webui.keyword.internal.WebUIAbstractKeyword.findWebElement(WebUIAbstractKeyword.groovy:26)
	at com.kms.katalon.core.webui.keyword.builtin.ClickKeyword$_click_closure1.doCall(ClickKeyword.groovy:67)
	at com.kms.katalon.core.webui.keyword.builtin.ClickKeyword$_click_closure1.call(ClickKeyword.groovy)
	at com.kms.katalon.core.webui.keyword.internal.WebUIKeywordMain.runKeyword(WebUIKeywordMain.groovy:20)
	at com.kms.katalon.core.webui.keyword.builtin.ClickKeyword.click(ClickKeyword.groovy:76)
	at com.kms.katalon.core.webui.keyword.builtin.ClickKeyword.execute(ClickKeyword.groovy:43)
	at com.kms.katalon.core.keyword.internal.KeywordExecutor.executeKeywordForPlatform(KeywordExecutor.groovy:72)
	at com.kms.katalon.core.webui.keyword.WebUiBuiltInKeywords.click(WebUiBuiltInKeywords.groovy:616)
	at com.kms.katalon.core.webui.keyword.WebUiBuiltInKeywords$click$1.call(Unknown Source)
	at Script1591327968587.run(Script1591327968587.groovy:29)
	... 13 more
)

2020-06-05 17:18:51 - [MESSAGE][WARNING] - Cannot take screenshot

2020-06-05 17:18:51 - [MESSAGE][FAILED] - Unable to click on object 'Object Repository/Page_ Town Square remane - eligendi Mattermost/span_doloremque' (Root cause: com.kms.katalon.core.exception.StepFailedException: Unable to click on object 'Object Repository/Page_ Town Square remane - eligendi Mattermost/span_doloremque'
	at com.kms.katalon.core.webui.keyword.internal.WebUIKeywordMain.stepFailed(WebUIKeywordMain.groovy:64)
	at com.kms.katalon.core.webui.keyword.internal.WebUIKeywordMain.runKeyword(WebUIKeywordMain.groovy:26)
	at com.kms.katalon.core.webui.keyword.builtin.ClickKeyword.click(ClickKeyword.groovy:76)
	at com.kms.katalon.core.webui.keyword.builtin.ClickKeyword.execute(ClickKeyword.groovy:43)
	at com.kms.katalon.core.keyword.internal.KeywordExecutor.executeKeywordForPlatform(KeywordExecutor.groovy:72)
	at com.kms.katalon.core.webui.keyword.WebUiBuiltInKeywords.click(WebUiBuiltInKeywords.groovy:616)
	at com.kms.katalon.core.webui.keyword.WebUiBuiltInKeywords$click$1.call(Unknown Source)
	at change channel url.run(change channel url:29)
	at com.kms.katalon.core.main.ScriptEngine.run(ScriptEngine.java:194)
	at com.kms.katalon.core.main.ScriptEngine.runScriptAsRawText(ScriptEngine.java:119)
	at com.kms.katalon.core.main.TestCaseExecutor.runScript(TestCaseExecutor.java:337)
	at com.kms.katalon.core.main.TestCaseExecutor.doExecute(TestCaseExecutor.java:328)
	at com.kms.katalon.core.main.TestCaseExecutor.processExecutionPhase(TestCaseExecutor.java:307)
	at com.kms.katalon.core.main.TestCaseExecutor.accessMainPhase(TestCaseExecutor.java:299)
	at com.kms.katalon.core.main.TestCaseExecutor.execute(TestCaseExecutor.java:233)
	at com.kms.katalon.core.main.TestSuiteExecutor.accessTestCaseMainPhase(TestSuiteExecutor.java:169)
	at com.kms.katalon.core.main.TestSuiteExecutor.accessTestSuiteMainPhase(TestSuiteExecutor.java:142)
	at com.kms.katalon.core.main.TestSuiteExecutor.execute(TestSuiteExecutor.java:91)
	at com.kms.katalon.core.main.TestCaseMain.startTestSuite(TestCaseMain.java:157)
	at com.kms.katalon.core.main.TestCaseMain$startTestSuite$0.call(Unknown Source)
	at TempTestSuite1591351978611.run(TempTestSuite1591351978611.groovy:37)
Caused by: org.openqa.selenium.NoSuchWindowException: no such window: window was already closed
  (Session info: chrome=83.0.4103.61)
Build info: version: '3.141.59', revision: 'e82be7d358', time: '2018-11-14T08:25:53'
System info: host: 'Tuyens-MacBook-Pro.local', ip: '2402:800:6384:604d:188c:1a0c:604b:3abc%en0', os.name: 'Mac OS X', os.arch: 'x86_64', os.version: '10.15.5', java.version: '1.8.0_181'
Driver info: com.kms.katalon.selenium.driver.CChromeDriver
Capabilities {acceptInsecureCerts: false, browserName: chrome, browserVersion: 83.0.4103.61, chrome: {chromedriverVersion: 83.0.4103.39 (ccbf011cb2d2b..., userDataDir: /var/folders/4p/d6s1q92j7cx...}, goog:chromeOptions: {debuggerAddress: localhost:64351}, javascriptEnabled: true, networkConnectionEnabled: false, pageLoadStrategy: normal, platform: MAC, platformName: MAC, proxy: Proxy(), setWindowRect: true, strictFileInteractability: false, timeouts: {implicit: 0, pageLoad: 300000, script: 30000}, unhandledPromptBehavior: dismiss and notify, webauthn:virtualAuthenticators: true}
Session ID: b3fc8900b13e092deaa49bdc75e1359a
*** Element info: {Using=xpath, value=//a[@id='sidebarItem_saepe-5']/span[2]/span}
	at org.openqa.selenium.remote.http.W3CHttpResponseCodec.createException(W3CHttpResponseCodec.java:187)
	at org.openqa.selenium.remote.http.W3CHttpResponseCodec.decode(W3CHttpResponseCodec.java:122)
	at org.openqa.selenium.remote.http.W3CHttpResponseCodec.decode(W3CHttpResponseCodec.java:49)
	at org.openqa.selenium.remote.HttpCommandExecutor.execute(HttpCommandExecutor.java:158)
	at org.openqa.selenium.remote.service.DriverCommandExecutor.execute(DriverCommandExecutor.java:83)
	at org.openqa.selenium.remote.RemoteWebDriver.execute(RemoteWebDriver.java:552)
	at com.kms.katalon.selenium.driver.CChromeDriver.execute(CChromeDriver.java:19)
	at org.openqa.selenium.remote.RemoteWebDriver.findElements(RemoteWebDriver.java:353)
	at org.openqa.selenium.remote.RemoteWebDriver.findElementsByXPath(RemoteWebDriver.java:432)
	at org.openqa.selenium.By$ByXPath.findElements(By.java:348)
	at org.openqa.selenium.remote.RemoteWebDriver.findElements(RemoteWebDriver.java:311)
	at org.openqa.selenium.support.events.EventFiringWebDriver.lambda$new$1(EventFiringWebDriver.java:105)
	at com.sun.proxy.$Proxy8.findElements(Unknown Source)
	at org.openqa.selenium.support.events.EventFiringWebDriver.findElements(EventFiringWebDriver.java:182)
	at com.kms.katalon.core.webui.common.WebUiCommonHelper.findWebElements(WebUiCommonHelper.java:789)
	at com.kms.katalon.core.webui.common.WebUiCommonHelper.findWebElement(WebUiCommonHelper.java:1150)
	at com.kms.katalon.core.webui.keyword.internal.WebUIAbstractKeyword.findWebElement(WebUIAbstractKeyword.groovy:27)
	at com.kms.katalon.core.webui.keyword.internal.WebUIAbstractKeyword.findWebElement(WebUIAbstractKeyword.groovy:26)
	at com.kms.katalon.core.webui.keyword.builtin.ClickKeyword$_click_closure1.doCall(ClickKeyword.groovy:67)
	at com.kms.katalon.core.webui.keyword.builtin.ClickKeyword$_click_closure1.call(ClickKeyword.groovy)
	at com.kms.katalon.core.webui.keyword.internal.WebUIKeywordMain.runKeyword(WebUIKeywordMain.groovy:20)
	at com.kms.katalon.core.webui.keyword.builtin.ClickKeyword.click(ClickKeyword.groovy:76)
	at com.kms.katalon.core.webui.keyword.builtin.ClickKeyword.execute(ClickKeyword.groovy:43)
	at com.kms.katalon.core.keyword.internal.KeywordExecutor.executeKeywordForPlatform(KeywordExecutor.groovy:72)
	at com.kms.katalon.core.webui.keyword.WebUiBuiltInKeywords.click(WebUiBuiltInKeywords.groovy:616)
	at com.kms.katalon.core.webui.keyword.WebUiBuiltInKeywords$click$1.call(Unknown Source)
	at Script1591327968587.run(Script1591327968587.groovy:29)
	... 13 more
)]]></system-out>
         <system-err><![CDATA[2020-06-05 17:18:15 - [TEST_CASE][FAILED] - Test Cases/change channel url: Test Cases/change channel url FAILED.
Reason:
com.kms.katalon.core.exception.StepFailedException: Unable to click on object 'Object Repository/Page_ Town Square remane - eligendi Mattermost/span_doloremque'
	at com.kms.katalon.core.webui.keyword.internal.WebUIKeywordMain.stepFailed(WebUIKeywordMain.groovy:64)
	at com.kms.katalon.core.webui.keyword.internal.WebUIKeywordMain.runKeyword(WebUIKeywordMain.groovy:26)
	at com.kms.katalon.core.webui.keyword.builtin.ClickKeyword.click(ClickKeyword.groovy:76)
	at com.kms.katalon.core.webui.keyword.builtin.ClickKeyword.execute(ClickKeyword.groovy:43)
	at com.kms.katalon.core.keyword.internal.KeywordExecutor.executeKeywordForPlatform(KeywordExecutor.groovy:72)
	at com.kms.katalon.core.webui.keyword.WebUiBuiltInKeywords.click(WebUiBuiltInKeywords.groovy:616)
	at com.kms.katalon.core.webui.keyword.WebUiBuiltInKeywords$click$1.call(Unknown Source)
	at change channel url.run(change channel url:29)
	at com.kms.katalon.core.main.ScriptEngine.run(ScriptEngine.java:194)
	at com.kms.katalon.core.main.ScriptEngine.runScriptAsRawText(ScriptEngine.java:119)
	at com.kms.katalon.core.main.TestCaseExecutor.runScript(TestCaseExecutor.java:337)
	at com.kms.katalon.core.main.TestCaseExecutor.doExecute(TestCaseExecutor.java:328)
	at com.kms.katalon.core.main.TestCaseExecutor.processExecutionPhase(TestCaseExecutor.java:307)
	at com.kms.katalon.core.main.TestCaseExecutor.accessMainPhase(TestCaseExecutor.java:299)
	at com.kms.katalon.core.main.TestCaseExecutor.execute(TestCaseExecutor.java:233)
	at com.kms.katalon.core.main.TestSuiteExecutor.accessTestCaseMainPhase(TestSuiteExecutor.java:169)
	at com.kms.katalon.core.main.TestSuiteExecutor.accessTestSuiteMainPhase(TestSuiteExecutor.java:142)
	at com.kms.katalon.core.main.TestSuiteExecutor.execute(TestSuiteExecutor.java:91)
	at com.kms.katalon.core.main.TestCaseMain.startTestSuite(TestCaseMain.java:157)
	at com.kms.katalon.core.main.TestCaseMain$startTestSuite$0.call(Unknown Source)
	at TempTestSuite1591351978611.run(TempTestSuite1591351978611.groovy:37)
Caused by: org.openqa.selenium.NoSuchWindowException: no such window: window was already closed
  (Session info: chrome=83.0.4103.61)
Build info: version: '3.141.59', revision: 'e82be7d358', time: '2018-11-14T08:25:53'
System info: host: 'Tuyens-MacBook-Pro.local', ip: '2402:800:6384:604d:188c:1a0c:604b:3abc%en0', os.name: 'Mac OS X', os.arch: 'x86_64', os.version: '10.15.5', java.version: '1.8.0_181'
Driver info: com.kms.katalon.selenium.driver.CChromeDriver
Capabilities {acceptInsecureCerts: false, browserName: chrome, browserVersion: 83.0.4103.61, chrome: {chromedriverVersion: 83.0.4103.39 (ccbf011cb2d2b..., userDataDir: /var/folders/4p/d6s1q92j7cx...}, goog:chromeOptions: {debuggerAddress: localhost:64351}, javascriptEnabled: true, networkConnectionEnabled: false, pageLoadStrategy: normal, platform: MAC, platformName: MAC, proxy: Proxy(), setWindowRect: true, strictFileInteractability: false, timeouts: {implicit: 0, pageLoad: 300000, script: 30000}, unhandledPromptBehavior: dismiss and notify, webauthn:virtualAuthenticators: true}
Session ID: b3fc8900b13e092deaa49bdc75e1359a
*** Element info: {Using=xpath, value=//a[@id='sidebarItem_saepe-5']/span[2]/span}
	at org.openqa.selenium.remote.http.W3CHttpResponseCodec.createException(W3CHttpResponseCodec.java:187)
	at org.openqa.selenium.remote.http.W3CHttpResponseCodec.decode(W3CHttpResponseCodec.java:122)
	at org.openqa.selenium.remote.http.W3CHttpResponseCodec.decode(W3CHttpResponseCodec.java:49)
	at org.openqa.selenium.remote.HttpCommandExecutor.execute(HttpCommandExecutor.java:158)
	at org.openqa.selenium.remote.service.DriverCommandExecutor.execute(DriverCommandExecutor.java:83)
	at org.openqa.selenium.remote.RemoteWebDriver.execute(RemoteWebDriver.java:552)
	at com.kms.katalon.selenium.driver.CChromeDriver.execute(CChromeDriver.java:19)
	at org.openqa.selenium.remote.RemoteWebDriver.findElements(RemoteWebDriver.java:353)
	at org.openqa.selenium.remote.RemoteWebDriver.findElementsByXPath(RemoteWebDriver.java:432)
	at org.openqa.selenium.By$ByXPath.findElements(By.java:348)
	at org.openqa.selenium.remote.RemoteWebDriver.findElements(RemoteWebDriver.java:311)
	at org.openqa.selenium.support.events.EventFiringWebDriver.lambda$new$1(EventFiringWebDriver.java:105)
	at com.sun.proxy.$Proxy8.findElements(Unknown Source)
	at org.openqa.selenium.support.events.EventFiringWebDriver.findElements(EventFiringWebDriver.java:182)
	at com.kms.katalon.core.webui.common.WebUiCommonHelper.findWebElements(WebUiCommonHelper.java:789)
	at com.kms.katalon.core.webui.common.WebUiCommonHelper.findWebElement(WebUiCommonHelper.java:1150)
	at com.kms.katalon.core.webui.keyword.internal.WebUIAbstractKeyword.findWebElement(WebUIAbstractKeyword.groovy:27)
	at com.kms.katalon.core.webui.keyword.internal.WebUIAbstractKeyword.findWebElement(WebUIAbstractKeyword.groovy:26)
	at com.kms.katalon.core.webui.keyword.builtin.ClickKeyword$_click_closure1.doCall(ClickKeyword.groovy:67)
	at com.kms.katalon.core.webui.keyword.builtin.ClickKeyword$_click_closure1.call(ClickKeyword.groovy)
	at com.kms.katalon.core.webui.keyword.internal.WebUIKeywordMain.runKeyword(WebUIKeywordMain.groovy:20)
	... 19 more]]></system-err>
      </testcase>
      <testcase name="Test Cases/view and jump to flagged post" time="40.587" classname="Test Cases/view and jump to flagged post" status="FAILED">
         <failure type="FAILED" message="Test Cases/view and jump to flagged post FAILED.
Reason:
com.kms.katalon.core.exception.StepFailedException: Unable to click on object 'Object Repository/Page_ sint - eligendi Mattermost/path'
	at com.kms.katalon.core.webui.keyword.internal.WebUIKeywordMain.stepFailed(WebUIKeywordMain.groovy:64)
	at com.kms.katalon.core.webui.keyword.internal.WebUIKeywordMain.runKeyword(WebUIKeywordMain.groovy:26)
	at com.kms.katalon.core.webui.keyword.builtin.ClickKeyword.click(ClickKeyword.groovy:76)
	at com.kms.katalon.core.webui.keyword.builtin.ClickKeyword.execute(ClickKeyword.groovy:43)
	at com.kms.katalon.core.keyword.internal.KeywordExecutor.executeKeywordForPlatform(KeywordExecutor.groovy:72)
	at com.kms.katalon.core.webui.keyword.WebUiBuiltInKeywords.click(WebUiBuiltInKeywords.groovy:616)
	at com.kms.katalon.core.webui.keyword.WebUiBuiltInKeywords$click$1.call(Unknown Source)
	at view and jump to flagged post.run(view and jump to flagged post:34)
	at com.kms.katalon.core.main.ScriptEngine.run(ScriptEngine.java:194)
	at com.kms.katalon.core.main.ScriptEngine.runScriptAsRawText(ScriptEngine.java:119)
	at com.kms.katalon.core.main.TestCaseExecutor.runScript(TestCaseExecutor.java:337)
	at com.kms.katalon.core.main.TestCaseExecutor.doExecute(TestCaseExecutor.java:328)
	at com.kms.katalon.core.main.TestCaseExecutor.processExecutionPhase(TestCaseExecutor.java:307)
	at com.kms.katalon.core.main.TestCaseExecutor.accessMainPhase(TestCaseExecutor.java:299)
	at com.kms.katalon.core.main.TestCaseExecutor.execute(TestCaseExecutor.java:233)
	at com.kms.katalon.core.main.TestSuiteExecutor.accessTestCaseMainPhase(TestSuiteExecutor.java:169)
	at com.kms.katalon.core.main.TestSuiteExecutor.accessTestSuiteMainPhase(TestSuiteExecutor.java:142)
	at com.kms.katalon.core.main.TestSuiteExecutor.execute(TestSuiteExecutor.java:91)
	at com.kms.katalon.core.main.TestCaseMain.startTestSuite(TestCaseMain.java:157)
	at com.kms.katalon.core.main.TestCaseMain$startTestSuite$0.call(Unknown Source)
	at TempTestSuite1591351978611.run(TempTestSuite1591351978611.groovy:37)
Caused by: org.openqa.selenium.NoSuchWindowException: no such window: target window already closed
from unknown error: web view not found
  (Session info: chrome=83.0.4103.61)
Build info: version: '3.141.59', revision: 'e82be7d358', time: '2018-11-14T08:25:53'
System info: host: 'Tuyens-MacBook-Pro.local', ip: '2402:800:6384:604d:188c:1a0c:604b:3abc%en0', os.name: 'Mac OS X', os.arch: 'x86_64', os.version: '10.15.5', java.version: '1.8.0_181'
Driver info: com.kms.katalon.selenium.driver.CChromeDriver
Capabilities {acceptInsecureCerts: false, browserName: chrome, browserVersion: 83.0.4103.61, chrome: {chromedriverVersion: 83.0.4103.39 (ccbf011cb2d2b..., userDataDir: /var/folders/4p/d6s1q92j7cx...}, goog:chromeOptions: {debuggerAddress: localhost:64520}, javascriptEnabled: true, networkConnectionEnabled: false, pageLoadStrategy: normal, platform: MAC, platformName: MAC, proxy: Proxy(), setWindowRect: true, strictFileInteractability: false, timeouts: {implicit: 0, pageLoad: 300000, script: 30000}, unhandledPromptBehavior: dismiss and notify, webauthn:virtualAuthenticators: true}
Session ID: c881a06b3da11936f4db05e247405ae4
*** Element info: {Using=xpath, value=}
	at org.openqa.selenium.remote.http.W3CHttpResponseCodec.createException(W3CHttpResponseCodec.java:187)
	at org.openqa.selenium.remote.http.W3CHttpResponseCodec.decode(W3CHttpResponseCodec.java:122)
	at org.openqa.selenium.remote.http.W3CHttpResponseCodec.decode(W3CHttpResponseCodec.java:49)
	at org.openqa.selenium.remote.HttpCommandExecutor.execute(HttpCommandExecutor.java:158)
	at org.openqa.selenium.remote.service.DriverCommandExecutor.execute(DriverCommandExecutor.java:83)
	at org.openqa.selenium.remote.RemoteWebDriver.execute(RemoteWebDriver.java:552)
	at com.kms.katalon.selenium.driver.CChromeDriver.execute(CChromeDriver.java:19)
	at org.openqa.selenium.remote.RemoteWebDriver.findElements(RemoteWebDriver.java:353)
	at org.openqa.selenium.remote.RemoteWebDriver.findElementsByXPath(RemoteWebDriver.java:432)
	at org.openqa.selenium.By$ByXPath.findElements(By.java:348)
	at org.openqa.selenium.remote.RemoteWebDriver.findElements(RemoteWebDriver.java:311)
	at org.openqa.selenium.support.events.EventFiringWebDriver.lambda$new$1(EventFiringWebDriver.java:105)
	at com.sun.proxy.$Proxy8.findElements(Unknown Source)
	at org.openqa.selenium.support.events.EventFiringWebDriver.findElements(EventFiringWebDriver.java:182)
	at com.kms.katalon.core.webui.common.WebUiCommonHelper.findWebElements(WebUiCommonHelper.java:789)
	at com.kms.katalon.core.webui.common.WebUiCommonHelper.findWebElement(WebUiCommonHelper.java:1150)
	at com.kms.katalon.core.webui.keyword.internal.WebUIAbstractKeyword.findWebElement(WebUIAbstractKeyword.groovy:27)
	at com.kms.katalon.core.webui.keyword.internal.WebUIAbstractKeyword.findWebElement(WebUIAbstractKeyword.groovy:26)
	at com.kms.katalon.core.webui.keyword.builtin.ClickKeyword$_click_closure1.doCall(ClickKeyword.groovy:67)
	at com.kms.katalon.core.webui.keyword.builtin.ClickKeyword$_click_closure1.call(ClickKeyword.groovy)
	at com.kms.katalon.core.webui.keyword.internal.WebUIKeywordMain.runKeyword(WebUIKeywordMain.groovy:20)
	... 19 more
"/>
         <system-out><![CDATA[2020-06-05 17:18:51 - [TEST_CASE][FAILED] - Test Cases/view and jump to flagged post: Test Cases/view and jump to flagged post FAILED.
Reason:
com.kms.katalon.core.exception.StepFailedException: Unable to click on object 'Object Repository/Page_ sint - eligendi Mattermost/path'
	at com.kms.katalon.core.webui.keyword.internal.WebUIKeywordMain.stepFailed(WebUIKeywordMain.groovy:64)
	at com.kms.katalon.core.webui.keyword.internal.WebUIKeywordMain.runKeyword(WebUIKeywordMain.groovy:26)
	at com.kms.katalon.core.webui.keyword.builtin.ClickKeyword.click(ClickKeyword.groovy:76)
	at com.kms.katalon.core.webui.keyword.builtin.ClickKeyword.execute(ClickKeyword.groovy:43)
	at com.kms.katalon.core.keyword.internal.KeywordExecutor.executeKeywordForPlatform(KeywordExecutor.groovy:72)
	at com.kms.katalon.core.webui.keyword.WebUiBuiltInKeywords.click(WebUiBuiltInKeywords.groovy:616)
	at com.kms.katalon.core.webui.keyword.WebUiBuiltInKeywords$click$1.call(Unknown Source)
	at view and jump to flagged post.run(view and jump to flagged post:34)
	at com.kms.katalon.core.main.ScriptEngine.run(ScriptEngine.java:194)
	at com.kms.katalon.core.main.ScriptEngine.runScriptAsRawText(ScriptEngine.java:119)
	at com.kms.katalon.core.main.TestCaseExecutor.runScript(TestCaseExecutor.java:337)
	at com.kms.katalon.core.main.TestCaseExecutor.doExecute(TestCaseExecutor.java:328)
	at com.kms.katalon.core.main.TestCaseExecutor.processExecutionPhase(TestCaseExecutor.java:307)
	at com.kms.katalon.core.main.TestCaseExecutor.accessMainPhase(TestCaseExecutor.java:299)
	at com.kms.katalon.core.main.TestCaseExecutor.execute(TestCaseExecutor.java:233)
	at com.kms.katalon.core.main.TestSuiteExecutor.accessTestCaseMainPhase(TestSuiteExecutor.java:169)
	at com.kms.katalon.core.main.TestSuiteExecutor.accessTestSuiteMainPhase(TestSuiteExecutor.java:142)
	at com.kms.katalon.core.main.TestSuiteExecutor.execute(TestSuiteExecutor.java:91)
	at com.kms.katalon.core.main.TestCaseMain.startTestSuite(TestCaseMain.java:157)
	at com.kms.katalon.core.main.TestCaseMain$startTestSuite$0.call(Unknown Source)
	at TempTestSuite1591351978611.run(TempTestSuite1591351978611.groovy:37)
Caused by: org.openqa.selenium.NoSuchWindowException: no such window: target window already closed
from unknown error: web view not found
  (Session info: chrome=83.0.4103.61)
Build info: version: '3.141.59', revision: 'e82be7d358', time: '2018-11-14T08:25:53'
System info: host: 'Tuyens-MacBook-Pro.local', ip: '2402:800:6384:604d:188c:1a0c:604b:3abc%en0', os.name: 'Mac OS X', os.arch: 'x86_64', os.version: '10.15.5', java.version: '1.8.0_181'
Driver info: com.kms.katalon.selenium.driver.CChromeDriver
Capabilities {acceptInsecureCerts: false, browserName: chrome, browserVersion: 83.0.4103.61, chrome: {chromedriverVersion: 83.0.4103.39 (ccbf011cb2d2b..., userDataDir: /var/folders/4p/d6s1q92j7cx...}, goog:chromeOptions: {debuggerAddress: localhost:64520}, javascriptEnabled: true, networkConnectionEnabled: false, pageLoadStrategy: normal, platform: MAC, platformName: MAC, proxy: Proxy(), setWindowRect: true, strictFileInteractability: false, timeouts: {implicit: 0, pageLoad: 300000, script: 30000}, unhandledPromptBehavior: dismiss and notify, webauthn:virtualAuthenticators: true}
Session ID: c881a06b3da11936f4db05e247405ae4
*** Element info: {Using=xpath, value=}
	at org.openqa.selenium.remote.http.W3CHttpResponseCodec.createException(W3CHttpResponseCodec.java:187)
	at org.openqa.selenium.remote.http.W3CHttpResponseCodec.decode(W3CHttpResponseCodec.java:122)
	at org.openqa.selenium.remote.http.W3CHttpResponseCodec.decode(W3CHttpResponseCodec.java:49)
	at org.openqa.selenium.remote.HttpCommandExecutor.execute(HttpCommandExecutor.java:158)
	at org.openqa.selenium.remote.service.DriverCommandExecutor.execute(DriverCommandExecutor.java:83)
	at org.openqa.selenium.remote.RemoteWebDriver.execute(RemoteWebDriver.java:552)
	at com.kms.katalon.selenium.driver.CChromeDriver.execute(CChromeDriver.java:19)
	at org.openqa.selenium.remote.RemoteWebDriver.findElements(RemoteWebDriver.java:353)
	at org.openqa.selenium.remote.RemoteWebDriver.findElementsByXPath(RemoteWebDriver.java:432)
	at org.openqa.selenium.By$ByXPath.findElements(By.java:348)
	at org.openqa.selenium.remote.RemoteWebDriver.findElements(RemoteWebDriver.java:311)
	at org.openqa.selenium.support.events.EventFiringWebDriver.lambda$new$1(EventFiringWebDriver.java:105)
	at com.sun.proxy.$Proxy8.findElements(Unknown Source)
	at org.openqa.selenium.support.events.EventFiringWebDriver.findElements(EventFiringWebDriver.java:182)
	at com.kms.katalon.core.webui.common.WebUiCommonHelper.findWebElements(WebUiCommonHelper.java:789)
	at com.kms.katalon.core.webui.common.WebUiCommonHelper.findWebElement(WebUiCommonHelper.java:1150)
	at com.kms.katalon.core.webui.keyword.internal.WebUIAbstractKeyword.findWebElement(WebUIAbstractKeyword.groovy:27)
	at com.kms.katalon.core.webui.keyword.internal.WebUIAbstractKeyword.findWebElement(WebUIAbstractKeyword.groovy:26)
	at com.kms.katalon.core.webui.keyword.builtin.ClickKeyword$_click_closure1.doCall(ClickKeyword.groovy:67)
	at com.kms.katalon.core.webui.keyword.builtin.ClickKeyword$_click_closure1.call(ClickKeyword.groovy)
	at com.kms.katalon.core.webui.keyword.internal.WebUIKeywordMain.runKeyword(WebUIKeywordMain.groovy:20)
	... 19 more


2020-06-05 17:18:51 - [TEST_STEP][PASSED] - openBrowser(""): Browser is opened with url: ''

2020-06-05 17:18:51 - [MESSAGE][WARNING] - A browser is already opened. Closing browser and opening a new one

2020-06-05 17:18:51 - [MESSAGE][INFO] - Starting 'Chrome' driver

2020-06-05 17:18:51 - [MESSAGE][INFO] - Action delay is set to 0 milliseconds

2020-06-05 17:18:53 - [MESSAGE][PASSED] - Browser is opened with url: ''

2020-06-05 17:18:53 - [TEST_STEP][PASSED] - navigateToUrl("http://localhost:8065/"): Navigate to 'http://localhost:8065/' successfully

2020-06-05 17:18:54 - [MESSAGE][PASSED] - Navigate to 'http://localhost:8065/' successfully

2020-06-05 17:18:54 - [TEST_STEP][PASSED] - setText(findTestObject("Page_Mattermost/input_All team communication in one place s_703ef5"), "sysadmin"): Text 'sysadmin' is set on object 'Object Repository/Page_Mattermost/input_All team communication in one place s_703ef5'

2020-06-05 17:18:56 - [MESSAGE][PASSED] - Text 'sysadmin' is set on object 'Object Repository/Page_Mattermost/input_All team communication in one place s_703ef5'

2020-06-05 17:18:56 - [TEST_STEP][PASSED] - setEncryptedText(findTestObject("Object Repository/Page_Mattermost/input_Please enter your password_password"), "2SwE/drL9BoSDSAWnt1s8EiQe9rbSfQc"): Text ****** has been set on object 'Object Repository/Page_Mattermost/input_Please enter your password_password'

2020-06-05 17:18:56 - [MESSAGE][PASSED] - Text ****** has been set on object 'Object Repository/Page_Mattermost/input_Please enter your password_password'

2020-06-05 17:18:56 - [TEST_STEP][PASSED] - sendKeys(findTestObject("Object Repository/Page_Mattermost/input_Please enter your password_password"), Keys.chord(ENTER)): Keys 'ENTER + ' sent to object: 'Object Repository/Page_Mattermost/input_Please enter your password_password'

2020-06-05 17:18:57 - [MESSAGE][PASSED] - Keys 'ENTER + ' sent to object: 'Object Repository/Page_Mattermost/input_Please enter your password_password'

2020-06-05 17:18:57 - [TEST_STEP][PASSED] - click(findTestObject("Object Repository/Page_ Town Square remane - eligendi Mattermost/button_Messages with phrases_channelHeaderF_738e88")): Object: 'Object Repository/Page_ Town Square remane - eligendi Mattermost/button_Messages with phrases_channelHeaderF_738e88' is clicked on

2020-06-05 17:19:00 - [MESSAGE][PASSED] - Object: 'Object Repository/Page_ Town Square remane - eligendi Mattermost/button_Messages with phrases_channelHeaderF_738e88' is clicked on

2020-06-05 17:19:00 - [TEST_STEP][PASSED] - click(findTestObject("Object Repository/Page_ Town Square remane - eligendi Mattermost/span_Jump")): Object: 'Object Repository/Page_ Town Square remane - eligendi Mattermost/span_Jump' is clicked on

2020-06-05 17:19:02 - [MESSAGE][PASSED] - Object: 'Object Repository/Page_ Town Square remane - eligendi Mattermost/span_Jump' is clicked on

2020-06-05 17:19:02 - [TEST_STEP][FAILED] - click(findTestObject("Object Repository/Page_ sint - eligendi Mattermost/path")): Unable to click on object 'Object Repository/Page_ sint - eligendi Mattermost/path' (Root cause: com.kms.katalon.core.exception.StepFailedException: Unable to click on object 'Object Repository/Page_ sint - eligendi Mattermost/path'
	at com.kms.katalon.core.webui.keyword.internal.WebUIKeywordMain.stepFailed(WebUIKeywordMain.groovy:64)
	at com.kms.katalon.core.webui.keyword.internal.WebUIKeywordMain.runKeyword(WebUIKeywordMain.groovy:26)
	at com.kms.katalon.core.webui.keyword.builtin.ClickKeyword.click(ClickKeyword.groovy:76)
	at com.kms.katalon.core.webui.keyword.builtin.ClickKeyword.execute(ClickKeyword.groovy:43)
	at com.kms.katalon.core.keyword.internal.KeywordExecutor.executeKeywordForPlatform(KeywordExecutor.groovy:72)
	at com.kms.katalon.core.webui.keyword.WebUiBuiltInKeywords.click(WebUiBuiltInKeywords.groovy:616)
	at com.kms.katalon.core.webui.keyword.WebUiBuiltInKeywords$click$1.call(Unknown Source)
	at view and jump to flagged post.run(view and jump to flagged post:34)
	at com.kms.katalon.core.main.ScriptEngine.run(ScriptEngine.java:194)
	at com.kms.katalon.core.main.ScriptEngine.runScriptAsRawText(ScriptEngine.java:119)
	at com.kms.katalon.core.main.TestCaseExecutor.runScript(TestCaseExecutor.java:337)
	at com.kms.katalon.core.main.TestCaseExecutor.doExecute(TestCaseExecutor.java:328)
	at com.kms.katalon.core.main.TestCaseExecutor.processExecutionPhase(TestCaseExecutor.java:307)
	at com.kms.katalon.core.main.TestCaseExecutor.accessMainPhase(TestCaseExecutor.java:299)
	at com.kms.katalon.core.main.TestCaseExecutor.execute(TestCaseExecutor.java:233)
	at com.kms.katalon.core.main.TestSuiteExecutor.accessTestCaseMainPhase(TestSuiteExecutor.java:169)
	at com.kms.katalon.core.main.TestSuiteExecutor.accessTestSuiteMainPhase(TestSuiteExecutor.java:142)
	at com.kms.katalon.core.main.TestSuiteExecutor.execute(TestSuiteExecutor.java:91)
	at com.kms.katalon.core.main.TestCaseMain.startTestSuite(TestCaseMain.java:157)
	at com.kms.katalon.core.main.TestCaseMain$startTestSuite$0.call(Unknown Source)
	at TempTestSuite1591351978611.run(TempTestSuite1591351978611.groovy:37)
Caused by: org.openqa.selenium.NoSuchWindowException: no such window: target window already closed
from unknown error: web view not found
  (Session info: chrome=83.0.4103.61)
Build info: version: '3.141.59', revision: 'e82be7d358', time: '2018-11-14T08:25:53'
System info: host: 'Tuyens-MacBook-Pro.local', ip: '2402:800:6384:604d:188c:1a0c:604b:3abc%en0', os.name: 'Mac OS X', os.arch: 'x86_64', os.version: '10.15.5', java.version: '1.8.0_181'
Driver info: com.kms.katalon.selenium.driver.CChromeDriver
Capabilities {acceptInsecureCerts: false, browserName: chrome, browserVersion: 83.0.4103.61, chrome: {chromedriverVersion: 83.0.4103.39 (ccbf011cb2d2b..., userDataDir: /var/folders/4p/d6s1q92j7cx...}, goog:chromeOptions: {debuggerAddress: localhost:64520}, javascriptEnabled: true, networkConnectionEnabled: false, pageLoadStrategy: normal, platform: MAC, platformName: MAC, proxy: Proxy(), setWindowRect: true, strictFileInteractability: false, timeouts: {implicit: 0, pageLoad: 300000, script: 30000}, unhandledPromptBehavior: dismiss and notify, webauthn:virtualAuthenticators: true}
Session ID: c881a06b3da11936f4db05e247405ae4
*** Element info: {Using=xpath, value=}
	at org.openqa.selenium.remote.http.W3CHttpResponseCodec.createException(W3CHttpResponseCodec.java:187)
	at org.openqa.selenium.remote.http.W3CHttpResponseCodec.decode(W3CHttpResponseCodec.java:122)
	at org.openqa.selenium.remote.http.W3CHttpResponseCodec.decode(W3CHttpResponseCodec.java:49)
	at org.openqa.selenium.remote.HttpCommandExecutor.execute(HttpCommandExecutor.java:158)
	at org.openqa.selenium.remote.service.DriverCommandExecutor.execute(DriverCommandExecutor.java:83)
	at org.openqa.selenium.remote.RemoteWebDriver.execute(RemoteWebDriver.java:552)
	at com.kms.katalon.selenium.driver.CChromeDriver.execute(CChromeDriver.java:19)
	at org.openqa.selenium.remote.RemoteWebDriver.findElements(RemoteWebDriver.java:353)
	at org.openqa.selenium.remote.RemoteWebDriver.findElementsByXPath(RemoteWebDriver.java:432)
	at org.openqa.selenium.By$ByXPath.findElements(By.java:348)
	at org.openqa.selenium.remote.RemoteWebDriver.findElements(RemoteWebDriver.java:311)
	at org.openqa.selenium.support.events.EventFiringWebDriver.lambda$new$1(EventFiringWebDriver.java:105)
	at com.sun.proxy.$Proxy8.findElements(Unknown Source)
	at org.openqa.selenium.support.events.EventFiringWebDriver.findElements(EventFiringWebDriver.java:182)
	at com.kms.katalon.core.webui.common.WebUiCommonHelper.findWebElements(WebUiCommonHelper.java:789)
	at com.kms.katalon.core.webui.common.WebUiCommonHelper.findWebElement(WebUiCommonHelper.java:1150)
	at com.kms.katalon.core.webui.keyword.internal.WebUIAbstractKeyword.findWebElement(WebUIAbstractKeyword.groovy:27)
	at com.kms.katalon.core.webui.keyword.internal.WebUIAbstractKeyword.findWebElement(WebUIAbstractKeyword.groovy:26)
	at com.kms.katalon.core.webui.keyword.builtin.ClickKeyword$_click_closure1.doCall(ClickKeyword.groovy:67)
	at com.kms.katalon.core.webui.keyword.builtin.ClickKeyword$_click_closure1.call(ClickKeyword.groovy)
	at com.kms.katalon.core.webui.keyword.internal.WebUIKeywordMain.runKeyword(WebUIKeywordMain.groovy:20)
	at com.kms.katalon.core.webui.keyword.builtin.ClickKeyword.click(ClickKeyword.groovy:76)
	at com.kms.katalon.core.webui.keyword.builtin.ClickKeyword.execute(ClickKeyword.groovy:43)
	at com.kms.katalon.core.keyword.internal.KeywordExecutor.executeKeywordForPlatform(KeywordExecutor.groovy:72)
	at com.kms.katalon.core.webui.keyword.WebUiBuiltInKeywords.click(WebUiBuiltInKeywords.groovy:616)
	at com.kms.katalon.core.webui.keyword.WebUiBuiltInKeywords$click$1.call(Unknown Source)
	at Script1591346572624.run(Script1591346572624.groovy:34)
	... 13 more
)

2020-06-05 17:19:31 - [MESSAGE][WARNING] - Cannot take screenshot

2020-06-05 17:19:31 - [MESSAGE][FAILED] - Unable to click on object 'Object Repository/Page_ sint - eligendi Mattermost/path' (Root cause: com.kms.katalon.core.exception.StepFailedException: Unable to click on object 'Object Repository/Page_ sint - eligendi Mattermost/path'
	at com.kms.katalon.core.webui.keyword.internal.WebUIKeywordMain.stepFailed(WebUIKeywordMain.groovy:64)
	at com.kms.katalon.core.webui.keyword.internal.WebUIKeywordMain.runKeyword(WebUIKeywordMain.groovy:26)
	at com.kms.katalon.core.webui.keyword.builtin.ClickKeyword.click(ClickKeyword.groovy:76)
	at com.kms.katalon.core.webui.keyword.builtin.ClickKeyword.execute(ClickKeyword.groovy:43)
	at com.kms.katalon.core.keyword.internal.KeywordExecutor.executeKeywordForPlatform(KeywordExecutor.groovy:72)
	at com.kms.katalon.core.webui.keyword.WebUiBuiltInKeywords.click(WebUiBuiltInKeywords.groovy:616)
	at com.kms.katalon.core.webui.keyword.WebUiBuiltInKeywords$click$1.call(Unknown Source)
	at view and jump to flagged post.run(view and jump to flagged post:34)
	at com.kms.katalon.core.main.ScriptEngine.run(ScriptEngine.java:194)
	at com.kms.katalon.core.main.ScriptEngine.runScriptAsRawText(ScriptEngine.java:119)
	at com.kms.katalon.core.main.TestCaseExecutor.runScript(TestCaseExecutor.java:337)
	at com.kms.katalon.core.main.TestCaseExecutor.doExecute(TestCaseExecutor.java:328)
	at com.kms.katalon.core.main.TestCaseExecutor.processExecutionPhase(TestCaseExecutor.java:307)
	at com.kms.katalon.core.main.TestCaseExecutor.accessMainPhase(TestCaseExecutor.java:299)
	at com.kms.katalon.core.main.TestCaseExecutor.execute(TestCaseExecutor.java:233)
	at com.kms.katalon.core.main.TestSuiteExecutor.accessTestCaseMainPhase(TestSuiteExecutor.java:169)
	at com.kms.katalon.core.main.TestSuiteExecutor.accessTestSuiteMainPhase(TestSuiteExecutor.java:142)
	at com.kms.katalon.core.main.TestSuiteExecutor.execute(TestSuiteExecutor.java:91)
	at com.kms.katalon.core.main.TestCaseMain.startTestSuite(TestCaseMain.java:157)
	at com.kms.katalon.core.main.TestCaseMain$startTestSuite$0.call(Unknown Source)
	at TempTestSuite1591351978611.run(TempTestSuite1591351978611.groovy:37)
Caused by: org.openqa.selenium.NoSuchWindowException: no such window: target window already closed
from unknown error: web view not found
  (Session info: chrome=83.0.4103.61)
Build info: version: '3.141.59', revision: 'e82be7d358', time: '2018-11-14T08:25:53'
System info: host: 'Tuyens-MacBook-Pro.local', ip: '2402:800:6384:604d:188c:1a0c:604b:3abc%en0', os.name: 'Mac OS X', os.arch: 'x86_64', os.version: '10.15.5', java.version: '1.8.0_181'
Driver info: com.kms.katalon.selenium.driver.CChromeDriver
Capabilities {acceptInsecureCerts: false, browserName: chrome, browserVersion: 83.0.4103.61, chrome: {chromedriverVersion: 83.0.4103.39 (ccbf011cb2d2b..., userDataDir: /var/folders/4p/d6s1q92j7cx...}, goog:chromeOptions: {debuggerAddress: localhost:64520}, javascriptEnabled: true, networkConnectionEnabled: false, pageLoadStrategy: normal, platform: MAC, platformName: MAC, proxy: Proxy(), setWindowRect: true, strictFileInteractability: false, timeouts: {implicit: 0, pageLoad: 300000, script: 30000}, unhandledPromptBehavior: dismiss and notify, webauthn:virtualAuthenticators: true}
Session ID: c881a06b3da11936f4db05e247405ae4
*** Element info: {Using=xpath, value=}
	at org.openqa.selenium.remote.http.W3CHttpResponseCodec.createException(W3CHttpResponseCodec.java:187)
	at org.openqa.selenium.remote.http.W3CHttpResponseCodec.decode(W3CHttpResponseCodec.java:122)
	at org.openqa.selenium.remote.http.W3CHttpResponseCodec.decode(W3CHttpResponseCodec.java:49)
	at org.openqa.selenium.remote.HttpCommandExecutor.execute(HttpCommandExecutor.java:158)
	at org.openqa.selenium.remote.service.DriverCommandExecutor.execute(DriverCommandExecutor.java:83)
	at org.openqa.selenium.remote.RemoteWebDriver.execute(RemoteWebDriver.java:552)
	at com.kms.katalon.selenium.driver.CChromeDriver.execute(CChromeDriver.java:19)
	at org.openqa.selenium.remote.RemoteWebDriver.findElements(RemoteWebDriver.java:353)
	at org.openqa.selenium.remote.RemoteWebDriver.findElementsByXPath(RemoteWebDriver.java:432)
	at org.openqa.selenium.By$ByXPath.findElements(By.java:348)
	at org.openqa.selenium.remote.RemoteWebDriver.findElements(RemoteWebDriver.java:311)
	at org.openqa.selenium.support.events.EventFiringWebDriver.lambda$new$1(EventFiringWebDriver.java:105)
	at com.sun.proxy.$Proxy8.findElements(Unknown Source)
	at org.openqa.selenium.support.events.EventFiringWebDriver.findElements(EventFiringWebDriver.java:182)
	at com.kms.katalon.core.webui.common.WebUiCommonHelper.findWebElements(WebUiCommonHelper.java:789)
	at com.kms.katalon.core.webui.common.WebUiCommonHelper.findWebElement(WebUiCommonHelper.java:1150)
	at com.kms.katalon.core.webui.keyword.internal.WebUIAbstractKeyword.findWebElement(WebUIAbstractKeyword.groovy:27)
	at com.kms.katalon.core.webui.keyword.internal.WebUIAbstractKeyword.findWebElement(WebUIAbstractKeyword.groovy:26)
	at com.kms.katalon.core.webui.keyword.builtin.ClickKeyword$_click_closure1.doCall(ClickKeyword.groovy:67)
	at com.kms.katalon.core.webui.keyword.builtin.ClickKeyword$_click_closure1.call(ClickKeyword.groovy)
	at com.kms.katalon.core.webui.keyword.internal.WebUIKeywordMain.runKeyword(WebUIKeywordMain.groovy:20)
	at com.kms.katalon.core.webui.keyword.builtin.ClickKeyword.click(ClickKeyword.groovy:76)
	at com.kms.katalon.core.webui.keyword.builtin.ClickKeyword.execute(ClickKeyword.groovy:43)
	at com.kms.katalon.core.keyword.internal.KeywordExecutor.executeKeywordForPlatform(KeywordExecutor.groovy:72)
	at com.kms.katalon.core.webui.keyword.WebUiBuiltInKeywords.click(WebUiBuiltInKeywords.groovy:616)
	at com.kms.katalon.core.webui.keyword.WebUiBuiltInKeywords$click$1.call(Unknown Source)
	at Script1591346572624.run(Script1591346572624.groovy:34)
	... 13 more
)]]></system-out>
         <system-err><![CDATA[2020-06-05 17:18:51 - [TEST_CASE][FAILED] - Test Cases/view and jump to flagged post: Test Cases/view and jump to flagged post FAILED.
Reason:
com.kms.katalon.core.exception.StepFailedException: Unable to click on object 'Object Repository/Page_ sint - eligendi Mattermost/path'
	at com.kms.katalon.core.webui.keyword.internal.WebUIKeywordMain.stepFailed(WebUIKeywordMain.groovy:64)
	at com.kms.katalon.core.webui.keyword.internal.WebUIKeywordMain.runKeyword(WebUIKeywordMain.groovy:26)
	at com.kms.katalon.core.webui.keyword.builtin.ClickKeyword.click(ClickKeyword.groovy:76)
	at com.kms.katalon.core.webui.keyword.builtin.ClickKeyword.execute(ClickKeyword.groovy:43)
	at com.kms.katalon.core.keyword.internal.KeywordExecutor.executeKeywordForPlatform(KeywordExecutor.groovy:72)
	at com.kms.katalon.core.webui.keyword.WebUiBuiltInKeywords.click(WebUiBuiltInKeywords.groovy:616)
	at com.kms.katalon.core.webui.keyword.WebUiBuiltInKeywords$click$1.call(Unknown Source)
	at view and jump to flagged post.run(view and jump to flagged post:34)
	at com.kms.katalon.core.main.ScriptEngine.run(ScriptEngine.java:194)
	at com.kms.katalon.core.main.ScriptEngine.runScriptAsRawText(ScriptEngine.java:119)
	at com.kms.katalon.core.main.TestCaseExecutor.runScript(TestCaseExecutor.java:337)
	at com.kms.katalon.core.main.TestCaseExecutor.doExecute(TestCaseExecutor.java:328)
	at com.kms.katalon.core.main.TestCaseExecutor.processExecutionPhase(TestCaseExecutor.java:307)
	at com.kms.katalon.core.main.TestCaseExecutor.accessMainPhase(TestCaseExecutor.java:299)
	at com.kms.katalon.core.main.TestCaseExecutor.execute(TestCaseExecutor.java:233)
	at com.kms.katalon.core.main.TestSuiteExecutor.accessTestCaseMainPhase(TestSuiteExecutor.java:169)
	at com.kms.katalon.core.main.TestSuiteExecutor.accessTestSuiteMainPhase(TestSuiteExecutor.java:142)
	at com.kms.katalon.core.main.TestSuiteExecutor.execute(TestSuiteExecutor.java:91)
	at com.kms.katalon.core.main.TestCaseMain.startTestSuite(TestCaseMain.java:157)
	at com.kms.katalon.core.main.TestCaseMain$startTestSuite$0.call(Unknown Source)
	at TempTestSuite1591351978611.run(TempTestSuite1591351978611.groovy:37)
Caused by: org.openqa.selenium.NoSuchWindowException: no such window: target window already closed
from unknown error: web view not found
  (Session info: chrome=83.0.4103.61)
Build info: version: '3.141.59', revision: 'e82be7d358', time: '2018-11-14T08:25:53'
System info: host: 'Tuyens-MacBook-Pro.local', ip: '2402:800:6384:604d:188c:1a0c:604b:3abc%en0', os.name: 'Mac OS X', os.arch: 'x86_64', os.version: '10.15.5', java.version: '1.8.0_181'
Driver info: com.kms.katalon.selenium.driver.CChromeDriver
Capabilities {acceptInsecureCerts: false, browserName: chrome, browserVersion: 83.0.4103.61, chrome: {chromedriverVersion: 83.0.4103.39 (ccbf011cb2d2b..., userDataDir: /var/folders/4p/d6s1q92j7cx...}, goog:chromeOptions: {debuggerAddress: localhost:64520}, javascriptEnabled: true, networkConnectionEnabled: false, pageLoadStrategy: normal, platform: MAC, platformName: MAC, proxy: Proxy(), setWindowRect: true, strictFileInteractability: false, timeouts: {implicit: 0, pageLoad: 300000, script: 30000}, unhandledPromptBehavior: dismiss and notify, webauthn:virtualAuthenticators: true}
Session ID: c881a06b3da11936f4db05e247405ae4
*** Element info: {Using=xpath, value=}
	at org.openqa.selenium.remote.http.W3CHttpResponseCodec.createException(W3CHttpResponseCodec.java:187)
	at org.openqa.selenium.remote.http.W3CHttpResponseCodec.decode(W3CHttpResponseCodec.java:122)
	at org.openqa.selenium.remote.http.W3CHttpResponseCodec.decode(W3CHttpResponseCodec.java:49)
	at org.openqa.selenium.remote.HttpCommandExecutor.execute(HttpCommandExecutor.java:158)
	at org.openqa.selenium.remote.service.DriverCommandExecutor.execute(DriverCommandExecutor.java:83)
	at org.openqa.selenium.remote.RemoteWebDriver.execute(RemoteWebDriver.java:552)
	at com.kms.katalon.selenium.driver.CChromeDriver.execute(CChromeDriver.java:19)
	at org.openqa.selenium.remote.RemoteWebDriver.findElements(RemoteWebDriver.java:353)
	at org.openqa.selenium.remote.RemoteWebDriver.findElementsByXPath(RemoteWebDriver.java:432)
	at org.openqa.selenium.By$ByXPath.findElements(By.java:348)
	at org.openqa.selenium.remote.RemoteWebDriver.findElements(RemoteWebDriver.java:311)
	at org.openqa.selenium.support.events.EventFiringWebDriver.lambda$new$1(EventFiringWebDriver.java:105)
	at com.sun.proxy.$Proxy8.findElements(Unknown Source)
	at org.openqa.selenium.support.events.EventFiringWebDriver.findElements(EventFiringWebDriver.java:182)
	at com.kms.katalon.core.webui.common.WebUiCommonHelper.findWebElements(WebUiCommonHelper.java:789)
	at com.kms.katalon.core.webui.common.WebUiCommonHelper.findWebElement(WebUiCommonHelper.java:1150)
	at com.kms.katalon.core.webui.keyword.internal.WebUIAbstractKeyword.findWebElement(WebUIAbstractKeyword.groovy:27)
	at com.kms.katalon.core.webui.keyword.internal.WebUIAbstractKeyword.findWebElement(WebUIAbstractKeyword.groovy:26)
	at com.kms.katalon.core.webui.keyword.builtin.ClickKeyword$_click_closure1.doCall(ClickKeyword.groovy:67)
	at com.kms.katalon.core.webui.keyword.builtin.ClickKeyword$_click_closure1.call(ClickKeyword.groovy)
	at com.kms.katalon.core.webui.keyword.internal.WebUIKeywordMain.runKeyword(WebUIKeywordMain.groovy:20)
	... 19 more]]></system-err>
      </testcase>
      <system-out><![CDATA[2020-06-05 17:13:01 - [TEST_SUITE][FAILED] - Run all test cases: Test Cases/edit message FAILED.
Reason:
com.kms.katalon.core.exception.StepFailedException: Unable to click on object 'Object Repository/Page_ Town Square remane - eligendi Mattermost/span_sysadmin_icon icon--small'
	at com.kms.katalon.core.webui.keyword.internal.WebUIKeywordMain.stepFailed(WebUIKeywordMain.groovy:64)
	at com.kms.katalon.core.webui.keyword.internal.WebUIKeywordMain.runKeyword(WebUIKeywordMain.groovy:26)
	at com.kms.katalon.core.webui.keyword.builtin.ClickKeyword.click(ClickKeyword.groovy:76)
	at com.kms.katalon.core.webui.keyword.builtin.ClickKeyword.execute(ClickKeyword.groovy:43)
	at com.kms.katalon.core.keyword.internal.KeywordExecutor.executeKeywordForPlatform(KeywordExecutor.groovy:72)
	at com.kms.katalon.core.webui.keyword.WebUiBuiltInKeywords.click(WebUiBuiltInKeywords.groovy:616)
	at com.kms.katalon.core.webui.keyword.WebUiBuiltInKeywords$click$1.call(Unknown Source)
	at edit message.run(edit message:29)
	at com.kms.katalon.core.main.ScriptEngine.run(ScriptEngine.java:194)
	at com.kms.katalon.core.main.ScriptEngine.runScriptAsRawText(ScriptEngine.java:119)
	at com.kms.katalon.core.main.TestCaseExecutor.runScript(TestCaseExecutor.java:337)
	at com.kms.katalon.core.main.TestCaseExecutor.doExecute(TestCaseExecutor.java:328)
	at com.kms.katalon.core.main.TestCaseExecutor.processExecutionPhase(TestCaseExecutor.java:307)
	at com.kms.katalon.core.main.TestCaseExecutor.accessMainPhase(TestCaseExecutor.java:299)
	at com.kms.katalon.core.main.TestCaseExecutor.execute(TestCaseExecutor.java:233)
	at com.kms.katalon.core.main.TestSuiteExecutor.accessTestCaseMainPhase(TestSuiteExecutor.java:169)
	at com.kms.katalon.core.main.TestSuiteExecutor.accessTestSuiteMainPhase(TestSuiteExecutor.java:142)
	at com.kms.katalon.core.main.TestSuiteExecutor.execute(TestSuiteExecutor.java:91)
	at com.kms.katalon.core.main.TestCaseMain.startTestSuite(TestCaseMain.java:157)
	at com.kms.katalon.core.main.TestCaseMain$startTestSuite$0.call(Unknown Source)
	at TempTestSuite1591351978611.run(TempTestSuite1591351978611.groovy:37)
Caused by: org.openqa.selenium.NoSuchWindowException: no such window: window was already closed
  (Session info: chrome=83.0.4103.61)
Build info: version: '3.141.59', revision: 'e82be7d358', time: '2018-11-14T08:25:53'
System info: host: 'Tuyens-MacBook-Pro.local', ip: '2402:800:6384:604d:188c:1a0c:604b:3abc%en0', os.name: 'Mac OS X', os.arch: 'x86_64', os.version: '10.15.5', java.version: '1.8.0_181'
Driver info: com.kms.katalon.selenium.driver.CChromeDriver
Capabilities {acceptInsecureCerts: false, browserName: chrome, browserVersion: 83.0.4103.61, chrome: {chromedriverVersion: 83.0.4103.39 (ccbf011cb2d2b..., userDataDir: /var/folders/4p/d6s1q92j7cx...}, goog:chromeOptions: {debuggerAddress: localhost:63328}, javascriptEnabled: true, networkConnectionEnabled: false, pageLoadStrategy: normal, platform: MAC, platformName: MAC, proxy: Proxy(), setWindowRect: true, strictFileInteractability: false, timeouts: {implicit: 0, pageLoad: 300000, script: 30000}, unhandledPromptBehavior: dismiss and notify, webauthn:virtualAuthenticators: true}
Session ID: 0c33f22c36972d289531f9f0bc338f83
*** Element info: {Using=xpath, value=//button[@id='CENTER_button_baxjegnar3fzi8j8a3ugqzn68e']/span}
	at org.openqa.selenium.remote.http.W3CHttpResponseCodec.createException(W3CHttpResponseCodec.java:187)
	at org.openqa.selenium.remote.http.W3CHttpResponseCodec.decode(W3CHttpResponseCodec.java:122)
	at org.openqa.selenium.remote.http.W3CHttpResponseCodec.decode(W3CHttpResponseCodec.java:49)
	at org.openqa.selenium.remote.HttpCommandExecutor.execute(HttpCommandExecutor.java:158)
	at org.openqa.selenium.remote.service.DriverCommandExecutor.execute(DriverCommandExecutor.java:83)
	at org.openqa.selenium.remote.RemoteWebDriver.execute(RemoteWebDriver.java:552)
	at com.kms.katalon.selenium.driver.CChromeDriver.execute(CChromeDriver.java:19)
	at org.openqa.selenium.remote.RemoteWebDriver.findElements(RemoteWebDriver.java:353)
	at org.openqa.selenium.remote.RemoteWebDriver.findElementsByXPath(RemoteWebDriver.java:432)
	at org.openqa.selenium.By$ByXPath.findElements(By.java:348)
	at org.openqa.selenium.remote.RemoteWebDriver.findElements(RemoteWebDriver.java:311)
	at org.openqa.selenium.support.events.EventFiringWebDriver.lambda$new$1(EventFiringWebDriver.java:105)
	at com.sun.proxy.$Proxy8.findElements(Unknown Source)
	at org.openqa.selenium.support.events.EventFiringWebDriver.findElements(EventFiringWebDriver.java:182)
	at com.kms.katalon.core.webui.common.WebUiCommonHelper.findWebElements(WebUiCommonHelper.java:789)
	at com.kms.katalon.core.webui.common.WebUiCommonHelper.findWebElement(WebUiCommonHelper.java:1150)
	at com.kms.katalon.core.webui.keyword.internal.WebUIAbstractKeyword.findWebElement(WebUIAbstractKeyword.groovy:27)
	at com.kms.katalon.core.webui.keyword.internal.WebUIAbstractKeyword.findWebElement(WebUIAbstractKeyword.groovy:26)
	at com.kms.katalon.core.webui.keyword.builtin.ClickKeyword$_click_closure1.doCall(ClickKeyword.groovy:67)
	at com.kms.katalon.core.webui.keyword.builtin.ClickKeyword$_click_closure1.call(ClickKeyword.groovy)
	at com.kms.katalon.core.webui.keyword.internal.WebUIKeywordMain.runKeyword(WebUIKeywordMain.groovy:20)
	... 19 more]]></system-out>
      <system-err><![CDATA[2020-06-05 17:13:01 - [TEST_SUITE][FAILED] - Run all test cases: Test Cases/edit message FAILED.
Reason:
com.kms.katalon.core.exception.StepFailedException: Unable to click on object 'Object Repository/Page_ Town Square remane - eligendi Mattermost/span_sysadmin_icon icon--small'
	at com.kms.katalon.core.webui.keyword.internal.WebUIKeywordMain.stepFailed(WebUIKeywordMain.groovy:64)
	at com.kms.katalon.core.webui.keyword.internal.WebUIKeywordMain.runKeyword(WebUIKeywordMain.groovy:26)
	at com.kms.katalon.core.webui.keyword.builtin.ClickKeyword.click(ClickKeyword.groovy:76)
	at com.kms.katalon.core.webui.keyword.builtin.ClickKeyword.execute(ClickKeyword.groovy:43)
	at com.kms.katalon.core.keyword.internal.KeywordExecutor.executeKeywordForPlatform(KeywordExecutor.groovy:72)
	at com.kms.katalon.core.webui.keyword.WebUiBuiltInKeywords.click(WebUiBuiltInKeywords.groovy:616)
	at com.kms.katalon.core.webui.keyword.WebUiBuiltInKeywords$click$1.call(Unknown Source)
	at edit message.run(edit message:29)
	at com.kms.katalon.core.main.ScriptEngine.run(ScriptEngine.java:194)
	at com.kms.katalon.core.main.ScriptEngine.runScriptAsRawText(ScriptEngine.java:119)
	at com.kms.katalon.core.main.TestCaseExecutor.runScript(TestCaseExecutor.java:337)
	at com.kms.katalon.core.main.TestCaseExecutor.doExecute(TestCaseExecutor.java:328)
	at com.kms.katalon.core.main.TestCaseExecutor.processExecutionPhase(TestCaseExecutor.java:307)
	at com.kms.katalon.core.main.TestCaseExecutor.accessMainPhase(TestCaseExecutor.java:299)
	at com.kms.katalon.core.main.TestCaseExecutor.execute(TestCaseExecutor.java:233)
	at com.kms.katalon.core.main.TestSuiteExecutor.accessTestCaseMainPhase(TestSuiteExecutor.java:169)
	at com.kms.katalon.core.main.TestSuiteExecutor.accessTestSuiteMainPhase(TestSuiteExecutor.java:142)
	at com.kms.katalon.core.main.TestSuiteExecutor.execute(TestSuiteExecutor.java:91)
	at com.kms.katalon.core.main.TestCaseMain.startTestSuite(TestCaseMain.java:157)
	at com.kms.katalon.core.main.TestCaseMain$startTestSuite$0.call(Unknown Source)
	at TempTestSuite1591351978611.run(TempTestSuite1591351978611.groovy:37)
Caused by: org.openqa.selenium.NoSuchWindowException: no such window: window was already closed
  (Session info: chrome=83.0.4103.61)
Build info: version: '3.141.59', revision: 'e82be7d358', time: '2018-11-14T08:25:53'
System info: host: 'Tuyens-MacBook-Pro.local', ip: '2402:800:6384:604d:188c:1a0c:604b:3abc%en0', os.name: 'Mac OS X', os.arch: 'x86_64', os.version: '10.15.5', java.version: '1.8.0_181'
Driver info: com.kms.katalon.selenium.driver.CChromeDriver
Capabilities {acceptInsecureCerts: false, browserName: chrome, browserVersion: 83.0.4103.61, chrome: {chromedriverVersion: 83.0.4103.39 (ccbf011cb2d2b..., userDataDir: /var/folders/4p/d6s1q92j7cx...}, goog:chromeOptions: {debuggerAddress: localhost:63328}, javascriptEnabled: true, networkConnectionEnabled: false, pageLoadStrategy: normal, platform: MAC, platformName: MAC, proxy: Proxy(), setWindowRect: true, strictFileInteractability: false, timeouts: {implicit: 0, pageLoad: 300000, script: 30000}, unhandledPromptBehavior: dismiss and notify, webauthn:virtualAuthenticators: true}
Session ID: 0c33f22c36972d289531f9f0bc338f83
*** Element info: {Using=xpath, value=//button[@id='CENTER_button_baxjegnar3fzi8j8a3ugqzn68e']/span}
	at org.openqa.selenium.remote.http.W3CHttpResponseCodec.createException(W3CHttpResponseCodec.java:187)
	at org.openqa.selenium.remote.http.W3CHttpResponseCodec.decode(W3CHttpResponseCodec.java:122)
	at org.openqa.selenium.remote.http.W3CHttpResponseCodec.decode(W3CHttpResponseCodec.java:49)
	at org.openqa.selenium.remote.HttpCommandExecutor.execute(HttpCommandExecutor.java:158)
	at org.openqa.selenium.remote.service.DriverCommandExecutor.execute(DriverCommandExecutor.java:83)
	at org.openqa.selenium.remote.RemoteWebDriver.execute(RemoteWebDriver.java:552)
	at com.kms.katalon.selenium.driver.CChromeDriver.execute(CChromeDriver.java:19)
	at org.openqa.selenium.remote.RemoteWebDriver.findElements(RemoteWebDriver.java:353)
	at org.openqa.selenium.remote.RemoteWebDriver.findElementsByXPath(RemoteWebDriver.java:432)
	at org.openqa.selenium.By$ByXPath.findElements(By.java:348)
	at org.openqa.selenium.remote.RemoteWebDriver.findElements(RemoteWebDriver.java:311)
	at org.openqa.selenium.support.events.EventFiringWebDriver.lambda$new$1(EventFiringWebDriver.java:105)
	at com.sun.proxy.$Proxy8.findElements(Unknown Source)
	at org.openqa.selenium.support.events.EventFiringWebDriver.findElements(EventFiringWebDriver.java:182)
	at com.kms.katalon.core.webui.common.WebUiCommonHelper.findWebElements(WebUiCommonHelper.java:789)
	at com.kms.katalon.core.webui.common.WebUiCommonHelper.findWebElement(WebUiCommonHelper.java:1150)
	at com.kms.katalon.core.webui.keyword.internal.WebUIAbstractKeyword.findWebElement(WebUIAbstractKeyword.groovy:27)
	at com.kms.katalon.core.webui.keyword.internal.WebUIAbstractKeyword.findWebElement(WebUIAbstractKeyword.groovy:26)
	at com.kms.katalon.core.webui.keyword.builtin.ClickKeyword$_click_closure1.doCall(ClickKeyword.groovy:67)
	at com.kms.katalon.core.webui.keyword.builtin.ClickKeyword$_click_closure1.call(ClickKeyword.groovy)
	at com.kms.katalon.core.webui.keyword.internal.WebUIKeywordMain.runKeyword(WebUIKeywordMain.groovy:20)
	... 19 more]]></system-err>
   </testsuite>
</testsuites>
