<?xml version="1.0" encoding="UTF-8"?>
<testsuites name="New Test Suite" time="66.251" tests="13" failures="0" errors="0">
   <testsuite name="New Test Suite" tests="13" failures="0" errors="0" time="66.251" timestamp="2020-06-04 21:43:44" hostname="tuyenle - 192.168.1.9" id="Test Suites/New Test Suite">
      <properties>
         <property name="deviceName" value=""/>
         <property name="devicePlatform" value=""/>
         <property name="logFolder" value="/Users/tuyenle/git/HW2-CDNC-CNPM/Reports/20200604_214331/New Test Suite/20200604_214331"/>
         <property name="logFiles" value="/Users/tuyenle/git/HW2-CDNC-CNPM/Reports/20200604_214331/New Test Suite/20200604_214331/execution0.log"/>
         <property name="attachments" value=""/>
         <property name="hostName" value="tuyenle - 192.168.1.9"/>
         <property name="os" value="Mac OS X 64bit"/>
         <property name="katalonVersion" value="7.4.0.1"/>
         <property name="browser" value="Chrome 83.0.4103.61"/>
         <property name="hostAddress" value="192.168.1.9"/>
         <property name="sessionId" value="557ec893773b6a4026d13163ef344a1c"/>
         <property name="seleniumVersion" value="3.141.59"/>
         <property name="proxyInformation" value="ProxyInformation{proxyOption=NO_PROXY, proxyServerType=HTTP, password=, proxyServerAddress=, proxyServerPort=0, executionList=}"/>
         <property name="platform" value="Mac OS X"/>
      </properties>
      <testcase name="Test Cases/user login" time="8.485" classname="Test Cases/user login" status="PASSED">
         <system-out><![CDATA[2020-06-04 21:43:44 - [TEST_CASE][PASSED] - Test Cases/user login: Test Cases/user login

2020-06-04 21:43:45 - [TEST_STEP][PASSED] - openBrowser(""): Browser is opened with url: ''

2020-06-04 21:43:45 - [MESSAGE][INFO] - Starting 'Chrome' driver

2020-06-04 21:43:45 - [MESSAGE][INFO] - Action delay is set to 0 milliseconds

2020-06-04 21:43:48 - [MESSAGE][PASSED] - Browser is opened with url: ''

2020-06-04 21:43:48 - [TEST_STEP][PASSED] - navigateToUrl("http://localhost:8065/login"): Navigate to 'http://localhost:8065/login' successfully

2020-06-04 21:43:49 - [MESSAGE][PASSED] - Navigate to 'http://localhost:8065/login' successfully

2020-06-04 21:43:49 - [TEST_STEP][PASSED] - click(findTestObject("Object Repository/Page_Mattermost/div_MattermostAll team communication in one_8a1968")): Object: 'Object Repository/Page_Mattermost/div_MattermostAll team communication in one_8a1968' is clicked on

2020-06-04 21:43:50 - [MESSAGE][PASSED] - Object: 'Object Repository/Page_Mattermost/div_MattermostAll team communication in one_8a1968' is clicked on

2020-06-04 21:43:50 - [TEST_STEP][PASSED] - setText(findTestObject("Object Repository/Page_Mattermost/input_All team communication in one place s_703ef5"), username): Text 'jules' is set on object 'Object Repository/Page_Mattermost/input_All team communication in one place s_703ef5'

2020-06-04 21:43:51 - [MESSAGE][PASSED] - Text 'jules' is set on object 'Object Repository/Page_Mattermost/input_All team communication in one place s_703ef5'

2020-06-04 21:43:51 - [TEST_STEP][PASSED] - setText(findTestObject("Object Repository/Page_Mattermost/input_All team communication in one place s_2f2733"), password): Text '43214321' is set on object 'Object Repository/Page_Mattermost/input_All team communication in one place s_2f2733'

2020-06-04 21:43:52 - [MESSAGE][PASSED] - Text '43214321' is set on object 'Object Repository/Page_Mattermost/input_All team communication in one place s_2f2733'

2020-06-04 21:43:52 - [TEST_STEP][PASSED] - click(findTestObject("Object Repository/Page_Mattermost/span_Sign in")): Object: 'Object Repository/Page_Mattermost/span_Sign in' is clicked on

2020-06-04 21:43:53 - [MESSAGE][PASSED] - Object: 'Object Repository/Page_Mattermost/span_Sign in' is clicked on]]></system-out>
         <system-err><![CDATA[]]></system-err>
      </testcase>
      <testcase name="Test Cases/user login" time="5.541" classname="Test Cases/user login" status="PASSED">
         <system-out><![CDATA[2020-06-04 21:43:53 - [TEST_CASE][PASSED] - Test Cases/user login: Test Cases/user login

2020-06-04 21:43:53 - [TEST_STEP][PASSED] - openBrowser(""): Browser is opened with url: ''

2020-06-04 21:43:53 - [MESSAGE][WARNING] - A browser is already opened. Closing browser and opening a new one

2020-06-04 21:43:53 - [MESSAGE][INFO] - Starting 'Chrome' driver

2020-06-04 21:43:53 - [MESSAGE][INFO] - Action delay is set to 0 milliseconds

2020-06-04 21:43:54 - [MESSAGE][PASSED] - Browser is opened with url: ''

2020-06-04 21:43:54 - [TEST_STEP][PASSED] - navigateToUrl("http://localhost:8065/login"): Navigate to 'http://localhost:8065/login' successfully

2020-06-04 21:43:55 - [MESSAGE][PASSED] - Navigate to 'http://localhost:8065/login' successfully

2020-06-04 21:43:55 - [TEST_STEP][PASSED] - click(findTestObject("Object Repository/Page_Mattermost/div_MattermostAll team communication in one_8a1968")): Object: 'Object Repository/Page_Mattermost/div_MattermostAll team communication in one_8a1968' is clicked on

2020-06-04 21:43:56 - [MESSAGE][PASSED] - Object: 'Object Repository/Page_Mattermost/div_MattermostAll team communication in one_8a1968' is clicked on

2020-06-04 21:43:56 - [TEST_STEP][PASSED] - setText(findTestObject("Object Repository/Page_Mattermost/input_All team communication in one place s_703ef5"), username): Text 'dfsa' is set on object 'Object Repository/Page_Mattermost/input_All team communication in one place s_703ef5'

2020-06-04 21:43:57 - [MESSAGE][PASSED] - Text 'dfsa' is set on object 'Object Repository/Page_Mattermost/input_All team communication in one place s_703ef5'

2020-06-04 21:43:57 - [TEST_STEP][PASSED] - setText(findTestObject("Object Repository/Page_Mattermost/input_All team communication in one place s_2f2733"), password): Text '321' is set on object 'Object Repository/Page_Mattermost/input_All team communication in one place s_2f2733'

2020-06-04 21:43:58 - [MESSAGE][PASSED] - Text '321' is set on object 'Object Repository/Page_Mattermost/input_All team communication in one place s_2f2733'

2020-06-04 21:43:58 - [TEST_STEP][PASSED] - click(findTestObject("Object Repository/Page_Mattermost/span_Sign in")): Object: 'Object Repository/Page_Mattermost/span_Sign in' is clicked on

2020-06-04 21:43:58 - [MESSAGE][PASSED] - Object: 'Object Repository/Page_Mattermost/span_Sign in' is clicked on]]></system-out>
         <system-err><![CDATA[]]></system-err>
      </testcase>
      <testcase name="Test Cases/user login" time="5.321" classname="Test Cases/user login" status="PASSED">
         <system-out><![CDATA[2020-06-04 21:43:58 - [TEST_CASE][PASSED] - Test Cases/user login: Test Cases/user login

2020-06-04 21:43:58 - [TEST_STEP][PASSED] - openBrowser(""): Browser is opened with url: ''

2020-06-04 21:43:58 - [MESSAGE][WARNING] - A browser is already opened. Closing browser and opening a new one

2020-06-04 21:43:58 - [MESSAGE][INFO] - Starting 'Chrome' driver

2020-06-04 21:43:58 - [MESSAGE][INFO] - Action delay is set to 0 milliseconds

2020-06-04 21:44:00 - [MESSAGE][PASSED] - Browser is opened with url: ''

2020-06-04 21:44:00 - [TEST_STEP][PASSED] - navigateToUrl("http://localhost:8065/login"): Navigate to 'http://localhost:8065/login' successfully

2020-06-04 21:44:00 - [MESSAGE][PASSED] - Navigate to 'http://localhost:8065/login' successfully

2020-06-04 21:44:00 - [TEST_STEP][PASSED] - click(findTestObject("Object Repository/Page_Mattermost/div_MattermostAll team communication in one_8a1968")): Object: 'Object Repository/Page_Mattermost/div_MattermostAll team communication in one_8a1968' is clicked on

2020-06-04 21:44:01 - [MESSAGE][PASSED] - Object: 'Object Repository/Page_Mattermost/div_MattermostAll team communication in one_8a1968' is clicked on

2020-06-04 21:44:01 - [TEST_STEP][PASSED] - setText(findTestObject("Object Repository/Page_Mattermost/input_All team communication in one place s_703ef5"), username): Text 'fe892' is set on object 'Object Repository/Page_Mattermost/input_All team communication in one place s_703ef5'

2020-06-04 21:44:02 - [MESSAGE][PASSED] - Text 'fe892' is set on object 'Object Repository/Page_Mattermost/input_All team communication in one place s_703ef5'

2020-06-04 21:44:02 - [TEST_STEP][PASSED] - setText(findTestObject("Object Repository/Page_Mattermost/input_All team communication in one place s_2f2733"), password): Text 'og4i329gh' is set on object 'Object Repository/Page_Mattermost/input_All team communication in one place s_2f2733'

2020-06-04 21:44:03 - [MESSAGE][PASSED] - Text 'og4i329gh' is set on object 'Object Repository/Page_Mattermost/input_All team communication in one place s_2f2733'

2020-06-04 21:44:03 - [TEST_STEP][PASSED] - click(findTestObject("Object Repository/Page_Mattermost/span_Sign in")): Object: 'Object Repository/Page_Mattermost/span_Sign in' is clicked on

2020-06-04 21:44:03 - [MESSAGE][PASSED] - Object: 'Object Repository/Page_Mattermost/span_Sign in' is clicked on]]></system-out>
         <system-err><![CDATA[]]></system-err>
      </testcase>
      <testcase name="Test Cases/user login" time="5.721" classname="Test Cases/user login" status="PASSED">
         <system-out><![CDATA[2020-06-04 21:44:04 - [TEST_CASE][PASSED] - Test Cases/user login: Test Cases/user login

2020-06-04 21:44:04 - [TEST_STEP][PASSED] - openBrowser(""): Browser is opened with url: ''

2020-06-04 21:44:04 - [MESSAGE][WARNING] - A browser is already opened. Closing browser and opening a new one

2020-06-04 21:44:04 - [MESSAGE][INFO] - Starting 'Chrome' driver

2020-06-04 21:44:04 - [MESSAGE][INFO] - Action delay is set to 0 milliseconds

2020-06-04 21:44:05 - [MESSAGE][PASSED] - Browser is opened with url: ''

2020-06-04 21:44:05 - [TEST_STEP][PASSED] - navigateToUrl("http://localhost:8065/login"): Navigate to 'http://localhost:8065/login' successfully

2020-06-04 21:44:06 - [MESSAGE][PASSED] - Navigate to 'http://localhost:8065/login' successfully

2020-06-04 21:44:06 - [TEST_STEP][PASSED] - click(findTestObject("Object Repository/Page_Mattermost/div_MattermostAll team communication in one_8a1968")): Object: 'Object Repository/Page_Mattermost/div_MattermostAll team communication in one_8a1968' is clicked on

2020-06-04 21:44:07 - [MESSAGE][PASSED] - Object: 'Object Repository/Page_Mattermost/div_MattermostAll team communication in one_8a1968' is clicked on

2020-06-04 21:44:07 - [TEST_STEP][PASSED] - setText(findTestObject("Object Repository/Page_Mattermost/input_All team communication in one place s_703ef5"), username): Text 'sysadmin' is set on object 'Object Repository/Page_Mattermost/input_All team communication in one place s_703ef5'

2020-06-04 21:44:08 - [MESSAGE][PASSED] - Text 'sysadmin' is set on object 'Object Repository/Page_Mattermost/input_All team communication in one place s_703ef5'

2020-06-04 21:44:08 - [TEST_STEP][PASSED] - setText(findTestObject("Object Repository/Page_Mattermost/input_All team communication in one place s_2f2733"), password): Text 'Sys@dmin-sample1' is set on object 'Object Repository/Page_Mattermost/input_All team communication in one place s_2f2733'

2020-06-04 21:44:09 - [MESSAGE][PASSED] - Text 'Sys@dmin-sample1' is set on object 'Object Repository/Page_Mattermost/input_All team communication in one place s_2f2733'

2020-06-04 21:44:09 - [TEST_STEP][PASSED] - click(findTestObject("Object Repository/Page_Mattermost/span_Sign in")): Object: 'Object Repository/Page_Mattermost/span_Sign in' is clicked on

2020-06-04 21:44:09 - [MESSAGE][PASSED] - Object: 'Object Repository/Page_Mattermost/span_Sign in' is clicked on]]></system-out>
         <system-err><![CDATA[]]></system-err>
      </testcase>
      <testcase name="Test Cases/user login" time="6.087" classname="Test Cases/user login" status="PASSED">
         <system-out><![CDATA[2020-06-04 21:44:09 - [TEST_CASE][PASSED] - Test Cases/user login: Test Cases/user login

2020-06-04 21:44:09 - [TEST_STEP][PASSED] - openBrowser(""): Browser is opened with url: ''

2020-06-04 21:44:09 - [MESSAGE][WARNING] - A browser is already opened. Closing browser and opening a new one

2020-06-04 21:44:09 - [MESSAGE][INFO] - Starting 'Chrome' driver

2020-06-04 21:44:09 - [MESSAGE][INFO] - Action delay is set to 0 milliseconds

2020-06-04 21:44:11 - [MESSAGE][PASSED] - Browser is opened with url: ''

2020-06-04 21:44:11 - [TEST_STEP][PASSED] - navigateToUrl("http://localhost:8065/login"): Navigate to 'http://localhost:8065/login' successfully

2020-06-04 21:44:12 - [MESSAGE][PASSED] - Navigate to 'http://localhost:8065/login' successfully

2020-06-04 21:44:12 - [TEST_STEP][PASSED] - click(findTestObject("Object Repository/Page_Mattermost/div_MattermostAll team communication in one_8a1968")): Object: 'Object Repository/Page_Mattermost/div_MattermostAll team communication in one_8a1968' is clicked on

2020-06-04 21:44:13 - [MESSAGE][PASSED] - Object: 'Object Repository/Page_Mattermost/div_MattermostAll team communication in one_8a1968' is clicked on

2020-06-04 21:44:13 - [TEST_STEP][PASSED] - setText(findTestObject("Object Repository/Page_Mattermost/input_All team communication in one place s_703ef5"), username): Text 'few@#rf' is set on object 'Object Repository/Page_Mattermost/input_All team communication in one place s_703ef5'

2020-06-04 21:44:14 - [MESSAGE][PASSED] - Text 'few@#rf' is set on object 'Object Repository/Page_Mattermost/input_All team communication in one place s_703ef5'

2020-06-04 21:44:14 - [TEST_STEP][PASSED] - setText(findTestObject("Object Repository/Page_Mattermost/input_All team communication in one place s_2f2733"), password): Text 'fmioe23q3g' is set on object 'Object Repository/Page_Mattermost/input_All team communication in one place s_2f2733'

2020-06-04 21:44:15 - [MESSAGE][PASSED] - Text 'fmioe23q3g' is set on object 'Object Repository/Page_Mattermost/input_All team communication in one place s_2f2733'

2020-06-04 21:44:15 - [TEST_STEP][PASSED] - click(findTestObject("Object Repository/Page_Mattermost/span_Sign in")): Object: 'Object Repository/Page_Mattermost/span_Sign in' is clicked on

2020-06-04 21:44:15 - [MESSAGE][PASSED] - Object: 'Object Repository/Page_Mattermost/span_Sign in' is clicked on]]></system-out>
         <system-err><![CDATA[]]></system-err>
      </testcase>
      <testcase name="Test Cases/user login" time="4.995" classname="Test Cases/user login" status="PASSED">
         <system-out><![CDATA[2020-06-04 21:44:15 - [TEST_CASE][PASSED] - Test Cases/user login: Test Cases/user login

2020-06-04 21:44:15 - [TEST_STEP][PASSED] - openBrowser(""): Browser is opened with url: ''

2020-06-04 21:44:15 - [MESSAGE][WARNING] - A browser is already opened. Closing browser and opening a new one

2020-06-04 21:44:16 - [MESSAGE][INFO] - Starting 'Chrome' driver

2020-06-04 21:44:16 - [MESSAGE][INFO] - Action delay is set to 0 milliseconds

2020-06-04 21:44:17 - [MESSAGE][PASSED] - Browser is opened with url: ''

2020-06-04 21:44:17 - [TEST_STEP][PASSED] - navigateToUrl("http://localhost:8065/login"): Navigate to 'http://localhost:8065/login' successfully

2020-06-04 21:44:18 - [MESSAGE][PASSED] - Navigate to 'http://localhost:8065/login' successfully

2020-06-04 21:44:18 - [TEST_STEP][PASSED] - click(findTestObject("Object Repository/Page_Mattermost/div_MattermostAll team communication in one_8a1968")): Object: 'Object Repository/Page_Mattermost/div_MattermostAll team communication in one_8a1968' is clicked on

2020-06-04 21:44:19 - [MESSAGE][PASSED] - Object: 'Object Repository/Page_Mattermost/div_MattermostAll team communication in one_8a1968' is clicked on

2020-06-04 21:44:19 - [TEST_STEP][PASSED] - setText(findTestObject("Object Repository/Page_Mattermost/input_All team communication in one place s_703ef5"), username): Text '' is set on object 'Object Repository/Page_Mattermost/input_All team communication in one place s_703ef5'

2020-06-04 21:44:19 - [MESSAGE][PASSED] - Text '' is set on object 'Object Repository/Page_Mattermost/input_All team communication in one place s_703ef5'

2020-06-04 21:44:19 - [TEST_STEP][PASSED] - setText(findTestObject("Object Repository/Page_Mattermost/input_All team communication in one place s_2f2733"), password): Text '' is set on object 'Object Repository/Page_Mattermost/input_All team communication in one place s_2f2733'

2020-06-04 21:44:20 - [MESSAGE][PASSED] - Text '' is set on object 'Object Repository/Page_Mattermost/input_All team communication in one place s_2f2733'

2020-06-04 21:44:20 - [TEST_STEP][PASSED] - click(findTestObject("Object Repository/Page_Mattermost/span_Sign in")): Object: 'Object Repository/Page_Mattermost/span_Sign in' is clicked on

2020-06-04 21:44:20 - [MESSAGE][PASSED] - Object: 'Object Repository/Page_Mattermost/span_Sign in' is clicked on]]></system-out>
         <system-err><![CDATA[]]></system-err>
      </testcase>
      <testcase name="Test Cases/user forgot pass" time="4.308" classname="Test Cases/user forgot pass" status="PASSED">
         <system-out><![CDATA[2020-06-04 21:44:20 - [TEST_CASE][PASSED] - Test Cases/user forgot pass: Test Cases/user forgot pass

2020-06-04 21:44:21 - [TEST_STEP][PASSED] - openBrowser(""): Browser is opened with url: ''

2020-06-04 21:44:21 - [MESSAGE][WARNING] - A browser is already opened. Closing browser and opening a new one

2020-06-04 21:44:21 - [MESSAGE][INFO] - Starting 'Chrome' driver

2020-06-04 21:44:21 - [MESSAGE][INFO] - Action delay is set to 0 milliseconds

2020-06-04 21:44:22 - [MESSAGE][PASSED] - Browser is opened with url: ''

2020-06-04 21:44:22 - [TEST_STEP][PASSED] - navigateToUrl("http://localhost:8065/reset_password"): Navigate to 'http://localhost:8065/reset_password' successfully

2020-06-04 21:44:23 - [MESSAGE][PASSED] - Navigate to 'http://localhost:8065/reset_password' successfully

2020-06-04 21:44:23 - [TEST_STEP][PASSED] - setText(findTestObject("Page_Mattermost/input_To reset your password enter the emai_5f6d79"), email): Text 'fdsae@fdsa.com' is set on object 'Object Repository/Page_Mattermost/input_To reset your password enter the emai_5f6d79'

2020-06-04 21:44:24 - [MESSAGE][PASSED] - Text 'fdsae@fdsa.com' is set on object 'Object Repository/Page_Mattermost/input_To reset your password enter the emai_5f6d79'

2020-06-04 21:44:24 - [TEST_STEP][PASSED] - click(findTestObject("Object Repository/Page_Mattermost/button_Reset my password")): Object: 'Object Repository/Page_Mattermost/button_Reset my password' is clicked on

2020-06-04 21:44:25 - [MESSAGE][PASSED] - Object: 'Object Repository/Page_Mattermost/button_Reset my password' is clicked on

2020-06-04 21:44:25 - [TEST_STEP][PASSED] - closeBrowser(): Browser is closed

2020-06-04 21:44:25 - [MESSAGE][PASSED] - Browser is closed]]></system-out>
         <system-err><![CDATA[]]></system-err>
      </testcase>
      <testcase name="Test Cases/user forgot pass" time="4.132" classname="Test Cases/user forgot pass" status="PASSED">
         <system-out><![CDATA[2020-06-04 21:44:25 - [TEST_CASE][PASSED] - Test Cases/user forgot pass: Test Cases/user forgot pass

2020-06-04 21:44:25 - [TEST_STEP][PASSED] - openBrowser(""): Browser is opened with url: ''

2020-06-04 21:44:25 - [MESSAGE][INFO] - Starting 'Chrome' driver

2020-06-04 21:44:25 - [MESSAGE][INFO] - Action delay is set to 0 milliseconds

2020-06-04 21:44:26 - [MESSAGE][PASSED] - Browser is opened with url: ''

2020-06-04 21:44:26 - [TEST_STEP][PASSED] - navigateToUrl("http://localhost:8065/reset_password"): Navigate to 'http://localhost:8065/reset_password' successfully

2020-06-04 21:44:27 - [MESSAGE][PASSED] - Navigate to 'http://localhost:8065/reset_password' successfully

2020-06-04 21:44:27 - [TEST_STEP][PASSED] - setText(findTestObject("Page_Mattermost/input_To reset your password enter the emai_5f6d79"), email): Text '43294932' is set on object 'Object Repository/Page_Mattermost/input_To reset your password enter the emai_5f6d79'

2020-06-04 21:44:28 - [MESSAGE][PASSED] - Text '43294932' is set on object 'Object Repository/Page_Mattermost/input_To reset your password enter the emai_5f6d79'

2020-06-04 21:44:28 - [TEST_STEP][PASSED] - click(findTestObject("Object Repository/Page_Mattermost/button_Reset my password")): Object: 'Object Repository/Page_Mattermost/button_Reset my password' is clicked on

2020-06-04 21:44:29 - [MESSAGE][PASSED] - Object: 'Object Repository/Page_Mattermost/button_Reset my password' is clicked on

2020-06-04 21:44:29 - [TEST_STEP][PASSED] - closeBrowser(): Browser is closed

2020-06-04 21:44:29 - [MESSAGE][PASSED] - Browser is closed]]></system-out>
         <system-err><![CDATA[]]></system-err>
      </testcase>
      <testcase name="Test Cases/user forgot pass" time="4.306" classname="Test Cases/user forgot pass" status="PASSED">
         <system-out><![CDATA[2020-06-04 21:44:29 - [TEST_CASE][PASSED] - Test Cases/user forgot pass: Test Cases/user forgot pass

2020-06-04 21:44:29 - [TEST_STEP][PASSED] - openBrowser(""): Browser is opened with url: ''

2020-06-04 21:44:29 - [MESSAGE][INFO] - Starting 'Chrome' driver

2020-06-04 21:44:29 - [MESSAGE][INFO] - Action delay is set to 0 milliseconds

2020-06-04 21:44:30 - [MESSAGE][PASSED] - Browser is opened with url: ''

2020-06-04 21:44:30 - [TEST_STEP][PASSED] - navigateToUrl("http://localhost:8065/reset_password"): Navigate to 'http://localhost:8065/reset_password' successfully

2020-06-04 21:44:31 - [MESSAGE][PASSED] - Navigate to 'http://localhost:8065/reset_password' successfully

2020-06-04 21:44:31 - [TEST_STEP][PASSED] - setText(findTestObject("Page_Mattermost/input_To reset your password enter the emai_5f6d79"), email): Text 'admin@abc.com' is set on object 'Object Repository/Page_Mattermost/input_To reset your password enter the emai_5f6d79'

2020-06-04 21:44:33 - [MESSAGE][PASSED] - Text 'admin@abc.com' is set on object 'Object Repository/Page_Mattermost/input_To reset your password enter the emai_5f6d79'

2020-06-04 21:44:33 - [TEST_STEP][PASSED] - click(findTestObject("Object Repository/Page_Mattermost/button_Reset my password")): Object: 'Object Repository/Page_Mattermost/button_Reset my password' is clicked on

2020-06-04 21:44:33 - [MESSAGE][PASSED] - Object: 'Object Repository/Page_Mattermost/button_Reset my password' is clicked on

2020-06-04 21:44:33 - [TEST_STEP][PASSED] - closeBrowser(): Browser is closed

2020-06-04 21:44:33 - [MESSAGE][PASSED] - Browser is closed]]></system-out>
         <system-err><![CDATA[]]></system-err>
      </testcase>
      <testcase name="Test Cases/user forgot pass" time="4.068" classname="Test Cases/user forgot pass" status="PASSED">
         <system-out><![CDATA[2020-06-04 21:44:33 - [TEST_CASE][PASSED] - Test Cases/user forgot pass: Test Cases/user forgot pass

2020-06-04 21:44:33 - [TEST_STEP][PASSED] - openBrowser(""): Browser is opened with url: ''

2020-06-04 21:44:33 - [MESSAGE][INFO] - Starting 'Chrome' driver

2020-06-04 21:44:33 - [MESSAGE][INFO] - Action delay is set to 0 milliseconds

2020-06-04 21:44:34 - [MESSAGE][PASSED] - Browser is opened with url: ''

2020-06-04 21:44:34 - [TEST_STEP][PASSED] - navigateToUrl("http://localhost:8065/reset_password"): Navigate to 'http://localhost:8065/reset_password' successfully

2020-06-04 21:44:35 - [MESSAGE][PASSED] - Navigate to 'http://localhost:8065/reset_password' successfully

2020-06-04 21:44:35 - [TEST_STEP][PASSED] - setText(findTestObject("Page_Mattermost/input_To reset your password enter the emai_5f6d79"), email): Text 'fmeow^^' is set on object 'Object Repository/Page_Mattermost/input_To reset your password enter the emai_5f6d79'

2020-06-04 21:44:37 - [MESSAGE][PASSED] - Text 'fmeow^^' is set on object 'Object Repository/Page_Mattermost/input_To reset your password enter the emai_5f6d79'

2020-06-04 21:44:37 - [TEST_STEP][PASSED] - click(findTestObject("Object Repository/Page_Mattermost/button_Reset my password")): Object: 'Object Repository/Page_Mattermost/button_Reset my password' is clicked on

2020-06-04 21:44:37 - [MESSAGE][PASSED] - Object: 'Object Repository/Page_Mattermost/button_Reset my password' is clicked on

2020-06-04 21:44:37 - [TEST_STEP][PASSED] - closeBrowser(): Browser is closed

2020-06-04 21:44:37 - [MESSAGE][PASSED] - Browser is closed]]></system-out>
         <system-err><![CDATA[]]></system-err>
      </testcase>
      <testcase name="Test Cases/user forgot pass" time="4.441" classname="Test Cases/user forgot pass" status="PASSED">
         <system-out><![CDATA[2020-06-04 21:44:37 - [TEST_CASE][PASSED] - Test Cases/user forgot pass: Test Cases/user forgot pass

2020-06-04 21:44:37 - [TEST_STEP][PASSED] - openBrowser(""): Browser is opened with url: ''

2020-06-04 21:44:37 - [MESSAGE][INFO] - Starting 'Chrome' driver

2020-06-04 21:44:37 - [MESSAGE][INFO] - Action delay is set to 0 milliseconds

2020-06-04 21:44:39 - [MESSAGE][PASSED] - Browser is opened with url: ''

2020-06-04 21:44:39 - [TEST_STEP][PASSED] - navigateToUrl("http://localhost:8065/reset_password"): Navigate to 'http://localhost:8065/reset_password' successfully

2020-06-04 21:44:40 - [MESSAGE][PASSED] - Navigate to 'http://localhost:8065/reset_password' successfully

2020-06-04 21:44:40 - [TEST_STEP][PASSED] - setText(findTestObject("Page_Mattermost/input_To reset your password enter the emai_5f6d79"), email): Text 'fnjiewus@ios' is set on object 'Object Repository/Page_Mattermost/input_To reset your password enter the emai_5f6d79'

2020-06-04 21:44:41 - [MESSAGE][PASSED] - Text 'fnjiewus@ios' is set on object 'Object Repository/Page_Mattermost/input_To reset your password enter the emai_5f6d79'

2020-06-04 21:44:41 - [TEST_STEP][PASSED] - click(findTestObject("Object Repository/Page_Mattermost/button_Reset my password")): Object: 'Object Repository/Page_Mattermost/button_Reset my password' is clicked on

2020-06-04 21:44:42 - [MESSAGE][PASSED] - Object: 'Object Repository/Page_Mattermost/button_Reset my password' is clicked on

2020-06-04 21:44:42 - [TEST_STEP][PASSED] - closeBrowser(): Browser is closed

2020-06-04 21:44:42 - [MESSAGE][PASSED] - Browser is closed]]></system-out>
         <system-err><![CDATA[]]></system-err>
      </testcase>
      <testcase name="Test Cases/user forgot pass" time="3.946" classname="Test Cases/user forgot pass" status="PASSED">
         <system-out><![CDATA[2020-06-04 21:44:42 - [TEST_CASE][PASSED] - Test Cases/user forgot pass: Test Cases/user forgot pass

2020-06-04 21:44:42 - [TEST_STEP][PASSED] - openBrowser(""): Browser is opened with url: ''

2020-06-04 21:44:42 - [MESSAGE][INFO] - Starting 'Chrome' driver

2020-06-04 21:44:42 - [MESSAGE][INFO] - Action delay is set to 0 milliseconds

2020-06-04 21:44:43 - [MESSAGE][PASSED] - Browser is opened with url: ''

2020-06-04 21:44:43 - [TEST_STEP][PASSED] - navigateToUrl("http://localhost:8065/reset_password"): Navigate to 'http://localhost:8065/reset_password' successfully

2020-06-04 21:44:44 - [MESSAGE][PASSED] - Navigate to 'http://localhost:8065/reset_password' successfully

2020-06-04 21:44:44 - [TEST_STEP][PASSED] - setText(findTestObject("Page_Mattermost/input_To reset your password enter the emai_5f6d79"), email): Text '' is set on object 'Object Repository/Page_Mattermost/input_To reset your password enter the emai_5f6d79'

2020-06-04 21:44:45 - [MESSAGE][PASSED] - Text '' is set on object 'Object Repository/Page_Mattermost/input_To reset your password enter the emai_5f6d79'

2020-06-04 21:44:45 - [TEST_STEP][PASSED] - click(findTestObject("Object Repository/Page_Mattermost/button_Reset my password")): Object: 'Object Repository/Page_Mattermost/button_Reset my password' is clicked on

2020-06-04 21:44:45 - [MESSAGE][PASSED] - Object: 'Object Repository/Page_Mattermost/button_Reset my password' is clicked on

2020-06-04 21:44:45 - [TEST_STEP][PASSED] - closeBrowser(): Browser is closed

2020-06-04 21:44:46 - [MESSAGE][PASSED] - Browser is closed]]></system-out>
         <system-err><![CDATA[]]></system-err>
      </testcase>
      <testcase name="Test Cases/user forgot pass" time="4.135" classname="Test Cases/user forgot pass" status="PASSED">
         <system-out><![CDATA[2020-06-04 21:44:46 - [TEST_CASE][PASSED] - Test Cases/user forgot pass: Test Cases/user forgot pass

2020-06-04 21:44:46 - [TEST_STEP][PASSED] - openBrowser(""): Browser is opened with url: ''

2020-06-04 21:44:46 - [MESSAGE][INFO] - Starting 'Chrome' driver

2020-06-04 21:44:46 - [MESSAGE][INFO] - Action delay is set to 0 milliseconds

2020-06-04 21:44:47 - [MESSAGE][PASSED] - Browser is opened with url: ''

2020-06-04 21:44:47 - [TEST_STEP][PASSED] - navigateToUrl("http://localhost:8065/reset_password"): Navigate to 'http://localhost:8065/reset_password' successfully

2020-06-04 21:44:48 - [MESSAGE][PASSED] - Navigate to 'http://localhost:8065/reset_password' successfully

2020-06-04 21:44:48 - [TEST_STEP][PASSED] - setText(findTestObject("Page_Mattermost/input_To reset your password enter the emai_5f6d79"), email): Text 'R%#@.sd' is set on object 'Object Repository/Page_Mattermost/input_To reset your password enter the emai_5f6d79'

2020-06-04 21:44:49 - [MESSAGE][PASSED] - Text 'R%#@.sd' is set on object 'Object Repository/Page_Mattermost/input_To reset your password enter the emai_5f6d79'

2020-06-04 21:44:49 - [TEST_STEP][PASSED] - click(findTestObject("Object Repository/Page_Mattermost/button_Reset my password")): Object: 'Object Repository/Page_Mattermost/button_Reset my password' is clicked on

2020-06-04 21:44:50 - [MESSAGE][PASSED] - Object: 'Object Repository/Page_Mattermost/button_Reset my password' is clicked on

2020-06-04 21:44:50 - [TEST_STEP][PASSED] - closeBrowser(): Browser is closed

2020-06-04 21:44:50 - [MESSAGE][PASSED] - Browser is closed]]></system-out>
         <system-err><![CDATA[]]></system-err>
      </testcase>
      <system-out><![CDATA[2020-06-04 21:43:44 - [TEST_SUITE][PASSED] - New Test Suite: Test Cases/user forgot pass]]></system-out>
      <system-err><![CDATA[]]></system-err>
   </testsuite>
</testsuites>
