<?xml version="1.0" encoding="UTF-8"?>
<testsuites name="New Test Suite" time="41.765" tests="7" failures="0" errors="0">
   <testsuite name="New Test Suite" tests="7" failures="0" errors="0" time="41.765" timestamp="2020-06-04 21:29:15" hostname="tuyenle - 192.168.1.9" id="Test Suites/New Test Suite">
      <properties>
         <property name="deviceName" value=""/>
         <property name="devicePlatform" value=""/>
         <property name="logFolder" value="/Users/tuyenle/git/HW2-CDNC-CNPM/Reports/20200604_212859/New Test Suite/20200604_212859"/>
         <property name="logFiles" value="/Users/tuyenle/git/HW2-CDNC-CNPM/Reports/20200604_212859/New Test Suite/20200604_212859/execution0.log"/>
         <property name="attachments" value=""/>
         <property name="hostName" value="tuyenle - 192.168.1.9"/>
         <property name="os" value="Mac OS X 64bit"/>
         <property name="katalonVersion" value="7.4.0.1"/>
         <property name="browser" value="Chrome 83.0.4103.61"/>
         <property name="hostAddress" value="192.168.1.9"/>
         <property name="sessionId" value="2fed1a5f18680fea24d232973dfb8ca7"/>
         <property name="seleniumVersion" value="3.141.59"/>
         <property name="proxyInformation" value="ProxyInformation{proxyOption=NO_PROXY, proxyServerType=HTTP, password=, proxyServerAddress=, proxyServerPort=0, executionList=}"/>
         <property name="platform" value="Mac OS X"/>
      </properties>
      <testcase name="Test Cases/user login" time="8.361" classname="Test Cases/user login" status="PASSED">
         <system-out><![CDATA[2020-06-04 21:29:15 - [TEST_CASE][PASSED] - Test Cases/user login: Test Cases/user login

2020-06-04 21:29:16 - [TEST_STEP][PASSED] - openBrowser(""): Browser is opened with url: ''

2020-06-04 21:29:16 - [MESSAGE][INFO] - Starting 'Chrome' driver

2020-06-04 21:29:16 - [MESSAGE][INFO] - Action delay is set to 0 milliseconds

2020-06-04 21:29:19 - [MESSAGE][PASSED] - Browser is opened with url: ''

2020-06-04 21:29:19 - [TEST_STEP][PASSED] - navigateToUrl("http://localhost:8065/login"): Navigate to 'http://localhost:8065/login' successfully

2020-06-04 21:29:20 - [MESSAGE][PASSED] - Navigate to 'http://localhost:8065/login' successfully

2020-06-04 21:29:20 - [TEST_STEP][PASSED] - click(findTestObject("Object Repository/Page_Mattermost/div_MattermostAll team communication in one_8a1968")): Object: 'Object Repository/Page_Mattermost/div_MattermostAll team communication in one_8a1968' is clicked on

2020-06-04 21:29:21 - [MESSAGE][PASSED] - Object: 'Object Repository/Page_Mattermost/div_MattermostAll team communication in one_8a1968' is clicked on

2020-06-04 21:29:21 - [TEST_STEP][PASSED] - setText(findTestObject("Object Repository/Page_Mattermost/input_All team communication in one place s_703ef5"), username): Text 'jules' is set on object 'Object Repository/Page_Mattermost/input_All team communication in one place s_703ef5'

2020-06-04 21:29:22 - [MESSAGE][PASSED] - Text 'jules' is set on object 'Object Repository/Page_Mattermost/input_All team communication in one place s_703ef5'

2020-06-04 21:29:22 - [TEST_STEP][PASSED] - setText(findTestObject("Object Repository/Page_Mattermost/input_All team communication in one place s_2f2733"), password): Text '43214321' is set on object 'Object Repository/Page_Mattermost/input_All team communication in one place s_2f2733'

2020-06-04 21:29:23 - [MESSAGE][PASSED] - Text '43214321' is set on object 'Object Repository/Page_Mattermost/input_All team communication in one place s_2f2733'

2020-06-04 21:29:23 - [TEST_STEP][PASSED] - click(findTestObject("Object Repository/Page_Mattermost/span_Sign in")): Object: 'Object Repository/Page_Mattermost/span_Sign in' is clicked on

2020-06-04 21:29:24 - [MESSAGE][PASSED] - Object: 'Object Repository/Page_Mattermost/span_Sign in' is clicked on]]></system-out>
         <system-err><![CDATA[]]></system-err>
      </testcase>
      <testcase name="Test Cases/user login" time="5.963" classname="Test Cases/user login" status="PASSED">
         <system-out><![CDATA[2020-06-04 21:29:24 - [TEST_CASE][PASSED] - Test Cases/user login: Test Cases/user login

2020-06-04 21:29:24 - [TEST_STEP][PASSED] - openBrowser(""): Browser is opened with url: ''

2020-06-04 21:29:24 - [MESSAGE][WARNING] - A browser is already opened. Closing browser and opening a new one

2020-06-04 21:29:24 - [MESSAGE][INFO] - Starting 'Chrome' driver

2020-06-04 21:29:24 - [MESSAGE][INFO] - Action delay is set to 0 milliseconds

2020-06-04 21:29:25 - [MESSAGE][PASSED] - Browser is opened with url: ''

2020-06-04 21:29:25 - [TEST_STEP][PASSED] - navigateToUrl("http://localhost:8065/login"): Navigate to 'http://localhost:8065/login' successfully

2020-06-04 21:29:26 - [MESSAGE][PASSED] - Navigate to 'http://localhost:8065/login' successfully

2020-06-04 21:29:26 - [TEST_STEP][PASSED] - click(findTestObject("Object Repository/Page_Mattermost/div_MattermostAll team communication in one_8a1968")): Object: 'Object Repository/Page_Mattermost/div_MattermostAll team communication in one_8a1968' is clicked on

2020-06-04 21:29:27 - [MESSAGE][PASSED] - Object: 'Object Repository/Page_Mattermost/div_MattermostAll team communication in one_8a1968' is clicked on

2020-06-04 21:29:27 - [TEST_STEP][PASSED] - setText(findTestObject("Object Repository/Page_Mattermost/input_All team communication in one place s_703ef5"), username): Text 'dfsa' is set on object 'Object Repository/Page_Mattermost/input_All team communication in one place s_703ef5'

2020-06-04 21:29:28 - [MESSAGE][PASSED] - Text 'dfsa' is set on object 'Object Repository/Page_Mattermost/input_All team communication in one place s_703ef5'

2020-06-04 21:29:28 - [TEST_STEP][PASSED] - setText(findTestObject("Object Repository/Page_Mattermost/input_All team communication in one place s_2f2733"), password): Text '321' is set on object 'Object Repository/Page_Mattermost/input_All team communication in one place s_2f2733'

2020-06-04 21:29:29 - [MESSAGE][PASSED] - Text '321' is set on object 'Object Repository/Page_Mattermost/input_All team communication in one place s_2f2733'

2020-06-04 21:29:29 - [TEST_STEP][PASSED] - click(findTestObject("Object Repository/Page_Mattermost/span_Sign in")): Object: 'Object Repository/Page_Mattermost/span_Sign in' is clicked on

2020-06-04 21:29:30 - [MESSAGE][PASSED] - Object: 'Object Repository/Page_Mattermost/span_Sign in' is clicked on]]></system-out>
         <system-err><![CDATA[]]></system-err>
      </testcase>
      <testcase name="Test Cases/user login" time="5.481" classname="Test Cases/user login" status="PASSED">
         <system-out><![CDATA[2020-06-04 21:29:30 - [TEST_CASE][PASSED] - Test Cases/user login: Test Cases/user login

2020-06-04 21:29:30 - [TEST_STEP][PASSED] - openBrowser(""): Browser is opened with url: ''

2020-06-04 21:29:30 - [MESSAGE][WARNING] - A browser is already opened. Closing browser and opening a new one

2020-06-04 21:29:30 - [MESSAGE][INFO] - Starting 'Chrome' driver

2020-06-04 21:29:30 - [MESSAGE][INFO] - Action delay is set to 0 milliseconds

2020-06-04 21:29:31 - [MESSAGE][PASSED] - Browser is opened with url: ''

2020-06-04 21:29:31 - [TEST_STEP][PASSED] - navigateToUrl("http://localhost:8065/login"): Navigate to 'http://localhost:8065/login' successfully

2020-06-04 21:29:32 - [MESSAGE][PASSED] - Navigate to 'http://localhost:8065/login' successfully

2020-06-04 21:29:32 - [TEST_STEP][PASSED] - click(findTestObject("Object Repository/Page_Mattermost/div_MattermostAll team communication in one_8a1968")): Object: 'Object Repository/Page_Mattermost/div_MattermostAll team communication in one_8a1968' is clicked on

2020-06-04 21:29:33 - [MESSAGE][PASSED] - Object: 'Object Repository/Page_Mattermost/div_MattermostAll team communication in one_8a1968' is clicked on

2020-06-04 21:29:33 - [TEST_STEP][PASSED] - setText(findTestObject("Object Repository/Page_Mattermost/input_All team communication in one place s_703ef5"), username): Text 'fe892' is set on object 'Object Repository/Page_Mattermost/input_All team communication in one place s_703ef5'

2020-06-04 21:29:34 - [MESSAGE][PASSED] - Text 'fe892' is set on object 'Object Repository/Page_Mattermost/input_All team communication in one place s_703ef5'

2020-06-04 21:29:34 - [TEST_STEP][PASSED] - setText(findTestObject("Object Repository/Page_Mattermost/input_All team communication in one place s_2f2733"), password): Text 'og4i329gh' is set on object 'Object Repository/Page_Mattermost/input_All team communication in one place s_2f2733'

2020-06-04 21:29:35 - [MESSAGE][PASSED] - Text 'og4i329gh' is set on object 'Object Repository/Page_Mattermost/input_All team communication in one place s_2f2733'

2020-06-04 21:29:35 - [TEST_STEP][PASSED] - click(findTestObject("Object Repository/Page_Mattermost/span_Sign in")): Object: 'Object Repository/Page_Mattermost/span_Sign in' is clicked on

2020-06-04 21:29:35 - [MESSAGE][PASSED] - Object: 'Object Repository/Page_Mattermost/span_Sign in' is clicked on]]></system-out>
         <system-err><![CDATA[]]></system-err>
      </testcase>
      <testcase name="Test Cases/user login" time="5.486" classname="Test Cases/user login" status="PASSED">
         <system-out><![CDATA[2020-06-04 21:29:35 - [TEST_CASE][PASSED] - Test Cases/user login: Test Cases/user login

2020-06-04 21:29:35 - [TEST_STEP][PASSED] - openBrowser(""): Browser is opened with url: ''

2020-06-04 21:29:35 - [MESSAGE][WARNING] - A browser is already opened. Closing browser and opening a new one

2020-06-04 21:29:35 - [MESSAGE][INFO] - Starting 'Chrome' driver

2020-06-04 21:29:35 - [MESSAGE][INFO] - Action delay is set to 0 milliseconds

2020-06-04 21:29:37 - [MESSAGE][PASSED] - Browser is opened with url: ''

2020-06-04 21:29:37 - [TEST_STEP][PASSED] - navigateToUrl("http://localhost:8065/login"): Navigate to 'http://localhost:8065/login' successfully

2020-06-04 21:29:37 - [MESSAGE][PASSED] - Navigate to 'http://localhost:8065/login' successfully

2020-06-04 21:29:37 - [TEST_STEP][PASSED] - click(findTestObject("Object Repository/Page_Mattermost/div_MattermostAll team communication in one_8a1968")): Object: 'Object Repository/Page_Mattermost/div_MattermostAll team communication in one_8a1968' is clicked on

2020-06-04 21:29:39 - [MESSAGE][PASSED] - Object: 'Object Repository/Page_Mattermost/div_MattermostAll team communication in one_8a1968' is clicked on

2020-06-04 21:29:39 - [TEST_STEP][PASSED] - setText(findTestObject("Object Repository/Page_Mattermost/input_All team communication in one place s_703ef5"), username): Text 'sysadmin' is set on object 'Object Repository/Page_Mattermost/input_All team communication in one place s_703ef5'

2020-06-04 21:29:39 - [MESSAGE][PASSED] - Text 'sysadmin' is set on object 'Object Repository/Page_Mattermost/input_All team communication in one place s_703ef5'

2020-06-04 21:29:39 - [TEST_STEP][PASSED] - setText(findTestObject("Object Repository/Page_Mattermost/input_All team communication in one place s_2f2733"), password): Text 'Sys@dmin-sample1' is set on object 'Object Repository/Page_Mattermost/input_All team communication in one place s_2f2733'

2020-06-04 21:29:40 - [MESSAGE][PASSED] - Text 'Sys@dmin-sample1' is set on object 'Object Repository/Page_Mattermost/input_All team communication in one place s_2f2733'

2020-06-04 21:29:40 - [TEST_STEP][PASSED] - click(findTestObject("Object Repository/Page_Mattermost/span_Sign in")): Object: 'Object Repository/Page_Mattermost/span_Sign in' is clicked on

2020-06-04 21:29:41 - [MESSAGE][PASSED] - Object: 'Object Repository/Page_Mattermost/span_Sign in' is clicked on]]></system-out>
         <system-err><![CDATA[]]></system-err>
      </testcase>
      <testcase name="Test Cases/user login" time="5.803" classname="Test Cases/user login" status="PASSED">
         <system-out><![CDATA[2020-06-04 21:29:41 - [TEST_CASE][PASSED] - Test Cases/user login: Test Cases/user login

2020-06-04 21:29:41 - [TEST_STEP][PASSED] - openBrowser(""): Browser is opened with url: ''

2020-06-04 21:29:41 - [MESSAGE][WARNING] - A browser is already opened. Closing browser and opening a new one

2020-06-04 21:29:41 - [MESSAGE][INFO] - Starting 'Chrome' driver

2020-06-04 21:29:41 - [MESSAGE][INFO] - Action delay is set to 0 milliseconds

2020-06-04 21:29:42 - [MESSAGE][PASSED] - Browser is opened with url: ''

2020-06-04 21:29:42 - [TEST_STEP][PASSED] - navigateToUrl("http://localhost:8065/login"): Navigate to 'http://localhost:8065/login' successfully

2020-06-04 21:29:43 - [MESSAGE][PASSED] - Navigate to 'http://localhost:8065/login' successfully

2020-06-04 21:29:43 - [TEST_STEP][PASSED] - click(findTestObject("Object Repository/Page_Mattermost/div_MattermostAll team communication in one_8a1968")): Object: 'Object Repository/Page_Mattermost/div_MattermostAll team communication in one_8a1968' is clicked on

2020-06-04 21:29:44 - [MESSAGE][PASSED] - Object: 'Object Repository/Page_Mattermost/div_MattermostAll team communication in one_8a1968' is clicked on

2020-06-04 21:29:44 - [TEST_STEP][PASSED] - setText(findTestObject("Object Repository/Page_Mattermost/input_All team communication in one place s_703ef5"), username): Text 'few@#rf' is set on object 'Object Repository/Page_Mattermost/input_All team communication in one place s_703ef5'

2020-06-04 21:29:45 - [MESSAGE][PASSED] - Text 'few@#rf' is set on object 'Object Repository/Page_Mattermost/input_All team communication in one place s_703ef5'

2020-06-04 21:29:45 - [TEST_STEP][PASSED] - setText(findTestObject("Object Repository/Page_Mattermost/input_All team communication in one place s_2f2733"), password): Text 'fmioe23q3g' is set on object 'Object Repository/Page_Mattermost/input_All team communication in one place s_2f2733'

2020-06-04 21:29:46 - [MESSAGE][PASSED] - Text 'fmioe23q3g' is set on object 'Object Repository/Page_Mattermost/input_All team communication in one place s_2f2733'

2020-06-04 21:29:46 - [TEST_STEP][PASSED] - click(findTestObject("Object Repository/Page_Mattermost/span_Sign in")): Object: 'Object Repository/Page_Mattermost/span_Sign in' is clicked on

2020-06-04 21:29:46 - [MESSAGE][PASSED] - Object: 'Object Repository/Page_Mattermost/span_Sign in' is clicked on]]></system-out>
         <system-err><![CDATA[]]></system-err>
      </testcase>
      <testcase name="Test Cases/user login" time="5.18" classname="Test Cases/user login" status="PASSED">
         <system-out><![CDATA[2020-06-04 21:29:46 - [TEST_CASE][PASSED] - Test Cases/user login: Test Cases/user login

2020-06-04 21:29:46 - [TEST_STEP][PASSED] - openBrowser(""): Browser is opened with url: ''

2020-06-04 21:29:46 - [MESSAGE][WARNING] - A browser is already opened. Closing browser and opening a new one

2020-06-04 21:29:47 - [MESSAGE][INFO] - Starting 'Chrome' driver

2020-06-04 21:29:47 - [MESSAGE][INFO] - Action delay is set to 0 milliseconds

2020-06-04 21:29:48 - [MESSAGE][PASSED] - Browser is opened with url: ''

2020-06-04 21:29:48 - [TEST_STEP][PASSED] - navigateToUrl("http://localhost:8065/login"): Navigate to 'http://localhost:8065/login' successfully

2020-06-04 21:29:49 - [MESSAGE][PASSED] - Navigate to 'http://localhost:8065/login' successfully

2020-06-04 21:29:49 - [TEST_STEP][PASSED] - click(findTestObject("Object Repository/Page_Mattermost/div_MattermostAll team communication in one_8a1968")): Object: 'Object Repository/Page_Mattermost/div_MattermostAll team communication in one_8a1968' is clicked on

2020-06-04 21:29:50 - [MESSAGE][PASSED] - Object: 'Object Repository/Page_Mattermost/div_MattermostAll team communication in one_8a1968' is clicked on

2020-06-04 21:29:50 - [TEST_STEP][PASSED] - setText(findTestObject("Object Repository/Page_Mattermost/input_All team communication in one place s_703ef5"), username): Text '' is set on object 'Object Repository/Page_Mattermost/input_All team communication in one place s_703ef5'

2020-06-04 21:29:51 - [MESSAGE][PASSED] - Text '' is set on object 'Object Repository/Page_Mattermost/input_All team communication in one place s_703ef5'

2020-06-04 21:29:51 - [TEST_STEP][PASSED] - setText(findTestObject("Object Repository/Page_Mattermost/input_All team communication in one place s_2f2733"), password): Text '' is set on object 'Object Repository/Page_Mattermost/input_All team communication in one place s_2f2733'

2020-06-04 21:29:51 - [MESSAGE][PASSED] - Text '' is set on object 'Object Repository/Page_Mattermost/input_All team communication in one place s_2f2733'

2020-06-04 21:29:51 - [TEST_STEP][PASSED] - click(findTestObject("Object Repository/Page_Mattermost/span_Sign in")): Object: 'Object Repository/Page_Mattermost/span_Sign in' is clicked on

2020-06-04 21:29:52 - [MESSAGE][PASSED] - Object: 'Object Repository/Page_Mattermost/span_Sign in' is clicked on]]></system-out>
         <system-err><![CDATA[]]></system-err>
      </testcase>
      <testcase name="Test Cases/user forgot pass" time="4.611" classname="Test Cases/user forgot pass" status="PASSED">
         <system-out><![CDATA[2020-06-04 21:29:52 - [TEST_CASE][PASSED] - Test Cases/user forgot pass: Test Cases/user forgot pass

2020-06-04 21:29:52 - [TEST_STEP][PASSED] - openBrowser(""): Browser is opened with url: ''

2020-06-04 21:29:52 - [MESSAGE][WARNING] - A browser is already opened. Closing browser and opening a new one

2020-06-04 21:29:52 - [MESSAGE][INFO] - Starting 'Chrome' driver

2020-06-04 21:29:52 - [MESSAGE][INFO] - Action delay is set to 0 milliseconds

2020-06-04 21:29:53 - [MESSAGE][PASSED] - Browser is opened with url: ''

2020-06-04 21:29:53 - [TEST_STEP][PASSED] - navigateToUrl("http://localhost:8065/login"): Navigate to 'http://localhost:8065/login' successfully

2020-06-04 21:29:54 - [MESSAGE][PASSED] - Navigate to 'http://localhost:8065/login' successfully

2020-06-04 21:29:54 - [TEST_STEP][PASSED] - click(findTestObject("Object Repository/Page_Mattermost/span_I forgot my password")): Object: 'Object Repository/Page_Mattermost/span_I forgot my password' is clicked on

2020-06-04 21:29:55 - [MESSAGE][PASSED] - Object: 'Object Repository/Page_Mattermost/span_I forgot my password' is clicked on

2020-06-04 21:29:55 - [TEST_STEP][PASSED] - setText(findTestObject("Object Repository/Page_Mattermost/input_To reset your password enter the emai_5f6d79"), email): Text '' is set on object 'Object Repository/Page_Mattermost/input_To reset your password enter the emai_5f6d79'

2020-06-04 21:29:56 - [MESSAGE][PASSED] - Text '' is set on object 'Object Repository/Page_Mattermost/input_To reset your password enter the emai_5f6d79'

2020-06-04 21:29:56 - [TEST_STEP][PASSED] - click(findTestObject("Object Repository/Page_Mattermost/span_Reset my password")): Object: 'Object Repository/Page_Mattermost/span_Reset my password' is clicked on

2020-06-04 21:29:56 - [MESSAGE][PASSED] - Object: 'Object Repository/Page_Mattermost/span_Reset my password' is clicked on]]></system-out>
         <system-err><![CDATA[]]></system-err>
      </testcase>
      <system-out><![CDATA[2020-06-04 21:29:15 - [TEST_SUITE][PASSED] - New Test Suite: Test Cases/user forgot pass]]></system-out>
      <system-err><![CDATA[]]></system-err>
   </testsuite>
</testsuites>
